[2022-10-15T23:12:54.158+0800] {processor.py:156} INFO - Started process (PID=59337) to work on /opt/anaconda3/lib/python3.7/site-packages/airflow/example_dags/subdags/subdag.py
[2022-10-15T23:12:54.162+0800] {processor.py:758} INFO - Processing file /opt/anaconda3/lib/python3.7/site-packages/airflow/example_dags/subdags/subdag.py for tasks to queue
[2022-10-15T23:12:54.163+0800] {logging_mixin.py:117} INFO - [2022-10-15T23:12:54.163+0800] {dagbag.py:525} INFO - Filling up the DagBag from /opt/anaconda3/lib/python3.7/site-packages/airflow/example_dags/subdags/subdag.py
[2022-10-15T23:12:54.179+0800] {processor.py:770} WARNING - No viable dags retrieved from /opt/anaconda3/lib/python3.7/site-packages/airflow/example_dags/subdags/subdag.py
[2022-10-15T23:12:54.193+0800] {processor.py:178} INFO - Processing /opt/anaconda3/lib/python3.7/site-packages/airflow/example_dags/subdags/subdag.py took 0.040 seconds
[2022-10-15T23:13:51.229+0800] {processor.py:156} INFO - Started process (PID=59464) to work on /opt/anaconda3/lib/python3.7/site-packages/airflow/example_dags/subdags/subdag.py
[2022-10-15T23:13:51.231+0800] {processor.py:758} INFO - Processing file /opt/anaconda3/lib/python3.7/site-packages/airflow/example_dags/subdags/subdag.py for tasks to queue
[2022-10-15T23:13:51.233+0800] {logging_mixin.py:117} INFO - [2022-10-15T23:13:51.232+0800] {dagbag.py:525} INFO - Filling up the DagBag from /opt/anaconda3/lib/python3.7/site-packages/airflow/example_dags/subdags/subdag.py
[2022-10-15T23:13:51.238+0800] {processor.py:770} WARNING - No viable dags retrieved from /opt/anaconda3/lib/python3.7/site-packages/airflow/example_dags/subdags/subdag.py
[2022-10-15T23:13:51.252+0800] {processor.py:178} INFO - Processing /opt/anaconda3/lib/python3.7/site-packages/airflow/example_dags/subdags/subdag.py took 0.034 seconds
[2022-10-15T23:14:54.589+0800] {processor.py:156} INFO - Started process (PID=59613) to work on /opt/anaconda3/lib/python3.7/site-packages/airflow/example_dags/subdags/subdag.py
[2022-10-15T23:14:54.592+0800] {processor.py:758} INFO - Processing file /opt/anaconda3/lib/python3.7/site-packages/airflow/example_dags/subdags/subdag.py for tasks to queue
[2022-10-15T23:14:54.593+0800] {logging_mixin.py:117} INFO - [2022-10-15T23:14:54.593+0800] {dagbag.py:525} INFO - Filling up the DagBag from /opt/anaconda3/lib/python3.7/site-packages/airflow/example_dags/subdags/subdag.py
[2022-10-15T23:14:54.599+0800] {processor.py:770} WARNING - No viable dags retrieved from /opt/anaconda3/lib/python3.7/site-packages/airflow/example_dags/subdags/subdag.py
[2022-10-15T23:14:54.612+0800] {processor.py:178} INFO - Processing /opt/anaconda3/lib/python3.7/site-packages/airflow/example_dags/subdags/subdag.py took 0.033 seconds
[2022-10-15T23:20:15.201+0800] {processor.py:156} INFO - Started process (PID=59982) to work on /opt/anaconda3/lib/python3.7/site-packages/airflow/example_dags/subdags/subdag.py
[2022-10-15T23:20:15.204+0800] {processor.py:758} INFO - Processing file /opt/anaconda3/lib/python3.7/site-packages/airflow/example_dags/subdags/subdag.py for tasks to queue
[2022-10-15T23:20:15.206+0800] {logging_mixin.py:117} INFO - [2022-10-15T23:20:15.205+0800] {dagbag.py:525} INFO - Filling up the DagBag from /opt/anaconda3/lib/python3.7/site-packages/airflow/example_dags/subdags/subdag.py
[2022-10-15T23:20:15.214+0800] {processor.py:770} WARNING - No viable dags retrieved from /opt/anaconda3/lib/python3.7/site-packages/airflow/example_dags/subdags/subdag.py
[2022-10-15T23:20:15.234+0800] {processor.py:178} INFO - Processing /opt/anaconda3/lib/python3.7/site-packages/airflow/example_dags/subdags/subdag.py took 0.044 seconds
[2022-10-15T23:20:58.783+0800] {processor.py:156} INFO - Started process (PID=60079) to work on /opt/anaconda3/lib/python3.7/site-packages/airflow/example_dags/subdags/subdag.py
[2022-10-15T23:20:58.786+0800] {processor.py:758} INFO - Processing file /opt/anaconda3/lib/python3.7/site-packages/airflow/example_dags/subdags/subdag.py for tasks to queue
[2022-10-15T23:20:58.787+0800] {logging_mixin.py:117} INFO - [2022-10-15T23:20:58.787+0800] {dagbag.py:525} INFO - Filling up the DagBag from /opt/anaconda3/lib/python3.7/site-packages/airflow/example_dags/subdags/subdag.py
[2022-10-15T23:20:58.796+0800] {processor.py:770} WARNING - No viable dags retrieved from /opt/anaconda3/lib/python3.7/site-packages/airflow/example_dags/subdags/subdag.py
[2022-10-15T23:20:58.810+0800] {processor.py:178} INFO - Processing /opt/anaconda3/lib/python3.7/site-packages/airflow/example_dags/subdags/subdag.py took 0.032 seconds
[2022-10-15T23:21:38.141+0800] {processor.py:156} INFO - Started process (PID=60401) to work on /opt/anaconda3/lib/python3.7/site-packages/airflow/example_dags/subdags/subdag.py
[2022-10-15T23:21:38.143+0800] {processor.py:758} INFO - Processing file /opt/anaconda3/lib/python3.7/site-packages/airflow/example_dags/subdags/subdag.py for tasks to queue
[2022-10-15T23:21:38.145+0800] {logging_mixin.py:117} INFO - [2022-10-15T23:21:38.145+0800] {dagbag.py:525} INFO - Filling up the DagBag from /opt/anaconda3/lib/python3.7/site-packages/airflow/example_dags/subdags/subdag.py
[2022-10-15T23:21:38.153+0800] {processor.py:770} WARNING - No viable dags retrieved from /opt/anaconda3/lib/python3.7/site-packages/airflow/example_dags/subdags/subdag.py
[2022-10-15T23:21:38.168+0800] {processor.py:178} INFO - Processing /opt/anaconda3/lib/python3.7/site-packages/airflow/example_dags/subdags/subdag.py took 0.032 seconds
[2022-10-15T23:22:14.370+0800] {processor.py:156} INFO - Started process (PID=60514) to work on /opt/anaconda3/lib/python3.7/site-packages/airflow/example_dags/subdags/subdag.py
[2022-10-15T23:22:14.373+0800] {processor.py:758} INFO - Processing file /opt/anaconda3/lib/python3.7/site-packages/airflow/example_dags/subdags/subdag.py for tasks to queue
[2022-10-15T23:22:14.374+0800] {logging_mixin.py:117} INFO - [2022-10-15T23:22:14.374+0800] {dagbag.py:525} INFO - Filling up the DagBag from /opt/anaconda3/lib/python3.7/site-packages/airflow/example_dags/subdags/subdag.py
[2022-10-15T23:22:14.381+0800] {processor.py:770} WARNING - No viable dags retrieved from /opt/anaconda3/lib/python3.7/site-packages/airflow/example_dags/subdags/subdag.py
[2022-10-15T23:22:14.397+0800] {processor.py:178} INFO - Processing /opt/anaconda3/lib/python3.7/site-packages/airflow/example_dags/subdags/subdag.py took 0.032 seconds
