[2022-10-15T23:20:42.054+0800] {processor.py:156} INFO - Started process (PID=60040) to work on /opt/anaconda3/lib/python3.7/site-packages/airflow/example_dags/example_latest_only.py
[2022-10-15T23:20:42.055+0800] {processor.py:758} INFO - Processing file /opt/anaconda3/lib/python3.7/site-packages/airflow/example_dags/example_latest_only.py for tasks to queue
[2022-10-15T23:20:42.057+0800] {logging_mixin.py:117} INFO - [2022-10-15T23:20:42.056+0800] {dagbag.py:525} INFO - Filling up the DagBag from /opt/anaconda3/lib/python3.7/site-packages/airflow/example_dags/example_latest_only.py
[2022-10-15T23:20:42.079+0800] {processor.py:768} INFO - DAG(s) dict_keys(['latest_only']) retrieved from /opt/anaconda3/lib/python3.7/site-packages/airflow/example_dags/example_latest_only.py
[2022-10-15T23:20:42.133+0800] {logging_mixin.py:117} INFO - [2022-10-15T23:20:42.133+0800] {dag.py:2573} INFO - Sync 1 DAGs
[2022-10-15T23:20:42.166+0800] {logging_mixin.py:117} INFO - [2022-10-15T23:20:42.166+0800] {dag.py:3328} INFO - Setting next_dagrun for latest_only to 2022-10-15T11:20:42.165988+00:00, run_after=2022-10-15T15:20:42.165988+00:00
[2022-10-15T23:20:42.195+0800] {processor.py:178} INFO - Processing /opt/anaconda3/lib/python3.7/site-packages/airflow/example_dags/example_latest_only.py took 0.148 seconds
[2022-10-15T23:21:24.952+0800] {processor.py:156} INFO - Started process (PID=60271) to work on /opt/anaconda3/lib/python3.7/site-packages/airflow/example_dags/example_latest_only.py
[2022-10-15T23:21:24.953+0800] {processor.py:758} INFO - Processing file /opt/anaconda3/lib/python3.7/site-packages/airflow/example_dags/example_latest_only.py for tasks to queue
[2022-10-15T23:21:24.957+0800] {logging_mixin.py:117} INFO - [2022-10-15T23:21:24.956+0800] {dagbag.py:525} INFO - Filling up the DagBag from /opt/anaconda3/lib/python3.7/site-packages/airflow/example_dags/example_latest_only.py
[2022-10-15T23:21:24.982+0800] {processor.py:768} INFO - DAG(s) dict_keys(['latest_only']) retrieved from /opt/anaconda3/lib/python3.7/site-packages/airflow/example_dags/example_latest_only.py
[2022-10-15T23:21:25.041+0800] {logging_mixin.py:117} INFO - [2022-10-15T23:21:25.041+0800] {dag.py:2573} INFO - Sync 1 DAGs
[2022-10-15T23:21:25.077+0800] {logging_mixin.py:117} INFO - [2022-10-15T23:21:25.076+0800] {dag.py:3328} INFO - Setting next_dagrun for latest_only to 2022-10-15T11:21:25.076326+00:00, run_after=2022-10-15T15:21:25.076326+00:00
[2022-10-15T23:21:25.110+0800] {processor.py:178} INFO - Processing /opt/anaconda3/lib/python3.7/site-packages/airflow/example_dags/example_latest_only.py took 0.169 seconds
[2022-10-15T23:22:07.228+0800] {processor.py:156} INFO - Started process (PID=60499) to work on /opt/anaconda3/lib/python3.7/site-packages/airflow/example_dags/example_latest_only.py
[2022-10-15T23:22:07.235+0800] {processor.py:758} INFO - Processing file /opt/anaconda3/lib/python3.7/site-packages/airflow/example_dags/example_latest_only.py for tasks to queue
[2022-10-15T23:22:07.237+0800] {logging_mixin.py:117} INFO - [2022-10-15T23:22:07.236+0800] {dagbag.py:525} INFO - Filling up the DagBag from /opt/anaconda3/lib/python3.7/site-packages/airflow/example_dags/example_latest_only.py
[2022-10-15T23:22:07.302+0800] {processor.py:768} INFO - DAG(s) dict_keys(['latest_only']) retrieved from /opt/anaconda3/lib/python3.7/site-packages/airflow/example_dags/example_latest_only.py
[2022-10-15T23:22:07.379+0800] {logging_mixin.py:117} INFO - [2022-10-15T23:22:07.378+0800] {dag.py:2573} INFO - Sync 1 DAGs
[2022-10-15T23:22:07.427+0800] {logging_mixin.py:117} INFO - [2022-10-15T23:22:07.426+0800] {dag.py:3328} INFO - Setting next_dagrun for latest_only to 2022-10-15T11:22:07.426035+00:00, run_after=2022-10-15T15:22:07.426035+00:00
[2022-10-15T23:22:07.486+0800] {processor.py:178} INFO - Processing /opt/anaconda3/lib/python3.7/site-packages/airflow/example_dags/example_latest_only.py took 0.273 seconds
