[2022-10-15T23:13:11.692+0800] {processor.py:156} INFO - Started process (PID=59381) to work on /opt/anaconda3/lib/python3.7/site-packages/airflow/example_dags/example_sla_dag.py
[2022-10-15T23:13:11.693+0800] {processor.py:758} INFO - Processing file /opt/anaconda3/lib/python3.7/site-packages/airflow/example_dags/example_sla_dag.py for tasks to queue
[2022-10-15T23:13:11.694+0800] {logging_mixin.py:117} INFO - [2022-10-15T23:13:11.694+0800] {dagbag.py:525} INFO - Filling up the DagBag from /opt/anaconda3/lib/python3.7/site-packages/airflow/example_dags/example_sla_dag.py
[2022-10-15T23:13:11.735+0800] {processor.py:768} INFO - DAG(s) dict_keys(['example_sla_dag']) retrieved from /opt/anaconda3/lib/python3.7/site-packages/airflow/example_dags/example_sla_dag.py
[2022-10-15T23:13:11.909+0800] {logging_mixin.py:117} INFO - [2022-10-15T23:13:11.908+0800] {manager.py:507} INFO - Created Permission View: can read on DAG:example_sla_dag
[2022-10-15T23:13:11.924+0800] {logging_mixin.py:117} INFO - [2022-10-15T23:13:11.924+0800] {manager.py:507} INFO - Created Permission View: can edit on DAG:example_sla_dag
[2022-10-15T23:13:11.932+0800] {logging_mixin.py:117} INFO - [2022-10-15T23:13:11.932+0800] {manager.py:507} INFO - Created Permission View: can delete on DAG:example_sla_dag
[2022-10-15T23:13:11.933+0800] {logging_mixin.py:117} INFO - [2022-10-15T23:13:11.933+0800] {dag.py:2573} INFO - Sync 1 DAGs
[2022-10-15T23:13:11.951+0800] {logging_mixin.py:117} INFO - [2022-10-15T23:13:11.951+0800] {dag.py:2594} INFO - Creating ORM DAG for example_sla_dag
[2022-10-15T23:13:11.970+0800] {logging_mixin.py:117} INFO - [2022-10-15T23:13:11.969+0800] {dag.py:3328} INFO - Setting next_dagrun for example_sla_dag to 2022-10-15T15:10:00+00:00, run_after=2022-10-15T15:12:00+00:00
[2022-10-15T23:13:11.993+0800] {processor.py:178} INFO - Processing /opt/anaconda3/lib/python3.7/site-packages/airflow/example_dags/example_sla_dag.py took 0.307 seconds
[2022-10-15T23:14:08.841+0800] {processor.py:156} INFO - Started process (PID=59512) to work on /opt/anaconda3/lib/python3.7/site-packages/airflow/example_dags/example_sla_dag.py
[2022-10-15T23:14:08.843+0800] {processor.py:758} INFO - Processing file /opt/anaconda3/lib/python3.7/site-packages/airflow/example_dags/example_sla_dag.py for tasks to queue
[2022-10-15T23:14:08.845+0800] {logging_mixin.py:117} INFO - [2022-10-15T23:14:08.844+0800] {dagbag.py:525} INFO - Filling up the DagBag from /opt/anaconda3/lib/python3.7/site-packages/airflow/example_dags/example_sla_dag.py
[2022-10-15T23:14:08.883+0800] {processor.py:768} INFO - DAG(s) dict_keys(['example_sla_dag']) retrieved from /opt/anaconda3/lib/python3.7/site-packages/airflow/example_dags/example_sla_dag.py
[2022-10-15T23:14:08.918+0800] {logging_mixin.py:117} INFO - [2022-10-15T23:14:08.918+0800] {dag.py:2573} INFO - Sync 1 DAGs
[2022-10-15T23:14:08.957+0800] {logging_mixin.py:117} INFO - [2022-10-15T23:14:08.956+0800] {dag.py:3328} INFO - Setting next_dagrun for example_sla_dag to 2022-10-15T15:12:00+00:00, run_after=2022-10-15T15:14:00+00:00
[2022-10-15T23:14:08.983+0800] {processor.py:178} INFO - Processing /opt/anaconda3/lib/python3.7/site-packages/airflow/example_dags/example_sla_dag.py took 0.148 seconds
[2022-10-15T23:15:12.104+0800] {processor.py:156} INFO - Started process (PID=59660) to work on /opt/anaconda3/lib/python3.7/site-packages/airflow/example_dags/example_sla_dag.py
[2022-10-15T23:15:12.106+0800] {processor.py:758} INFO - Processing file /opt/anaconda3/lib/python3.7/site-packages/airflow/example_dags/example_sla_dag.py for tasks to queue
[2022-10-15T23:15:12.108+0800] {logging_mixin.py:117} INFO - [2022-10-15T23:15:12.108+0800] {dagbag.py:525} INFO - Filling up the DagBag from /opt/anaconda3/lib/python3.7/site-packages/airflow/example_dags/example_sla_dag.py
[2022-10-15T23:15:12.171+0800] {processor.py:768} INFO - DAG(s) dict_keys(['example_sla_dag']) retrieved from /opt/anaconda3/lib/python3.7/site-packages/airflow/example_dags/example_sla_dag.py
[2022-10-15T23:15:12.307+0800] {logging_mixin.py:117} INFO - [2022-10-15T23:15:12.306+0800] {dag.py:2573} INFO - Sync 1 DAGs
[2022-10-15T23:15:12.406+0800] {logging_mixin.py:117} INFO - [2022-10-15T23:15:12.406+0800] {dag.py:3328} INFO - Setting next_dagrun for example_sla_dag to 2022-10-15T15:12:00+00:00, run_after=2022-10-15T15:14:00+00:00
[2022-10-15T23:15:12.440+0800] {processor.py:178} INFO - Processing /opt/anaconda3/lib/python3.7/site-packages/airflow/example_dags/example_sla_dag.py took 0.343 seconds
