[2022-10-15T23:14:16.649+0800] {processor.py:156} INFO - Started process (PID=59527) to work on /opt/anaconda3/lib/python3.7/site-packages/airflow/example_dags/example_nested_branch_dag.py
[2022-10-15T23:14:16.651+0800] {processor.py:758} INFO - Processing file /opt/anaconda3/lib/python3.7/site-packages/airflow/example_dags/example_nested_branch_dag.py for tasks to queue
[2022-10-15T23:14:16.654+0800] {logging_mixin.py:117} INFO - [2022-10-15T23:14:16.654+0800] {dagbag.py:525} INFO - Filling up the DagBag from /opt/anaconda3/lib/python3.7/site-packages/airflow/example_dags/example_nested_branch_dag.py
[2022-10-15T23:14:16.735+0800] {processor.py:768} INFO - DAG(s) dict_keys(['example_nested_branch_dag']) retrieved from /opt/anaconda3/lib/python3.7/site-packages/airflow/example_dags/example_nested_branch_dag.py
[2022-10-15T23:14:16.832+0800] {logging_mixin.py:117} INFO - [2022-10-15T23:14:16.831+0800] {dag.py:2573} INFO - Sync 1 DAGs
[2022-10-15T23:14:16.883+0800] {logging_mixin.py:117} INFO - [2022-10-15T23:14:16.882+0800] {dag.py:3328} INFO - Setting next_dagrun for example_nested_branch_dag to 2022-10-14T00:00:00+00:00, run_after=2022-10-15T00:00:00+00:00
[2022-10-15T23:14:16.922+0800] {processor.py:178} INFO - Processing /opt/anaconda3/lib/python3.7/site-packages/airflow/example_dags/example_nested_branch_dag.py took 0.283 seconds
[2022-10-15T23:20:38.241+0800] {processor.py:156} INFO - Started process (PID=60037) to work on /opt/anaconda3/lib/python3.7/site-packages/airflow/example_dags/example_nested_branch_dag.py
[2022-10-15T23:20:38.244+0800] {processor.py:758} INFO - Processing file /opt/anaconda3/lib/python3.7/site-packages/airflow/example_dags/example_nested_branch_dag.py for tasks to queue
[2022-10-15T23:20:38.246+0800] {logging_mixin.py:117} INFO - [2022-10-15T23:20:38.245+0800] {dagbag.py:525} INFO - Filling up the DagBag from /opt/anaconda3/lib/python3.7/site-packages/airflow/example_dags/example_nested_branch_dag.py
[2022-10-15T23:20:38.285+0800] {processor.py:768} INFO - DAG(s) dict_keys(['example_nested_branch_dag']) retrieved from /opt/anaconda3/lib/python3.7/site-packages/airflow/example_dags/example_nested_branch_dag.py
[2022-10-15T23:20:38.339+0800] {logging_mixin.py:117} INFO - [2022-10-15T23:20:38.339+0800] {dag.py:2573} INFO - Sync 1 DAGs
[2022-10-15T23:20:38.372+0800] {logging_mixin.py:117} INFO - [2022-10-15T23:20:38.372+0800] {dag.py:3328} INFO - Setting next_dagrun for example_nested_branch_dag to 2022-10-14T00:00:00+00:00, run_after=2022-10-15T00:00:00+00:00
[2022-10-15T23:20:38.401+0800] {processor.py:178} INFO - Processing /opt/anaconda3/lib/python3.7/site-packages/airflow/example_dags/example_nested_branch_dag.py took 0.164 seconds
[2022-10-15T23:21:21.070+0800] {processor.py:156} INFO - Started process (PID=60186) to work on /opt/anaconda3/lib/python3.7/site-packages/airflow/example_dags/example_nested_branch_dag.py
[2022-10-15T23:21:21.072+0800] {processor.py:758} INFO - Processing file /opt/anaconda3/lib/python3.7/site-packages/airflow/example_dags/example_nested_branch_dag.py for tasks to queue
[2022-10-15T23:21:21.074+0800] {logging_mixin.py:117} INFO - [2022-10-15T23:21:21.073+0800] {dagbag.py:525} INFO - Filling up the DagBag from /opt/anaconda3/lib/python3.7/site-packages/airflow/example_dags/example_nested_branch_dag.py
[2022-10-15T23:21:21.123+0800] {processor.py:768} INFO - DAG(s) dict_keys(['example_nested_branch_dag']) retrieved from /opt/anaconda3/lib/python3.7/site-packages/airflow/example_dags/example_nested_branch_dag.py
[2022-10-15T23:21:21.180+0800] {logging_mixin.py:117} INFO - [2022-10-15T23:21:21.180+0800] {dag.py:2573} INFO - Sync 1 DAGs
[2022-10-15T23:21:21.213+0800] {logging_mixin.py:117} INFO - [2022-10-15T23:21:21.212+0800] {dag.py:3328} INFO - Setting next_dagrun for example_nested_branch_dag to 2022-10-14T00:00:00+00:00, run_after=2022-10-15T00:00:00+00:00
[2022-10-15T23:21:21.240+0800] {processor.py:178} INFO - Processing /opt/anaconda3/lib/python3.7/site-packages/airflow/example_dags/example_nested_branch_dag.py took 0.177 seconds
[2022-10-15T23:22:03.695+0800] {processor.py:156} INFO - Started process (PID=60492) to work on /opt/anaconda3/lib/python3.7/site-packages/airflow/example_dags/example_nested_branch_dag.py
[2022-10-15T23:22:03.698+0800] {processor.py:758} INFO - Processing file /opt/anaconda3/lib/python3.7/site-packages/airflow/example_dags/example_nested_branch_dag.py for tasks to queue
[2022-10-15T23:22:03.699+0800] {logging_mixin.py:117} INFO - [2022-10-15T23:22:03.699+0800] {dagbag.py:525} INFO - Filling up the DagBag from /opt/anaconda3/lib/python3.7/site-packages/airflow/example_dags/example_nested_branch_dag.py
[2022-10-15T23:22:03.742+0800] {processor.py:768} INFO - DAG(s) dict_keys(['example_nested_branch_dag']) retrieved from /opt/anaconda3/lib/python3.7/site-packages/airflow/example_dags/example_nested_branch_dag.py
[2022-10-15T23:22:03.801+0800] {logging_mixin.py:117} INFO - [2022-10-15T23:22:03.801+0800] {dag.py:2573} INFO - Sync 1 DAGs
[2022-10-15T23:22:03.839+0800] {logging_mixin.py:117} INFO - [2022-10-15T23:22:03.839+0800] {dag.py:3328} INFO - Setting next_dagrun for example_nested_branch_dag to 2022-10-14T00:00:00+00:00, run_after=2022-10-15T00:00:00+00:00
[2022-10-15T23:22:03.869+0800] {processor.py:178} INFO - Processing /opt/anaconda3/lib/python3.7/site-packages/airflow/example_dags/example_nested_branch_dag.py took 0.178 seconds
