[2022-10-15T23:20:51.141+0800] {processor.py:156} INFO - Started process (PID=60055) to work on /opt/anaconda3/lib/python3.7/site-packages/airflow/example_dags/example_branch_operator_decorator.py
[2022-10-15T23:20:51.142+0800] {processor.py:758} INFO - Processing file /opt/anaconda3/lib/python3.7/site-packages/airflow/example_dags/example_branch_operator_decorator.py for tasks to queue
[2022-10-15T23:20:51.144+0800] {logging_mixin.py:117} INFO - [2022-10-15T23:20:51.144+0800] {dagbag.py:525} INFO - Filling up the DagBag from /opt/anaconda3/lib/python3.7/site-packages/airflow/example_dags/example_branch_operator_decorator.py
[2022-10-15T23:20:51.195+0800] {processor.py:768} INFO - DAG(s) dict_keys(['example_branch_python_operator_decorator']) retrieved from /opt/anaconda3/lib/python3.7/site-packages/airflow/example_dags/example_branch_operator_decorator.py
[2022-10-15T23:20:51.265+0800] {logging_mixin.py:117} INFO - [2022-10-15T23:20:51.265+0800] {dag.py:2573} INFO - Sync 1 DAGs
[2022-10-15T23:20:51.304+0800] {logging_mixin.py:117} INFO - [2022-10-15T23:20:51.304+0800] {dag.py:3328} INFO - Setting next_dagrun for example_branch_python_operator_decorator to 2022-10-14T00:00:00+00:00, run_after=2022-10-15T00:00:00+00:00
[2022-10-15T23:20:51.331+0800] {processor.py:178} INFO - Processing /opt/anaconda3/lib/python3.7/site-packages/airflow/example_dags/example_branch_operator_decorator.py took 0.198 seconds
[2022-10-15T23:21:34.129+0800] {processor.py:156} INFO - Started process (PID=60396) to work on /opt/anaconda3/lib/python3.7/site-packages/airflow/example_dags/example_branch_operator_decorator.py
[2022-10-15T23:21:34.132+0800] {processor.py:758} INFO - Processing file /opt/anaconda3/lib/python3.7/site-packages/airflow/example_dags/example_branch_operator_decorator.py for tasks to queue
[2022-10-15T23:21:34.134+0800] {logging_mixin.py:117} INFO - [2022-10-15T23:21:34.133+0800] {dagbag.py:525} INFO - Filling up the DagBag from /opt/anaconda3/lib/python3.7/site-packages/airflow/example_dags/example_branch_operator_decorator.py
[2022-10-15T23:21:34.174+0800] {processor.py:768} INFO - DAG(s) dict_keys(['example_branch_python_operator_decorator']) retrieved from /opt/anaconda3/lib/python3.7/site-packages/airflow/example_dags/example_branch_operator_decorator.py
[2022-10-15T23:21:34.230+0800] {logging_mixin.py:117} INFO - [2022-10-15T23:21:34.230+0800] {dag.py:2573} INFO - Sync 1 DAGs
[2022-10-15T23:21:34.264+0800] {logging_mixin.py:117} INFO - [2022-10-15T23:21:34.263+0800] {dag.py:3328} INFO - Setting next_dagrun for example_branch_python_operator_decorator to 2022-10-14T00:00:00+00:00, run_after=2022-10-15T00:00:00+00:00
[2022-10-15T23:21:34.291+0800] {processor.py:178} INFO - Processing /opt/anaconda3/lib/python3.7/site-packages/airflow/example_dags/example_branch_operator_decorator.py took 0.167 seconds
[2022-10-15T23:22:23.447+0800] {processor.py:156} INFO - Started process (PID=60537) to work on /opt/anaconda3/lib/python3.7/site-packages/airflow/example_dags/example_branch_operator_decorator.py
[2022-10-15T23:22:23.449+0800] {processor.py:758} INFO - Processing file /opt/anaconda3/lib/python3.7/site-packages/airflow/example_dags/example_branch_operator_decorator.py for tasks to queue
[2022-10-15T23:22:23.469+0800] {logging_mixin.py:117} INFO - [2022-10-15T23:22:23.468+0800] {dagbag.py:525} INFO - Filling up the DagBag from /opt/anaconda3/lib/python3.7/site-packages/airflow/example_dags/example_branch_operator_decorator.py
[2022-10-15T23:22:23.540+0800] {processor.py:768} INFO - DAG(s) dict_keys(['example_branch_python_operator_decorator']) retrieved from /opt/anaconda3/lib/python3.7/site-packages/airflow/example_dags/example_branch_operator_decorator.py
[2022-10-15T23:22:23.606+0800] {logging_mixin.py:117} INFO - [2022-10-15T23:22:23.606+0800] {dag.py:2573} INFO - Sync 1 DAGs
[2022-10-15T23:22:23.649+0800] {logging_mixin.py:117} INFO - [2022-10-15T23:22:23.649+0800] {dag.py:3328} INFO - Setting next_dagrun for example_branch_python_operator_decorator to 2022-10-14T00:00:00+00:00, run_after=2022-10-15T00:00:00+00:00
[2022-10-15T23:22:23.695+0800] {processor.py:178} INFO - Processing /opt/anaconda3/lib/python3.7/site-packages/airflow/example_dags/example_branch_operator_decorator.py took 0.254 seconds
[2022-10-15T23:27:41.261+0800] {processor.py:156} INFO - Started process (PID=61033) to work on /opt/anaconda3/lib/python3.7/site-packages/airflow/example_dags/example_branch_operator_decorator.py
[2022-10-15T23:27:41.264+0800] {processor.py:758} INFO - Processing file /opt/anaconda3/lib/python3.7/site-packages/airflow/example_dags/example_branch_operator_decorator.py for tasks to queue
[2022-10-15T23:27:41.265+0800] {logging_mixin.py:117} INFO - [2022-10-15T23:27:41.265+0800] {dagbag.py:525} INFO - Filling up the DagBag from /opt/anaconda3/lib/python3.7/site-packages/airflow/example_dags/example_branch_operator_decorator.py
[2022-10-15T23:27:41.311+0800] {processor.py:768} INFO - DAG(s) dict_keys(['example_branch_python_operator_decorator']) retrieved from /opt/anaconda3/lib/python3.7/site-packages/airflow/example_dags/example_branch_operator_decorator.py
[2022-10-15T23:27:41.369+0800] {logging_mixin.py:117} INFO - [2022-10-15T23:27:41.369+0800] {dag.py:2573} INFO - Sync 1 DAGs
[2022-10-15T23:27:41.401+0800] {logging_mixin.py:117} INFO - [2022-10-15T23:27:41.401+0800] {dag.py:3328} INFO - Setting next_dagrun for example_branch_python_operator_decorator to 2022-10-14T00:00:00+00:00, run_after=2022-10-15T00:00:00+00:00
[2022-10-15T23:27:41.428+0800] {processor.py:178} INFO - Processing /opt/anaconda3/lib/python3.7/site-packages/airflow/example_dags/example_branch_operator_decorator.py took 0.171 seconds
[2022-10-15T23:28:32.687+0800] {processor.py:156} INFO - Started process (PID=61122) to work on /opt/anaconda3/lib/python3.7/site-packages/airflow/example_dags/example_branch_operator_decorator.py
[2022-10-15T23:28:32.689+0800] {processor.py:758} INFO - Processing file /opt/anaconda3/lib/python3.7/site-packages/airflow/example_dags/example_branch_operator_decorator.py for tasks to queue
[2022-10-15T23:28:32.690+0800] {logging_mixin.py:117} INFO - [2022-10-15T23:28:32.690+0800] {dagbag.py:525} INFO - Filling up the DagBag from /opt/anaconda3/lib/python3.7/site-packages/airflow/example_dags/example_branch_operator_decorator.py
[2022-10-15T23:28:32.748+0800] {processor.py:768} INFO - DAG(s) dict_keys(['example_branch_python_operator_decorator']) retrieved from /opt/anaconda3/lib/python3.7/site-packages/airflow/example_dags/example_branch_operator_decorator.py
[2022-10-15T23:28:32.934+0800] {logging_mixin.py:117} INFO - [2022-10-15T23:28:32.934+0800] {dag.py:2573} INFO - Sync 1 DAGs
[2022-10-15T23:28:32.976+0800] {logging_mixin.py:117} INFO - [2022-10-15T23:28:32.976+0800] {dag.py:3328} INFO - Setting next_dagrun for example_branch_python_operator_decorator to 2022-10-14T00:00:00+00:00, run_after=2022-10-15T00:00:00+00:00
[2022-10-15T23:28:33.012+0800] {processor.py:178} INFO - Processing /opt/anaconda3/lib/python3.7/site-packages/airflow/example_dags/example_branch_operator_decorator.py took 0.331 seconds
[2022-10-15T23:29:37.955+0800] {processor.py:156} INFO - Started process (PID=61268) to work on /opt/anaconda3/lib/python3.7/site-packages/airflow/example_dags/example_branch_operator_decorator.py
[2022-10-15T23:29:37.958+0800] {processor.py:758} INFO - Processing file /opt/anaconda3/lib/python3.7/site-packages/airflow/example_dags/example_branch_operator_decorator.py for tasks to queue
[2022-10-15T23:29:37.959+0800] {logging_mixin.py:117} INFO - [2022-10-15T23:29:37.959+0800] {dagbag.py:525} INFO - Filling up the DagBag from /opt/anaconda3/lib/python3.7/site-packages/airflow/example_dags/example_branch_operator_decorator.py
[2022-10-15T23:29:38.004+0800] {processor.py:768} INFO - DAG(s) dict_keys(['example_branch_python_operator_decorator']) retrieved from /opt/anaconda3/lib/python3.7/site-packages/airflow/example_dags/example_branch_operator_decorator.py
[2022-10-15T23:29:38.063+0800] {logging_mixin.py:117} INFO - [2022-10-15T23:29:38.063+0800] {dag.py:2573} INFO - Sync 1 DAGs
[2022-10-15T23:29:38.099+0800] {logging_mixin.py:117} INFO - [2022-10-15T23:29:38.099+0800] {dag.py:3328} INFO - Setting next_dagrun for example_branch_python_operator_decorator to 2022-10-14T00:00:00+00:00, run_after=2022-10-15T00:00:00+00:00
[2022-10-15T23:29:38.128+0800] {processor.py:178} INFO - Processing /opt/anaconda3/lib/python3.7/site-packages/airflow/example_dags/example_branch_operator_decorator.py took 0.178 seconds
[2022-10-15T23:30:17.167+0800] {processor.py:156} INFO - Started process (PID=61408) to work on /opt/anaconda3/lib/python3.7/site-packages/airflow/example_dags/example_branch_operator_decorator.py
[2022-10-15T23:30:17.169+0800] {processor.py:758} INFO - Processing file /opt/anaconda3/lib/python3.7/site-packages/airflow/example_dags/example_branch_operator_decorator.py for tasks to queue
[2022-10-15T23:30:17.171+0800] {logging_mixin.py:117} INFO - [2022-10-15T23:30:17.170+0800] {dagbag.py:525} INFO - Filling up the DagBag from /opt/anaconda3/lib/python3.7/site-packages/airflow/example_dags/example_branch_operator_decorator.py
[2022-10-15T23:30:17.232+0800] {processor.py:768} INFO - DAG(s) dict_keys(['example_branch_python_operator_decorator']) retrieved from /opt/anaconda3/lib/python3.7/site-packages/airflow/example_dags/example_branch_operator_decorator.py
[2022-10-15T23:30:17.296+0800] {logging_mixin.py:117} INFO - [2022-10-15T23:30:17.295+0800] {dag.py:2573} INFO - Sync 1 DAGs
[2022-10-15T23:30:17.330+0800] {logging_mixin.py:117} INFO - [2022-10-15T23:30:17.330+0800] {dag.py:3328} INFO - Setting next_dagrun for example_branch_python_operator_decorator to 2022-10-14T00:00:00+00:00, run_after=2022-10-15T00:00:00+00:00
[2022-10-15T23:30:17.358+0800] {processor.py:178} INFO - Processing /opt/anaconda3/lib/python3.7/site-packages/airflow/example_dags/example_branch_operator_decorator.py took 0.198 seconds
[2022-10-15T23:30:56.545+0800] {processor.py:156} INFO - Started process (PID=61513) to work on /opt/anaconda3/lib/python3.7/site-packages/airflow/example_dags/example_branch_operator_decorator.py
[2022-10-15T23:30:56.547+0800] {processor.py:758} INFO - Processing file /opt/anaconda3/lib/python3.7/site-packages/airflow/example_dags/example_branch_operator_decorator.py for tasks to queue
[2022-10-15T23:30:56.549+0800] {logging_mixin.py:117} INFO - [2022-10-15T23:30:56.549+0800] {dagbag.py:525} INFO - Filling up the DagBag from /opt/anaconda3/lib/python3.7/site-packages/airflow/example_dags/example_branch_operator_decorator.py
[2022-10-15T23:30:56.593+0800] {processor.py:768} INFO - DAG(s) dict_keys(['example_branch_python_operator_decorator']) retrieved from /opt/anaconda3/lib/python3.7/site-packages/airflow/example_dags/example_branch_operator_decorator.py
[2022-10-15T23:30:56.653+0800] {logging_mixin.py:117} INFO - [2022-10-15T23:30:56.653+0800] {dag.py:2573} INFO - Sync 1 DAGs
[2022-10-15T23:30:56.688+0800] {logging_mixin.py:117} INFO - [2022-10-15T23:30:56.687+0800] {dag.py:3328} INFO - Setting next_dagrun for example_branch_python_operator_decorator to 2022-10-14T00:00:00+00:00, run_after=2022-10-15T00:00:00+00:00
[2022-10-15T23:30:56.715+0800] {processor.py:178} INFO - Processing /opt/anaconda3/lib/python3.7/site-packages/airflow/example_dags/example_branch_operator_decorator.py took 0.175 seconds
[2022-10-15T23:34:25.218+0800] {processor.py:156} INFO - Started process (PID=61996) to work on /opt/anaconda3/lib/python3.7/site-packages/airflow/example_dags/example_branch_operator_decorator.py
[2022-10-15T23:34:25.220+0800] {processor.py:758} INFO - Processing file /opt/anaconda3/lib/python3.7/site-packages/airflow/example_dags/example_branch_operator_decorator.py for tasks to queue
[2022-10-15T23:34:25.222+0800] {logging_mixin.py:117} INFO - [2022-10-15T23:34:25.221+0800] {dagbag.py:525} INFO - Filling up the DagBag from /opt/anaconda3/lib/python3.7/site-packages/airflow/example_dags/example_branch_operator_decorator.py
[2022-10-15T23:34:25.262+0800] {processor.py:768} INFO - DAG(s) dict_keys(['example_branch_python_operator_decorator']) retrieved from /opt/anaconda3/lib/python3.7/site-packages/airflow/example_dags/example_branch_operator_decorator.py
[2022-10-15T23:34:25.317+0800] {logging_mixin.py:117} INFO - [2022-10-15T23:34:25.317+0800] {dag.py:2573} INFO - Sync 1 DAGs
[2022-10-15T23:34:25.351+0800] {logging_mixin.py:117} INFO - [2022-10-15T23:34:25.351+0800] {dag.py:3328} INFO - Setting next_dagrun for example_branch_python_operator_decorator to 2022-10-14T00:00:00+00:00, run_after=2022-10-15T00:00:00+00:00
[2022-10-15T23:34:25.379+0800] {processor.py:178} INFO - Processing /opt/anaconda3/lib/python3.7/site-packages/airflow/example_dags/example_branch_operator_decorator.py took 0.166 seconds
[2022-10-15T23:35:02.030+0800] {processor.py:156} INFO - Started process (PID=62083) to work on /opt/anaconda3/lib/python3.7/site-packages/airflow/example_dags/example_branch_operator_decorator.py
[2022-10-15T23:35:02.032+0800] {processor.py:758} INFO - Processing file /opt/anaconda3/lib/python3.7/site-packages/airflow/example_dags/example_branch_operator_decorator.py for tasks to queue
[2022-10-15T23:35:02.034+0800] {logging_mixin.py:117} INFO - [2022-10-15T23:35:02.034+0800] {dagbag.py:525} INFO - Filling up the DagBag from /opt/anaconda3/lib/python3.7/site-packages/airflow/example_dags/example_branch_operator_decorator.py
[2022-10-15T23:35:02.077+0800] {processor.py:768} INFO - DAG(s) dict_keys(['example_branch_python_operator_decorator']) retrieved from /opt/anaconda3/lib/python3.7/site-packages/airflow/example_dags/example_branch_operator_decorator.py
[2022-10-15T23:35:02.133+0800] {logging_mixin.py:117} INFO - [2022-10-15T23:35:02.132+0800] {dag.py:2573} INFO - Sync 1 DAGs
[2022-10-15T23:35:02.167+0800] {logging_mixin.py:117} INFO - [2022-10-15T23:35:02.166+0800] {dag.py:3328} INFO - Setting next_dagrun for example_branch_python_operator_decorator to 2022-10-14T00:00:00+00:00, run_after=2022-10-15T00:00:00+00:00
[2022-10-15T23:35:02.195+0800] {processor.py:178} INFO - Processing /opt/anaconda3/lib/python3.7/site-packages/airflow/example_dags/example_branch_operator_decorator.py took 0.169 seconds
[2022-10-15T23:35:39.698+0800] {processor.py:156} INFO - Started process (PID=62228) to work on /opt/anaconda3/lib/python3.7/site-packages/airflow/example_dags/example_branch_operator_decorator.py
[2022-10-15T23:35:39.700+0800] {processor.py:758} INFO - Processing file /opt/anaconda3/lib/python3.7/site-packages/airflow/example_dags/example_branch_operator_decorator.py for tasks to queue
[2022-10-15T23:35:39.702+0800] {logging_mixin.py:117} INFO - [2022-10-15T23:35:39.701+0800] {dagbag.py:525} INFO - Filling up the DagBag from /opt/anaconda3/lib/python3.7/site-packages/airflow/example_dags/example_branch_operator_decorator.py
[2022-10-15T23:35:39.747+0800] {processor.py:768} INFO - DAG(s) dict_keys(['example_branch_python_operator_decorator']) retrieved from /opt/anaconda3/lib/python3.7/site-packages/airflow/example_dags/example_branch_operator_decorator.py
[2022-10-15T23:35:39.803+0800] {logging_mixin.py:117} INFO - [2022-10-15T23:35:39.803+0800] {dag.py:2573} INFO - Sync 1 DAGs
[2022-10-15T23:35:39.837+0800] {logging_mixin.py:117} INFO - [2022-10-15T23:35:39.837+0800] {dag.py:3328} INFO - Setting next_dagrun for example_branch_python_operator_decorator to 2022-10-14T00:00:00+00:00, run_after=2022-10-15T00:00:00+00:00
[2022-10-15T23:35:39.866+0800] {processor.py:178} INFO - Processing /opt/anaconda3/lib/python3.7/site-packages/airflow/example_dags/example_branch_operator_decorator.py took 0.172 seconds
[2022-10-15T23:36:18.837+0800] {processor.py:156} INFO - Started process (PID=62383) to work on /opt/anaconda3/lib/python3.7/site-packages/airflow/example_dags/example_branch_operator_decorator.py
[2022-10-15T23:36:18.840+0800] {processor.py:758} INFO - Processing file /opt/anaconda3/lib/python3.7/site-packages/airflow/example_dags/example_branch_operator_decorator.py for tasks to queue
[2022-10-15T23:36:18.842+0800] {logging_mixin.py:117} INFO - [2022-10-15T23:36:18.841+0800] {dagbag.py:525} INFO - Filling up the DagBag from /opt/anaconda3/lib/python3.7/site-packages/airflow/example_dags/example_branch_operator_decorator.py
[2022-10-15T23:36:18.889+0800] {processor.py:768} INFO - DAG(s) dict_keys(['example_branch_python_operator_decorator']) retrieved from /opt/anaconda3/lib/python3.7/site-packages/airflow/example_dags/example_branch_operator_decorator.py
[2022-10-15T23:36:18.948+0800] {logging_mixin.py:117} INFO - [2022-10-15T23:36:18.948+0800] {dag.py:2573} INFO - Sync 1 DAGs
[2022-10-15T23:36:18.985+0800] {logging_mixin.py:117} INFO - [2022-10-15T23:36:18.984+0800] {dag.py:3328} INFO - Setting next_dagrun for example_branch_python_operator_decorator to 2022-10-14T00:00:00+00:00, run_after=2022-10-15T00:00:00+00:00
[2022-10-15T23:36:19.014+0800] {processor.py:178} INFO - Processing /opt/anaconda3/lib/python3.7/site-packages/airflow/example_dags/example_branch_operator_decorator.py took 0.182 seconds
[2022-10-15T23:36:55.365+0800] {processor.py:156} INFO - Started process (PID=62495) to work on /opt/anaconda3/lib/python3.7/site-packages/airflow/example_dags/example_branch_operator_decorator.py
[2022-10-15T23:36:55.366+0800] {processor.py:758} INFO - Processing file /opt/anaconda3/lib/python3.7/site-packages/airflow/example_dags/example_branch_operator_decorator.py for tasks to queue
[2022-10-15T23:36:55.368+0800] {logging_mixin.py:117} INFO - [2022-10-15T23:36:55.367+0800] {dagbag.py:525} INFO - Filling up the DagBag from /opt/anaconda3/lib/python3.7/site-packages/airflow/example_dags/example_branch_operator_decorator.py
[2022-10-15T23:36:55.410+0800] {processor.py:768} INFO - DAG(s) dict_keys(['example_branch_python_operator_decorator']) retrieved from /opt/anaconda3/lib/python3.7/site-packages/airflow/example_dags/example_branch_operator_decorator.py
[2022-10-15T23:36:55.466+0800] {logging_mixin.py:117} INFO - [2022-10-15T23:36:55.466+0800] {dag.py:2573} INFO - Sync 1 DAGs
[2022-10-15T23:36:55.504+0800] {logging_mixin.py:117} INFO - [2022-10-15T23:36:55.503+0800] {dag.py:3328} INFO - Setting next_dagrun for example_branch_python_operator_decorator to 2022-10-14T00:00:00+00:00, run_after=2022-10-15T00:00:00+00:00
[2022-10-15T23:36:55.532+0800] {processor.py:178} INFO - Processing /opt/anaconda3/lib/python3.7/site-packages/airflow/example_dags/example_branch_operator_decorator.py took 0.173 seconds
[2022-10-15T23:47:34.173+0800] {processor.py:156} INFO - Started process (PID=63947) to work on /opt/anaconda3/lib/python3.7/site-packages/airflow/example_dags/example_branch_operator_decorator.py
[2022-10-15T23:47:34.178+0800] {processor.py:758} INFO - Processing file /opt/anaconda3/lib/python3.7/site-packages/airflow/example_dags/example_branch_operator_decorator.py for tasks to queue
[2022-10-15T23:47:34.179+0800] {logging_mixin.py:117} INFO - [2022-10-15T23:47:34.179+0800] {dagbag.py:525} INFO - Filling up the DagBag from /opt/anaconda3/lib/python3.7/site-packages/airflow/example_dags/example_branch_operator_decorator.py
[2022-10-15T23:47:34.228+0800] {processor.py:768} INFO - DAG(s) dict_keys(['example_branch_python_operator_decorator']) retrieved from /opt/anaconda3/lib/python3.7/site-packages/airflow/example_dags/example_branch_operator_decorator.py
[2022-10-15T23:47:34.418+0800] {logging_mixin.py:117} INFO - [2022-10-15T23:47:34.417+0800] {manager.py:507} INFO - Created Permission View: can edit on DAG:example_branch_python_operator_decorator
[2022-10-15T23:47:34.429+0800] {logging_mixin.py:117} INFO - [2022-10-15T23:47:34.428+0800] {manager.py:507} INFO - Created Permission View: can delete on DAG:example_branch_python_operator_decorator
[2022-10-15T23:47:34.436+0800] {logging_mixin.py:117} INFO - [2022-10-15T23:47:34.436+0800] {manager.py:507} INFO - Created Permission View: can read on DAG:example_branch_python_operator_decorator
[2022-10-15T23:47:34.437+0800] {logging_mixin.py:117} INFO - [2022-10-15T23:47:34.437+0800] {dag.py:2573} INFO - Sync 1 DAGs
[2022-10-15T23:47:34.453+0800] {logging_mixin.py:117} INFO - [2022-10-15T23:47:34.453+0800] {dag.py:2594} INFO - Creating ORM DAG for example_branch_python_operator_decorator
[2022-10-15T23:47:34.469+0800] {logging_mixin.py:117} INFO - [2022-10-15T23:47:34.469+0800] {dag.py:3328} INFO - Setting next_dagrun for example_branch_python_operator_decorator to 2022-10-14T00:00:00+00:00, run_after=2022-10-15T00:00:00+00:00
[2022-10-15T23:47:34.492+0800] {processor.py:178} INFO - Processing /opt/anaconda3/lib/python3.7/site-packages/airflow/example_dags/example_branch_operator_decorator.py took 0.325 seconds
[2022-10-15T23:48:05.739+0800] {processor.py:156} INFO - Started process (PID=64076) to work on /opt/anaconda3/lib/python3.7/site-packages/airflow/example_dags/example_branch_operator_decorator.py
[2022-10-15T23:48:05.741+0800] {processor.py:758} INFO - Processing file /opt/anaconda3/lib/python3.7/site-packages/airflow/example_dags/example_branch_operator_decorator.py for tasks to queue
[2022-10-15T23:48:05.743+0800] {logging_mixin.py:117} INFO - [2022-10-15T23:48:05.742+0800] {dagbag.py:525} INFO - Filling up the DagBag from /opt/anaconda3/lib/python3.7/site-packages/airflow/example_dags/example_branch_operator_decorator.py
[2022-10-15T23:48:05.789+0800] {processor.py:768} INFO - DAG(s) dict_keys(['example_branch_python_operator_decorator']) retrieved from /opt/anaconda3/lib/python3.7/site-packages/airflow/example_dags/example_branch_operator_decorator.py
[2022-10-15T23:48:05.854+0800] {logging_mixin.py:117} INFO - [2022-10-15T23:48:05.854+0800] {dag.py:2573} INFO - Sync 1 DAGs
[2022-10-15T23:48:05.894+0800] {logging_mixin.py:117} INFO - [2022-10-15T23:48:05.893+0800] {dag.py:3328} INFO - Setting next_dagrun for example_branch_python_operator_decorator to 2022-10-14T00:00:00+00:00, run_after=2022-10-15T00:00:00+00:00
[2022-10-15T23:48:05.921+0800] {processor.py:178} INFO - Processing /opt/anaconda3/lib/python3.7/site-packages/airflow/example_dags/example_branch_operator_decorator.py took 0.189 seconds
[2022-10-15T23:48:37.028+0800] {processor.py:156} INFO - Started process (PID=64175) to work on /opt/anaconda3/lib/python3.7/site-packages/airflow/example_dags/example_branch_operator_decorator.py
[2022-10-15T23:48:37.030+0800] {processor.py:758} INFO - Processing file /opt/anaconda3/lib/python3.7/site-packages/airflow/example_dags/example_branch_operator_decorator.py for tasks to queue
[2022-10-15T23:48:37.032+0800] {logging_mixin.py:117} INFO - [2022-10-15T23:48:37.031+0800] {dagbag.py:525} INFO - Filling up the DagBag from /opt/anaconda3/lib/python3.7/site-packages/airflow/example_dags/example_branch_operator_decorator.py
[2022-10-15T23:48:37.076+0800] {processor.py:768} INFO - DAG(s) dict_keys(['example_branch_python_operator_decorator']) retrieved from /opt/anaconda3/lib/python3.7/site-packages/airflow/example_dags/example_branch_operator_decorator.py
[2022-10-15T23:48:37.148+0800] {logging_mixin.py:117} INFO - [2022-10-15T23:48:37.147+0800] {dag.py:2573} INFO - Sync 1 DAGs
[2022-10-15T23:48:37.189+0800] {logging_mixin.py:117} INFO - [2022-10-15T23:48:37.189+0800] {dag.py:3328} INFO - Setting next_dagrun for example_branch_python_operator_decorator to 2022-10-14T00:00:00+00:00, run_after=2022-10-15T00:00:00+00:00
[2022-10-15T23:48:37.217+0800] {processor.py:178} INFO - Processing /opt/anaconda3/lib/python3.7/site-packages/airflow/example_dags/example_branch_operator_decorator.py took 0.196 seconds
[2022-10-15T23:50:30.787+0800] {processor.py:156} INFO - Started process (PID=64625) to work on /opt/anaconda3/lib/python3.7/site-packages/airflow/example_dags/example_branch_operator_decorator.py
[2022-10-15T23:50:30.789+0800] {processor.py:758} INFO - Processing file /opt/anaconda3/lib/python3.7/site-packages/airflow/example_dags/example_branch_operator_decorator.py for tasks to queue
[2022-10-15T23:50:30.790+0800] {logging_mixin.py:117} INFO - [2022-10-15T23:50:30.790+0800] {dagbag.py:525} INFO - Filling up the DagBag from /opt/anaconda3/lib/python3.7/site-packages/airflow/example_dags/example_branch_operator_decorator.py
[2022-10-15T23:50:30.830+0800] {processor.py:768} INFO - DAG(s) dict_keys(['example_branch_python_operator_decorator']) retrieved from /opt/anaconda3/lib/python3.7/site-packages/airflow/example_dags/example_branch_operator_decorator.py
[2022-10-15T23:50:30.873+0800] {logging_mixin.py:117} INFO - [2022-10-15T23:50:30.873+0800] {dag.py:2573} INFO - Sync 1 DAGs
[2022-10-15T23:50:30.912+0800] {logging_mixin.py:117} INFO - [2022-10-15T23:50:30.911+0800] {dag.py:3328} INFO - Setting next_dagrun for example_branch_python_operator_decorator to 2022-10-14T00:00:00+00:00, run_after=2022-10-15T00:00:00+00:00
[2022-10-15T23:50:30.943+0800] {processor.py:178} INFO - Processing /opt/anaconda3/lib/python3.7/site-packages/airflow/example_dags/example_branch_operator_decorator.py took 0.161 seconds
[2022-10-15T23:51:03.882+0800] {processor.py:156} INFO - Started process (PID=64752) to work on /opt/anaconda3/lib/python3.7/site-packages/airflow/example_dags/example_branch_operator_decorator.py
[2022-10-15T23:51:03.884+0800] {processor.py:758} INFO - Processing file /opt/anaconda3/lib/python3.7/site-packages/airflow/example_dags/example_branch_operator_decorator.py for tasks to queue
[2022-10-15T23:51:03.886+0800] {logging_mixin.py:117} INFO - [2022-10-15T23:51:03.885+0800] {dagbag.py:525} INFO - Filling up the DagBag from /opt/anaconda3/lib/python3.7/site-packages/airflow/example_dags/example_branch_operator_decorator.py
[2022-10-15T23:51:03.929+0800] {processor.py:768} INFO - DAG(s) dict_keys(['example_branch_python_operator_decorator']) retrieved from /opt/anaconda3/lib/python3.7/site-packages/airflow/example_dags/example_branch_operator_decorator.py
[2022-10-15T23:51:03.990+0800] {logging_mixin.py:117} INFO - [2022-10-15T23:51:03.989+0800] {dag.py:2573} INFO - Sync 1 DAGs
[2022-10-15T23:51:04.026+0800] {logging_mixin.py:117} INFO - [2022-10-15T23:51:04.025+0800] {dag.py:3328} INFO - Setting next_dagrun for example_branch_python_operator_decorator to 2022-10-14T00:00:00+00:00, run_after=2022-10-15T00:00:00+00:00
[2022-10-15T23:51:04.049+0800] {processor.py:178} INFO - Processing /opt/anaconda3/lib/python3.7/site-packages/airflow/example_dags/example_branch_operator_decorator.py took 0.172 seconds
[2022-10-15T23:51:34.458+0800] {processor.py:156} INFO - Started process (PID=64878) to work on /opt/anaconda3/lib/python3.7/site-packages/airflow/example_dags/example_branch_operator_decorator.py
[2022-10-15T23:51:34.460+0800] {processor.py:758} INFO - Processing file /opt/anaconda3/lib/python3.7/site-packages/airflow/example_dags/example_branch_operator_decorator.py for tasks to queue
[2022-10-15T23:51:34.462+0800] {logging_mixin.py:117} INFO - [2022-10-15T23:51:34.461+0800] {dagbag.py:525} INFO - Filling up the DagBag from /opt/anaconda3/lib/python3.7/site-packages/airflow/example_dags/example_branch_operator_decorator.py
[2022-10-15T23:51:34.504+0800] {processor.py:768} INFO - DAG(s) dict_keys(['example_branch_python_operator_decorator']) retrieved from /opt/anaconda3/lib/python3.7/site-packages/airflow/example_dags/example_branch_operator_decorator.py
[2022-10-15T23:51:34.570+0800] {logging_mixin.py:117} INFO - [2022-10-15T23:51:34.569+0800] {dag.py:2573} INFO - Sync 1 DAGs
[2022-10-15T23:51:34.604+0800] {logging_mixin.py:117} INFO - [2022-10-15T23:51:34.604+0800] {dag.py:3328} INFO - Setting next_dagrun for example_branch_python_operator_decorator to 2022-10-14T00:00:00+00:00, run_after=2022-10-15T00:00:00+00:00
[2022-10-15T23:51:34.628+0800] {processor.py:178} INFO - Processing /opt/anaconda3/lib/python3.7/site-packages/airflow/example_dags/example_branch_operator_decorator.py took 0.175 seconds
[2022-10-15T23:51:40.350+0800] {processor.py:156} INFO - Started process (PID=64922) to work on /opt/anaconda3/lib/python3.7/site-packages/airflow/example_dags/example_branch_operator_decorator.py
[2022-10-15T23:51:40.351+0800] {processor.py:758} INFO - Processing file /opt/anaconda3/lib/python3.7/site-packages/airflow/example_dags/example_branch_operator_decorator.py for tasks to queue
[2022-10-15T23:51:40.353+0800] {logging_mixin.py:117} INFO - [2022-10-15T23:51:40.352+0800] {dagbag.py:525} INFO - Filling up the DagBag from /opt/anaconda3/lib/python3.7/site-packages/airflow/example_dags/example_branch_operator_decorator.py
[2022-10-15T23:51:40.393+0800] {processor.py:768} INFO - DAG(s) dict_keys(['example_branch_python_operator_decorator']) retrieved from /opt/anaconda3/lib/python3.7/site-packages/airflow/example_dags/example_branch_operator_decorator.py
[2022-10-15T23:51:40.420+0800] {logging_mixin.py:117} INFO - [2022-10-15T23:51:40.419+0800] {dag.py:2573} INFO - Sync 1 DAGs
[2022-10-15T23:51:40.450+0800] {logging_mixin.py:117} INFO - [2022-10-15T23:51:40.450+0800] {dag.py:3328} INFO - Setting next_dagrun for example_branch_python_operator_decorator to 2022-10-14T00:00:00+00:00, run_after=2022-10-15T00:00:00+00:00
[2022-10-15T23:51:40.473+0800] {processor.py:178} INFO - Processing /opt/anaconda3/lib/python3.7/site-packages/airflow/example_dags/example_branch_operator_decorator.py took 0.130 seconds
[2022-10-15T23:52:11.953+0800] {processor.py:156} INFO - Started process (PID=65148) to work on /opt/anaconda3/lib/python3.7/site-packages/airflow/example_dags/example_branch_operator_decorator.py
[2022-10-15T23:52:11.955+0800] {processor.py:758} INFO - Processing file /opt/anaconda3/lib/python3.7/site-packages/airflow/example_dags/example_branch_operator_decorator.py for tasks to queue
[2022-10-15T23:52:11.956+0800] {logging_mixin.py:117} INFO - [2022-10-15T23:52:11.956+0800] {dagbag.py:525} INFO - Filling up the DagBag from /opt/anaconda3/lib/python3.7/site-packages/airflow/example_dags/example_branch_operator_decorator.py
[2022-10-15T23:52:11.997+0800] {processor.py:768} INFO - DAG(s) dict_keys(['example_branch_python_operator_decorator']) retrieved from /opt/anaconda3/lib/python3.7/site-packages/airflow/example_dags/example_branch_operator_decorator.py
[2022-10-15T23:52:12.033+0800] {logging_mixin.py:117} INFO - [2022-10-15T23:52:12.032+0800] {dag.py:2573} INFO - Sync 1 DAGs
[2022-10-15T23:52:12.078+0800] {logging_mixin.py:117} INFO - [2022-10-15T23:52:12.077+0800] {dag.py:3328} INFO - Setting next_dagrun for example_branch_python_operator_decorator to 2022-10-14T00:00:00+00:00, run_after=2022-10-15T00:00:00+00:00
[2022-10-15T23:52:12.108+0800] {processor.py:178} INFO - Processing /opt/anaconda3/lib/python3.7/site-packages/airflow/example_dags/example_branch_operator_decorator.py took 0.168 seconds
[2022-10-15T23:54:20.654+0800] {processor.py:156} INFO - Started process (PID=65756) to work on /opt/anaconda3/lib/python3.7/site-packages/airflow/example_dags/example_branch_operator_decorator.py
[2022-10-15T23:54:20.656+0800] {processor.py:758} INFO - Processing file /opt/anaconda3/lib/python3.7/site-packages/airflow/example_dags/example_branch_operator_decorator.py for tasks to queue
[2022-10-15T23:54:20.658+0800] {logging_mixin.py:117} INFO - [2022-10-15T23:54:20.658+0800] {dagbag.py:525} INFO - Filling up the DagBag from /opt/anaconda3/lib/python3.7/site-packages/airflow/example_dags/example_branch_operator_decorator.py
[2022-10-15T23:54:20.701+0800] {processor.py:768} INFO - DAG(s) dict_keys(['example_branch_python_operator_decorator']) retrieved from /opt/anaconda3/lib/python3.7/site-packages/airflow/example_dags/example_branch_operator_decorator.py
[2022-10-15T23:54:20.746+0800] {logging_mixin.py:117} INFO - [2022-10-15T23:54:20.745+0800] {dag.py:2573} INFO - Sync 1 DAGs
[2022-10-15T23:54:20.810+0800] {logging_mixin.py:117} INFO - [2022-10-15T23:54:20.810+0800] {dag.py:3328} INFO - Setting next_dagrun for example_branch_python_operator_decorator to 2022-10-14T00:00:00+00:00, run_after=2022-10-15T00:00:00+00:00
[2022-10-15T23:54:20.839+0800] {processor.py:178} INFO - Processing /opt/anaconda3/lib/python3.7/site-packages/airflow/example_dags/example_branch_operator_decorator.py took 0.190 seconds
[2022-10-15T23:54:52.774+0800] {processor.py:156} INFO - Started process (PID=65857) to work on /opt/anaconda3/lib/python3.7/site-packages/airflow/example_dags/example_branch_operator_decorator.py
[2022-10-15T23:54:52.777+0800] {processor.py:758} INFO - Processing file /opt/anaconda3/lib/python3.7/site-packages/airflow/example_dags/example_branch_operator_decorator.py for tasks to queue
[2022-10-15T23:54:52.778+0800] {logging_mixin.py:117} INFO - [2022-10-15T23:54:52.778+0800] {dagbag.py:525} INFO - Filling up the DagBag from /opt/anaconda3/lib/python3.7/site-packages/airflow/example_dags/example_branch_operator_decorator.py
[2022-10-15T23:54:53.011+0800] {processor.py:768} INFO - DAG(s) dict_keys(['example_branch_python_operator_decorator']) retrieved from /opt/anaconda3/lib/python3.7/site-packages/airflow/example_dags/example_branch_operator_decorator.py
[2022-10-15T23:54:53.173+0800] {logging_mixin.py:117} INFO - [2022-10-15T23:54:53.172+0800] {dag.py:2573} INFO - Sync 1 DAGs
[2022-10-15T23:54:53.255+0800] {logging_mixin.py:117} INFO - [2022-10-15T23:54:53.254+0800] {dag.py:3328} INFO - Setting next_dagrun for example_branch_python_operator_decorator to 2022-10-14T00:00:00+00:00, run_after=2022-10-15T00:00:00+00:00
[2022-10-15T23:54:53.290+0800] {processor.py:178} INFO - Processing /opt/anaconda3/lib/python3.7/site-packages/airflow/example_dags/example_branch_operator_decorator.py took 0.524 seconds
[2022-10-15T23:55:18.475+0800] {processor.py:156} INFO - Started process (PID=65935) to work on /opt/anaconda3/lib/python3.7/site-packages/airflow/example_dags/example_branch_operator_decorator.py
[2022-10-15T23:55:18.477+0800] {processor.py:758} INFO - Processing file /opt/anaconda3/lib/python3.7/site-packages/airflow/example_dags/example_branch_operator_decorator.py for tasks to queue
[2022-10-15T23:55:18.478+0800] {logging_mixin.py:117} INFO - [2022-10-15T23:55:18.478+0800] {dagbag.py:525} INFO - Filling up the DagBag from /opt/anaconda3/lib/python3.7/site-packages/airflow/example_dags/example_branch_operator_decorator.py
[2022-10-15T23:55:18.514+0800] {processor.py:768} INFO - DAG(s) dict_keys(['example_branch_python_operator_decorator']) retrieved from /opt/anaconda3/lib/python3.7/site-packages/airflow/example_dags/example_branch_operator_decorator.py
[2022-10-15T23:55:18.741+0800] {logging_mixin.py:117} INFO - [2022-10-15T23:55:18.740+0800] {dag.py:2573} INFO - Sync 1 DAGs
[2022-10-15T23:55:18.768+0800] {logging_mixin.py:117} INFO - [2022-10-15T23:55:18.768+0800] {dag.py:3328} INFO - Setting next_dagrun for example_branch_python_operator_decorator to 2022-10-14T00:00:00+00:00, run_after=2022-10-15T00:00:00+00:00
[2022-10-15T23:55:18.790+0800] {processor.py:178} INFO - Processing /opt/anaconda3/lib/python3.7/site-packages/airflow/example_dags/example_branch_operator_decorator.py took 0.321 seconds
[2022-10-15T23:55:49.418+0800] {processor.py:156} INFO - Started process (PID=66079) to work on /opt/anaconda3/lib/python3.7/site-packages/airflow/example_dags/example_branch_operator_decorator.py
[2022-10-15T23:55:49.420+0800] {processor.py:758} INFO - Processing file /opt/anaconda3/lib/python3.7/site-packages/airflow/example_dags/example_branch_operator_decorator.py for tasks to queue
[2022-10-15T23:55:49.422+0800] {logging_mixin.py:117} INFO - [2022-10-15T23:55:49.421+0800] {dagbag.py:525} INFO - Filling up the DagBag from /opt/anaconda3/lib/python3.7/site-packages/airflow/example_dags/example_branch_operator_decorator.py
[2022-10-15T23:55:49.458+0800] {processor.py:768} INFO - DAG(s) dict_keys(['example_branch_python_operator_decorator']) retrieved from /opt/anaconda3/lib/python3.7/site-packages/airflow/example_dags/example_branch_operator_decorator.py
[2022-10-15T23:55:49.510+0800] {logging_mixin.py:117} INFO - [2022-10-15T23:55:49.509+0800] {dag.py:2573} INFO - Sync 1 DAGs
[2022-10-15T23:55:49.545+0800] {logging_mixin.py:117} INFO - [2022-10-15T23:55:49.544+0800] {dag.py:3328} INFO - Setting next_dagrun for example_branch_python_operator_decorator to 2022-10-14T00:00:00+00:00, run_after=2022-10-15T00:00:00+00:00
[2022-10-15T23:55:49.580+0800] {processor.py:178} INFO - Processing /opt/anaconda3/lib/python3.7/site-packages/airflow/example_dags/example_branch_operator_decorator.py took 0.168 seconds
[2022-10-15T23:56:20.190+0800] {processor.py:156} INFO - Started process (PID=66226) to work on /opt/anaconda3/lib/python3.7/site-packages/airflow/example_dags/example_branch_operator_decorator.py
[2022-10-15T23:56:20.192+0800] {processor.py:758} INFO - Processing file /opt/anaconda3/lib/python3.7/site-packages/airflow/example_dags/example_branch_operator_decorator.py for tasks to queue
[2022-10-15T23:56:20.193+0800] {logging_mixin.py:117} INFO - [2022-10-15T23:56:20.193+0800] {dagbag.py:525} INFO - Filling up the DagBag from /opt/anaconda3/lib/python3.7/site-packages/airflow/example_dags/example_branch_operator_decorator.py
[2022-10-15T23:56:20.224+0800] {processor.py:768} INFO - DAG(s) dict_keys(['example_branch_python_operator_decorator']) retrieved from /opt/anaconda3/lib/python3.7/site-packages/airflow/example_dags/example_branch_operator_decorator.py
[2022-10-15T23:56:20.277+0800] {logging_mixin.py:117} INFO - [2022-10-15T23:56:20.276+0800] {dag.py:2573} INFO - Sync 1 DAGs
[2022-10-15T23:56:20.319+0800] {logging_mixin.py:117} INFO - [2022-10-15T23:56:20.318+0800] {dag.py:3328} INFO - Setting next_dagrun for example_branch_python_operator_decorator to 2022-10-14T00:00:00+00:00, run_after=2022-10-15T00:00:00+00:00
[2022-10-15T23:56:20.348+0800] {processor.py:178} INFO - Processing /opt/anaconda3/lib/python3.7/site-packages/airflow/example_dags/example_branch_operator_decorator.py took 0.163 seconds
[2022-10-15T23:56:50.510+0800] {processor.py:156} INFO - Started process (PID=66393) to work on /opt/anaconda3/lib/python3.7/site-packages/airflow/example_dags/example_branch_operator_decorator.py
[2022-10-15T23:56:50.513+0800] {processor.py:758} INFO - Processing file /opt/anaconda3/lib/python3.7/site-packages/airflow/example_dags/example_branch_operator_decorator.py for tasks to queue
[2022-10-15T23:56:50.515+0800] {logging_mixin.py:117} INFO - [2022-10-15T23:56:50.514+0800] {dagbag.py:525} INFO - Filling up the DagBag from /opt/anaconda3/lib/python3.7/site-packages/airflow/example_dags/example_branch_operator_decorator.py
[2022-10-15T23:56:50.552+0800] {processor.py:768} INFO - DAG(s) dict_keys(['example_branch_python_operator_decorator']) retrieved from /opt/anaconda3/lib/python3.7/site-packages/airflow/example_dags/example_branch_operator_decorator.py
[2022-10-15T23:56:50.595+0800] {logging_mixin.py:117} INFO - [2022-10-15T23:56:50.595+0800] {dag.py:2573} INFO - Sync 1 DAGs
[2022-10-15T23:56:50.629+0800] {logging_mixin.py:117} INFO - [2022-10-15T23:56:50.628+0800] {dag.py:3328} INFO - Setting next_dagrun for example_branch_python_operator_decorator to 2022-10-14T00:00:00+00:00, run_after=2022-10-15T00:00:00+00:00
[2022-10-15T23:56:50.655+0800] {processor.py:178} INFO - Processing /opt/anaconda3/lib/python3.7/site-packages/airflow/example_dags/example_branch_operator_decorator.py took 0.152 seconds
[2022-10-15T23:57:21.514+0800] {processor.py:156} INFO - Started process (PID=66502) to work on /opt/anaconda3/lib/python3.7/site-packages/airflow/example_dags/example_branch_operator_decorator.py
[2022-10-15T23:57:21.516+0800] {processor.py:758} INFO - Processing file /opt/anaconda3/lib/python3.7/site-packages/airflow/example_dags/example_branch_operator_decorator.py for tasks to queue
[2022-10-15T23:57:21.517+0800] {logging_mixin.py:117} INFO - [2022-10-15T23:57:21.517+0800] {dagbag.py:525} INFO - Filling up the DagBag from /opt/anaconda3/lib/python3.7/site-packages/airflow/example_dags/example_branch_operator_decorator.py
[2022-10-15T23:57:21.548+0800] {processor.py:768} INFO - DAG(s) dict_keys(['example_branch_python_operator_decorator']) retrieved from /opt/anaconda3/lib/python3.7/site-packages/airflow/example_dags/example_branch_operator_decorator.py
[2022-10-15T23:57:21.591+0800] {logging_mixin.py:117} INFO - [2022-10-15T23:57:21.591+0800] {dag.py:2573} INFO - Sync 1 DAGs
[2022-10-15T23:57:21.624+0800] {logging_mixin.py:117} INFO - [2022-10-15T23:57:21.624+0800] {dag.py:3328} INFO - Setting next_dagrun for example_branch_python_operator_decorator to 2022-10-14T00:00:00+00:00, run_after=2022-10-15T00:00:00+00:00
[2022-10-15T23:57:21.650+0800] {processor.py:178} INFO - Processing /opt/anaconda3/lib/python3.7/site-packages/airflow/example_dags/example_branch_operator_decorator.py took 0.142 seconds
[2022-10-15T23:57:52.399+0800] {processor.py:156} INFO - Started process (PID=66652) to work on /opt/anaconda3/lib/python3.7/site-packages/airflow/example_dags/example_branch_operator_decorator.py
[2022-10-15T23:57:52.401+0800] {processor.py:758} INFO - Processing file /opt/anaconda3/lib/python3.7/site-packages/airflow/example_dags/example_branch_operator_decorator.py for tasks to queue
[2022-10-15T23:57:52.402+0800] {logging_mixin.py:117} INFO - [2022-10-15T23:57:52.402+0800] {dagbag.py:525} INFO - Filling up the DagBag from /opt/anaconda3/lib/python3.7/site-packages/airflow/example_dags/example_branch_operator_decorator.py
[2022-10-15T23:57:52.434+0800] {processor.py:768} INFO - DAG(s) dict_keys(['example_branch_python_operator_decorator']) retrieved from /opt/anaconda3/lib/python3.7/site-packages/airflow/example_dags/example_branch_operator_decorator.py
[2022-10-15T23:57:52.477+0800] {logging_mixin.py:117} INFO - [2022-10-15T23:57:52.476+0800] {dag.py:2573} INFO - Sync 1 DAGs
[2022-10-15T23:57:52.511+0800] {logging_mixin.py:117} INFO - [2022-10-15T23:57:52.510+0800] {dag.py:3328} INFO - Setting next_dagrun for example_branch_python_operator_decorator to 2022-10-14T00:00:00+00:00, run_after=2022-10-15T00:00:00+00:00
[2022-10-15T23:57:52.535+0800] {processor.py:178} INFO - Processing /opt/anaconda3/lib/python3.7/site-packages/airflow/example_dags/example_branch_operator_decorator.py took 0.142 seconds
[2022-10-15T23:58:25.725+0800] {processor.py:156} INFO - Started process (PID=66823) to work on /opt/anaconda3/lib/python3.7/site-packages/airflow/example_dags/example_branch_operator_decorator.py
[2022-10-15T23:58:25.728+0800] {processor.py:758} INFO - Processing file /opt/anaconda3/lib/python3.7/site-packages/airflow/example_dags/example_branch_operator_decorator.py for tasks to queue
[2022-10-15T23:58:25.729+0800] {logging_mixin.py:117} INFO - [2022-10-15T23:58:25.729+0800] {dagbag.py:525} INFO - Filling up the DagBag from /opt/anaconda3/lib/python3.7/site-packages/airflow/example_dags/example_branch_operator_decorator.py
[2022-10-15T23:58:25.786+0800] {processor.py:768} INFO - DAG(s) dict_keys(['example_branch_python_operator_decorator']) retrieved from /opt/anaconda3/lib/python3.7/site-packages/airflow/example_dags/example_branch_operator_decorator.py
[2022-10-15T23:58:25.848+0800] {logging_mixin.py:117} INFO - [2022-10-15T23:58:25.848+0800] {dag.py:2573} INFO - Sync 1 DAGs
[2022-10-15T23:58:25.898+0800] {logging_mixin.py:117} INFO - [2022-10-15T23:58:25.898+0800] {dag.py:3328} INFO - Setting next_dagrun for example_branch_python_operator_decorator to 2022-10-14T00:00:00+00:00, run_after=2022-10-15T00:00:00+00:00
[2022-10-15T23:58:25.927+0800] {processor.py:178} INFO - Processing /opt/anaconda3/lib/python3.7/site-packages/airflow/example_dags/example_branch_operator_decorator.py took 0.209 seconds
[2022-10-15T23:58:58.991+0800] {processor.py:156} INFO - Started process (PID=66942) to work on /opt/anaconda3/lib/python3.7/site-packages/airflow/example_dags/example_branch_operator_decorator.py
[2022-10-15T23:58:58.993+0800] {processor.py:758} INFO - Processing file /opt/anaconda3/lib/python3.7/site-packages/airflow/example_dags/example_branch_operator_decorator.py for tasks to queue
[2022-10-15T23:58:58.995+0800] {logging_mixin.py:117} INFO - [2022-10-15T23:58:58.994+0800] {dagbag.py:525} INFO - Filling up the DagBag from /opt/anaconda3/lib/python3.7/site-packages/airflow/example_dags/example_branch_operator_decorator.py
[2022-10-15T23:58:59.040+0800] {processor.py:768} INFO - DAG(s) dict_keys(['example_branch_python_operator_decorator']) retrieved from /opt/anaconda3/lib/python3.7/site-packages/airflow/example_dags/example_branch_operator_decorator.py
[2022-10-15T23:58:59.140+0800] {logging_mixin.py:117} INFO - [2022-10-15T23:58:59.139+0800] {dag.py:2573} INFO - Sync 1 DAGs
[2022-10-15T23:58:59.180+0800] {logging_mixin.py:117} INFO - [2022-10-15T23:58:59.180+0800] {dag.py:3328} INFO - Setting next_dagrun for example_branch_python_operator_decorator to 2022-10-14T00:00:00+00:00, run_after=2022-10-15T00:00:00+00:00
[2022-10-15T23:58:59.218+0800] {processor.py:178} INFO - Processing /opt/anaconda3/lib/python3.7/site-packages/airflow/example_dags/example_branch_operator_decorator.py took 0.233 seconds
[2022-10-15T23:59:31.485+0800] {processor.py:156} INFO - Started process (PID=67067) to work on /opt/anaconda3/lib/python3.7/site-packages/airflow/example_dags/example_branch_operator_decorator.py
[2022-10-15T23:59:31.487+0800] {processor.py:758} INFO - Processing file /opt/anaconda3/lib/python3.7/site-packages/airflow/example_dags/example_branch_operator_decorator.py for tasks to queue
[2022-10-15T23:59:31.489+0800] {logging_mixin.py:117} INFO - [2022-10-15T23:59:31.489+0800] {dagbag.py:525} INFO - Filling up the DagBag from /opt/anaconda3/lib/python3.7/site-packages/airflow/example_dags/example_branch_operator_decorator.py
[2022-10-15T23:59:31.537+0800] {processor.py:768} INFO - DAG(s) dict_keys(['example_branch_python_operator_decorator']) retrieved from /opt/anaconda3/lib/python3.7/site-packages/airflow/example_dags/example_branch_operator_decorator.py
[2022-10-15T23:59:31.607+0800] {logging_mixin.py:117} INFO - [2022-10-15T23:59:31.606+0800] {dag.py:2573} INFO - Sync 1 DAGs
[2022-10-15T23:59:31.644+0800] {logging_mixin.py:117} INFO - [2022-10-15T23:59:31.644+0800] {dag.py:3328} INFO - Setting next_dagrun for example_branch_python_operator_decorator to 2022-10-14T00:00:00+00:00, run_after=2022-10-15T00:00:00+00:00
[2022-10-15T23:59:31.669+0800] {processor.py:178} INFO - Processing /opt/anaconda3/lib/python3.7/site-packages/airflow/example_dags/example_branch_operator_decorator.py took 0.191 seconds
[2022-10-16T00:00:02.199+0800] {processor.py:156} INFO - Started process (PID=67219) to work on /opt/anaconda3/lib/python3.7/site-packages/airflow/example_dags/example_branch_operator_decorator.py
[2022-10-16T00:00:02.201+0800] {processor.py:758} INFO - Processing file /opt/anaconda3/lib/python3.7/site-packages/airflow/example_dags/example_branch_operator_decorator.py for tasks to queue
[2022-10-16T00:00:02.202+0800] {logging_mixin.py:117} INFO - [2022-10-16T00:00:02.202+0800] {dagbag.py:525} INFO - Filling up the DagBag from /opt/anaconda3/lib/python3.7/site-packages/airflow/example_dags/example_branch_operator_decorator.py
[2022-10-16T00:00:02.245+0800] {processor.py:768} INFO - DAG(s) dict_keys(['example_branch_python_operator_decorator']) retrieved from /opt/anaconda3/lib/python3.7/site-packages/airflow/example_dags/example_branch_operator_decorator.py
[2022-10-16T00:00:02.308+0800] {logging_mixin.py:117} INFO - [2022-10-16T00:00:02.308+0800] {dag.py:2573} INFO - Sync 1 DAGs
[2022-10-16T00:00:02.349+0800] {logging_mixin.py:117} INFO - [2022-10-16T00:00:02.348+0800] {dag.py:3328} INFO - Setting next_dagrun for example_branch_python_operator_decorator to 2022-10-14T00:00:00+00:00, run_after=2022-10-15T00:00:00+00:00
[2022-10-16T00:00:02.380+0800] {processor.py:178} INFO - Processing /opt/anaconda3/lib/python3.7/site-packages/airflow/example_dags/example_branch_operator_decorator.py took 0.188 seconds
[2022-10-16T00:00:33.270+0800] {processor.py:156} INFO - Started process (PID=67362) to work on /opt/anaconda3/lib/python3.7/site-packages/airflow/example_dags/example_branch_operator_decorator.py
[2022-10-16T00:00:33.272+0800] {processor.py:758} INFO - Processing file /opt/anaconda3/lib/python3.7/site-packages/airflow/example_dags/example_branch_operator_decorator.py for tasks to queue
[2022-10-16T00:00:33.274+0800] {logging_mixin.py:117} INFO - [2022-10-16T00:00:33.274+0800] {dagbag.py:525} INFO - Filling up the DagBag from /opt/anaconda3/lib/python3.7/site-packages/airflow/example_dags/example_branch_operator_decorator.py
[2022-10-16T00:00:33.323+0800] {processor.py:768} INFO - DAG(s) dict_keys(['example_branch_python_operator_decorator']) retrieved from /opt/anaconda3/lib/python3.7/site-packages/airflow/example_dags/example_branch_operator_decorator.py
[2022-10-16T00:00:33.407+0800] {logging_mixin.py:117} INFO - [2022-10-16T00:00:33.407+0800] {dag.py:2573} INFO - Sync 1 DAGs
[2022-10-16T00:00:33.448+0800] {logging_mixin.py:117} INFO - [2022-10-16T00:00:33.447+0800] {dag.py:3328} INFO - Setting next_dagrun for example_branch_python_operator_decorator to 2022-10-14T00:00:00+00:00, run_after=2022-10-15T00:00:00+00:00
[2022-10-16T00:00:33.481+0800] {processor.py:178} INFO - Processing /opt/anaconda3/lib/python3.7/site-packages/airflow/example_dags/example_branch_operator_decorator.py took 0.218 seconds
[2022-10-16T00:01:04.143+0800] {processor.py:156} INFO - Started process (PID=67509) to work on /opt/anaconda3/lib/python3.7/site-packages/airflow/example_dags/example_branch_operator_decorator.py
[2022-10-16T00:01:04.144+0800] {processor.py:758} INFO - Processing file /opt/anaconda3/lib/python3.7/site-packages/airflow/example_dags/example_branch_operator_decorator.py for tasks to queue
[2022-10-16T00:01:04.146+0800] {logging_mixin.py:117} INFO - [2022-10-16T00:01:04.145+0800] {dagbag.py:525} INFO - Filling up the DagBag from /opt/anaconda3/lib/python3.7/site-packages/airflow/example_dags/example_branch_operator_decorator.py
[2022-10-16T00:01:04.186+0800] {processor.py:768} INFO - DAG(s) dict_keys(['example_branch_python_operator_decorator']) retrieved from /opt/anaconda3/lib/python3.7/site-packages/airflow/example_dags/example_branch_operator_decorator.py
[2022-10-16T00:01:04.247+0800] {logging_mixin.py:117} INFO - [2022-10-16T00:01:04.246+0800] {dag.py:2573} INFO - Sync 1 DAGs
[2022-10-16T00:01:04.284+0800] {logging_mixin.py:117} INFO - [2022-10-16T00:01:04.283+0800] {dag.py:3328} INFO - Setting next_dagrun for example_branch_python_operator_decorator to 2022-10-14T00:00:00+00:00, run_after=2022-10-15T00:00:00+00:00
[2022-10-16T00:01:04.309+0800] {processor.py:178} INFO - Processing /opt/anaconda3/lib/python3.7/site-packages/airflow/example_dags/example_branch_operator_decorator.py took 0.172 seconds
[2022-10-16T00:01:35.009+0800] {processor.py:156} INFO - Started process (PID=67599) to work on /opt/anaconda3/lib/python3.7/site-packages/airflow/example_dags/example_branch_operator_decorator.py
[2022-10-16T00:01:35.011+0800] {processor.py:758} INFO - Processing file /opt/anaconda3/lib/python3.7/site-packages/airflow/example_dags/example_branch_operator_decorator.py for tasks to queue
[2022-10-16T00:01:35.013+0800] {logging_mixin.py:117} INFO - [2022-10-16T00:01:35.012+0800] {dagbag.py:525} INFO - Filling up the DagBag from /opt/anaconda3/lib/python3.7/site-packages/airflow/example_dags/example_branch_operator_decorator.py
[2022-10-16T00:01:35.057+0800] {processor.py:768} INFO - DAG(s) dict_keys(['example_branch_python_operator_decorator']) retrieved from /opt/anaconda3/lib/python3.7/site-packages/airflow/example_dags/example_branch_operator_decorator.py
[2022-10-16T00:01:35.123+0800] {logging_mixin.py:117} INFO - [2022-10-16T00:01:35.123+0800] {dag.py:2573} INFO - Sync 1 DAGs
[2022-10-16T00:01:35.161+0800] {logging_mixin.py:117} INFO - [2022-10-16T00:01:35.160+0800] {dag.py:3328} INFO - Setting next_dagrun for example_branch_python_operator_decorator to 2022-10-14T00:00:00+00:00, run_after=2022-10-15T00:00:00+00:00
[2022-10-16T00:01:35.187+0800] {processor.py:178} INFO - Processing /opt/anaconda3/lib/python3.7/site-packages/airflow/example_dags/example_branch_operator_decorator.py took 0.185 seconds
[2022-10-16T00:02:05.612+0800] {processor.py:156} INFO - Started process (PID=67703) to work on /opt/anaconda3/lib/python3.7/site-packages/airflow/example_dags/example_branch_operator_decorator.py
[2022-10-16T00:02:05.614+0800] {processor.py:758} INFO - Processing file /opt/anaconda3/lib/python3.7/site-packages/airflow/example_dags/example_branch_operator_decorator.py for tasks to queue
[2022-10-16T00:02:05.616+0800] {logging_mixin.py:117} INFO - [2022-10-16T00:02:05.615+0800] {dagbag.py:525} INFO - Filling up the DagBag from /opt/anaconda3/lib/python3.7/site-packages/airflow/example_dags/example_branch_operator_decorator.py
[2022-10-16T00:02:05.660+0800] {processor.py:768} INFO - DAG(s) dict_keys(['example_branch_python_operator_decorator']) retrieved from /opt/anaconda3/lib/python3.7/site-packages/airflow/example_dags/example_branch_operator_decorator.py
[2022-10-16T00:02:05.731+0800] {logging_mixin.py:117} INFO - [2022-10-16T00:02:05.730+0800] {dag.py:2573} INFO - Sync 1 DAGs
[2022-10-16T00:02:05.778+0800] {logging_mixin.py:117} INFO - [2022-10-16T00:02:05.777+0800] {dag.py:3328} INFO - Setting next_dagrun for example_branch_python_operator_decorator to 2022-10-14T00:00:00+00:00, run_after=2022-10-15T00:00:00+00:00
[2022-10-16T00:02:05.806+0800] {processor.py:178} INFO - Processing /opt/anaconda3/lib/python3.7/site-packages/airflow/example_dags/example_branch_operator_decorator.py took 0.201 seconds
