[2022-10-15T23:20:57.527+0800] {processor.py:156} INFO - Started process (PID=60072) to work on /opt/anaconda3/lib/python3.7/site-packages/airflow/example_dags/example_bash_operator.py
[2022-10-15T23:20:57.528+0800] {processor.py:758} INFO - Processing file /opt/anaconda3/lib/python3.7/site-packages/airflow/example_dags/example_bash_operator.py for tasks to queue
[2022-10-15T23:20:57.530+0800] {logging_mixin.py:117} INFO - [2022-10-15T23:20:57.529+0800] {dagbag.py:525} INFO - Filling up the DagBag from /opt/anaconda3/lib/python3.7/site-packages/airflow/example_dags/example_bash_operator.py
[2022-10-15T23:20:57.567+0800] {processor.py:768} INFO - DAG(s) dict_keys(['example_bash_operator']) retrieved from /opt/anaconda3/lib/python3.7/site-packages/airflow/example_dags/example_bash_operator.py
[2022-10-15T23:20:57.632+0800] {logging_mixin.py:117} INFO - [2022-10-15T23:20:57.631+0800] {dag.py:2573} INFO - Sync 1 DAGs
[2022-10-15T23:20:57.670+0800] {logging_mixin.py:117} INFO - [2022-10-15T23:20:57.670+0800] {dag.py:3328} INFO - Setting next_dagrun for example_bash_operator to 2022-10-14T00:00:00+00:00, run_after=2022-10-15T00:00:00+00:00
[2022-10-15T23:20:57.700+0800] {processor.py:178} INFO - Processing /opt/anaconda3/lib/python3.7/site-packages/airflow/example_dags/example_bash_operator.py took 0.178 seconds
[2022-10-15T23:21:48.116+0800] {processor.py:156} INFO - Started process (PID=60444) to work on /opt/anaconda3/lib/python3.7/site-packages/airflow/example_dags/example_bash_operator.py
[2022-10-15T23:21:48.119+0800] {processor.py:758} INFO - Processing file /opt/anaconda3/lib/python3.7/site-packages/airflow/example_dags/example_bash_operator.py for tasks to queue
[2022-10-15T23:21:48.120+0800] {logging_mixin.py:117} INFO - [2022-10-15T23:21:48.120+0800] {dagbag.py:525} INFO - Filling up the DagBag from /opt/anaconda3/lib/python3.7/site-packages/airflow/example_dags/example_bash_operator.py
[2022-10-15T23:21:48.157+0800] {processor.py:768} INFO - DAG(s) dict_keys(['example_bash_operator']) retrieved from /opt/anaconda3/lib/python3.7/site-packages/airflow/example_dags/example_bash_operator.py
[2022-10-15T23:21:48.224+0800] {logging_mixin.py:117} INFO - [2022-10-15T23:21:48.224+0800] {dag.py:2573} INFO - Sync 1 DAGs
[2022-10-15T23:21:48.263+0800] {logging_mixin.py:117} INFO - [2022-10-15T23:21:48.262+0800] {dag.py:3328} INFO - Setting next_dagrun for example_bash_operator to 2022-10-14T00:00:00+00:00, run_after=2022-10-15T00:00:00+00:00
[2022-10-15T23:21:48.294+0800] {processor.py:178} INFO - Processing /opt/anaconda3/lib/python3.7/site-packages/airflow/example_dags/example_bash_operator.py took 0.185 seconds
[2022-10-15T23:22:41.996+0800] {processor.py:156} INFO - Started process (PID=60563) to work on /opt/anaconda3/lib/python3.7/site-packages/airflow/example_dags/example_bash_operator.py
[2022-10-15T23:22:41.999+0800] {processor.py:758} INFO - Processing file /opt/anaconda3/lib/python3.7/site-packages/airflow/example_dags/example_bash_operator.py for tasks to queue
[2022-10-15T23:22:42.001+0800] {logging_mixin.py:117} INFO - [2022-10-15T23:22:42.001+0800] {dagbag.py:525} INFO - Filling up the DagBag from /opt/anaconda3/lib/python3.7/site-packages/airflow/example_dags/example_bash_operator.py
[2022-10-15T23:22:42.044+0800] {processor.py:768} INFO - DAG(s) dict_keys(['example_bash_operator']) retrieved from /opt/anaconda3/lib/python3.7/site-packages/airflow/example_dags/example_bash_operator.py
[2022-10-15T23:22:42.119+0800] {logging_mixin.py:117} INFO - [2022-10-15T23:22:42.119+0800] {dag.py:2573} INFO - Sync 1 DAGs
[2022-10-15T23:22:42.160+0800] {logging_mixin.py:117} INFO - [2022-10-15T23:22:42.160+0800] {dag.py:3328} INFO - Setting next_dagrun for example_bash_operator to 2022-10-14T00:00:00+00:00, run_after=2022-10-15T00:00:00+00:00
[2022-10-15T23:22:42.193+0800] {processor.py:178} INFO - Processing /opt/anaconda3/lib/python3.7/site-packages/airflow/example_dags/example_bash_operator.py took 0.202 seconds
