[2022-10-15T23:13:04.649+0800] {processor.py:156} INFO - Started process (PID=59370) to work on /opt/anaconda3/lib/python3.7/site-packages/airflow/example_dags/example_trigger_controller_dag.py
[2022-10-15T23:13:04.650+0800] {processor.py:758} INFO - Processing file /opt/anaconda3/lib/python3.7/site-packages/airflow/example_dags/example_trigger_controller_dag.py for tasks to queue
[2022-10-15T23:13:04.652+0800] {logging_mixin.py:117} INFO - [2022-10-15T23:13:04.651+0800] {dagbag.py:525} INFO - Filling up the DagBag from /opt/anaconda3/lib/python3.7/site-packages/airflow/example_dags/example_trigger_controller_dag.py
[2022-10-15T23:13:04.673+0800] {processor.py:768} INFO - DAG(s) dict_keys(['example_trigger_controller_dag']) retrieved from /opt/anaconda3/lib/python3.7/site-packages/airflow/example_dags/example_trigger_controller_dag.py
[2022-10-15T23:13:04.842+0800] {logging_mixin.py:117} INFO - [2022-10-15T23:13:04.842+0800] {manager.py:507} INFO - Created Permission View: can read on DAG:example_trigger_controller_dag
[2022-10-15T23:13:04.854+0800] {logging_mixin.py:117} INFO - [2022-10-15T23:13:04.854+0800] {manager.py:507} INFO - Created Permission View: can edit on DAG:example_trigger_controller_dag
[2022-10-15T23:13:04.864+0800] {logging_mixin.py:117} INFO - [2022-10-15T23:13:04.863+0800] {manager.py:507} INFO - Created Permission View: can delete on DAG:example_trigger_controller_dag
[2022-10-15T23:13:04.864+0800] {logging_mixin.py:117} INFO - [2022-10-15T23:13:04.864+0800] {dag.py:2573} INFO - Sync 1 DAGs
[2022-10-15T23:13:04.884+0800] {logging_mixin.py:117} INFO - [2022-10-15T23:13:04.884+0800] {dag.py:2594} INFO - Creating ORM DAG for example_trigger_controller_dag
[2022-10-15T23:13:04.901+0800] {logging_mixin.py:117} INFO - [2022-10-15T23:13:04.900+0800] {dag.py:3328} INFO - Setting next_dagrun for example_trigger_controller_dag to 2021-01-01T00:00:00+00:00, run_after=2021-01-01T00:00:00+00:00
[2022-10-15T23:13:04.927+0800] {processor.py:178} INFO - Processing /opt/anaconda3/lib/python3.7/site-packages/airflow/example_dags/example_trigger_controller_dag.py took 0.284 seconds
[2022-10-15T23:14:02.519+0800] {processor.py:156} INFO - Started process (PID=59493) to work on /opt/anaconda3/lib/python3.7/site-packages/airflow/example_dags/example_trigger_controller_dag.py
[2022-10-15T23:14:02.521+0800] {processor.py:758} INFO - Processing file /opt/anaconda3/lib/python3.7/site-packages/airflow/example_dags/example_trigger_controller_dag.py for tasks to queue
[2022-10-15T23:14:02.522+0800] {logging_mixin.py:117} INFO - [2022-10-15T23:14:02.522+0800] {dagbag.py:525} INFO - Filling up the DagBag from /opt/anaconda3/lib/python3.7/site-packages/airflow/example_dags/example_trigger_controller_dag.py
[2022-10-15T23:14:02.544+0800] {processor.py:768} INFO - DAG(s) dict_keys(['example_trigger_controller_dag']) retrieved from /opt/anaconda3/lib/python3.7/site-packages/airflow/example_dags/example_trigger_controller_dag.py
[2022-10-15T23:14:02.585+0800] {logging_mixin.py:117} INFO - [2022-10-15T23:14:02.585+0800] {dag.py:2573} INFO - Sync 1 DAGs
[2022-10-15T23:14:02.621+0800] {logging_mixin.py:117} INFO - [2022-10-15T23:14:02.620+0800] {dag.py:3328} INFO - Setting next_dagrun for example_trigger_controller_dag to 2021-01-01T00:00:00+00:00, run_after=2021-01-01T00:00:00+00:00
[2022-10-15T23:14:02.653+0800] {processor.py:178} INFO - Processing /opt/anaconda3/lib/python3.7/site-packages/airflow/example_dags/example_trigger_controller_dag.py took 0.138 seconds
[2022-10-15T23:15:05.860+0800] {processor.py:156} INFO - Started process (PID=59645) to work on /opt/anaconda3/lib/python3.7/site-packages/airflow/example_dags/example_trigger_controller_dag.py
[2022-10-15T23:15:05.862+0800] {processor.py:758} INFO - Processing file /opt/anaconda3/lib/python3.7/site-packages/airflow/example_dags/example_trigger_controller_dag.py for tasks to queue
[2022-10-15T23:15:05.865+0800] {logging_mixin.py:117} INFO - [2022-10-15T23:15:05.865+0800] {dagbag.py:525} INFO - Filling up the DagBag from /opt/anaconda3/lib/python3.7/site-packages/airflow/example_dags/example_trigger_controller_dag.py
[2022-10-15T23:15:05.901+0800] {processor.py:768} INFO - DAG(s) dict_keys(['example_trigger_controller_dag']) retrieved from /opt/anaconda3/lib/python3.7/site-packages/airflow/example_dags/example_trigger_controller_dag.py
[2022-10-15T23:15:06.018+0800] {logging_mixin.py:117} INFO - [2022-10-15T23:15:06.018+0800] {dag.py:2573} INFO - Sync 1 DAGs
[2022-10-15T23:15:06.145+0800] {logging_mixin.py:117} INFO - [2022-10-15T23:15:06.145+0800] {dag.py:3328} INFO - Setting next_dagrun for example_trigger_controller_dag to 2021-01-01T00:00:00+00:00, run_after=2021-01-01T00:00:00+00:00
[2022-10-15T23:15:06.189+0800] {processor.py:178} INFO - Processing /opt/anaconda3/lib/python3.7/site-packages/airflow/example_dags/example_trigger_controller_dag.py took 0.341 seconds
