[2022-10-15T23:13:04.128+0800] {processor.py:156} INFO - Started process (PID=59369) to work on /opt/anaconda3/lib/python3.7/site-packages/airflow/example_dags/example_trigger_target_dag.py
[2022-10-15T23:13:04.130+0800] {processor.py:758} INFO - Processing file /opt/anaconda3/lib/python3.7/site-packages/airflow/example_dags/example_trigger_target_dag.py for tasks to queue
[2022-10-15T23:13:04.131+0800] {logging_mixin.py:117} INFO - [2022-10-15T23:13:04.131+0800] {dagbag.py:525} INFO - Filling up the DagBag from /opt/anaconda3/lib/python3.7/site-packages/airflow/example_dags/example_trigger_target_dag.py
[2022-10-15T23:13:04.171+0800] {processor.py:768} INFO - DAG(s) dict_keys(['example_trigger_target_dag']) retrieved from /opt/anaconda3/lib/python3.7/site-packages/airflow/example_dags/example_trigger_target_dag.py
[2022-10-15T23:13:04.341+0800] {logging_mixin.py:117} INFO - [2022-10-15T23:13:04.340+0800] {manager.py:507} INFO - Created Permission View: can read on DAG:example_trigger_target_dag
[2022-10-15T23:13:04.352+0800] {logging_mixin.py:117} INFO - [2022-10-15T23:13:04.352+0800] {manager.py:507} INFO - Created Permission View: can edit on DAG:example_trigger_target_dag
[2022-10-15T23:13:04.363+0800] {logging_mixin.py:117} INFO - [2022-10-15T23:13:04.363+0800] {manager.py:507} INFO - Created Permission View: can delete on DAG:example_trigger_target_dag
[2022-10-15T23:13:04.364+0800] {logging_mixin.py:117} INFO - [2022-10-15T23:13:04.364+0800] {dag.py:2573} INFO - Sync 1 DAGs
[2022-10-15T23:13:04.383+0800] {logging_mixin.py:117} INFO - [2022-10-15T23:13:04.383+0800] {dag.py:2594} INFO - Creating ORM DAG for example_trigger_target_dag
[2022-10-15T23:13:04.399+0800] {logging_mixin.py:117} INFO - [2022-10-15T23:13:04.399+0800] {dag.py:3328} INFO - Setting next_dagrun for example_trigger_target_dag to None, run_after=None
[2022-10-15T23:13:04.426+0800] {processor.py:178} INFO - Processing /opt/anaconda3/lib/python3.7/site-packages/airflow/example_dags/example_trigger_target_dag.py took 0.303 seconds
[2022-10-15T23:14:01.186+0800] {processor.py:156} INFO - Started process (PID=59489) to work on /opt/anaconda3/lib/python3.7/site-packages/airflow/example_dags/example_trigger_target_dag.py
[2022-10-15T23:14:01.189+0800] {processor.py:758} INFO - Processing file /opt/anaconda3/lib/python3.7/site-packages/airflow/example_dags/example_trigger_target_dag.py for tasks to queue
[2022-10-15T23:14:01.191+0800] {logging_mixin.py:117} INFO - [2022-10-15T23:14:01.191+0800] {dagbag.py:525} INFO - Filling up the DagBag from /opt/anaconda3/lib/python3.7/site-packages/airflow/example_dags/example_trigger_target_dag.py
[2022-10-15T23:14:01.234+0800] {processor.py:768} INFO - DAG(s) dict_keys(['example_trigger_target_dag']) retrieved from /opt/anaconda3/lib/python3.7/site-packages/airflow/example_dags/example_trigger_target_dag.py
[2022-10-15T23:14:01.278+0800] {logging_mixin.py:117} INFO - [2022-10-15T23:14:01.277+0800] {dag.py:2573} INFO - Sync 1 DAGs
[2022-10-15T23:14:01.316+0800] {logging_mixin.py:117} INFO - [2022-10-15T23:14:01.315+0800] {dag.py:3328} INFO - Setting next_dagrun for example_trigger_target_dag to None, run_after=None
[2022-10-15T23:14:01.355+0800] {processor.py:178} INFO - Processing /opt/anaconda3/lib/python3.7/site-packages/airflow/example_dags/example_trigger_target_dag.py took 0.173 seconds
[2022-10-15T23:15:04.553+0800] {processor.py:156} INFO - Started process (PID=59642) to work on /opt/anaconda3/lib/python3.7/site-packages/airflow/example_dags/example_trigger_target_dag.py
[2022-10-15T23:15:04.555+0800] {processor.py:758} INFO - Processing file /opt/anaconda3/lib/python3.7/site-packages/airflow/example_dags/example_trigger_target_dag.py for tasks to queue
[2022-10-15T23:15:04.556+0800] {logging_mixin.py:117} INFO - [2022-10-15T23:15:04.556+0800] {dagbag.py:525} INFO - Filling up the DagBag from /opt/anaconda3/lib/python3.7/site-packages/airflow/example_dags/example_trigger_target_dag.py
[2022-10-15T23:15:04.592+0800] {processor.py:768} INFO - DAG(s) dict_keys(['example_trigger_target_dag']) retrieved from /opt/anaconda3/lib/python3.7/site-packages/airflow/example_dags/example_trigger_target_dag.py
[2022-10-15T23:15:04.630+0800] {logging_mixin.py:117} INFO - [2022-10-15T23:15:04.630+0800] {dag.py:2573} INFO - Sync 1 DAGs
[2022-10-15T23:15:04.664+0800] {logging_mixin.py:117} INFO - [2022-10-15T23:15:04.664+0800] {dag.py:3328} INFO - Setting next_dagrun for example_trigger_target_dag to None, run_after=None
[2022-10-15T23:15:04.694+0800] {processor.py:178} INFO - Processing /opt/anaconda3/lib/python3.7/site-packages/airflow/example_dags/example_trigger_target_dag.py took 0.146 seconds
[2022-10-15T23:20:25.143+0800] {processor.py:156} INFO - Started process (PID=60011) to work on /opt/anaconda3/lib/python3.7/site-packages/airflow/example_dags/example_trigger_target_dag.py
[2022-10-15T23:20:25.145+0800] {processor.py:758} INFO - Processing file /opt/anaconda3/lib/python3.7/site-packages/airflow/example_dags/example_trigger_target_dag.py for tasks to queue
[2022-10-15T23:20:25.147+0800] {logging_mixin.py:117} INFO - [2022-10-15T23:20:25.146+0800] {dagbag.py:525} INFO - Filling up the DagBag from /opt/anaconda3/lib/python3.7/site-packages/airflow/example_dags/example_trigger_target_dag.py
[2022-10-15T23:20:25.183+0800] {processor.py:768} INFO - DAG(s) dict_keys(['example_trigger_target_dag']) retrieved from /opt/anaconda3/lib/python3.7/site-packages/airflow/example_dags/example_trigger_target_dag.py
[2022-10-15T23:20:25.245+0800] {logging_mixin.py:117} INFO - [2022-10-15T23:20:25.244+0800] {dag.py:2573} INFO - Sync 1 DAGs
[2022-10-15T23:20:25.284+0800] {logging_mixin.py:117} INFO - [2022-10-15T23:20:25.283+0800] {dag.py:3328} INFO - Setting next_dagrun for example_trigger_target_dag to None, run_after=None
[2022-10-15T23:20:25.314+0800] {processor.py:178} INFO - Processing /opt/anaconda3/lib/python3.7/site-packages/airflow/example_dags/example_trigger_target_dag.py took 0.176 seconds
[2022-10-15T23:21:07.956+0800] {processor.py:156} INFO - Started process (PID=60123) to work on /opt/anaconda3/lib/python3.7/site-packages/airflow/example_dags/example_trigger_target_dag.py
[2022-10-15T23:21:07.960+0800] {processor.py:758} INFO - Processing file /opt/anaconda3/lib/python3.7/site-packages/airflow/example_dags/example_trigger_target_dag.py for tasks to queue
[2022-10-15T23:21:07.962+0800] {logging_mixin.py:117} INFO - [2022-10-15T23:21:07.961+0800] {dagbag.py:525} INFO - Filling up the DagBag from /opt/anaconda3/lib/python3.7/site-packages/airflow/example_dags/example_trigger_target_dag.py
[2022-10-15T23:21:08.014+0800] {processor.py:768} INFO - DAG(s) dict_keys(['example_trigger_target_dag']) retrieved from /opt/anaconda3/lib/python3.7/site-packages/airflow/example_dags/example_trigger_target_dag.py
[2022-10-15T23:21:08.108+0800] {logging_mixin.py:117} INFO - [2022-10-15T23:21:08.108+0800] {dag.py:2573} INFO - Sync 1 DAGs
[2022-10-15T23:21:08.158+0800] {logging_mixin.py:117} INFO - [2022-10-15T23:21:08.157+0800] {dag.py:3328} INFO - Setting next_dagrun for example_trigger_target_dag to None, run_after=None
[2022-10-15T23:21:08.204+0800] {processor.py:178} INFO - Processing /opt/anaconda3/lib/python3.7/site-packages/airflow/example_dags/example_trigger_target_dag.py took 0.262 seconds
[2022-10-15T23:21:48.617+0800] {processor.py:156} INFO - Started process (PID=60448) to work on /opt/anaconda3/lib/python3.7/site-packages/airflow/example_dags/example_trigger_target_dag.py
[2022-10-15T23:21:48.619+0800] {processor.py:758} INFO - Processing file /opt/anaconda3/lib/python3.7/site-packages/airflow/example_dags/example_trigger_target_dag.py for tasks to queue
[2022-10-15T23:21:48.620+0800] {logging_mixin.py:117} INFO - [2022-10-15T23:21:48.620+0800] {dagbag.py:525} INFO - Filling up the DagBag from /opt/anaconda3/lib/python3.7/site-packages/airflow/example_dags/example_trigger_target_dag.py
[2022-10-15T23:21:48.661+0800] {processor.py:768} INFO - DAG(s) dict_keys(['example_trigger_target_dag']) retrieved from /opt/anaconda3/lib/python3.7/site-packages/airflow/example_dags/example_trigger_target_dag.py
[2022-10-15T23:21:48.722+0800] {logging_mixin.py:117} INFO - [2022-10-15T23:21:48.722+0800] {dag.py:2573} INFO - Sync 1 DAGs
[2022-10-15T23:21:48.755+0800] {logging_mixin.py:117} INFO - [2022-10-15T23:21:48.755+0800] {dag.py:3328} INFO - Setting next_dagrun for example_trigger_target_dag to None, run_after=None
[2022-10-15T23:21:48.783+0800] {processor.py:178} INFO - Processing /opt/anaconda3/lib/python3.7/site-packages/airflow/example_dags/example_trigger_target_dag.py took 0.172 seconds
[2022-10-15T23:22:30.371+0800] {processor.py:156} INFO - Started process (PID=60546) to work on /opt/anaconda3/lib/python3.7/site-packages/airflow/example_dags/example_trigger_target_dag.py
[2022-10-15T23:22:30.373+0800] {processor.py:758} INFO - Processing file /opt/anaconda3/lib/python3.7/site-packages/airflow/example_dags/example_trigger_target_dag.py for tasks to queue
[2022-10-15T23:22:30.375+0800] {logging_mixin.py:117} INFO - [2022-10-15T23:22:30.374+0800] {dagbag.py:525} INFO - Filling up the DagBag from /opt/anaconda3/lib/python3.7/site-packages/airflow/example_dags/example_trigger_target_dag.py
[2022-10-15T23:22:30.415+0800] {processor.py:768} INFO - DAG(s) dict_keys(['example_trigger_target_dag']) retrieved from /opt/anaconda3/lib/python3.7/site-packages/airflow/example_dags/example_trigger_target_dag.py
[2022-10-15T23:22:30.472+0800] {logging_mixin.py:117} INFO - [2022-10-15T23:22:30.472+0800] {dag.py:2573} INFO - Sync 1 DAGs
[2022-10-15T23:22:30.504+0800] {logging_mixin.py:117} INFO - [2022-10-15T23:22:30.503+0800] {dag.py:3328} INFO - Setting next_dagrun for example_trigger_target_dag to None, run_after=None
[2022-10-15T23:22:30.532+0800] {processor.py:178} INFO - Processing /opt/anaconda3/lib/python3.7/site-packages/airflow/example_dags/example_trigger_target_dag.py took 0.167 seconds
[2022-10-15T23:27:13.137+0800] {processor.py:156} INFO - Started process (PID=60975) to work on /opt/anaconda3/lib/python3.7/site-packages/airflow/example_dags/example_trigger_target_dag.py
[2022-10-15T23:27:13.139+0800] {processor.py:758} INFO - Processing file /opt/anaconda3/lib/python3.7/site-packages/airflow/example_dags/example_trigger_target_dag.py for tasks to queue
[2022-10-15T23:27:13.141+0800] {logging_mixin.py:117} INFO - [2022-10-15T23:27:13.140+0800] {dagbag.py:525} INFO - Filling up the DagBag from /opt/anaconda3/lib/python3.7/site-packages/airflow/example_dags/example_trigger_target_dag.py
[2022-10-15T23:27:13.180+0800] {processor.py:768} INFO - DAG(s) dict_keys(['example_trigger_target_dag']) retrieved from /opt/anaconda3/lib/python3.7/site-packages/airflow/example_dags/example_trigger_target_dag.py
[2022-10-15T23:27:13.241+0800] {logging_mixin.py:117} INFO - [2022-10-15T23:27:13.241+0800] {dag.py:2573} INFO - Sync 1 DAGs
[2022-10-15T23:27:13.276+0800] {logging_mixin.py:117} INFO - [2022-10-15T23:27:13.275+0800] {dag.py:3328} INFO - Setting next_dagrun for example_trigger_target_dag to None, run_after=None
[2022-10-15T23:27:13.305+0800] {processor.py:178} INFO - Processing /opt/anaconda3/lib/python3.7/site-packages/airflow/example_dags/example_trigger_target_dag.py took 0.173 seconds
[2022-10-15T23:27:58.253+0800] {processor.py:156} INFO - Started process (PID=61050) to work on /opt/anaconda3/lib/python3.7/site-packages/airflow/example_dags/example_trigger_target_dag.py
[2022-10-15T23:27:58.256+0800] {processor.py:758} INFO - Processing file /opt/anaconda3/lib/python3.7/site-packages/airflow/example_dags/example_trigger_target_dag.py for tasks to queue
[2022-10-15T23:27:58.258+0800] {logging_mixin.py:117} INFO - [2022-10-15T23:27:58.257+0800] {dagbag.py:525} INFO - Filling up the DagBag from /opt/anaconda3/lib/python3.7/site-packages/airflow/example_dags/example_trigger_target_dag.py
[2022-10-15T23:27:58.297+0800] {processor.py:768} INFO - DAG(s) dict_keys(['example_trigger_target_dag']) retrieved from /opt/anaconda3/lib/python3.7/site-packages/airflow/example_dags/example_trigger_target_dag.py
[2022-10-15T23:27:58.351+0800] {logging_mixin.py:117} INFO - [2022-10-15T23:27:58.351+0800] {dag.py:2573} INFO - Sync 1 DAGs
[2022-10-15T23:27:58.383+0800] {logging_mixin.py:117} INFO - [2022-10-15T23:27:58.382+0800] {dag.py:3328} INFO - Setting next_dagrun for example_trigger_target_dag to None, run_after=None
[2022-10-15T23:27:58.412+0800] {processor.py:178} INFO - Processing /opt/anaconda3/lib/python3.7/site-packages/airflow/example_dags/example_trigger_target_dag.py took 0.164 seconds
[2022-10-15T23:28:46.338+0800] {processor.py:156} INFO - Started process (PID=61148) to work on /opt/anaconda3/lib/python3.7/site-packages/airflow/example_dags/example_trigger_target_dag.py
[2022-10-15T23:28:46.340+0800] {processor.py:758} INFO - Processing file /opt/anaconda3/lib/python3.7/site-packages/airflow/example_dags/example_trigger_target_dag.py for tasks to queue
[2022-10-15T23:28:46.341+0800] {logging_mixin.py:117} INFO - [2022-10-15T23:28:46.341+0800] {dagbag.py:525} INFO - Filling up the DagBag from /opt/anaconda3/lib/python3.7/site-packages/airflow/example_dags/example_trigger_target_dag.py
[2022-10-15T23:28:46.385+0800] {processor.py:768} INFO - DAG(s) dict_keys(['example_trigger_target_dag']) retrieved from /opt/anaconda3/lib/python3.7/site-packages/airflow/example_dags/example_trigger_target_dag.py
[2022-10-15T23:28:46.441+0800] {logging_mixin.py:117} INFO - [2022-10-15T23:28:46.440+0800] {dag.py:2573} INFO - Sync 1 DAGs
[2022-10-15T23:28:46.476+0800] {logging_mixin.py:117} INFO - [2022-10-15T23:28:46.475+0800] {dag.py:3328} INFO - Setting next_dagrun for example_trigger_target_dag to None, run_after=None
[2022-10-15T23:28:46.507+0800] {processor.py:178} INFO - Processing /opt/anaconda3/lib/python3.7/site-packages/airflow/example_dags/example_trigger_target_dag.py took 0.175 seconds
[2022-10-15T23:29:29.811+0800] {processor.py:156} INFO - Started process (PID=61257) to work on /opt/anaconda3/lib/python3.7/site-packages/airflow/example_dags/example_trigger_target_dag.py
[2022-10-15T23:29:29.814+0800] {processor.py:758} INFO - Processing file /opt/anaconda3/lib/python3.7/site-packages/airflow/example_dags/example_trigger_target_dag.py for tasks to queue
[2022-10-15T23:29:29.815+0800] {logging_mixin.py:117} INFO - [2022-10-15T23:29:29.815+0800] {dagbag.py:525} INFO - Filling up the DagBag from /opt/anaconda3/lib/python3.7/site-packages/airflow/example_dags/example_trigger_target_dag.py
[2022-10-15T23:29:29.856+0800] {processor.py:768} INFO - DAG(s) dict_keys(['example_trigger_target_dag']) retrieved from /opt/anaconda3/lib/python3.7/site-packages/airflow/example_dags/example_trigger_target_dag.py
[2022-10-15T23:29:29.910+0800] {logging_mixin.py:117} INFO - [2022-10-15T23:29:29.910+0800] {dag.py:2573} INFO - Sync 1 DAGs
[2022-10-15T23:29:29.942+0800] {logging_mixin.py:117} INFO - [2022-10-15T23:29:29.942+0800] {dag.py:3328} INFO - Setting next_dagrun for example_trigger_target_dag to None, run_after=None
[2022-10-15T23:29:29.971+0800] {processor.py:178} INFO - Processing /opt/anaconda3/lib/python3.7/site-packages/airflow/example_dags/example_trigger_target_dag.py took 0.166 seconds
[2022-10-15T23:30:08.103+0800] {processor.py:156} INFO - Started process (PID=61354) to work on /opt/anaconda3/lib/python3.7/site-packages/airflow/example_dags/example_trigger_target_dag.py
[2022-10-15T23:30:08.105+0800] {processor.py:758} INFO - Processing file /opt/anaconda3/lib/python3.7/site-packages/airflow/example_dags/example_trigger_target_dag.py for tasks to queue
[2022-10-15T23:30:08.107+0800] {logging_mixin.py:117} INFO - [2022-10-15T23:30:08.107+0800] {dagbag.py:525} INFO - Filling up the DagBag from /opt/anaconda3/lib/python3.7/site-packages/airflow/example_dags/example_trigger_target_dag.py
[2022-10-15T23:30:08.145+0800] {processor.py:768} INFO - DAG(s) dict_keys(['example_trigger_target_dag']) retrieved from /opt/anaconda3/lib/python3.7/site-packages/airflow/example_dags/example_trigger_target_dag.py
[2022-10-15T23:30:08.199+0800] {logging_mixin.py:117} INFO - [2022-10-15T23:30:08.199+0800] {dag.py:2573} INFO - Sync 1 DAGs
[2022-10-15T23:30:08.234+0800] {logging_mixin.py:117} INFO - [2022-10-15T23:30:08.233+0800] {dag.py:3328} INFO - Setting next_dagrun for example_trigger_target_dag to None, run_after=None
[2022-10-15T23:30:08.262+0800] {processor.py:178} INFO - Processing /opt/anaconda3/lib/python3.7/site-packages/airflow/example_dags/example_trigger_target_dag.py took 0.167 seconds
[2022-10-15T23:30:44.336+0800] {processor.py:156} INFO - Started process (PID=61494) to work on /opt/anaconda3/lib/python3.7/site-packages/airflow/example_dags/example_trigger_target_dag.py
[2022-10-15T23:30:44.338+0800] {processor.py:758} INFO - Processing file /opt/anaconda3/lib/python3.7/site-packages/airflow/example_dags/example_trigger_target_dag.py for tasks to queue
[2022-10-15T23:30:44.340+0800] {logging_mixin.py:117} INFO - [2022-10-15T23:30:44.339+0800] {dagbag.py:525} INFO - Filling up the DagBag from /opt/anaconda3/lib/python3.7/site-packages/airflow/example_dags/example_trigger_target_dag.py
[2022-10-15T23:30:44.382+0800] {processor.py:768} INFO - DAG(s) dict_keys(['example_trigger_target_dag']) retrieved from /opt/anaconda3/lib/python3.7/site-packages/airflow/example_dags/example_trigger_target_dag.py
[2022-10-15T23:30:44.437+0800] {logging_mixin.py:117} INFO - [2022-10-15T23:30:44.437+0800] {dag.py:2573} INFO - Sync 1 DAGs
[2022-10-15T23:30:44.470+0800] {logging_mixin.py:117} INFO - [2022-10-15T23:30:44.469+0800] {dag.py:3328} INFO - Setting next_dagrun for example_trigger_target_dag to None, run_after=None
[2022-10-15T23:30:44.497+0800] {processor.py:178} INFO - Processing /opt/anaconda3/lib/python3.7/site-packages/airflow/example_dags/example_trigger_target_dag.py took 0.167 seconds
[2022-10-15T23:33:52.178+0800] {processor.py:156} INFO - Started process (PID=61938) to work on /opt/anaconda3/lib/python3.7/site-packages/airflow/example_dags/example_trigger_target_dag.py
[2022-10-15T23:33:52.187+0800] {processor.py:758} INFO - Processing file /opt/anaconda3/lib/python3.7/site-packages/airflow/example_dags/example_trigger_target_dag.py for tasks to queue
[2022-10-15T23:33:52.189+0800] {logging_mixin.py:117} INFO - [2022-10-15T23:33:52.188+0800] {dagbag.py:525} INFO - Filling up the DagBag from /opt/anaconda3/lib/python3.7/site-packages/airflow/example_dags/example_trigger_target_dag.py
[2022-10-15T23:33:52.234+0800] {processor.py:768} INFO - DAG(s) dict_keys(['example_trigger_target_dag']) retrieved from /opt/anaconda3/lib/python3.7/site-packages/airflow/example_dags/example_trigger_target_dag.py
[2022-10-15T23:33:52.281+0800] {logging_mixin.py:117} INFO - [2022-10-15T23:33:52.281+0800] {dag.py:2573} INFO - Sync 1 DAGs
[2022-10-15T23:33:52.332+0800] {logging_mixin.py:117} INFO - [2022-10-15T23:33:52.331+0800] {dag.py:3328} INFO - Setting next_dagrun for example_trigger_target_dag to None, run_after=None
[2022-10-15T23:33:52.361+0800] {processor.py:178} INFO - Processing /opt/anaconda3/lib/python3.7/site-packages/airflow/example_dags/example_trigger_target_dag.py took 0.189 seconds
[2022-10-15T23:34:38.831+0800] {processor.py:156} INFO - Started process (PID=62014) to work on /opt/anaconda3/lib/python3.7/site-packages/airflow/example_dags/example_trigger_target_dag.py
[2022-10-15T23:34:38.832+0800] {processor.py:758} INFO - Processing file /opt/anaconda3/lib/python3.7/site-packages/airflow/example_dags/example_trigger_target_dag.py for tasks to queue
[2022-10-15T23:34:38.834+0800] {logging_mixin.py:117} INFO - [2022-10-15T23:34:38.833+0800] {dagbag.py:525} INFO - Filling up the DagBag from /opt/anaconda3/lib/python3.7/site-packages/airflow/example_dags/example_trigger_target_dag.py
[2022-10-15T23:34:38.870+0800] {processor.py:768} INFO - DAG(s) dict_keys(['example_trigger_target_dag']) retrieved from /opt/anaconda3/lib/python3.7/site-packages/airflow/example_dags/example_trigger_target_dag.py
[2022-10-15T23:34:38.924+0800] {logging_mixin.py:117} INFO - [2022-10-15T23:34:38.924+0800] {dag.py:2573} INFO - Sync 1 DAGs
[2022-10-15T23:34:38.956+0800] {logging_mixin.py:117} INFO - [2022-10-15T23:34:38.955+0800] {dag.py:3328} INFO - Setting next_dagrun for example_trigger_target_dag to None, run_after=None
[2022-10-15T23:34:38.983+0800] {processor.py:178} INFO - Processing /opt/anaconda3/lib/python3.7/site-packages/airflow/example_dags/example_trigger_target_dag.py took 0.158 seconds
[2022-10-15T23:35:16.167+0800] {processor.py:156} INFO - Started process (PID=62154) to work on /opt/anaconda3/lib/python3.7/site-packages/airflow/example_dags/example_trigger_target_dag.py
[2022-10-15T23:35:16.169+0800] {processor.py:758} INFO - Processing file /opt/anaconda3/lib/python3.7/site-packages/airflow/example_dags/example_trigger_target_dag.py for tasks to queue
[2022-10-15T23:35:16.171+0800] {logging_mixin.py:117} INFO - [2022-10-15T23:35:16.170+0800] {dagbag.py:525} INFO - Filling up the DagBag from /opt/anaconda3/lib/python3.7/site-packages/airflow/example_dags/example_trigger_target_dag.py
[2022-10-15T23:35:16.215+0800] {processor.py:768} INFO - DAG(s) dict_keys(['example_trigger_target_dag']) retrieved from /opt/anaconda3/lib/python3.7/site-packages/airflow/example_dags/example_trigger_target_dag.py
[2022-10-15T23:35:16.271+0800] {logging_mixin.py:117} INFO - [2022-10-15T23:35:16.270+0800] {dag.py:2573} INFO - Sync 1 DAGs
[2022-10-15T23:35:16.303+0800] {logging_mixin.py:117} INFO - [2022-10-15T23:35:16.303+0800] {dag.py:3328} INFO - Setting next_dagrun for example_trigger_target_dag to None, run_after=None
[2022-10-15T23:35:16.331+0800] {processor.py:178} INFO - Processing /opt/anaconda3/lib/python3.7/site-packages/airflow/example_dags/example_trigger_target_dag.py took 0.169 seconds
[2022-10-15T23:35:54.189+0800] {processor.py:156} INFO - Started process (PID=62270) to work on /opt/anaconda3/lib/python3.7/site-packages/airflow/example_dags/example_trigger_target_dag.py
[2022-10-15T23:35:54.191+0800] {processor.py:758} INFO - Processing file /opt/anaconda3/lib/python3.7/site-packages/airflow/example_dags/example_trigger_target_dag.py for tasks to queue
[2022-10-15T23:35:54.193+0800] {logging_mixin.py:117} INFO - [2022-10-15T23:35:54.192+0800] {dagbag.py:525} INFO - Filling up the DagBag from /opt/anaconda3/lib/python3.7/site-packages/airflow/example_dags/example_trigger_target_dag.py
[2022-10-15T23:35:54.233+0800] {processor.py:768} INFO - DAG(s) dict_keys(['example_trigger_target_dag']) retrieved from /opt/anaconda3/lib/python3.7/site-packages/airflow/example_dags/example_trigger_target_dag.py
[2022-10-15T23:35:54.289+0800] {logging_mixin.py:117} INFO - [2022-10-15T23:35:54.288+0800] {dag.py:2573} INFO - Sync 1 DAGs
[2022-10-15T23:35:54.323+0800] {logging_mixin.py:117} INFO - [2022-10-15T23:35:54.322+0800] {dag.py:3328} INFO - Setting next_dagrun for example_trigger_target_dag to None, run_after=None
[2022-10-15T23:35:54.351+0800] {processor.py:178} INFO - Processing /opt/anaconda3/lib/python3.7/site-packages/airflow/example_dags/example_trigger_target_dag.py took 0.169 seconds
[2022-10-15T23:36:32.748+0800] {processor.py:156} INFO - Started process (PID=62439) to work on /opt/anaconda3/lib/python3.7/site-packages/airflow/example_dags/example_trigger_target_dag.py
[2022-10-15T23:36:32.751+0800] {processor.py:758} INFO - Processing file /opt/anaconda3/lib/python3.7/site-packages/airflow/example_dags/example_trigger_target_dag.py for tasks to queue
[2022-10-15T23:36:32.753+0800] {logging_mixin.py:117} INFO - [2022-10-15T23:36:32.752+0800] {dagbag.py:525} INFO - Filling up the DagBag from /opt/anaconda3/lib/python3.7/site-packages/airflow/example_dags/example_trigger_target_dag.py
[2022-10-15T23:36:32.791+0800] {processor.py:768} INFO - DAG(s) dict_keys(['example_trigger_target_dag']) retrieved from /opt/anaconda3/lib/python3.7/site-packages/airflow/example_dags/example_trigger_target_dag.py
[2022-10-15T23:36:32.844+0800] {logging_mixin.py:117} INFO - [2022-10-15T23:36:32.844+0800] {dag.py:2573} INFO - Sync 1 DAGs
[2022-10-15T23:36:32.876+0800] {logging_mixin.py:117} INFO - [2022-10-15T23:36:32.875+0800] {dag.py:3328} INFO - Setting next_dagrun for example_trigger_target_dag to None, run_after=None
[2022-10-15T23:36:32.905+0800] {processor.py:178} INFO - Processing /opt/anaconda3/lib/python3.7/site-packages/airflow/example_dags/example_trigger_target_dag.py took 0.162 seconds
[2022-10-15T23:37:07.981+0800] {processor.py:156} INFO - Started process (PID=62516) to work on /opt/anaconda3/lib/python3.7/site-packages/airflow/example_dags/example_trigger_target_dag.py
[2022-10-15T23:37:07.984+0800] {processor.py:758} INFO - Processing file /opt/anaconda3/lib/python3.7/site-packages/airflow/example_dags/example_trigger_target_dag.py for tasks to queue
[2022-10-15T23:37:07.986+0800] {logging_mixin.py:117} INFO - [2022-10-15T23:37:07.986+0800] {dagbag.py:525} INFO - Filling up the DagBag from /opt/anaconda3/lib/python3.7/site-packages/airflow/example_dags/example_trigger_target_dag.py
[2022-10-15T23:37:08.026+0800] {processor.py:768} INFO - DAG(s) dict_keys(['example_trigger_target_dag']) retrieved from /opt/anaconda3/lib/python3.7/site-packages/airflow/example_dags/example_trigger_target_dag.py
[2022-10-15T23:37:08.081+0800] {logging_mixin.py:117} INFO - [2022-10-15T23:37:08.080+0800] {dag.py:2573} INFO - Sync 1 DAGs
[2022-10-15T23:37:08.114+0800] {logging_mixin.py:117} INFO - [2022-10-15T23:37:08.113+0800] {dag.py:3328} INFO - Setting next_dagrun for example_trigger_target_dag to None, run_after=None
[2022-10-15T23:37:08.141+0800] {processor.py:178} INFO - Processing /opt/anaconda3/lib/python3.7/site-packages/airflow/example_dags/example_trigger_target_dag.py took 0.165 seconds
