[2022-10-15T23:20:40.784+0800] {processor.py:156} INFO - Started process (PID=60039) to work on /opt/anaconda3/lib/python3.7/site-packages/airflow/example_dags/example_latest_only_with_trigger.py
[2022-10-15T23:20:40.786+0800] {processor.py:758} INFO - Processing file /opt/anaconda3/lib/python3.7/site-packages/airflow/example_dags/example_latest_only_with_trigger.py for tasks to queue
[2022-10-15T23:20:40.789+0800] {logging_mixin.py:117} INFO - [2022-10-15T23:20:40.789+0800] {dagbag.py:525} INFO - Filling up the DagBag from /opt/anaconda3/lib/python3.7/site-packages/airflow/example_dags/example_latest_only_with_trigger.py
[2022-10-15T23:20:40.815+0800] {processor.py:768} INFO - DAG(s) dict_keys(['latest_only_with_trigger']) retrieved from /opt/anaconda3/lib/python3.7/site-packages/airflow/example_dags/example_latest_only_with_trigger.py
[2022-10-15T23:20:40.876+0800] {logging_mixin.py:117} INFO - [2022-10-15T23:20:40.876+0800] {dag.py:2573} INFO - Sync 1 DAGs
[2022-10-15T23:20:40.915+0800] {logging_mixin.py:117} INFO - [2022-10-15T23:20:40.914+0800] {dag.py:3328} INFO - Setting next_dagrun for latest_only_with_trigger to 2022-10-15T11:20:40.914025+00:00, run_after=2022-10-15T15:20:40.914025+00:00
[2022-10-15T23:20:40.949+0800] {processor.py:178} INFO - Processing /opt/anaconda3/lib/python3.7/site-packages/airflow/example_dags/example_latest_only_with_trigger.py took 0.169 seconds
[2022-10-15T23:21:23.700+0800] {processor.py:156} INFO - Started process (PID=60240) to work on /opt/anaconda3/lib/python3.7/site-packages/airflow/example_dags/example_latest_only_with_trigger.py
[2022-10-15T23:21:23.702+0800] {processor.py:758} INFO - Processing file /opt/anaconda3/lib/python3.7/site-packages/airflow/example_dags/example_latest_only_with_trigger.py for tasks to queue
[2022-10-15T23:21:23.703+0800] {logging_mixin.py:117} INFO - [2022-10-15T23:21:23.703+0800] {dagbag.py:525} INFO - Filling up the DagBag from /opt/anaconda3/lib/python3.7/site-packages/airflow/example_dags/example_latest_only_with_trigger.py
[2022-10-15T23:21:23.737+0800] {processor.py:768} INFO - DAG(s) dict_keys(['latest_only_with_trigger']) retrieved from /opt/anaconda3/lib/python3.7/site-packages/airflow/example_dags/example_latest_only_with_trigger.py
[2022-10-15T23:21:23.802+0800] {logging_mixin.py:117} INFO - [2022-10-15T23:21:23.801+0800] {dag.py:2573} INFO - Sync 1 DAGs
[2022-10-15T23:21:23.842+0800] {logging_mixin.py:117} INFO - [2022-10-15T23:21:23.842+0800] {dag.py:3328} INFO - Setting next_dagrun for latest_only_with_trigger to 2022-10-15T11:21:23.841752+00:00, run_after=2022-10-15T15:21:23.841752+00:00
[2022-10-15T23:21:23.871+0800] {processor.py:178} INFO - Processing /opt/anaconda3/lib/python3.7/site-packages/airflow/example_dags/example_latest_only_with_trigger.py took 0.177 seconds
[2022-10-15T23:22:05.849+0800] {processor.py:156} INFO - Started process (PID=60497) to work on /opt/anaconda3/lib/python3.7/site-packages/airflow/example_dags/example_latest_only_with_trigger.py
[2022-10-15T23:22:05.851+0800] {processor.py:758} INFO - Processing file /opt/anaconda3/lib/python3.7/site-packages/airflow/example_dags/example_latest_only_with_trigger.py for tasks to queue
[2022-10-15T23:22:05.852+0800] {logging_mixin.py:117} INFO - [2022-10-15T23:22:05.852+0800] {dagbag.py:525} INFO - Filling up the DagBag from /opt/anaconda3/lib/python3.7/site-packages/airflow/example_dags/example_latest_only_with_trigger.py
[2022-10-15T23:22:05.881+0800] {processor.py:768} INFO - DAG(s) dict_keys(['latest_only_with_trigger']) retrieved from /opt/anaconda3/lib/python3.7/site-packages/airflow/example_dags/example_latest_only_with_trigger.py
[2022-10-15T23:22:05.945+0800] {logging_mixin.py:117} INFO - [2022-10-15T23:22:05.944+0800] {dag.py:2573} INFO - Sync 1 DAGs
[2022-10-15T23:22:06.007+0800] {logging_mixin.py:117} INFO - [2022-10-15T23:22:06.004+0800] {dag.py:3328} INFO - Setting next_dagrun for latest_only_with_trigger to 2022-10-15T11:22:06.004472+00:00, run_after=2022-10-15T15:22:06.004472+00:00
[2022-10-15T23:22:06.059+0800] {processor.py:178} INFO - Processing /opt/anaconda3/lib/python3.7/site-packages/airflow/example_dags/example_latest_only_with_trigger.py took 0.217 seconds
