[2022-10-15T23:20:44.565+0800] {processor.py:156} INFO - Started process (PID=60042) to work on /opt/anaconda3/lib/python3.7/site-packages/airflow/example_dags/example_external_task_marker_dag.py
[2022-10-15T23:20:44.567+0800] {processor.py:758} INFO - Processing file /opt/anaconda3/lib/python3.7/site-packages/airflow/example_dags/example_external_task_marker_dag.py for tasks to queue
[2022-10-15T23:20:44.568+0800] {logging_mixin.py:117} INFO - [2022-10-15T23:20:44.568+0800] {dagbag.py:525} INFO - Filling up the DagBag from /opt/anaconda3/lib/python3.7/site-packages/airflow/example_dags/example_external_task_marker_dag.py
[2022-10-15T23:20:44.594+0800] {processor.py:768} INFO - DAG(s) dict_keys(['example_external_task_marker_parent', 'example_external_task_marker_child']) retrieved from /opt/anaconda3/lib/python3.7/site-packages/airflow/example_dags/example_external_task_marker_dag.py
[2022-10-15T23:20:44.929+0800] {logging_mixin.py:117} INFO - [2022-10-15T23:20:44.928+0800] {dag.py:2573} INFO - Sync 2 DAGs
[2022-10-15T23:20:44.963+0800] {logging_mixin.py:117} INFO - [2022-10-15T23:20:44.963+0800] {dag.py:3328} INFO - Setting next_dagrun for example_external_task_marker_child to None, run_after=None
[2022-10-15T23:20:44.967+0800] {logging_mixin.py:117} INFO - [2022-10-15T23:20:44.967+0800] {dag.py:3328} INFO - Setting next_dagrun for example_external_task_marker_parent to None, run_after=None
[2022-10-15T23:20:44.996+0800] {processor.py:178} INFO - Processing /opt/anaconda3/lib/python3.7/site-packages/airflow/example_dags/example_external_task_marker_dag.py took 0.436 seconds
[2022-10-15T23:21:27.185+0800] {processor.py:156} INFO - Started process (PID=60357) to work on /opt/anaconda3/lib/python3.7/site-packages/airflow/example_dags/example_external_task_marker_dag.py
[2022-10-15T23:21:27.187+0800] {processor.py:758} INFO - Processing file /opt/anaconda3/lib/python3.7/site-packages/airflow/example_dags/example_external_task_marker_dag.py for tasks to queue
[2022-10-15T23:21:27.190+0800] {logging_mixin.py:117} INFO - [2022-10-15T23:21:27.189+0800] {dagbag.py:525} INFO - Filling up the DagBag from /opt/anaconda3/lib/python3.7/site-packages/airflow/example_dags/example_external_task_marker_dag.py
[2022-10-15T23:21:27.226+0800] {processor.py:768} INFO - DAG(s) dict_keys(['example_external_task_marker_parent', 'example_external_task_marker_child']) retrieved from /opt/anaconda3/lib/python3.7/site-packages/airflow/example_dags/example_external_task_marker_dag.py
[2022-10-15T23:21:27.605+0800] {logging_mixin.py:117} INFO - [2022-10-15T23:21:27.605+0800] {dag.py:2573} INFO - Sync 2 DAGs
[2022-10-15T23:21:27.648+0800] {logging_mixin.py:117} INFO - [2022-10-15T23:21:27.647+0800] {dag.py:3328} INFO - Setting next_dagrun for example_external_task_marker_child to None, run_after=None
[2022-10-15T23:21:27.653+0800] {logging_mixin.py:117} INFO - [2022-10-15T23:21:27.652+0800] {dag.py:3328} INFO - Setting next_dagrun for example_external_task_marker_parent to None, run_after=None
[2022-10-15T23:21:27.678+0800] {processor.py:178} INFO - Processing /opt/anaconda3/lib/python3.7/site-packages/airflow/example_dags/example_external_task_marker_dag.py took 0.502 seconds
[2022-10-15T23:22:09.852+0800] {processor.py:156} INFO - Started process (PID=60509) to work on /opt/anaconda3/lib/python3.7/site-packages/airflow/example_dags/example_external_task_marker_dag.py
[2022-10-15T23:22:09.855+0800] {processor.py:758} INFO - Processing file /opt/anaconda3/lib/python3.7/site-packages/airflow/example_dags/example_external_task_marker_dag.py for tasks to queue
[2022-10-15T23:22:09.856+0800] {logging_mixin.py:117} INFO - [2022-10-15T23:22:09.856+0800] {dagbag.py:525} INFO - Filling up the DagBag from /opt/anaconda3/lib/python3.7/site-packages/airflow/example_dags/example_external_task_marker_dag.py
[2022-10-15T23:22:09.886+0800] {processor.py:768} INFO - DAG(s) dict_keys(['example_external_task_marker_parent', 'example_external_task_marker_child']) retrieved from /opt/anaconda3/lib/python3.7/site-packages/airflow/example_dags/example_external_task_marker_dag.py
[2022-10-15T23:22:10.393+0800] {logging_mixin.py:117} INFO - [2022-10-15T23:22:10.392+0800] {dag.py:2573} INFO - Sync 2 DAGs
[2022-10-15T23:22:10.426+0800] {logging_mixin.py:117} INFO - [2022-10-15T23:22:10.426+0800] {dag.py:3328} INFO - Setting next_dagrun for example_external_task_marker_child to None, run_after=None
[2022-10-15T23:22:10.431+0800] {logging_mixin.py:117} INFO - [2022-10-15T23:22:10.431+0800] {dag.py:3328} INFO - Setting next_dagrun for example_external_task_marker_parent to None, run_after=None
[2022-10-15T23:22:10.461+0800] {processor.py:178} INFO - Processing /opt/anaconda3/lib/python3.7/site-packages/airflow/example_dags/example_external_task_marker_dag.py took 0.619 seconds
