[2022-10-15T23:13:15.698+0800] {processor.py:156} INFO - Started process (PID=59386) to work on /opt/anaconda3/lib/python3.7/site-packages/airflow/example_dags/example_short_circuit_decorator.py
[2022-10-15T23:13:15.700+0800] {processor.py:758} INFO - Processing file /opt/anaconda3/lib/python3.7/site-packages/airflow/example_dags/example_short_circuit_decorator.py for tasks to queue
[2022-10-15T23:13:15.701+0800] {logging_mixin.py:117} INFO - [2022-10-15T23:13:15.701+0800] {dagbag.py:525} INFO - Filling up the DagBag from /opt/anaconda3/lib/python3.7/site-packages/airflow/example_dags/example_short_circuit_decorator.py
[2022-10-15T23:13:15.743+0800] {processor.py:768} INFO - DAG(s) dict_keys(['example_short_circuit_decorator']) retrieved from /opt/anaconda3/lib/python3.7/site-packages/airflow/example_dags/example_short_circuit_decorator.py
[2022-10-15T23:13:15.941+0800] {logging_mixin.py:117} INFO - [2022-10-15T23:13:15.941+0800] {manager.py:507} INFO - Created Permission View: can read on DAG:example_short_circuit_decorator
[2022-10-15T23:13:15.954+0800] {logging_mixin.py:117} INFO - [2022-10-15T23:13:15.954+0800] {manager.py:507} INFO - Created Permission View: can edit on DAG:example_short_circuit_decorator
[2022-10-15T23:13:15.965+0800] {logging_mixin.py:117} INFO - [2022-10-15T23:13:15.965+0800] {manager.py:507} INFO - Created Permission View: can delete on DAG:example_short_circuit_decorator
[2022-10-15T23:13:15.966+0800] {logging_mixin.py:117} INFO - [2022-10-15T23:13:15.965+0800] {dag.py:2573} INFO - Sync 1 DAGs
[2022-10-15T23:13:15.985+0800] {logging_mixin.py:117} INFO - [2022-10-15T23:13:15.985+0800] {dag.py:2594} INFO - Creating ORM DAG for example_short_circuit_decorator
[2022-10-15T23:13:16.001+0800] {logging_mixin.py:117} INFO - [2022-10-15T23:13:16.001+0800] {dag.py:3328} INFO - Setting next_dagrun for example_short_circuit_decorator to 2022-10-14T15:13:16.000753+00:00, run_after=2022-10-15T15:13:16.000753+00:00
[2022-10-15T23:13:16.029+0800] {processor.py:178} INFO - Processing /opt/anaconda3/lib/python3.7/site-packages/airflow/example_dags/example_short_circuit_decorator.py took 0.337 seconds
[2022-10-15T23:14:12.627+0800] {processor.py:156} INFO - Started process (PID=59518) to work on /opt/anaconda3/lib/python3.7/site-packages/airflow/example_dags/example_short_circuit_decorator.py
[2022-10-15T23:14:12.629+0800] {processor.py:758} INFO - Processing file /opt/anaconda3/lib/python3.7/site-packages/airflow/example_dags/example_short_circuit_decorator.py for tasks to queue
[2022-10-15T23:14:12.630+0800] {logging_mixin.py:117} INFO - [2022-10-15T23:14:12.630+0800] {dagbag.py:525} INFO - Filling up the DagBag from /opt/anaconda3/lib/python3.7/site-packages/airflow/example_dags/example_short_circuit_decorator.py
[2022-10-15T23:14:12.685+0800] {processor.py:768} INFO - DAG(s) dict_keys(['example_short_circuit_decorator']) retrieved from /opt/anaconda3/lib/python3.7/site-packages/airflow/example_dags/example_short_circuit_decorator.py
[2022-10-15T23:14:12.764+0800] {logging_mixin.py:117} INFO - [2022-10-15T23:14:12.763+0800] {dag.py:2573} INFO - Sync 1 DAGs
[2022-10-15T23:14:12.809+0800] {logging_mixin.py:117} INFO - [2022-10-15T23:14:12.809+0800] {dag.py:3328} INFO - Setting next_dagrun for example_short_circuit_decorator to 2022-10-14T15:14:12.808723+00:00, run_after=2022-10-15T15:14:12.808723+00:00
[2022-10-15T23:14:12.865+0800] {processor.py:178} INFO - Processing /opt/anaconda3/lib/python3.7/site-packages/airflow/example_dags/example_short_circuit_decorator.py took 0.243 seconds
[2022-10-15T23:20:35.410+0800] {processor.py:156} INFO - Started process (PID=60033) to work on /opt/anaconda3/lib/python3.7/site-packages/airflow/example_dags/example_short_circuit_decorator.py
[2022-10-15T23:20:35.413+0800] {processor.py:758} INFO - Processing file /opt/anaconda3/lib/python3.7/site-packages/airflow/example_dags/example_short_circuit_decorator.py for tasks to queue
[2022-10-15T23:20:35.414+0800] {logging_mixin.py:117} INFO - [2022-10-15T23:20:35.414+0800] {dagbag.py:525} INFO - Filling up the DagBag from /opt/anaconda3/lib/python3.7/site-packages/airflow/example_dags/example_short_circuit_decorator.py
[2022-10-15T23:20:35.453+0800] {processor.py:768} INFO - DAG(s) dict_keys(['example_short_circuit_decorator']) retrieved from /opt/anaconda3/lib/python3.7/site-packages/airflow/example_dags/example_short_circuit_decorator.py
[2022-10-15T23:20:35.509+0800] {logging_mixin.py:117} INFO - [2022-10-15T23:20:35.509+0800] {dag.py:2573} INFO - Sync 1 DAGs
[2022-10-15T23:20:35.540+0800] {logging_mixin.py:117} INFO - [2022-10-15T23:20:35.539+0800] {dag.py:3328} INFO - Setting next_dagrun for example_short_circuit_decorator to 2022-10-14T15:20:35.539553+00:00, run_after=2022-10-15T15:20:35.539553+00:00
[2022-10-15T23:20:35.568+0800] {processor.py:178} INFO - Processing /opt/anaconda3/lib/python3.7/site-packages/airflow/example_dags/example_short_circuit_decorator.py took 0.163 seconds
[2022-10-15T23:21:17.184+0800] {processor.py:156} INFO - Started process (PID=60170) to work on /opt/anaconda3/lib/python3.7/site-packages/airflow/example_dags/example_short_circuit_decorator.py
[2022-10-15T23:21:17.186+0800] {processor.py:758} INFO - Processing file /opt/anaconda3/lib/python3.7/site-packages/airflow/example_dags/example_short_circuit_decorator.py for tasks to queue
[2022-10-15T23:21:17.188+0800] {logging_mixin.py:117} INFO - [2022-10-15T23:21:17.188+0800] {dagbag.py:525} INFO - Filling up the DagBag from /opt/anaconda3/lib/python3.7/site-packages/airflow/example_dags/example_short_circuit_decorator.py
[2022-10-15T23:21:17.230+0800] {processor.py:768} INFO - DAG(s) dict_keys(['example_short_circuit_decorator']) retrieved from /opt/anaconda3/lib/python3.7/site-packages/airflow/example_dags/example_short_circuit_decorator.py
[2022-10-15T23:21:17.288+0800] {logging_mixin.py:117} INFO - [2022-10-15T23:21:17.287+0800] {dag.py:2573} INFO - Sync 1 DAGs
[2022-10-15T23:21:17.320+0800] {logging_mixin.py:117} INFO - [2022-10-15T23:21:17.320+0800] {dag.py:3328} INFO - Setting next_dagrun for example_short_circuit_decorator to 2022-10-14T15:21:17.319586+00:00, run_after=2022-10-15T15:21:17.319586+00:00
[2022-10-15T23:21:17.348+0800] {processor.py:178} INFO - Processing /opt/anaconda3/lib/python3.7/site-packages/airflow/example_dags/example_short_circuit_decorator.py took 0.169 seconds
[2022-10-15T23:22:00.582+0800] {processor.py:156} INFO - Started process (PID=60487) to work on /opt/anaconda3/lib/python3.7/site-packages/airflow/example_dags/example_short_circuit_decorator.py
[2022-10-15T23:22:00.585+0800] {processor.py:758} INFO - Processing file /opt/anaconda3/lib/python3.7/site-packages/airflow/example_dags/example_short_circuit_decorator.py for tasks to queue
[2022-10-15T23:22:00.586+0800] {logging_mixin.py:117} INFO - [2022-10-15T23:22:00.586+0800] {dagbag.py:525} INFO - Filling up the DagBag from /opt/anaconda3/lib/python3.7/site-packages/airflow/example_dags/example_short_circuit_decorator.py
[2022-10-15T23:22:00.633+0800] {processor.py:768} INFO - DAG(s) dict_keys(['example_short_circuit_decorator']) retrieved from /opt/anaconda3/lib/python3.7/site-packages/airflow/example_dags/example_short_circuit_decorator.py
[2022-10-15T23:22:00.697+0800] {logging_mixin.py:117} INFO - [2022-10-15T23:22:00.697+0800] {dag.py:2573} INFO - Sync 1 DAGs
[2022-10-15T23:22:00.730+0800] {logging_mixin.py:117} INFO - [2022-10-15T23:22:00.730+0800] {dag.py:3328} INFO - Setting next_dagrun for example_short_circuit_decorator to 2022-10-14T15:22:00.729912+00:00, run_after=2022-10-15T15:22:00.729912+00:00
[2022-10-15T23:22:00.760+0800] {processor.py:178} INFO - Processing /opt/anaconda3/lib/python3.7/site-packages/airflow/example_dags/example_short_circuit_decorator.py took 0.185 seconds
[2022-10-15T23:22:44.658+0800] {processor.py:156} INFO - Started process (PID=60570) to work on /opt/anaconda3/lib/python3.7/site-packages/airflow/example_dags/example_short_circuit_decorator.py
[2022-10-15T23:22:44.660+0800] {processor.py:758} INFO - Processing file /opt/anaconda3/lib/python3.7/site-packages/airflow/example_dags/example_short_circuit_decorator.py for tasks to queue
[2022-10-15T23:22:44.661+0800] {logging_mixin.py:117} INFO - [2022-10-15T23:22:44.661+0800] {dagbag.py:525} INFO - Filling up the DagBag from /opt/anaconda3/lib/python3.7/site-packages/airflow/example_dags/example_short_circuit_decorator.py
[2022-10-15T23:22:44.725+0800] {processor.py:768} INFO - DAG(s) dict_keys(['example_short_circuit_decorator']) retrieved from /opt/anaconda3/lib/python3.7/site-packages/airflow/example_dags/example_short_circuit_decorator.py
[2022-10-15T23:22:44.787+0800] {logging_mixin.py:117} INFO - [2022-10-15T23:22:44.787+0800] {dag.py:2573} INFO - Sync 1 DAGs
[2022-10-15T23:22:44.821+0800] {logging_mixin.py:117} INFO - [2022-10-15T23:22:44.820+0800] {dag.py:3328} INFO - Setting next_dagrun for example_short_circuit_decorator to 2022-10-14T15:22:44.820407+00:00, run_after=2022-10-15T15:22:44.820407+00:00
[2022-10-15T23:22:44.852+0800] {processor.py:178} INFO - Processing /opt/anaconda3/lib/python3.7/site-packages/airflow/example_dags/example_short_circuit_decorator.py took 0.201 seconds
