[2022-10-15T23:13:07.802+0800] {processor.py:156} INFO - Started process (PID=59375) to work on /opt/anaconda3/lib/python3.7/site-packages/airflow/example_dags/example_task_group_decorator.py
[2022-10-15T23:13:07.805+0800] {processor.py:758} INFO - Processing file /opt/anaconda3/lib/python3.7/site-packages/airflow/example_dags/example_task_group_decorator.py for tasks to queue
[2022-10-15T23:13:07.807+0800] {logging_mixin.py:117} INFO - [2022-10-15T23:13:07.807+0800] {dagbag.py:525} INFO - Filling up the DagBag from /opt/anaconda3/lib/python3.7/site-packages/airflow/example_dags/example_task_group_decorator.py
[2022-10-15T23:13:07.885+0800] {processor.py:768} INFO - DAG(s) dict_keys(['example_task_group_decorator']) retrieved from /opt/anaconda3/lib/python3.7/site-packages/airflow/example_dags/example_task_group_decorator.py
[2022-10-15T23:13:08.119+0800] {logging_mixin.py:117} INFO - [2022-10-15T23:13:08.118+0800] {manager.py:507} INFO - Created Permission View: can read on DAG:example_task_group_decorator
[2022-10-15T23:13:08.130+0800] {logging_mixin.py:117} INFO - [2022-10-15T23:13:08.130+0800] {manager.py:507} INFO - Created Permission View: can edit on DAG:example_task_group_decorator
[2022-10-15T23:13:08.140+0800] {logging_mixin.py:117} INFO - [2022-10-15T23:13:08.139+0800] {manager.py:507} INFO - Created Permission View: can delete on DAG:example_task_group_decorator
[2022-10-15T23:13:08.140+0800] {logging_mixin.py:117} INFO - [2022-10-15T23:13:08.140+0800] {dag.py:2573} INFO - Sync 1 DAGs
[2022-10-15T23:13:08.160+0800] {logging_mixin.py:117} INFO - [2022-10-15T23:13:08.159+0800] {dag.py:2594} INFO - Creating ORM DAG for example_task_group_decorator
[2022-10-15T23:13:08.175+0800] {logging_mixin.py:117} INFO - [2022-10-15T23:13:08.174+0800] {dag.py:3328} INFO - Setting next_dagrun for example_task_group_decorator to 2022-10-14T15:13:08.174365+00:00, run_after=2022-10-15T15:13:08.174365+00:00
[2022-10-15T23:13:08.202+0800] {processor.py:178} INFO - Processing /opt/anaconda3/lib/python3.7/site-packages/airflow/example_dags/example_task_group_decorator.py took 0.411 seconds
[2022-10-15T23:14:05.060+0800] {processor.py:156} INFO - Started process (PID=59501) to work on /opt/anaconda3/lib/python3.7/site-packages/airflow/example_dags/example_task_group_decorator.py
[2022-10-15T23:14:05.063+0800] {processor.py:758} INFO - Processing file /opt/anaconda3/lib/python3.7/site-packages/airflow/example_dags/example_task_group_decorator.py for tasks to queue
[2022-10-15T23:14:05.066+0800] {logging_mixin.py:117} INFO - [2022-10-15T23:14:05.064+0800] {dagbag.py:525} INFO - Filling up the DagBag from /opt/anaconda3/lib/python3.7/site-packages/airflow/example_dags/example_task_group_decorator.py
[2022-10-15T23:14:05.279+0800] {processor.py:768} INFO - DAG(s) dict_keys(['example_task_group_decorator']) retrieved from /opt/anaconda3/lib/python3.7/site-packages/airflow/example_dags/example_task_group_decorator.py
[2022-10-15T23:14:05.334+0800] {logging_mixin.py:117} INFO - [2022-10-15T23:14:05.334+0800] {dag.py:2573} INFO - Sync 1 DAGs
[2022-10-15T23:14:05.381+0800] {logging_mixin.py:117} INFO - [2022-10-15T23:14:05.380+0800] {dag.py:3328} INFO - Setting next_dagrun for example_task_group_decorator to 2022-10-14T15:14:05.380496+00:00, run_after=2022-10-15T15:14:05.380496+00:00
[2022-10-15T23:14:05.412+0800] {processor.py:178} INFO - Processing /opt/anaconda3/lib/python3.7/site-packages/airflow/example_dags/example_task_group_decorator.py took 0.366 seconds
[2022-10-15T23:15:08.550+0800] {processor.py:156} INFO - Started process (PID=59653) to work on /opt/anaconda3/lib/python3.7/site-packages/airflow/example_dags/example_task_group_decorator.py
[2022-10-15T23:15:08.553+0800] {processor.py:758} INFO - Processing file /opt/anaconda3/lib/python3.7/site-packages/airflow/example_dags/example_task_group_decorator.py for tasks to queue
[2022-10-15T23:15:08.556+0800] {logging_mixin.py:117} INFO - [2022-10-15T23:15:08.555+0800] {dagbag.py:525} INFO - Filling up the DagBag from /opt/anaconda3/lib/python3.7/site-packages/airflow/example_dags/example_task_group_decorator.py
[2022-10-15T23:15:08.608+0800] {processor.py:768} INFO - DAG(s) dict_keys(['example_task_group_decorator']) retrieved from /opt/anaconda3/lib/python3.7/site-packages/airflow/example_dags/example_task_group_decorator.py
[2022-10-15T23:15:08.643+0800] {logging_mixin.py:117} INFO - [2022-10-15T23:15:08.643+0800] {dag.py:2573} INFO - Sync 1 DAGs
[2022-10-15T23:15:08.678+0800] {logging_mixin.py:117} INFO - [2022-10-15T23:15:08.677+0800] {dag.py:3328} INFO - Setting next_dagrun for example_task_group_decorator to 2022-10-14T15:15:08.677483+00:00, run_after=2022-10-15T15:15:08.677483+00:00
[2022-10-15T23:15:08.706+0800] {processor.py:178} INFO - Processing /opt/anaconda3/lib/python3.7/site-packages/airflow/example_dags/example_task_group_decorator.py took 0.161 seconds
[2022-10-15T23:20:28.455+0800] {processor.py:156} INFO - Started process (PID=60015) to work on /opt/anaconda3/lib/python3.7/site-packages/airflow/example_dags/example_task_group_decorator.py
[2022-10-15T23:20:28.458+0800] {processor.py:758} INFO - Processing file /opt/anaconda3/lib/python3.7/site-packages/airflow/example_dags/example_task_group_decorator.py for tasks to queue
[2022-10-15T23:20:28.460+0800] {logging_mixin.py:117} INFO - [2022-10-15T23:20:28.459+0800] {dagbag.py:525} INFO - Filling up the DagBag from /opt/anaconda3/lib/python3.7/site-packages/airflow/example_dags/example_task_group_decorator.py
[2022-10-15T23:20:28.510+0800] {processor.py:768} INFO - DAG(s) dict_keys(['example_task_group_decorator']) retrieved from /opt/anaconda3/lib/python3.7/site-packages/airflow/example_dags/example_task_group_decorator.py
[2022-10-15T23:20:28.567+0800] {logging_mixin.py:117} INFO - [2022-10-15T23:20:28.567+0800] {dag.py:2573} INFO - Sync 1 DAGs
[2022-10-15T23:20:28.599+0800] {logging_mixin.py:117} INFO - [2022-10-15T23:20:28.598+0800] {dag.py:3328} INFO - Setting next_dagrun for example_task_group_decorator to 2022-10-14T15:20:28.598227+00:00, run_after=2022-10-15T15:20:28.598227+00:00
[2022-10-15T23:20:28.628+0800] {processor.py:178} INFO - Processing /opt/anaconda3/lib/python3.7/site-packages/airflow/example_dags/example_task_group_decorator.py took 0.178 seconds
[2022-10-15T23:21:11.920+0800] {processor.py:156} INFO - Started process (PID=60145) to work on /opt/anaconda3/lib/python3.7/site-packages/airflow/example_dags/example_task_group_decorator.py
[2022-10-15T23:21:11.922+0800] {processor.py:758} INFO - Processing file /opt/anaconda3/lib/python3.7/site-packages/airflow/example_dags/example_task_group_decorator.py for tasks to queue
[2022-10-15T23:21:11.924+0800] {logging_mixin.py:117} INFO - [2022-10-15T23:21:11.923+0800] {dagbag.py:525} INFO - Filling up the DagBag from /opt/anaconda3/lib/python3.7/site-packages/airflow/example_dags/example_task_group_decorator.py
[2022-10-15T23:21:11.976+0800] {processor.py:768} INFO - DAG(s) dict_keys(['example_task_group_decorator']) retrieved from /opt/anaconda3/lib/python3.7/site-packages/airflow/example_dags/example_task_group_decorator.py
[2022-10-15T23:21:12.036+0800] {logging_mixin.py:117} INFO - [2022-10-15T23:21:12.036+0800] {dag.py:2573} INFO - Sync 1 DAGs
[2022-10-15T23:21:12.069+0800] {logging_mixin.py:117} INFO - [2022-10-15T23:21:12.068+0800] {dag.py:3328} INFO - Setting next_dagrun for example_task_group_decorator to 2022-10-14T15:21:12.068431+00:00, run_after=2022-10-15T15:21:12.068431+00:00
[2022-10-15T23:21:12.099+0800] {processor.py:178} INFO - Processing /opt/anaconda3/lib/python3.7/site-packages/airflow/example_dags/example_task_group_decorator.py took 0.185 seconds
[2022-10-15T23:21:52.961+0800] {processor.py:156} INFO - Started process (PID=60471) to work on /opt/anaconda3/lib/python3.7/site-packages/airflow/example_dags/example_task_group_decorator.py
[2022-10-15T23:21:52.963+0800] {processor.py:758} INFO - Processing file /opt/anaconda3/lib/python3.7/site-packages/airflow/example_dags/example_task_group_decorator.py for tasks to queue
[2022-10-15T23:21:52.965+0800] {logging_mixin.py:117} INFO - [2022-10-15T23:21:52.964+0800] {dagbag.py:525} INFO - Filling up the DagBag from /opt/anaconda3/lib/python3.7/site-packages/airflow/example_dags/example_task_group_decorator.py
[2022-10-15T23:21:53.021+0800] {processor.py:768} INFO - DAG(s) dict_keys(['example_task_group_decorator']) retrieved from /opt/anaconda3/lib/python3.7/site-packages/airflow/example_dags/example_task_group_decorator.py
[2022-10-15T23:21:53.081+0800] {logging_mixin.py:117} INFO - [2022-10-15T23:21:53.080+0800] {dag.py:2573} INFO - Sync 1 DAGs
[2022-10-15T23:21:53.112+0800] {logging_mixin.py:117} INFO - [2022-10-15T23:21:53.112+0800] {dag.py:3328} INFO - Setting next_dagrun for example_task_group_decorator to 2022-10-14T15:21:53.111743+00:00, run_after=2022-10-15T15:21:53.111743+00:00
[2022-10-15T23:21:53.142+0800] {processor.py:178} INFO - Processing /opt/anaconda3/lib/python3.7/site-packages/airflow/example_dags/example_task_group_decorator.py took 0.186 seconds
[2022-10-15T23:22:34.385+0800] {processor.py:156} INFO - Started process (PID=60550) to work on /opt/anaconda3/lib/python3.7/site-packages/airflow/example_dags/example_task_group_decorator.py
[2022-10-15T23:22:34.388+0800] {processor.py:758} INFO - Processing file /opt/anaconda3/lib/python3.7/site-packages/airflow/example_dags/example_task_group_decorator.py for tasks to queue
[2022-10-15T23:22:34.389+0800] {logging_mixin.py:117} INFO - [2022-10-15T23:22:34.389+0800] {dagbag.py:525} INFO - Filling up the DagBag from /opt/anaconda3/lib/python3.7/site-packages/airflow/example_dags/example_task_group_decorator.py
[2022-10-15T23:22:34.449+0800] {processor.py:768} INFO - DAG(s) dict_keys(['example_task_group_decorator']) retrieved from /opt/anaconda3/lib/python3.7/site-packages/airflow/example_dags/example_task_group_decorator.py
[2022-10-15T23:22:34.516+0800] {logging_mixin.py:117} INFO - [2022-10-15T23:22:34.515+0800] {dag.py:2573} INFO - Sync 1 DAGs
[2022-10-15T23:22:34.551+0800] {logging_mixin.py:117} INFO - [2022-10-15T23:22:34.551+0800] {dag.py:3328} INFO - Setting next_dagrun for example_task_group_decorator to 2022-10-14T15:22:34.550621+00:00, run_after=2022-10-15T15:22:34.550621+00:00
[2022-10-15T23:22:34.583+0800] {processor.py:178} INFO - Processing /opt/anaconda3/lib/python3.7/site-packages/airflow/example_dags/example_task_group_decorator.py took 0.205 seconds
[2022-10-15T23:27:17.370+0800] {processor.py:156} INFO - Started process (PID=60985) to work on /opt/anaconda3/lib/python3.7/site-packages/airflow/example_dags/example_task_group_decorator.py
[2022-10-15T23:27:17.374+0800] {processor.py:758} INFO - Processing file /opt/anaconda3/lib/python3.7/site-packages/airflow/example_dags/example_task_group_decorator.py for tasks to queue
[2022-10-15T23:27:17.380+0800] {logging_mixin.py:117} INFO - [2022-10-15T23:27:17.377+0800] {dagbag.py:525} INFO - Filling up the DagBag from /opt/anaconda3/lib/python3.7/site-packages/airflow/example_dags/example_task_group_decorator.py
[2022-10-15T23:27:17.464+0800] {processor.py:768} INFO - DAG(s) dict_keys(['example_task_group_decorator']) retrieved from /opt/anaconda3/lib/python3.7/site-packages/airflow/example_dags/example_task_group_decorator.py
[2022-10-15T23:27:17.545+0800] {logging_mixin.py:117} INFO - [2022-10-15T23:27:17.545+0800] {dag.py:2573} INFO - Sync 1 DAGs
[2022-10-15T23:27:17.581+0800] {logging_mixin.py:117} INFO - [2022-10-15T23:27:17.580+0800] {dag.py:3328} INFO - Setting next_dagrun for example_task_group_decorator to 2022-10-14T15:27:17.580290+00:00, run_after=2022-10-15T15:27:17.580290+00:00
[2022-10-15T23:27:17.610+0800] {processor.py:178} INFO - Processing /opt/anaconda3/lib/python3.7/site-packages/airflow/example_dags/example_task_group_decorator.py took 0.247 seconds
[2022-10-15T23:28:02.704+0800] {processor.py:156} INFO - Started process (PID=61056) to work on /opt/anaconda3/lib/python3.7/site-packages/airflow/example_dags/example_task_group_decorator.py
[2022-10-15T23:28:02.707+0800] {processor.py:758} INFO - Processing file /opt/anaconda3/lib/python3.7/site-packages/airflow/example_dags/example_task_group_decorator.py for tasks to queue
[2022-10-15T23:28:02.709+0800] {logging_mixin.py:117} INFO - [2022-10-15T23:28:02.708+0800] {dagbag.py:525} INFO - Filling up the DagBag from /opt/anaconda3/lib/python3.7/site-packages/airflow/example_dags/example_task_group_decorator.py
[2022-10-15T23:28:02.811+0800] {processor.py:768} INFO - DAG(s) dict_keys(['example_task_group_decorator']) retrieved from /opt/anaconda3/lib/python3.7/site-packages/airflow/example_dags/example_task_group_decorator.py
[2022-10-15T23:28:02.884+0800] {logging_mixin.py:117} INFO - [2022-10-15T23:28:02.884+0800] {dag.py:2573} INFO - Sync 1 DAGs
[2022-10-15T23:28:02.916+0800] {logging_mixin.py:117} INFO - [2022-10-15T23:28:02.916+0800] {dag.py:3328} INFO - Setting next_dagrun for example_task_group_decorator to 2022-10-14T15:28:02.915857+00:00, run_after=2022-10-15T15:28:02.915857+00:00
[2022-10-15T23:28:02.969+0800] {processor.py:178} INFO - Processing /opt/anaconda3/lib/python3.7/site-packages/airflow/example_dags/example_task_group_decorator.py took 0.271 seconds
[2022-10-15T23:28:50.333+0800] {processor.py:156} INFO - Started process (PID=61169) to work on /opt/anaconda3/lib/python3.7/site-packages/airflow/example_dags/example_task_group_decorator.py
[2022-10-15T23:28:50.336+0800] {processor.py:758} INFO - Processing file /opt/anaconda3/lib/python3.7/site-packages/airflow/example_dags/example_task_group_decorator.py for tasks to queue
[2022-10-15T23:28:50.338+0800] {logging_mixin.py:117} INFO - [2022-10-15T23:28:50.337+0800] {dagbag.py:525} INFO - Filling up the DagBag from /opt/anaconda3/lib/python3.7/site-packages/airflow/example_dags/example_task_group_decorator.py
[2022-10-15T23:28:50.390+0800] {processor.py:768} INFO - DAG(s) dict_keys(['example_task_group_decorator']) retrieved from /opt/anaconda3/lib/python3.7/site-packages/airflow/example_dags/example_task_group_decorator.py
[2022-10-15T23:28:50.451+0800] {logging_mixin.py:117} INFO - [2022-10-15T23:28:50.450+0800] {dag.py:2573} INFO - Sync 1 DAGs
[2022-10-15T23:28:50.481+0800] {logging_mixin.py:117} INFO - [2022-10-15T23:28:50.480+0800] {dag.py:3328} INFO - Setting next_dagrun for example_task_group_decorator to 2022-10-14T15:28:50.480352+00:00, run_after=2022-10-15T15:28:50.480352+00:00
[2022-10-15T23:28:50.510+0800] {processor.py:178} INFO - Processing /opt/anaconda3/lib/python3.7/site-packages/airflow/example_dags/example_task_group_decorator.py took 0.182 seconds
[2022-10-15T23:29:32.585+0800] {processor.py:156} INFO - Started process (PID=61261) to work on /opt/anaconda3/lib/python3.7/site-packages/airflow/example_dags/example_task_group_decorator.py
[2022-10-15T23:29:32.588+0800] {processor.py:758} INFO - Processing file /opt/anaconda3/lib/python3.7/site-packages/airflow/example_dags/example_task_group_decorator.py for tasks to queue
[2022-10-15T23:29:32.589+0800] {logging_mixin.py:117} INFO - [2022-10-15T23:29:32.589+0800] {dagbag.py:525} INFO - Filling up the DagBag from /opt/anaconda3/lib/python3.7/site-packages/airflow/example_dags/example_task_group_decorator.py
[2022-10-15T23:29:32.644+0800] {processor.py:768} INFO - DAG(s) dict_keys(['example_task_group_decorator']) retrieved from /opt/anaconda3/lib/python3.7/site-packages/airflow/example_dags/example_task_group_decorator.py
[2022-10-15T23:29:32.710+0800] {logging_mixin.py:117} INFO - [2022-10-15T23:29:32.710+0800] {dag.py:2573} INFO - Sync 1 DAGs
[2022-10-15T23:29:32.747+0800] {logging_mixin.py:117} INFO - [2022-10-15T23:29:32.747+0800] {dag.py:3328} INFO - Setting next_dagrun for example_task_group_decorator to 2022-10-14T15:29:32.747077+00:00, run_after=2022-10-15T15:29:32.747077+00:00
[2022-10-15T23:29:32.776+0800] {processor.py:178} INFO - Processing /opt/anaconda3/lib/python3.7/site-packages/airflow/example_dags/example_task_group_decorator.py took 0.198 seconds
[2022-10-15T23:30:11.055+0800] {processor.py:156} INFO - Started process (PID=61371) to work on /opt/anaconda3/lib/python3.7/site-packages/airflow/example_dags/example_task_group_decorator.py
[2022-10-15T23:30:11.058+0800] {processor.py:758} INFO - Processing file /opt/anaconda3/lib/python3.7/site-packages/airflow/example_dags/example_task_group_decorator.py for tasks to queue
[2022-10-15T23:30:11.059+0800] {logging_mixin.py:117} INFO - [2022-10-15T23:30:11.059+0800] {dagbag.py:525} INFO - Filling up the DagBag from /opt/anaconda3/lib/python3.7/site-packages/airflow/example_dags/example_task_group_decorator.py
[2022-10-15T23:30:11.126+0800] {processor.py:768} INFO - DAG(s) dict_keys(['example_task_group_decorator']) retrieved from /opt/anaconda3/lib/python3.7/site-packages/airflow/example_dags/example_task_group_decorator.py
[2022-10-15T23:30:11.188+0800] {logging_mixin.py:117} INFO - [2022-10-15T23:30:11.188+0800] {dag.py:2573} INFO - Sync 1 DAGs
[2022-10-15T23:30:11.221+0800] {logging_mixin.py:117} INFO - [2022-10-15T23:30:11.220+0800] {dag.py:3328} INFO - Setting next_dagrun for example_task_group_decorator to 2022-10-14T15:30:11.220282+00:00, run_after=2022-10-15T15:30:11.220282+00:00
[2022-10-15T23:30:11.249+0800] {processor.py:178} INFO - Processing /opt/anaconda3/lib/python3.7/site-packages/airflow/example_dags/example_task_group_decorator.py took 0.198 seconds
[2022-10-15T23:30:49.394+0800] {processor.py:156} INFO - Started process (PID=61505) to work on /opt/anaconda3/lib/python3.7/site-packages/airflow/example_dags/example_task_group_decorator.py
[2022-10-15T23:30:49.397+0800] {processor.py:758} INFO - Processing file /opt/anaconda3/lib/python3.7/site-packages/airflow/example_dags/example_task_group_decorator.py for tasks to queue
[2022-10-15T23:30:49.398+0800] {logging_mixin.py:117} INFO - [2022-10-15T23:30:49.398+0800] {dagbag.py:525} INFO - Filling up the DagBag from /opt/anaconda3/lib/python3.7/site-packages/airflow/example_dags/example_task_group_decorator.py
[2022-10-15T23:30:49.452+0800] {processor.py:768} INFO - DAG(s) dict_keys(['example_task_group_decorator']) retrieved from /opt/anaconda3/lib/python3.7/site-packages/airflow/example_dags/example_task_group_decorator.py
[2022-10-15T23:30:49.510+0800] {logging_mixin.py:117} INFO - [2022-10-15T23:30:49.510+0800] {dag.py:2573} INFO - Sync 1 DAGs
[2022-10-15T23:30:49.543+0800] {logging_mixin.py:117} INFO - [2022-10-15T23:30:49.542+0800] {dag.py:3328} INFO - Setting next_dagrun for example_task_group_decorator to 2022-10-14T15:30:49.542288+00:00, run_after=2022-10-15T15:30:49.542288+00:00
[2022-10-15T23:30:49.570+0800] {processor.py:178} INFO - Processing /opt/anaconda3/lib/python3.7/site-packages/airflow/example_dags/example_task_group_decorator.py took 0.182 seconds
[2022-10-15T23:33:55.769+0800] {processor.py:156} INFO - Started process (PID=61944) to work on /opt/anaconda3/lib/python3.7/site-packages/airflow/example_dags/example_task_group_decorator.py
[2022-10-15T23:33:55.771+0800] {processor.py:758} INFO - Processing file /opt/anaconda3/lib/python3.7/site-packages/airflow/example_dags/example_task_group_decorator.py for tasks to queue
[2022-10-15T23:33:55.772+0800] {logging_mixin.py:117} INFO - [2022-10-15T23:33:55.772+0800] {dagbag.py:525} INFO - Filling up the DagBag from /opt/anaconda3/lib/python3.7/site-packages/airflow/example_dags/example_task_group_decorator.py
[2022-10-15T23:33:55.834+0800] {processor.py:768} INFO - DAG(s) dict_keys(['example_task_group_decorator']) retrieved from /opt/anaconda3/lib/python3.7/site-packages/airflow/example_dags/example_task_group_decorator.py
[2022-10-15T23:33:55.893+0800] {logging_mixin.py:117} INFO - [2022-10-15T23:33:55.893+0800] {dag.py:2573} INFO - Sync 1 DAGs
[2022-10-15T23:33:55.925+0800] {logging_mixin.py:117} INFO - [2022-10-15T23:33:55.925+0800] {dag.py:3328} INFO - Setting next_dagrun for example_task_group_decorator to 2022-10-14T15:33:55.925134+00:00, run_after=2022-10-15T15:33:55.925134+00:00
[2022-10-15T23:33:55.955+0800] {processor.py:178} INFO - Processing /opt/anaconda3/lib/python3.7/site-packages/airflow/example_dags/example_task_group_decorator.py took 0.193 seconds
[2022-10-15T23:34:40.744+0800] {processor.py:156} INFO - Started process (PID=62017) to work on /opt/anaconda3/lib/python3.7/site-packages/airflow/example_dags/example_task_group_decorator.py
[2022-10-15T23:34:40.745+0800] {processor.py:758} INFO - Processing file /opt/anaconda3/lib/python3.7/site-packages/airflow/example_dags/example_task_group_decorator.py for tasks to queue
[2022-10-15T23:34:40.747+0800] {logging_mixin.py:117} INFO - [2022-10-15T23:34:40.746+0800] {dagbag.py:525} INFO - Filling up the DagBag from /opt/anaconda3/lib/python3.7/site-packages/airflow/example_dags/example_task_group_decorator.py
[2022-10-15T23:34:40.797+0800] {processor.py:768} INFO - DAG(s) dict_keys(['example_task_group_decorator']) retrieved from /opt/anaconda3/lib/python3.7/site-packages/airflow/example_dags/example_task_group_decorator.py
[2022-10-15T23:34:40.854+0800] {logging_mixin.py:117} INFO - [2022-10-15T23:34:40.854+0800] {dag.py:2573} INFO - Sync 1 DAGs
[2022-10-15T23:34:40.885+0800] {logging_mixin.py:117} INFO - [2022-10-15T23:34:40.885+0800] {dag.py:3328} INFO - Setting next_dagrun for example_task_group_decorator to 2022-10-14T15:34:40.885001+00:00, run_after=2022-10-15T15:34:40.885001+00:00
[2022-10-15T23:34:40.913+0800] {processor.py:178} INFO - Processing /opt/anaconda3/lib/python3.7/site-packages/airflow/example_dags/example_task_group_decorator.py took 0.174 seconds
[2022-10-15T23:35:19.321+0800] {processor.py:156} INFO - Started process (PID=62164) to work on /opt/anaconda3/lib/python3.7/site-packages/airflow/example_dags/example_task_group_decorator.py
[2022-10-15T23:35:19.323+0800] {processor.py:758} INFO - Processing file /opt/anaconda3/lib/python3.7/site-packages/airflow/example_dags/example_task_group_decorator.py for tasks to queue
[2022-10-15T23:35:19.325+0800] {logging_mixin.py:117} INFO - [2022-10-15T23:35:19.324+0800] {dagbag.py:525} INFO - Filling up the DagBag from /opt/anaconda3/lib/python3.7/site-packages/airflow/example_dags/example_task_group_decorator.py
[2022-10-15T23:35:19.380+0800] {processor.py:768} INFO - DAG(s) dict_keys(['example_task_group_decorator']) retrieved from /opt/anaconda3/lib/python3.7/site-packages/airflow/example_dags/example_task_group_decorator.py
[2022-10-15T23:35:19.444+0800] {logging_mixin.py:117} INFO - [2022-10-15T23:35:19.443+0800] {dag.py:2573} INFO - Sync 1 DAGs
[2022-10-15T23:35:19.478+0800] {logging_mixin.py:117} INFO - [2022-10-15T23:35:19.478+0800] {dag.py:3328} INFO - Setting next_dagrun for example_task_group_decorator to 2022-10-14T15:35:19.478113+00:00, run_after=2022-10-15T15:35:19.478113+00:00
[2022-10-15T23:35:19.508+0800] {processor.py:178} INFO - Processing /opt/anaconda3/lib/python3.7/site-packages/airflow/example_dags/example_task_group_decorator.py took 0.192 seconds
[2022-10-15T23:35:57.032+0800] {processor.py:156} INFO - Started process (PID=62285) to work on /opt/anaconda3/lib/python3.7/site-packages/airflow/example_dags/example_task_group_decorator.py
[2022-10-15T23:35:57.037+0800] {processor.py:758} INFO - Processing file /opt/anaconda3/lib/python3.7/site-packages/airflow/example_dags/example_task_group_decorator.py for tasks to queue
[2022-10-15T23:35:57.040+0800] {logging_mixin.py:117} INFO - [2022-10-15T23:35:57.039+0800] {dagbag.py:525} INFO - Filling up the DagBag from /opt/anaconda3/lib/python3.7/site-packages/airflow/example_dags/example_task_group_decorator.py
[2022-10-15T23:35:57.102+0800] {processor.py:768} INFO - DAG(s) dict_keys(['example_task_group_decorator']) retrieved from /opt/anaconda3/lib/python3.7/site-packages/airflow/example_dags/example_task_group_decorator.py
[2022-10-15T23:35:57.166+0800] {logging_mixin.py:117} INFO - [2022-10-15T23:35:57.165+0800] {dag.py:2573} INFO - Sync 1 DAGs
[2022-10-15T23:35:57.198+0800] {logging_mixin.py:117} INFO - [2022-10-15T23:35:57.198+0800] {dag.py:3328} INFO - Setting next_dagrun for example_task_group_decorator to 2022-10-14T15:35:57.198166+00:00, run_after=2022-10-15T15:35:57.198166+00:00
[2022-10-15T23:35:57.229+0800] {processor.py:178} INFO - Processing /opt/anaconda3/lib/python3.7/site-packages/airflow/example_dags/example_task_group_decorator.py took 0.205 seconds
[2022-10-15T23:36:35.135+0800] {processor.py:156} INFO - Started process (PID=62443) to work on /opt/anaconda3/lib/python3.7/site-packages/airflow/example_dags/example_task_group_decorator.py
[2022-10-15T23:36:35.138+0800] {processor.py:758} INFO - Processing file /opt/anaconda3/lib/python3.7/site-packages/airflow/example_dags/example_task_group_decorator.py for tasks to queue
[2022-10-15T23:36:35.139+0800] {logging_mixin.py:117} INFO - [2022-10-15T23:36:35.139+0800] {dagbag.py:525} INFO - Filling up the DagBag from /opt/anaconda3/lib/python3.7/site-packages/airflow/example_dags/example_task_group_decorator.py
[2022-10-15T23:36:35.191+0800] {processor.py:768} INFO - DAG(s) dict_keys(['example_task_group_decorator']) retrieved from /opt/anaconda3/lib/python3.7/site-packages/airflow/example_dags/example_task_group_decorator.py
[2022-10-15T23:36:35.249+0800] {logging_mixin.py:117} INFO - [2022-10-15T23:36:35.248+0800] {dag.py:2573} INFO - Sync 1 DAGs
[2022-10-15T23:36:35.281+0800] {logging_mixin.py:117} INFO - [2022-10-15T23:36:35.280+0800] {dag.py:3328} INFO - Setting next_dagrun for example_task_group_decorator to 2022-10-14T15:36:35.280179+00:00, run_after=2022-10-15T15:36:35.280179+00:00
[2022-10-15T23:36:35.308+0800] {processor.py:178} INFO - Processing /opt/anaconda3/lib/python3.7/site-packages/airflow/example_dags/example_task_group_decorator.py took 0.181 seconds
[2022-10-15T23:37:13.367+0800] {processor.py:156} INFO - Started process (PID=62537) to work on /opt/anaconda3/lib/python3.7/site-packages/airflow/example_dags/example_task_group_decorator.py
[2022-10-15T23:37:13.370+0800] {processor.py:758} INFO - Processing file /opt/anaconda3/lib/python3.7/site-packages/airflow/example_dags/example_task_group_decorator.py for tasks to queue
[2022-10-15T23:37:13.371+0800] {logging_mixin.py:117} INFO - [2022-10-15T23:37:13.371+0800] {dagbag.py:525} INFO - Filling up the DagBag from /opt/anaconda3/lib/python3.7/site-packages/airflow/example_dags/example_task_group_decorator.py
[2022-10-15T23:37:13.422+0800] {processor.py:768} INFO - DAG(s) dict_keys(['example_task_group_decorator']) retrieved from /opt/anaconda3/lib/python3.7/site-packages/airflow/example_dags/example_task_group_decorator.py
[2022-10-15T23:37:13.480+0800] {logging_mixin.py:117} INFO - [2022-10-15T23:37:13.479+0800] {dag.py:2573} INFO - Sync 1 DAGs
[2022-10-15T23:37:13.514+0800] {logging_mixin.py:117} INFO - [2022-10-15T23:37:13.513+0800] {dag.py:3328} INFO - Setting next_dagrun for example_task_group_decorator to 2022-10-14T15:37:13.513418+00:00, run_after=2022-10-15T15:37:13.513418+00:00
[2022-10-15T23:37:13.543+0800] {processor.py:178} INFO - Processing /opt/anaconda3/lib/python3.7/site-packages/airflow/example_dags/example_task_group_decorator.py took 0.181 seconds
[2022-10-15T23:47:30.030+0800] {processor.py:156} INFO - Started process (PID=63912) to work on /opt/anaconda3/lib/python3.7/site-packages/airflow/example_dags/example_task_group_decorator.py
[2022-10-15T23:47:30.033+0800] {processor.py:758} INFO - Processing file /opt/anaconda3/lib/python3.7/site-packages/airflow/example_dags/example_task_group_decorator.py for tasks to queue
[2022-10-15T23:47:30.035+0800] {logging_mixin.py:117} INFO - [2022-10-15T23:47:30.034+0800] {dagbag.py:525} INFO - Filling up the DagBag from /opt/anaconda3/lib/python3.7/site-packages/airflow/example_dags/example_task_group_decorator.py
[2022-10-15T23:47:30.092+0800] {processor.py:768} INFO - DAG(s) dict_keys(['example_task_group_decorator']) retrieved from /opt/anaconda3/lib/python3.7/site-packages/airflow/example_dags/example_task_group_decorator.py
[2022-10-15T23:47:30.287+0800] {logging_mixin.py:117} INFO - [2022-10-15T23:47:30.287+0800] {manager.py:507} INFO - Created Permission View: can edit on DAG:example_task_group_decorator
[2022-10-15T23:47:30.299+0800] {logging_mixin.py:117} INFO - [2022-10-15T23:47:30.298+0800] {manager.py:507} INFO - Created Permission View: can delete on DAG:example_task_group_decorator
[2022-10-15T23:47:30.307+0800] {logging_mixin.py:117} INFO - [2022-10-15T23:47:30.307+0800] {manager.py:507} INFO - Created Permission View: can read on DAG:example_task_group_decorator
[2022-10-15T23:47:30.308+0800] {logging_mixin.py:117} INFO - [2022-10-15T23:47:30.307+0800] {dag.py:2573} INFO - Sync 1 DAGs
[2022-10-15T23:47:30.325+0800] {logging_mixin.py:117} INFO - [2022-10-15T23:47:30.324+0800] {dag.py:2594} INFO - Creating ORM DAG for example_task_group_decorator
[2022-10-15T23:47:30.339+0800] {logging_mixin.py:117} INFO - [2022-10-15T23:47:30.339+0800] {dag.py:3328} INFO - Setting next_dagrun for example_task_group_decorator to 2022-10-14T15:47:30.338825+00:00, run_after=2022-10-15T15:47:30.338825+00:00
[2022-10-15T23:47:30.363+0800] {processor.py:178} INFO - Processing /opt/anaconda3/lib/python3.7/site-packages/airflow/example_dags/example_task_group_decorator.py took 0.340 seconds
[2022-10-15T23:48:01.630+0800] {processor.py:156} INFO - Started process (PID=64052) to work on /opt/anaconda3/lib/python3.7/site-packages/airflow/example_dags/example_task_group_decorator.py
[2022-10-15T23:48:01.632+0800] {processor.py:758} INFO - Processing file /opt/anaconda3/lib/python3.7/site-packages/airflow/example_dags/example_task_group_decorator.py for tasks to queue
[2022-10-15T23:48:01.635+0800] {logging_mixin.py:117} INFO - [2022-10-15T23:48:01.634+0800] {dagbag.py:525} INFO - Filling up the DagBag from /opt/anaconda3/lib/python3.7/site-packages/airflow/example_dags/example_task_group_decorator.py
[2022-10-15T23:48:01.696+0800] {processor.py:768} INFO - DAG(s) dict_keys(['example_task_group_decorator']) retrieved from /opt/anaconda3/lib/python3.7/site-packages/airflow/example_dags/example_task_group_decorator.py
[2022-10-15T23:48:01.770+0800] {logging_mixin.py:117} INFO - [2022-10-15T23:48:01.769+0800] {dag.py:2573} INFO - Sync 1 DAGs
[2022-10-15T23:48:01.805+0800] {logging_mixin.py:117} INFO - [2022-10-15T23:48:01.804+0800] {dag.py:3328} INFO - Setting next_dagrun for example_task_group_decorator to 2022-10-14T15:48:01.803938+00:00, run_after=2022-10-15T15:48:01.803938+00:00
[2022-10-15T23:48:01.832+0800] {processor.py:178} INFO - Processing /opt/anaconda3/lib/python3.7/site-packages/airflow/example_dags/example_task_group_decorator.py took 0.209 seconds
[2022-10-15T23:48:32.348+0800] {processor.py:156} INFO - Started process (PID=64150) to work on /opt/anaconda3/lib/python3.7/site-packages/airflow/example_dags/example_task_group_decorator.py
[2022-10-15T23:48:32.351+0800] {processor.py:758} INFO - Processing file /opt/anaconda3/lib/python3.7/site-packages/airflow/example_dags/example_task_group_decorator.py for tasks to queue
[2022-10-15T23:48:32.352+0800] {logging_mixin.py:117} INFO - [2022-10-15T23:48:32.352+0800] {dagbag.py:525} INFO - Filling up the DagBag from /opt/anaconda3/lib/python3.7/site-packages/airflow/example_dags/example_task_group_decorator.py
[2022-10-15T23:48:32.411+0800] {processor.py:768} INFO - DAG(s) dict_keys(['example_task_group_decorator']) retrieved from /opt/anaconda3/lib/python3.7/site-packages/airflow/example_dags/example_task_group_decorator.py
[2022-10-15T23:48:32.482+0800] {logging_mixin.py:117} INFO - [2022-10-15T23:48:32.481+0800] {dag.py:2573} INFO - Sync 1 DAGs
[2022-10-15T23:48:32.523+0800] {logging_mixin.py:117} INFO - [2022-10-15T23:48:32.522+0800] {dag.py:3328} INFO - Setting next_dagrun for example_task_group_decorator to 2022-10-14T15:48:32.522539+00:00, run_after=2022-10-15T15:48:32.522539+00:00
[2022-10-15T23:48:32.554+0800] {processor.py:178} INFO - Processing /opt/anaconda3/lib/python3.7/site-packages/airflow/example_dags/example_task_group_decorator.py took 0.211 seconds
[2022-10-15T23:49:03.355+0800] {processor.py:156} INFO - Started process (PID=64282) to work on /opt/anaconda3/lib/python3.7/site-packages/airflow/example_dags/example_task_group_decorator.py
[2022-10-15T23:49:03.357+0800] {processor.py:758} INFO - Processing file /opt/anaconda3/lib/python3.7/site-packages/airflow/example_dags/example_task_group_decorator.py for tasks to queue
[2022-10-15T23:49:03.359+0800] {logging_mixin.py:117} INFO - [2022-10-15T23:49:03.358+0800] {dagbag.py:525} INFO - Filling up the DagBag from /opt/anaconda3/lib/python3.7/site-packages/airflow/example_dags/example_task_group_decorator.py
[2022-10-15T23:49:03.412+0800] {processor.py:768} INFO - DAG(s) dict_keys(['example_task_group_decorator']) retrieved from /opt/anaconda3/lib/python3.7/site-packages/airflow/example_dags/example_task_group_decorator.py
[2022-10-15T23:49:03.476+0800] {logging_mixin.py:117} INFO - [2022-10-15T23:49:03.476+0800] {dag.py:2573} INFO - Sync 1 DAGs
[2022-10-15T23:49:03.517+0800] {logging_mixin.py:117} INFO - [2022-10-15T23:49:03.516+0800] {dag.py:3328} INFO - Setting next_dagrun for example_task_group_decorator to 2022-10-14T15:49:03.516083+00:00, run_after=2022-10-15T15:49:03.516083+00:00
[2022-10-15T23:49:03.543+0800] {processor.py:178} INFO - Processing /opt/anaconda3/lib/python3.7/site-packages/airflow/example_dags/example_task_group_decorator.py took 0.194 seconds
