[2022-10-15T23:13:14.606+0800] {processor.py:156} INFO - Started process (PID=59383) to work on /opt/anaconda3/lib/python3.7/site-packages/airflow/example_dags/example_short_circuit_operator.py
[2022-10-15T23:13:14.608+0800] {processor.py:758} INFO - Processing file /opt/anaconda3/lib/python3.7/site-packages/airflow/example_dags/example_short_circuit_operator.py for tasks to queue
[2022-10-15T23:13:14.610+0800] {logging_mixin.py:117} INFO - [2022-10-15T23:13:14.609+0800] {dagbag.py:525} INFO - Filling up the DagBag from /opt/anaconda3/lib/python3.7/site-packages/airflow/example_dags/example_short_circuit_operator.py
[2022-10-15T23:13:14.645+0800] {processor.py:768} INFO - DAG(s) dict_keys(['example_short_circuit_operator']) retrieved from /opt/anaconda3/lib/python3.7/site-packages/airflow/example_dags/example_short_circuit_operator.py
[2022-10-15T23:13:14.856+0800] {logging_mixin.py:117} INFO - [2022-10-15T23:13:14.856+0800] {manager.py:507} INFO - Created Permission View: can read on DAG:example_short_circuit_operator
[2022-10-15T23:13:14.871+0800] {logging_mixin.py:117} INFO - [2022-10-15T23:13:14.870+0800] {manager.py:507} INFO - Created Permission View: can edit on DAG:example_short_circuit_operator
[2022-10-15T23:13:14.881+0800] {logging_mixin.py:117} INFO - [2022-10-15T23:13:14.880+0800] {manager.py:507} INFO - Created Permission View: can delete on DAG:example_short_circuit_operator
[2022-10-15T23:13:14.882+0800] {logging_mixin.py:117} INFO - [2022-10-15T23:13:14.882+0800] {dag.py:2573} INFO - Sync 1 DAGs
[2022-10-15T23:13:14.902+0800] {logging_mixin.py:117} INFO - [2022-10-15T23:13:14.901+0800] {dag.py:2594} INFO - Creating ORM DAG for example_short_circuit_operator
[2022-10-15T23:13:14.919+0800] {logging_mixin.py:117} INFO - [2022-10-15T23:13:14.918+0800] {dag.py:3328} INFO - Setting next_dagrun for example_short_circuit_operator to 2022-10-14T15:13:14.918139+00:00, run_after=2022-10-15T15:13:14.918139+00:00
[2022-10-15T23:13:14.948+0800] {processor.py:178} INFO - Processing /opt/anaconda3/lib/python3.7/site-packages/airflow/example_dags/example_short_circuit_operator.py took 0.348 seconds
[2022-10-15T23:14:11.355+0800] {processor.py:156} INFO - Started process (PID=59515) to work on /opt/anaconda3/lib/python3.7/site-packages/airflow/example_dags/example_short_circuit_operator.py
[2022-10-15T23:14:11.357+0800] {processor.py:758} INFO - Processing file /opt/anaconda3/lib/python3.7/site-packages/airflow/example_dags/example_short_circuit_operator.py for tasks to queue
[2022-10-15T23:14:11.358+0800] {logging_mixin.py:117} INFO - [2022-10-15T23:14:11.358+0800] {dagbag.py:525} INFO - Filling up the DagBag from /opt/anaconda3/lib/python3.7/site-packages/airflow/example_dags/example_short_circuit_operator.py
[2022-10-15T23:14:11.389+0800] {processor.py:768} INFO - DAG(s) dict_keys(['example_short_circuit_operator']) retrieved from /opt/anaconda3/lib/python3.7/site-packages/airflow/example_dags/example_short_circuit_operator.py
[2022-10-15T23:14:11.434+0800] {logging_mixin.py:117} INFO - [2022-10-15T23:14:11.433+0800] {dag.py:2573} INFO - Sync 1 DAGs
[2022-10-15T23:14:11.472+0800] {logging_mixin.py:117} INFO - [2022-10-15T23:14:11.471+0800] {dag.py:3328} INFO - Setting next_dagrun for example_short_circuit_operator to 2022-10-14T15:14:11.470969+00:00, run_after=2022-10-15T15:14:11.470969+00:00
[2022-10-15T23:14:11.503+0800] {processor.py:178} INFO - Processing /opt/anaconda3/lib/python3.7/site-packages/airflow/example_dags/example_short_circuit_operator.py took 0.152 seconds
[2022-10-15T23:15:14.822+0800] {processor.py:156} INFO - Started process (PID=59668) to work on /opt/anaconda3/lib/python3.7/site-packages/airflow/example_dags/example_short_circuit_operator.py
[2022-10-15T23:15:14.825+0800] {processor.py:758} INFO - Processing file /opt/anaconda3/lib/python3.7/site-packages/airflow/example_dags/example_short_circuit_operator.py for tasks to queue
[2022-10-15T23:15:14.826+0800] {logging_mixin.py:117} INFO - [2022-10-15T23:15:14.826+0800] {dagbag.py:525} INFO - Filling up the DagBag from /opt/anaconda3/lib/python3.7/site-packages/airflow/example_dags/example_short_circuit_operator.py
[2022-10-15T23:15:14.855+0800] {processor.py:768} INFO - DAG(s) dict_keys(['example_short_circuit_operator']) retrieved from /opt/anaconda3/lib/python3.7/site-packages/airflow/example_dags/example_short_circuit_operator.py
[2022-10-15T23:15:14.889+0800] {logging_mixin.py:117} INFO - [2022-10-15T23:15:14.889+0800] {dag.py:2573} INFO - Sync 1 DAGs
[2022-10-15T23:15:14.925+0800] {logging_mixin.py:117} INFO - [2022-10-15T23:15:14.925+0800] {dag.py:3328} INFO - Setting next_dagrun for example_short_circuit_operator to 2022-10-14T15:15:14.924856+00:00, run_after=2022-10-15T15:15:14.924856+00:00
[2022-10-15T23:15:14.952+0800] {processor.py:178} INFO - Processing /opt/anaconda3/lib/python3.7/site-packages/airflow/example_dags/example_short_circuit_operator.py took 0.135 seconds
