[2022-10-15T23:20:56.155+0800] {processor.py:156} INFO - Started process (PID=60071) to work on /opt/anaconda3/lib/python3.7/site-packages/airflow/example_dags/example_branch_datetime_operator.py
[2022-10-15T23:20:56.157+0800] {processor.py:758} INFO - Processing file /opt/anaconda3/lib/python3.7/site-packages/airflow/example_dags/example_branch_datetime_operator.py for tasks to queue
[2022-10-15T23:20:56.160+0800] {logging_mixin.py:117} INFO - [2022-10-15T23:20:56.158+0800] {dagbag.py:525} INFO - Filling up the DagBag from /opt/anaconda3/lib/python3.7/site-packages/airflow/example_dags/example_branch_datetime_operator.py
[2022-10-15T23:20:56.205+0800] {processor.py:768} INFO - DAG(s) dict_keys(['example_branch_datetime_operator', 'example_branch_datetime_operator_3', 'example_branch_datetime_operator_2']) retrieved from /opt/anaconda3/lib/python3.7/site-packages/airflow/example_dags/example_branch_datetime_operator.py
[2022-10-15T23:20:56.283+0800] {logging_mixin.py:117} INFO - [2022-10-15T23:20:56.283+0800] {dag.py:2573} INFO - Sync 3 DAGs
[2022-10-15T23:20:56.318+0800] {logging_mixin.py:117} INFO - [2022-10-15T23:20:56.318+0800] {dag.py:3328} INFO - Setting next_dagrun for example_branch_datetime_operator to 2022-10-14T00:00:00+00:00, run_after=2022-10-15T00:00:00+00:00
[2022-10-15T23:20:56.325+0800] {logging_mixin.py:117} INFO - [2022-10-15T23:20:56.324+0800] {dag.py:3328} INFO - Setting next_dagrun for example_branch_datetime_operator_2 to 2022-10-14T00:00:00+00:00, run_after=2022-10-15T00:00:00+00:00
[2022-10-15T23:20:56.328+0800] {logging_mixin.py:117} INFO - [2022-10-15T23:20:56.328+0800] {dag.py:3328} INFO - Setting next_dagrun for example_branch_datetime_operator_3 to 2022-10-14T00:00:00+00:00, run_after=2022-10-15T00:00:00+00:00
[2022-10-15T23:20:56.354+0800] {processor.py:178} INFO - Processing /opt/anaconda3/lib/python3.7/site-packages/airflow/example_dags/example_branch_datetime_operator.py took 0.205 seconds
[2022-10-15T23:21:46.969+0800] {processor.py:156} INFO - Started process (PID=60437) to work on /opt/anaconda3/lib/python3.7/site-packages/airflow/example_dags/example_branch_datetime_operator.py
[2022-10-15T23:21:46.971+0800] {processor.py:758} INFO - Processing file /opt/anaconda3/lib/python3.7/site-packages/airflow/example_dags/example_branch_datetime_operator.py for tasks to queue
[2022-10-15T23:21:46.973+0800] {logging_mixin.py:117} INFO - [2022-10-15T23:21:46.973+0800] {dagbag.py:525} INFO - Filling up the DagBag from /opt/anaconda3/lib/python3.7/site-packages/airflow/example_dags/example_branch_datetime_operator.py
[2022-10-15T23:21:47.017+0800] {processor.py:768} INFO - DAG(s) dict_keys(['example_branch_datetime_operator_3', 'example_branch_datetime_operator', 'example_branch_datetime_operator_2']) retrieved from /opt/anaconda3/lib/python3.7/site-packages/airflow/example_dags/example_branch_datetime_operator.py
[2022-10-15T23:21:47.108+0800] {logging_mixin.py:117} INFO - [2022-10-15T23:21:47.107+0800] {dag.py:2573} INFO - Sync 3 DAGs
[2022-10-15T23:21:47.168+0800] {logging_mixin.py:117} INFO - [2022-10-15T23:21:47.167+0800] {dag.py:3328} INFO - Setting next_dagrun for example_branch_datetime_operator to 2022-10-14T00:00:00+00:00, run_after=2022-10-15T00:00:00+00:00
[2022-10-15T23:21:47.186+0800] {logging_mixin.py:117} INFO - [2022-10-15T23:21:47.186+0800] {dag.py:3328} INFO - Setting next_dagrun for example_branch_datetime_operator_2 to 2022-10-14T00:00:00+00:00, run_after=2022-10-15T00:00:00+00:00
[2022-10-15T23:21:47.193+0800] {logging_mixin.py:117} INFO - [2022-10-15T23:21:47.192+0800] {dag.py:3328} INFO - Setting next_dagrun for example_branch_datetime_operator_3 to 2022-10-14T00:00:00+00:00, run_after=2022-10-15T00:00:00+00:00
[2022-10-15T23:21:47.225+0800] {processor.py:178} INFO - Processing /opt/anaconda3/lib/python3.7/site-packages/airflow/example_dags/example_branch_datetime_operator.py took 0.264 seconds
[2022-10-15T23:22:40.634+0800] {processor.py:156} INFO - Started process (PID=60560) to work on /opt/anaconda3/lib/python3.7/site-packages/airflow/example_dags/example_branch_datetime_operator.py
[2022-10-15T23:22:40.636+0800] {processor.py:758} INFO - Processing file /opt/anaconda3/lib/python3.7/site-packages/airflow/example_dags/example_branch_datetime_operator.py for tasks to queue
[2022-10-15T23:22:40.638+0800] {logging_mixin.py:117} INFO - [2022-10-15T23:22:40.637+0800] {dagbag.py:525} INFO - Filling up the DagBag from /opt/anaconda3/lib/python3.7/site-packages/airflow/example_dags/example_branch_datetime_operator.py
[2022-10-15T23:22:40.675+0800] {processor.py:768} INFO - DAG(s) dict_keys(['example_branch_datetime_operator', 'example_branch_datetime_operator_3', 'example_branch_datetime_operator_2']) retrieved from /opt/anaconda3/lib/python3.7/site-packages/airflow/example_dags/example_branch_datetime_operator.py
[2022-10-15T23:22:40.749+0800] {logging_mixin.py:117} INFO - [2022-10-15T23:22:40.749+0800] {dag.py:2573} INFO - Sync 3 DAGs
[2022-10-15T23:22:40.786+0800] {logging_mixin.py:117} INFO - [2022-10-15T23:22:40.785+0800] {dag.py:3328} INFO - Setting next_dagrun for example_branch_datetime_operator to 2022-10-14T00:00:00+00:00, run_after=2022-10-15T00:00:00+00:00
[2022-10-15T23:22:40.792+0800] {logging_mixin.py:117} INFO - [2022-10-15T23:22:40.792+0800] {dag.py:3328} INFO - Setting next_dagrun for example_branch_datetime_operator_2 to 2022-10-14T00:00:00+00:00, run_after=2022-10-15T00:00:00+00:00
[2022-10-15T23:22:40.796+0800] {logging_mixin.py:117} INFO - [2022-10-15T23:22:40.796+0800] {dag.py:3328} INFO - Setting next_dagrun for example_branch_datetime_operator_3 to 2022-10-14T00:00:00+00:00, run_after=2022-10-15T00:00:00+00:00
[2022-10-15T23:22:40.823+0800] {processor.py:178} INFO - Processing /opt/anaconda3/lib/python3.7/site-packages/airflow/example_dags/example_branch_datetime_operator.py took 0.195 seconds
