[2022-10-15T23:13:03.589+0800] {processor.py:156} INFO - Started process (PID=59368) to work on /opt/anaconda3/lib/python3.7/site-packages/airflow/example_dags/example_xcom.py
[2022-10-15T23:13:03.590+0800] {processor.py:758} INFO - Processing file /opt/anaconda3/lib/python3.7/site-packages/airflow/example_dags/example_xcom.py for tasks to queue
[2022-10-15T23:13:03.592+0800] {logging_mixin.py:117} INFO - [2022-10-15T23:13:03.592+0800] {dagbag.py:525} INFO - Filling up the DagBag from /opt/anaconda3/lib/python3.7/site-packages/airflow/example_dags/example_xcom.py
[2022-10-15T23:13:03.631+0800] {processor.py:768} INFO - DAG(s) dict_keys(['example_xcom']) retrieved from /opt/anaconda3/lib/python3.7/site-packages/airflow/example_dags/example_xcom.py
[2022-10-15T23:13:03.804+0800] {logging_mixin.py:117} INFO - [2022-10-15T23:13:03.803+0800] {manager.py:507} INFO - Created Permission View: can read on DAG:example_xcom
[2022-10-15T23:13:03.817+0800] {logging_mixin.py:117} INFO - [2022-10-15T23:13:03.816+0800] {manager.py:507} INFO - Created Permission View: can edit on DAG:example_xcom
[2022-10-15T23:13:03.828+0800] {logging_mixin.py:117} INFO - [2022-10-15T23:13:03.827+0800] {manager.py:507} INFO - Created Permission View: can delete on DAG:example_xcom
[2022-10-15T23:13:03.828+0800] {logging_mixin.py:117} INFO - [2022-10-15T23:13:03.828+0800] {dag.py:2573} INFO - Sync 1 DAGs
[2022-10-15T23:13:03.846+0800] {logging_mixin.py:117} INFO - [2022-10-15T23:13:03.845+0800] {dag.py:2594} INFO - Creating ORM DAG for example_xcom
[2022-10-15T23:13:03.860+0800] {logging_mixin.py:117} INFO - [2022-10-15T23:13:03.859+0800] {dag.py:3328} INFO - Setting next_dagrun for example_xcom to 2021-01-01T00:00:00+00:00, run_after=2021-01-01T00:00:00+00:00
[2022-10-15T23:13:03.891+0800] {processor.py:178} INFO - Processing /opt/anaconda3/lib/python3.7/site-packages/airflow/example_dags/example_xcom.py took 0.308 seconds
[2022-10-15T23:14:00.080+0800] {processor.py:156} INFO - Started process (PID=59488) to work on /opt/anaconda3/lib/python3.7/site-packages/airflow/example_dags/example_xcom.py
[2022-10-15T23:14:00.083+0800] {processor.py:758} INFO - Processing file /opt/anaconda3/lib/python3.7/site-packages/airflow/example_dags/example_xcom.py for tasks to queue
[2022-10-15T23:14:00.084+0800] {logging_mixin.py:117} INFO - [2022-10-15T23:14:00.084+0800] {dagbag.py:525} INFO - Filling up the DagBag from /opt/anaconda3/lib/python3.7/site-packages/airflow/example_dags/example_xcom.py
[2022-10-15T23:14:00.125+0800] {processor.py:768} INFO - DAG(s) dict_keys(['example_xcom']) retrieved from /opt/anaconda3/lib/python3.7/site-packages/airflow/example_dags/example_xcom.py
[2022-10-15T23:14:00.160+0800] {logging_mixin.py:117} INFO - [2022-10-15T23:14:00.159+0800] {dag.py:2573} INFO - Sync 1 DAGs
[2022-10-15T23:14:00.196+0800] {logging_mixin.py:117} INFO - [2022-10-15T23:14:00.196+0800] {dag.py:3328} INFO - Setting next_dagrun for example_xcom to 2021-01-01T00:00:00+00:00, run_after=2021-01-01T00:00:00+00:00
[2022-10-15T23:14:00.223+0800] {processor.py:178} INFO - Processing /opt/anaconda3/lib/python3.7/site-packages/airflow/example_dags/example_xcom.py took 0.147 seconds
[2022-10-15T23:15:03.297+0800] {processor.py:156} INFO - Started process (PID=59641) to work on /opt/anaconda3/lib/python3.7/site-packages/airflow/example_dags/example_xcom.py
[2022-10-15T23:15:03.299+0800] {processor.py:758} INFO - Processing file /opt/anaconda3/lib/python3.7/site-packages/airflow/example_dags/example_xcom.py for tasks to queue
[2022-10-15T23:15:03.301+0800] {logging_mixin.py:117} INFO - [2022-10-15T23:15:03.300+0800] {dagbag.py:525} INFO - Filling up the DagBag from /opt/anaconda3/lib/python3.7/site-packages/airflow/example_dags/example_xcom.py
[2022-10-15T23:15:03.349+0800] {processor.py:768} INFO - DAG(s) dict_keys(['example_xcom']) retrieved from /opt/anaconda3/lib/python3.7/site-packages/airflow/example_dags/example_xcom.py
[2022-10-15T23:15:03.424+0800] {logging_mixin.py:117} INFO - [2022-10-15T23:15:03.423+0800] {dag.py:2573} INFO - Sync 1 DAGs
[2022-10-15T23:15:03.479+0800] {logging_mixin.py:117} INFO - [2022-10-15T23:15:03.479+0800] {dag.py:3328} INFO - Setting next_dagrun for example_xcom to 2021-01-01T00:00:00+00:00, run_after=2021-01-01T00:00:00+00:00
[2022-10-15T23:15:03.681+0800] {processor.py:178} INFO - Processing /opt/anaconda3/lib/python3.7/site-packages/airflow/example_dags/example_xcom.py took 0.389 seconds
[2022-10-15T23:20:24.059+0800] {processor.py:156} INFO - Started process (PID=60002) to work on /opt/anaconda3/lib/python3.7/site-packages/airflow/example_dags/example_xcom.py
[2022-10-15T23:20:24.061+0800] {processor.py:758} INFO - Processing file /opt/anaconda3/lib/python3.7/site-packages/airflow/example_dags/example_xcom.py for tasks to queue
[2022-10-15T23:20:24.062+0800] {logging_mixin.py:117} INFO - [2022-10-15T23:20:24.062+0800] {dagbag.py:525} INFO - Filling up the DagBag from /opt/anaconda3/lib/python3.7/site-packages/airflow/example_dags/example_xcom.py
[2022-10-15T23:20:24.099+0800] {processor.py:768} INFO - DAG(s) dict_keys(['example_xcom']) retrieved from /opt/anaconda3/lib/python3.7/site-packages/airflow/example_dags/example_xcom.py
[2022-10-15T23:20:24.160+0800] {logging_mixin.py:117} INFO - [2022-10-15T23:20:24.160+0800] {dag.py:2573} INFO - Sync 1 DAGs
[2022-10-15T23:20:24.192+0800] {logging_mixin.py:117} INFO - [2022-10-15T23:20:24.192+0800] {dag.py:3328} INFO - Setting next_dagrun for example_xcom to 2021-01-01T00:00:00+00:00, run_after=2021-01-01T00:00:00+00:00
[2022-10-15T23:20:24.218+0800] {processor.py:178} INFO - Processing /opt/anaconda3/lib/python3.7/site-packages/airflow/example_dags/example_xcom.py took 0.164 seconds
[2022-10-15T23:21:06.534+0800] {processor.py:156} INFO - Started process (PID=60107) to work on /opt/anaconda3/lib/python3.7/site-packages/airflow/example_dags/example_xcom.py
[2022-10-15T23:21:06.538+0800] {processor.py:758} INFO - Processing file /opt/anaconda3/lib/python3.7/site-packages/airflow/example_dags/example_xcom.py for tasks to queue
[2022-10-15T23:21:06.539+0800] {logging_mixin.py:117} INFO - [2022-10-15T23:21:06.539+0800] {dagbag.py:525} INFO - Filling up the DagBag from /opt/anaconda3/lib/python3.7/site-packages/airflow/example_dags/example_xcom.py
[2022-10-15T23:21:06.585+0800] {processor.py:768} INFO - DAG(s) dict_keys(['example_xcom']) retrieved from /opt/anaconda3/lib/python3.7/site-packages/airflow/example_dags/example_xcom.py
[2022-10-15T23:21:06.673+0800] {logging_mixin.py:117} INFO - [2022-10-15T23:21:06.673+0800] {dag.py:2573} INFO - Sync 1 DAGs
[2022-10-15T23:21:06.727+0800] {logging_mixin.py:117} INFO - [2022-10-15T23:21:06.727+0800] {dag.py:3328} INFO - Setting next_dagrun for example_xcom to 2021-01-01T00:00:00+00:00, run_after=2021-01-01T00:00:00+00:00
[2022-10-15T23:21:06.778+0800] {processor.py:178} INFO - Processing /opt/anaconda3/lib/python3.7/site-packages/airflow/example_dags/example_xcom.py took 0.250 seconds
[2022-10-15T23:21:45.861+0800] {processor.py:156} INFO - Started process (PID=60420) to work on /opt/anaconda3/lib/python3.7/site-packages/airflow/example_dags/example_xcom.py
[2022-10-15T23:21:45.863+0800] {processor.py:758} INFO - Processing file /opt/anaconda3/lib/python3.7/site-packages/airflow/example_dags/example_xcom.py for tasks to queue
[2022-10-15T23:21:45.866+0800] {logging_mixin.py:117} INFO - [2022-10-15T23:21:45.865+0800] {dagbag.py:525} INFO - Filling up the DagBag from /opt/anaconda3/lib/python3.7/site-packages/airflow/example_dags/example_xcom.py
[2022-10-15T23:21:45.908+0800] {processor.py:768} INFO - DAG(s) dict_keys(['example_xcom']) retrieved from /opt/anaconda3/lib/python3.7/site-packages/airflow/example_dags/example_xcom.py
[2022-10-15T23:21:45.972+0800] {logging_mixin.py:117} INFO - [2022-10-15T23:21:45.972+0800] {dag.py:2573} INFO - Sync 1 DAGs
[2022-10-15T23:21:46.012+0800] {logging_mixin.py:117} INFO - [2022-10-15T23:21:46.011+0800] {dag.py:3328} INFO - Setting next_dagrun for example_xcom to 2021-01-01T00:00:00+00:00, run_after=2021-01-01T00:00:00+00:00
[2022-10-15T23:21:46.044+0800] {processor.py:178} INFO - Processing /opt/anaconda3/lib/python3.7/site-packages/airflow/example_dags/example_xcom.py took 0.188 seconds
[2022-10-15T23:22:29.108+0800] {processor.py:156} INFO - Started process (PID=60545) to work on /opt/anaconda3/lib/python3.7/site-packages/airflow/example_dags/example_xcom.py
[2022-10-15T23:22:29.111+0800] {processor.py:758} INFO - Processing file /opt/anaconda3/lib/python3.7/site-packages/airflow/example_dags/example_xcom.py for tasks to queue
[2022-10-15T23:22:29.112+0800] {logging_mixin.py:117} INFO - [2022-10-15T23:22:29.112+0800] {dagbag.py:525} INFO - Filling up the DagBag from /opt/anaconda3/lib/python3.7/site-packages/airflow/example_dags/example_xcom.py
[2022-10-15T23:22:29.154+0800] {processor.py:768} INFO - DAG(s) dict_keys(['example_xcom']) retrieved from /opt/anaconda3/lib/python3.7/site-packages/airflow/example_dags/example_xcom.py
[2022-10-15T23:22:29.214+0800] {logging_mixin.py:117} INFO - [2022-10-15T23:22:29.214+0800] {dag.py:2573} INFO - Sync 1 DAGs
[2022-10-15T23:22:29.247+0800] {logging_mixin.py:117} INFO - [2022-10-15T23:22:29.247+0800] {dag.py:3328} INFO - Setting next_dagrun for example_xcom to 2021-01-01T00:00:00+00:00, run_after=2021-01-01T00:00:00+00:00
[2022-10-15T23:22:29.276+0800] {processor.py:178} INFO - Processing /opt/anaconda3/lib/python3.7/site-packages/airflow/example_dags/example_xcom.py took 0.174 seconds
[2022-10-15T23:27:12.764+0800] {processor.py:156} INFO - Started process (PID=60972) to work on /opt/anaconda3/lib/python3.7/site-packages/airflow/example_dags/example_xcom.py
[2022-10-15T23:27:12.766+0800] {processor.py:758} INFO - Processing file /opt/anaconda3/lib/python3.7/site-packages/airflow/example_dags/example_xcom.py for tasks to queue
[2022-10-15T23:27:12.768+0800] {logging_mixin.py:117} INFO - [2022-10-15T23:27:12.767+0800] {dagbag.py:525} INFO - Filling up the DagBag from /opt/anaconda3/lib/python3.7/site-packages/airflow/example_dags/example_xcom.py
[2022-10-15T23:27:12.806+0800] {processor.py:768} INFO - DAG(s) dict_keys(['example_xcom']) retrieved from /opt/anaconda3/lib/python3.7/site-packages/airflow/example_dags/example_xcom.py
[2022-10-15T23:27:12.860+0800] {logging_mixin.py:117} INFO - [2022-10-15T23:27:12.860+0800] {dag.py:2573} INFO - Sync 1 DAGs
[2022-10-15T23:27:12.892+0800] {logging_mixin.py:117} INFO - [2022-10-15T23:27:12.892+0800] {dag.py:3328} INFO - Setting next_dagrun for example_xcom to 2021-01-01T00:00:00+00:00, run_after=2021-01-01T00:00:00+00:00
[2022-10-15T23:27:12.922+0800] {processor.py:178} INFO - Processing /opt/anaconda3/lib/python3.7/site-packages/airflow/example_dags/example_xcom.py took 0.162 seconds
[2022-10-15T23:27:56.989+0800] {processor.py:156} INFO - Started process (PID=61049) to work on /opt/anaconda3/lib/python3.7/site-packages/airflow/example_dags/example_xcom.py
[2022-10-15T23:27:56.992+0800] {processor.py:758} INFO - Processing file /opt/anaconda3/lib/python3.7/site-packages/airflow/example_dags/example_xcom.py for tasks to queue
[2022-10-15T23:27:56.994+0800] {logging_mixin.py:117} INFO - [2022-10-15T23:27:56.993+0800] {dagbag.py:525} INFO - Filling up the DagBag from /opt/anaconda3/lib/python3.7/site-packages/airflow/example_dags/example_xcom.py
[2022-10-15T23:27:57.033+0800] {processor.py:768} INFO - DAG(s) dict_keys(['example_xcom']) retrieved from /opt/anaconda3/lib/python3.7/site-packages/airflow/example_dags/example_xcom.py
[2022-10-15T23:27:57.090+0800] {logging_mixin.py:117} INFO - [2022-10-15T23:27:57.090+0800] {dag.py:2573} INFO - Sync 1 DAGs
[2022-10-15T23:27:57.120+0800] {logging_mixin.py:117} INFO - [2022-10-15T23:27:57.119+0800] {dag.py:3328} INFO - Setting next_dagrun for example_xcom to 2021-01-01T00:00:00+00:00, run_after=2021-01-01T00:00:00+00:00
[2022-10-15T23:27:57.146+0800] {processor.py:178} INFO - Processing /opt/anaconda3/lib/python3.7/site-packages/airflow/example_dags/example_xcom.py took 0.161 seconds
[2022-10-15T23:28:45.065+0800] {processor.py:156} INFO - Started process (PID=61145) to work on /opt/anaconda3/lib/python3.7/site-packages/airflow/example_dags/example_xcom.py
[2022-10-15T23:28:45.067+0800] {processor.py:758} INFO - Processing file /opt/anaconda3/lib/python3.7/site-packages/airflow/example_dags/example_xcom.py for tasks to queue
[2022-10-15T23:28:45.068+0800] {logging_mixin.py:117} INFO - [2022-10-15T23:28:45.068+0800] {dagbag.py:525} INFO - Filling up the DagBag from /opt/anaconda3/lib/python3.7/site-packages/airflow/example_dags/example_xcom.py
[2022-10-15T23:28:45.106+0800] {processor.py:768} INFO - DAG(s) dict_keys(['example_xcom']) retrieved from /opt/anaconda3/lib/python3.7/site-packages/airflow/example_dags/example_xcom.py
[2022-10-15T23:28:45.163+0800] {logging_mixin.py:117} INFO - [2022-10-15T23:28:45.163+0800] {dag.py:2573} INFO - Sync 1 DAGs
[2022-10-15T23:28:45.195+0800] {logging_mixin.py:117} INFO - [2022-10-15T23:28:45.194+0800] {dag.py:3328} INFO - Setting next_dagrun for example_xcom to 2021-01-01T00:00:00+00:00, run_after=2021-01-01T00:00:00+00:00
[2022-10-15T23:28:45.224+0800] {processor.py:178} INFO - Processing /opt/anaconda3/lib/python3.7/site-packages/airflow/example_dags/example_xcom.py took 0.164 seconds
[2022-10-15T23:29:28.762+0800] {processor.py:156} INFO - Started process (PID=61255) to work on /opt/anaconda3/lib/python3.7/site-packages/airflow/example_dags/example_xcom.py
[2022-10-15T23:29:28.764+0800] {processor.py:758} INFO - Processing file /opt/anaconda3/lib/python3.7/site-packages/airflow/example_dags/example_xcom.py for tasks to queue
[2022-10-15T23:29:28.766+0800] {logging_mixin.py:117} INFO - [2022-10-15T23:29:28.765+0800] {dagbag.py:525} INFO - Filling up the DagBag from /opt/anaconda3/lib/python3.7/site-packages/airflow/example_dags/example_xcom.py
[2022-10-15T23:29:28.809+0800] {processor.py:768} INFO - DAG(s) dict_keys(['example_xcom']) retrieved from /opt/anaconda3/lib/python3.7/site-packages/airflow/example_dags/example_xcom.py
[2022-10-15T23:29:28.866+0800] {logging_mixin.py:117} INFO - [2022-10-15T23:29:28.865+0800] {dag.py:2573} INFO - Sync 1 DAGs
[2022-10-15T23:29:28.897+0800] {logging_mixin.py:117} INFO - [2022-10-15T23:29:28.896+0800] {dag.py:3328} INFO - Setting next_dagrun for example_xcom to 2021-01-01T00:00:00+00:00, run_after=2021-01-01T00:00:00+00:00
[2022-10-15T23:29:28.925+0800] {processor.py:178} INFO - Processing /opt/anaconda3/lib/python3.7/site-packages/airflow/example_dags/example_xcom.py took 0.169 seconds
[2022-10-15T23:30:06.001+0800] {processor.py:156} INFO - Started process (PID=61332) to work on /opt/anaconda3/lib/python3.7/site-packages/airflow/example_dags/example_xcom.py
[2022-10-15T23:30:06.004+0800] {processor.py:758} INFO - Processing file /opt/anaconda3/lib/python3.7/site-packages/airflow/example_dags/example_xcom.py for tasks to queue
[2022-10-15T23:30:06.006+0800] {logging_mixin.py:117} INFO - [2022-10-15T23:30:06.005+0800] {dagbag.py:525} INFO - Filling up the DagBag from /opt/anaconda3/lib/python3.7/site-packages/airflow/example_dags/example_xcom.py
[2022-10-15T23:30:06.049+0800] {processor.py:768} INFO - DAG(s) dict_keys(['example_xcom']) retrieved from /opt/anaconda3/lib/python3.7/site-packages/airflow/example_dags/example_xcom.py
[2022-10-15T23:30:06.114+0800] {logging_mixin.py:117} INFO - [2022-10-15T23:30:06.113+0800] {dag.py:2573} INFO - Sync 1 DAGs
[2022-10-15T23:30:06.148+0800] {logging_mixin.py:117} INFO - [2022-10-15T23:30:06.148+0800] {dag.py:3328} INFO - Setting next_dagrun for example_xcom to 2021-01-01T00:00:00+00:00, run_after=2021-01-01T00:00:00+00:00
[2022-10-15T23:30:06.183+0800] {processor.py:178} INFO - Processing /opt/anaconda3/lib/python3.7/site-packages/airflow/example_dags/example_xcom.py took 0.188 seconds
[2022-10-15T23:30:43.376+0800] {processor.py:156} INFO - Started process (PID=61492) to work on /opt/anaconda3/lib/python3.7/site-packages/airflow/example_dags/example_xcom.py
[2022-10-15T23:30:43.378+0800] {processor.py:758} INFO - Processing file /opt/anaconda3/lib/python3.7/site-packages/airflow/example_dags/example_xcom.py for tasks to queue
[2022-10-15T23:30:43.380+0800] {logging_mixin.py:117} INFO - [2022-10-15T23:30:43.379+0800] {dagbag.py:525} INFO - Filling up the DagBag from /opt/anaconda3/lib/python3.7/site-packages/airflow/example_dags/example_xcom.py
[2022-10-15T23:30:43.422+0800] {processor.py:768} INFO - DAG(s) dict_keys(['example_xcom']) retrieved from /opt/anaconda3/lib/python3.7/site-packages/airflow/example_dags/example_xcom.py
[2022-10-15T23:30:43.481+0800] {logging_mixin.py:117} INFO - [2022-10-15T23:30:43.480+0800] {dag.py:2573} INFO - Sync 1 DAGs
[2022-10-15T23:30:43.516+0800] {logging_mixin.py:117} INFO - [2022-10-15T23:30:43.516+0800] {dag.py:3328} INFO - Setting next_dagrun for example_xcom to 2021-01-01T00:00:00+00:00, run_after=2021-01-01T00:00:00+00:00
[2022-10-15T23:30:43.546+0800] {processor.py:178} INFO - Processing /opt/anaconda3/lib/python3.7/site-packages/airflow/example_dags/example_xcom.py took 0.177 seconds
[2022-10-15T23:33:50.768+0800] {processor.py:156} INFO - Started process (PID=61937) to work on /opt/anaconda3/lib/python3.7/site-packages/airflow/example_dags/example_xcom.py
[2022-10-15T23:33:50.770+0800] {processor.py:758} INFO - Processing file /opt/anaconda3/lib/python3.7/site-packages/airflow/example_dags/example_xcom.py for tasks to queue
[2022-10-15T23:33:50.775+0800] {logging_mixin.py:117} INFO - [2022-10-15T23:33:50.772+0800] {dagbag.py:525} INFO - Filling up the DagBag from /opt/anaconda3/lib/python3.7/site-packages/airflow/example_dags/example_xcom.py
[2022-10-15T23:33:50.836+0800] {processor.py:768} INFO - DAG(s) dict_keys(['example_xcom']) retrieved from /opt/anaconda3/lib/python3.7/site-packages/airflow/example_dags/example_xcom.py
[2022-10-15T23:33:50.893+0800] {logging_mixin.py:117} INFO - [2022-10-15T23:33:50.892+0800] {dag.py:2573} INFO - Sync 1 DAGs
[2022-10-15T23:33:50.941+0800] {logging_mixin.py:117} INFO - [2022-10-15T23:33:50.940+0800] {dag.py:3328} INFO - Setting next_dagrun for example_xcom to 2021-01-01T00:00:00+00:00, run_after=2021-01-01T00:00:00+00:00
[2022-10-15T23:33:50.982+0800] {processor.py:178} INFO - Processing /opt/anaconda3/lib/python3.7/site-packages/airflow/example_dags/example_xcom.py took 0.219 seconds
[2022-10-15T23:34:37.788+0800] {processor.py:156} INFO - Started process (PID=62013) to work on /opt/anaconda3/lib/python3.7/site-packages/airflow/example_dags/example_xcom.py
[2022-10-15T23:34:37.789+0800] {processor.py:758} INFO - Processing file /opt/anaconda3/lib/python3.7/site-packages/airflow/example_dags/example_xcom.py for tasks to queue
[2022-10-15T23:34:37.790+0800] {logging_mixin.py:117} INFO - [2022-10-15T23:34:37.790+0800] {dagbag.py:525} INFO - Filling up the DagBag from /opt/anaconda3/lib/python3.7/site-packages/airflow/example_dags/example_xcom.py
[2022-10-15T23:34:37.828+0800] {processor.py:768} INFO - DAG(s) dict_keys(['example_xcom']) retrieved from /opt/anaconda3/lib/python3.7/site-packages/airflow/example_dags/example_xcom.py
[2022-10-15T23:34:37.883+0800] {logging_mixin.py:117} INFO - [2022-10-15T23:34:37.883+0800] {dag.py:2573} INFO - Sync 1 DAGs
[2022-10-15T23:34:37.927+0800] {logging_mixin.py:117} INFO - [2022-10-15T23:34:37.927+0800] {dag.py:3328} INFO - Setting next_dagrun for example_xcom to 2021-01-01T00:00:00+00:00, run_after=2021-01-01T00:00:00+00:00
[2022-10-15T23:34:37.974+0800] {processor.py:178} INFO - Processing /opt/anaconda3/lib/python3.7/site-packages/airflow/example_dags/example_xcom.py took 0.191 seconds
[2022-10-15T23:35:15.852+0800] {processor.py:156} INFO - Started process (PID=62153) to work on /opt/anaconda3/lib/python3.7/site-packages/airflow/example_dags/example_xcom.py
[2022-10-15T23:35:15.855+0800] {processor.py:758} INFO - Processing file /opt/anaconda3/lib/python3.7/site-packages/airflow/example_dags/example_xcom.py for tasks to queue
[2022-10-15T23:35:15.856+0800] {logging_mixin.py:117} INFO - [2022-10-15T23:35:15.856+0800] {dagbag.py:525} INFO - Filling up the DagBag from /opt/anaconda3/lib/python3.7/site-packages/airflow/example_dags/example_xcom.py
[2022-10-15T23:35:15.901+0800] {processor.py:768} INFO - DAG(s) dict_keys(['example_xcom']) retrieved from /opt/anaconda3/lib/python3.7/site-packages/airflow/example_dags/example_xcom.py
[2022-10-15T23:35:15.962+0800] {logging_mixin.py:117} INFO - [2022-10-15T23:35:15.962+0800] {dag.py:2573} INFO - Sync 1 DAGs
[2022-10-15T23:35:15.994+0800] {logging_mixin.py:117} INFO - [2022-10-15T23:35:15.993+0800] {dag.py:3328} INFO - Setting next_dagrun for example_xcom to 2021-01-01T00:00:00+00:00, run_after=2021-01-01T00:00:00+00:00
[2022-10-15T23:35:16.023+0800] {processor.py:178} INFO - Processing /opt/anaconda3/lib/python3.7/site-packages/airflow/example_dags/example_xcom.py took 0.177 seconds
[2022-10-15T23:35:53.144+0800] {processor.py:156} INFO - Started process (PID=62269) to work on /opt/anaconda3/lib/python3.7/site-packages/airflow/example_dags/example_xcom.py
[2022-10-15T23:35:53.147+0800] {processor.py:758} INFO - Processing file /opt/anaconda3/lib/python3.7/site-packages/airflow/example_dags/example_xcom.py for tasks to queue
[2022-10-15T23:35:53.148+0800] {logging_mixin.py:117} INFO - [2022-10-15T23:35:53.148+0800] {dagbag.py:525} INFO - Filling up the DagBag from /opt/anaconda3/lib/python3.7/site-packages/airflow/example_dags/example_xcom.py
[2022-10-15T23:35:53.191+0800] {processor.py:768} INFO - DAG(s) dict_keys(['example_xcom']) retrieved from /opt/anaconda3/lib/python3.7/site-packages/airflow/example_dags/example_xcom.py
[2022-10-15T23:35:53.246+0800] {logging_mixin.py:117} INFO - [2022-10-15T23:35:53.246+0800] {dag.py:2573} INFO - Sync 1 DAGs
[2022-10-15T23:35:53.280+0800] {logging_mixin.py:117} INFO - [2022-10-15T23:35:53.279+0800] {dag.py:3328} INFO - Setting next_dagrun for example_xcom to 2021-01-01T00:00:00+00:00, run_after=2021-01-01T00:00:00+00:00
[2022-10-15T23:35:53.311+0800] {processor.py:178} INFO - Processing /opt/anaconda3/lib/python3.7/site-packages/airflow/example_dags/example_xcom.py took 0.173 seconds
[2022-10-15T23:36:31.700+0800] {processor.py:156} INFO - Started process (PID=62438) to work on /opt/anaconda3/lib/python3.7/site-packages/airflow/example_dags/example_xcom.py
[2022-10-15T23:36:31.702+0800] {processor.py:758} INFO - Processing file /opt/anaconda3/lib/python3.7/site-packages/airflow/example_dags/example_xcom.py for tasks to queue
[2022-10-15T23:36:31.703+0800] {logging_mixin.py:117} INFO - [2022-10-15T23:36:31.703+0800] {dagbag.py:525} INFO - Filling up the DagBag from /opt/anaconda3/lib/python3.7/site-packages/airflow/example_dags/example_xcom.py
[2022-10-15T23:36:31.743+0800] {processor.py:768} INFO - DAG(s) dict_keys(['example_xcom']) retrieved from /opt/anaconda3/lib/python3.7/site-packages/airflow/example_dags/example_xcom.py
[2022-10-15T23:36:31.799+0800] {logging_mixin.py:117} INFO - [2022-10-15T23:36:31.798+0800] {dag.py:2573} INFO - Sync 1 DAGs
[2022-10-15T23:36:31.830+0800] {logging_mixin.py:117} INFO - [2022-10-15T23:36:31.830+0800] {dag.py:3328} INFO - Setting next_dagrun for example_xcom to 2021-01-01T00:00:00+00:00, run_after=2021-01-01T00:00:00+00:00
[2022-10-15T23:36:31.857+0800] {processor.py:178} INFO - Processing /opt/anaconda3/lib/python3.7/site-packages/airflow/example_dags/example_xcom.py took 0.163 seconds
[2022-10-15T23:37:06.944+0800] {processor.py:156} INFO - Started process (PID=62515) to work on /opt/anaconda3/lib/python3.7/site-packages/airflow/example_dags/example_xcom.py
[2022-10-15T23:37:06.946+0800] {processor.py:758} INFO - Processing file /opt/anaconda3/lib/python3.7/site-packages/airflow/example_dags/example_xcom.py for tasks to queue
[2022-10-15T23:37:06.948+0800] {logging_mixin.py:117} INFO - [2022-10-15T23:37:06.948+0800] {dagbag.py:525} INFO - Filling up the DagBag from /opt/anaconda3/lib/python3.7/site-packages/airflow/example_dags/example_xcom.py
[2022-10-15T23:37:06.987+0800] {processor.py:768} INFO - DAG(s) dict_keys(['example_xcom']) retrieved from /opt/anaconda3/lib/python3.7/site-packages/airflow/example_dags/example_xcom.py
[2022-10-15T23:37:07.048+0800] {logging_mixin.py:117} INFO - [2022-10-15T23:37:07.047+0800] {dag.py:2573} INFO - Sync 1 DAGs
[2022-10-15T23:37:07.081+0800] {logging_mixin.py:117} INFO - [2022-10-15T23:37:07.081+0800] {dag.py:3328} INFO - Setting next_dagrun for example_xcom to 2021-01-01T00:00:00+00:00, run_after=2021-01-01T00:00:00+00:00
[2022-10-15T23:37:07.111+0800] {processor.py:178} INFO - Processing /opt/anaconda3/lib/python3.7/site-packages/airflow/example_dags/example_xcom.py took 0.173 seconds
[2022-10-15T23:47:29.223+0800] {processor.py:156} INFO - Started process (PID=63908) to work on /opt/anaconda3/lib/python3.7/site-packages/airflow/example_dags/example_xcom.py
[2022-10-15T23:47:29.225+0800] {processor.py:758} INFO - Processing file /opt/anaconda3/lib/python3.7/site-packages/airflow/example_dags/example_xcom.py for tasks to queue
[2022-10-15T23:47:29.227+0800] {logging_mixin.py:117} INFO - [2022-10-15T23:47:29.226+0800] {dagbag.py:525} INFO - Filling up the DagBag from /opt/anaconda3/lib/python3.7/site-packages/airflow/example_dags/example_xcom.py
[2022-10-15T23:47:29.273+0800] {processor.py:768} INFO - DAG(s) dict_keys(['example_xcom']) retrieved from /opt/anaconda3/lib/python3.7/site-packages/airflow/example_dags/example_xcom.py
[2022-10-15T23:47:29.494+0800] {logging_mixin.py:117} INFO - [2022-10-15T23:47:29.493+0800] {manager.py:507} INFO - Created Permission View: can edit on DAG:example_xcom
[2022-10-15T23:47:29.506+0800] {logging_mixin.py:117} INFO - [2022-10-15T23:47:29.506+0800] {manager.py:507} INFO - Created Permission View: can delete on DAG:example_xcom
[2022-10-15T23:47:29.515+0800] {logging_mixin.py:117} INFO - [2022-10-15T23:47:29.515+0800] {manager.py:507} INFO - Created Permission View: can read on DAG:example_xcom
[2022-10-15T23:47:29.516+0800] {logging_mixin.py:117} INFO - [2022-10-15T23:47:29.515+0800] {dag.py:2573} INFO - Sync 1 DAGs
[2022-10-15T23:47:29.539+0800] {logging_mixin.py:117} INFO - [2022-10-15T23:47:29.539+0800] {dag.py:2594} INFO - Creating ORM DAG for example_xcom
[2022-10-15T23:47:29.559+0800] {logging_mixin.py:117} INFO - [2022-10-15T23:47:29.559+0800] {dag.py:3328} INFO - Setting next_dagrun for example_xcom to 2021-01-01T00:00:00+00:00, run_after=2021-01-01T00:00:00+00:00
[2022-10-15T23:47:29.593+0800] {processor.py:178} INFO - Processing /opt/anaconda3/lib/python3.7/site-packages/airflow/example_dags/example_xcom.py took 0.375 seconds
[2022-10-15T23:48:00.476+0800] {processor.py:156} INFO - Started process (PID=64046) to work on /opt/anaconda3/lib/python3.7/site-packages/airflow/example_dags/example_xcom.py
[2022-10-15T23:48:00.478+0800] {processor.py:758} INFO - Processing file /opt/anaconda3/lib/python3.7/site-packages/airflow/example_dags/example_xcom.py for tasks to queue
[2022-10-15T23:48:00.480+0800] {logging_mixin.py:117} INFO - [2022-10-15T23:48:00.480+0800] {dagbag.py:525} INFO - Filling up the DagBag from /opt/anaconda3/lib/python3.7/site-packages/airflow/example_dags/example_xcom.py
[2022-10-15T23:48:00.526+0800] {processor.py:768} INFO - DAG(s) dict_keys(['example_xcom']) retrieved from /opt/anaconda3/lib/python3.7/site-packages/airflow/example_dags/example_xcom.py
[2022-10-15T23:48:00.587+0800] {logging_mixin.py:117} INFO - [2022-10-15T23:48:00.586+0800] {dag.py:2573} INFO - Sync 1 DAGs
[2022-10-15T23:48:00.620+0800] {logging_mixin.py:117} INFO - [2022-10-15T23:48:00.619+0800] {dag.py:3328} INFO - Setting next_dagrun for example_xcom to 2021-01-01T00:00:00+00:00, run_after=2021-01-01T00:00:00+00:00
[2022-10-15T23:48:00.646+0800] {processor.py:178} INFO - Processing /opt/anaconda3/lib/python3.7/site-packages/airflow/example_dags/example_xcom.py took 0.177 seconds
[2022-10-15T23:48:31.087+0800] {processor.py:156} INFO - Started process (PID=64144) to work on /opt/anaconda3/lib/python3.7/site-packages/airflow/example_dags/example_xcom.py
[2022-10-15T23:48:31.089+0800] {processor.py:758} INFO - Processing file /opt/anaconda3/lib/python3.7/site-packages/airflow/example_dags/example_xcom.py for tasks to queue
[2022-10-15T23:48:31.091+0800] {logging_mixin.py:117} INFO - [2022-10-15T23:48:31.090+0800] {dagbag.py:525} INFO - Filling up the DagBag from /opt/anaconda3/lib/python3.7/site-packages/airflow/example_dags/example_xcom.py
[2022-10-15T23:48:31.139+0800] {processor.py:768} INFO - DAG(s) dict_keys(['example_xcom']) retrieved from /opt/anaconda3/lib/python3.7/site-packages/airflow/example_dags/example_xcom.py
[2022-10-15T23:48:31.215+0800] {logging_mixin.py:117} INFO - [2022-10-15T23:48:31.215+0800] {dag.py:2573} INFO - Sync 1 DAGs
[2022-10-15T23:48:31.312+0800] {logging_mixin.py:117} INFO - [2022-10-15T23:48:31.311+0800] {dag.py:3328} INFO - Setting next_dagrun for example_xcom to 2021-01-01T00:00:00+00:00, run_after=2021-01-01T00:00:00+00:00
[2022-10-15T23:48:31.343+0800] {processor.py:178} INFO - Processing /opt/anaconda3/lib/python3.7/site-packages/airflow/example_dags/example_xcom.py took 0.262 seconds
[2022-10-15T23:49:01.532+0800] {processor.py:156} INFO - Started process (PID=64269) to work on /opt/anaconda3/lib/python3.7/site-packages/airflow/example_dags/example_xcom.py
[2022-10-15T23:49:01.534+0800] {processor.py:758} INFO - Processing file /opt/anaconda3/lib/python3.7/site-packages/airflow/example_dags/example_xcom.py for tasks to queue
[2022-10-15T23:49:01.536+0800] {logging_mixin.py:117} INFO - [2022-10-15T23:49:01.535+0800] {dagbag.py:525} INFO - Filling up the DagBag from /opt/anaconda3/lib/python3.7/site-packages/airflow/example_dags/example_xcom.py
[2022-10-15T23:49:01.578+0800] {processor.py:768} INFO - DAG(s) dict_keys(['example_xcom']) retrieved from /opt/anaconda3/lib/python3.7/site-packages/airflow/example_dags/example_xcom.py
[2022-10-15T23:49:01.653+0800] {logging_mixin.py:117} INFO - [2022-10-15T23:49:01.652+0800] {dag.py:2573} INFO - Sync 1 DAGs
[2022-10-15T23:49:01.692+0800] {logging_mixin.py:117} INFO - [2022-10-15T23:49:01.692+0800] {dag.py:3328} INFO - Setting next_dagrun for example_xcom to 2021-01-01T00:00:00+00:00, run_after=2021-01-01T00:00:00+00:00
[2022-10-15T23:49:01.722+0800] {processor.py:178} INFO - Processing /opt/anaconda3/lib/python3.7/site-packages/airflow/example_dags/example_xcom.py took 0.198 seconds
[2022-10-15T23:50:27.315+0800] {processor.py:156} INFO - Started process (PID=64573) to work on /opt/anaconda3/lib/python3.7/site-packages/airflow/example_dags/example_xcom.py
[2022-10-15T23:50:27.317+0800] {processor.py:758} INFO - Processing file /opt/anaconda3/lib/python3.7/site-packages/airflow/example_dags/example_xcom.py for tasks to queue
[2022-10-15T23:50:27.318+0800] {logging_mixin.py:117} INFO - [2022-10-15T23:50:27.318+0800] {dagbag.py:525} INFO - Filling up the DagBag from /opt/anaconda3/lib/python3.7/site-packages/airflow/example_dags/example_xcom.py
[2022-10-15T23:50:27.359+0800] {processor.py:768} INFO - DAG(s) dict_keys(['example_xcom']) retrieved from /opt/anaconda3/lib/python3.7/site-packages/airflow/example_dags/example_xcom.py
[2022-10-15T23:50:27.404+0800] {logging_mixin.py:117} INFO - [2022-10-15T23:50:27.403+0800] {dag.py:2573} INFO - Sync 1 DAGs
[2022-10-15T23:50:27.443+0800] {logging_mixin.py:117} INFO - [2022-10-15T23:50:27.442+0800] {dag.py:3328} INFO - Setting next_dagrun for example_xcom to 2021-01-01T00:00:00+00:00, run_after=2021-01-01T00:00:00+00:00
[2022-10-15T23:50:27.472+0800] {processor.py:178} INFO - Processing /opt/anaconda3/lib/python3.7/site-packages/airflow/example_dags/example_xcom.py took 0.163 seconds
[2022-10-15T23:50:57.760+0800] {processor.py:156} INFO - Started process (PID=64695) to work on /opt/anaconda3/lib/python3.7/site-packages/airflow/example_dags/example_xcom.py
[2022-10-15T23:50:57.762+0800] {processor.py:758} INFO - Processing file /opt/anaconda3/lib/python3.7/site-packages/airflow/example_dags/example_xcom.py for tasks to queue
[2022-10-15T23:50:57.764+0800] {logging_mixin.py:117} INFO - [2022-10-15T23:50:57.763+0800] {dagbag.py:525} INFO - Filling up the DagBag from /opt/anaconda3/lib/python3.7/site-packages/airflow/example_dags/example_xcom.py
[2022-10-15T23:50:57.805+0800] {processor.py:768} INFO - DAG(s) dict_keys(['example_xcom']) retrieved from /opt/anaconda3/lib/python3.7/site-packages/airflow/example_dags/example_xcom.py
[2022-10-15T23:50:57.866+0800] {logging_mixin.py:117} INFO - [2022-10-15T23:50:57.866+0800] {dag.py:2573} INFO - Sync 1 DAGs
[2022-10-15T23:50:57.904+0800] {logging_mixin.py:117} INFO - [2022-10-15T23:50:57.904+0800] {dag.py:3328} INFO - Setting next_dagrun for example_xcom to 2021-01-01T00:00:00+00:00, run_after=2021-01-01T00:00:00+00:00
[2022-10-15T23:50:57.929+0800] {processor.py:178} INFO - Processing /opt/anaconda3/lib/python3.7/site-packages/airflow/example_dags/example_xcom.py took 0.175 seconds
[2022-10-15T23:51:28.222+0800] {processor.py:156} INFO - Started process (PID=64844) to work on /opt/anaconda3/lib/python3.7/site-packages/airflow/example_dags/example_xcom.py
[2022-10-15T23:51:28.224+0800] {processor.py:758} INFO - Processing file /opt/anaconda3/lib/python3.7/site-packages/airflow/example_dags/example_xcom.py for tasks to queue
[2022-10-15T23:51:28.225+0800] {logging_mixin.py:117} INFO - [2022-10-15T23:51:28.225+0800] {dagbag.py:525} INFO - Filling up the DagBag from /opt/anaconda3/lib/python3.7/site-packages/airflow/example_dags/example_xcom.py
[2022-10-15T23:51:28.266+0800] {processor.py:768} INFO - DAG(s) dict_keys(['example_xcom']) retrieved from /opt/anaconda3/lib/python3.7/site-packages/airflow/example_dags/example_xcom.py
[2022-10-15T23:51:28.337+0800] {logging_mixin.py:117} INFO - [2022-10-15T23:51:28.336+0800] {dag.py:2573} INFO - Sync 1 DAGs
[2022-10-15T23:51:28.377+0800] {logging_mixin.py:117} INFO - [2022-10-15T23:51:28.377+0800] {dag.py:3328} INFO - Setting next_dagrun for example_xcom to 2021-01-01T00:00:00+00:00, run_after=2021-01-01T00:00:00+00:00
[2022-10-15T23:51:28.403+0800] {processor.py:178} INFO - Processing /opt/anaconda3/lib/python3.7/site-packages/airflow/example_dags/example_xcom.py took 0.187 seconds
[2022-10-15T23:51:38.072+0800] {processor.py:156} INFO - Started process (PID=64898) to work on /opt/anaconda3/lib/python3.7/site-packages/airflow/example_dags/example_xcom.py
[2022-10-15T23:51:38.074+0800] {processor.py:758} INFO - Processing file /opt/anaconda3/lib/python3.7/site-packages/airflow/example_dags/example_xcom.py for tasks to queue
[2022-10-15T23:51:38.075+0800] {logging_mixin.py:117} INFO - [2022-10-15T23:51:38.074+0800] {dagbag.py:525} INFO - Filling up the DagBag from /opt/anaconda3/lib/python3.7/site-packages/airflow/example_dags/example_xcom.py
[2022-10-15T23:51:38.111+0800] {processor.py:768} INFO - DAG(s) dict_keys(['example_xcom']) retrieved from /opt/anaconda3/lib/python3.7/site-packages/airflow/example_dags/example_xcom.py
[2022-10-15T23:51:38.143+0800] {logging_mixin.py:117} INFO - [2022-10-15T23:51:38.143+0800] {dag.py:2573} INFO - Sync 1 DAGs
[2022-10-15T23:51:38.172+0800] {logging_mixin.py:117} INFO - [2022-10-15T23:51:38.171+0800] {dag.py:3328} INFO - Setting next_dagrun for example_xcom to 2021-01-01T00:00:00+00:00, run_after=2021-01-01T00:00:00+00:00
[2022-10-15T23:51:38.196+0800] {processor.py:178} INFO - Processing /opt/anaconda3/lib/python3.7/site-packages/airflow/example_dags/example_xcom.py took 0.130 seconds
[2022-10-15T23:52:08.665+0800] {processor.py:156} INFO - Started process (PID=65109) to work on /opt/anaconda3/lib/python3.7/site-packages/airflow/example_dags/example_xcom.py
[2022-10-15T23:52:08.667+0800] {processor.py:758} INFO - Processing file /opt/anaconda3/lib/python3.7/site-packages/airflow/example_dags/example_xcom.py for tasks to queue
[2022-10-15T23:52:08.668+0800] {logging_mixin.py:117} INFO - [2022-10-15T23:52:08.668+0800] {dagbag.py:525} INFO - Filling up the DagBag from /opt/anaconda3/lib/python3.7/site-packages/airflow/example_dags/example_xcom.py
[2022-10-15T23:52:08.715+0800] {processor.py:768} INFO - DAG(s) dict_keys(['example_xcom']) retrieved from /opt/anaconda3/lib/python3.7/site-packages/airflow/example_dags/example_xcom.py
[2022-10-15T23:52:08.746+0800] {logging_mixin.py:117} INFO - [2022-10-15T23:52:08.745+0800] {dag.py:2573} INFO - Sync 1 DAGs
[2022-10-15T23:52:08.776+0800] {logging_mixin.py:117} INFO - [2022-10-15T23:52:08.776+0800] {dag.py:3328} INFO - Setting next_dagrun for example_xcom to 2021-01-01T00:00:00+00:00, run_after=2021-01-01T00:00:00+00:00
[2022-10-15T23:52:08.804+0800] {processor.py:178} INFO - Processing /opt/anaconda3/lib/python3.7/site-packages/airflow/example_dags/example_xcom.py took 0.147 seconds
[2022-10-15T23:54:17.658+0800] {processor.py:156} INFO - Started process (PID=65721) to work on /opt/anaconda3/lib/python3.7/site-packages/airflow/example_dags/example_xcom.py
[2022-10-15T23:54:17.660+0800] {processor.py:758} INFO - Processing file /opt/anaconda3/lib/python3.7/site-packages/airflow/example_dags/example_xcom.py for tasks to queue
[2022-10-15T23:54:17.661+0800] {logging_mixin.py:117} INFO - [2022-10-15T23:54:17.661+0800] {dagbag.py:525} INFO - Filling up the DagBag from /opt/anaconda3/lib/python3.7/site-packages/airflow/example_dags/example_xcom.py
[2022-10-15T23:54:17.702+0800] {processor.py:768} INFO - DAG(s) dict_keys(['example_xcom']) retrieved from /opt/anaconda3/lib/python3.7/site-packages/airflow/example_dags/example_xcom.py
[2022-10-15T23:54:17.745+0800] {logging_mixin.py:117} INFO - [2022-10-15T23:54:17.744+0800] {dag.py:2573} INFO - Sync 1 DAGs
[2022-10-15T23:54:17.787+0800] {logging_mixin.py:117} INFO - [2022-10-15T23:54:17.787+0800] {dag.py:3328} INFO - Setting next_dagrun for example_xcom to 2021-01-01T00:00:00+00:00, run_after=2021-01-01T00:00:00+00:00
[2022-10-15T23:54:17.817+0800] {processor.py:178} INFO - Processing /opt/anaconda3/lib/python3.7/site-packages/airflow/example_dags/example_xcom.py took 0.164 seconds
[2022-10-15T23:54:48.510+0800] {processor.py:156} INFO - Started process (PID=65826) to work on /opt/anaconda3/lib/python3.7/site-packages/airflow/example_dags/example_xcom.py
[2022-10-15T23:54:48.512+0800] {processor.py:758} INFO - Processing file /opt/anaconda3/lib/python3.7/site-packages/airflow/example_dags/example_xcom.py for tasks to queue
[2022-10-15T23:54:48.513+0800] {logging_mixin.py:117} INFO - [2022-10-15T23:54:48.513+0800] {dagbag.py:525} INFO - Filling up the DagBag from /opt/anaconda3/lib/python3.7/site-packages/airflow/example_dags/example_xcom.py
[2022-10-15T23:54:48.558+0800] {processor.py:768} INFO - DAG(s) dict_keys(['example_xcom']) retrieved from /opt/anaconda3/lib/python3.7/site-packages/airflow/example_dags/example_xcom.py
[2022-10-15T23:54:48.622+0800] {logging_mixin.py:117} INFO - [2022-10-15T23:54:48.622+0800] {dag.py:2573} INFO - Sync 1 DAGs
[2022-10-15T23:54:48.662+0800] {logging_mixin.py:117} INFO - [2022-10-15T23:54:48.661+0800] {dag.py:3328} INFO - Setting next_dagrun for example_xcom to 2021-01-01T00:00:00+00:00, run_after=2021-01-01T00:00:00+00:00
[2022-10-15T23:54:48.687+0800] {processor.py:178} INFO - Processing /opt/anaconda3/lib/python3.7/site-packages/airflow/example_dags/example_xcom.py took 0.184 seconds
[2022-10-15T23:55:13.124+0800] {processor.py:156} INFO - Started process (PID=65908) to work on /opt/anaconda3/lib/python3.7/site-packages/airflow/example_dags/example_xcom.py
[2022-10-15T23:55:13.126+0800] {processor.py:758} INFO - Processing file /opt/anaconda3/lib/python3.7/site-packages/airflow/example_dags/example_xcom.py for tasks to queue
[2022-10-15T23:55:13.127+0800] {logging_mixin.py:117} INFO - [2022-10-15T23:55:13.127+0800] {dagbag.py:525} INFO - Filling up the DagBag from /opt/anaconda3/lib/python3.7/site-packages/airflow/example_dags/example_xcom.py
[2022-10-15T23:55:13.161+0800] {processor.py:768} INFO - DAG(s) dict_keys(['example_xcom']) retrieved from /opt/anaconda3/lib/python3.7/site-packages/airflow/example_dags/example_xcom.py
[2022-10-15T23:55:13.393+0800] {logging_mixin.py:117} INFO - [2022-10-15T23:55:13.392+0800] {dag.py:2573} INFO - Sync 1 DAGs
[2022-10-15T23:55:13.419+0800] {logging_mixin.py:117} INFO - [2022-10-15T23:55:13.419+0800] {dag.py:3328} INFO - Setting next_dagrun for example_xcom to 2021-01-01T00:00:00+00:00, run_after=2021-01-01T00:00:00+00:00
[2022-10-15T23:55:13.442+0800] {processor.py:178} INFO - Processing /opt/anaconda3/lib/python3.7/site-packages/airflow/example_dags/example_xcom.py took 0.324 seconds
[2022-10-15T23:55:44.427+0800] {processor.py:156} INFO - Started process (PID=66008) to work on /opt/anaconda3/lib/python3.7/site-packages/airflow/example_dags/example_xcom.py
[2022-10-15T23:55:44.429+0800] {processor.py:758} INFO - Processing file /opt/anaconda3/lib/python3.7/site-packages/airflow/example_dags/example_xcom.py for tasks to queue
[2022-10-15T23:55:44.431+0800] {logging_mixin.py:117} INFO - [2022-10-15T23:55:44.430+0800] {dagbag.py:525} INFO - Filling up the DagBag from /opt/anaconda3/lib/python3.7/site-packages/airflow/example_dags/example_xcom.py
[2022-10-15T23:55:44.461+0800] {processor.py:768} INFO - DAG(s) dict_keys(['example_xcom']) retrieved from /opt/anaconda3/lib/python3.7/site-packages/airflow/example_dags/example_xcom.py
[2022-10-15T23:55:44.498+0800] {logging_mixin.py:117} INFO - [2022-10-15T23:55:44.498+0800] {dag.py:2573} INFO - Sync 1 DAGs
[2022-10-15T23:55:44.527+0800] {logging_mixin.py:117} INFO - [2022-10-15T23:55:44.527+0800] {dag.py:3328} INFO - Setting next_dagrun for example_xcom to 2021-01-01T00:00:00+00:00, run_after=2021-01-01T00:00:00+00:00
[2022-10-15T23:55:44.551+0800] {processor.py:178} INFO - Processing /opt/anaconda3/lib/python3.7/site-packages/airflow/example_dags/example_xcom.py took 0.130 seconds
[2022-10-15T23:56:14.898+0800] {processor.py:156} INFO - Started process (PID=66173) to work on /opt/anaconda3/lib/python3.7/site-packages/airflow/example_dags/example_xcom.py
[2022-10-15T23:56:14.900+0800] {processor.py:758} INFO - Processing file /opt/anaconda3/lib/python3.7/site-packages/airflow/example_dags/example_xcom.py for tasks to queue
[2022-10-15T23:56:14.901+0800] {logging_mixin.py:117} INFO - [2022-10-15T23:56:14.901+0800] {dagbag.py:525} INFO - Filling up the DagBag from /opt/anaconda3/lib/python3.7/site-packages/airflow/example_dags/example_xcom.py
[2022-10-15T23:56:14.934+0800] {processor.py:768} INFO - DAG(s) dict_keys(['example_xcom']) retrieved from /opt/anaconda3/lib/python3.7/site-packages/airflow/example_dags/example_xcom.py
[2022-10-15T23:56:14.978+0800] {logging_mixin.py:117} INFO - [2022-10-15T23:56:14.977+0800] {dag.py:2573} INFO - Sync 1 DAGs
[2022-10-15T23:56:15.017+0800] {logging_mixin.py:117} INFO - [2022-10-15T23:56:15.016+0800] {dag.py:3328} INFO - Setting next_dagrun for example_xcom to 2021-01-01T00:00:00+00:00, run_after=2021-01-01T00:00:00+00:00
[2022-10-15T23:56:15.047+0800] {processor.py:178} INFO - Processing /opt/anaconda3/lib/python3.7/site-packages/airflow/example_dags/example_xcom.py took 0.155 seconds
[2022-10-15T23:56:45.188+0800] {processor.py:156} INFO - Started process (PID=66346) to work on /opt/anaconda3/lib/python3.7/site-packages/airflow/example_dags/example_xcom.py
[2022-10-15T23:56:45.189+0800] {processor.py:758} INFO - Processing file /opt/anaconda3/lib/python3.7/site-packages/airflow/example_dags/example_xcom.py for tasks to queue
[2022-10-15T23:56:45.190+0800] {logging_mixin.py:117} INFO - [2022-10-15T23:56:45.190+0800] {dagbag.py:525} INFO - Filling up the DagBag from /opt/anaconda3/lib/python3.7/site-packages/airflow/example_dags/example_xcom.py
[2022-10-15T23:56:45.220+0800] {processor.py:768} INFO - DAG(s) dict_keys(['example_xcom']) retrieved from /opt/anaconda3/lib/python3.7/site-packages/airflow/example_dags/example_xcom.py
[2022-10-15T23:56:45.261+0800] {logging_mixin.py:117} INFO - [2022-10-15T23:56:45.261+0800] {dag.py:2573} INFO - Sync 1 DAGs
[2022-10-15T23:56:45.292+0800] {logging_mixin.py:117} INFO - [2022-10-15T23:56:45.291+0800] {dag.py:3328} INFO - Setting next_dagrun for example_xcom to 2021-01-01T00:00:00+00:00, run_after=2021-01-01T00:00:00+00:00
[2022-10-15T23:56:45.319+0800] {processor.py:178} INFO - Processing /opt/anaconda3/lib/python3.7/site-packages/airflow/example_dags/example_xcom.py took 0.138 seconds
[2022-10-15T23:57:15.488+0800] {processor.py:156} INFO - Started process (PID=66467) to work on /opt/anaconda3/lib/python3.7/site-packages/airflow/example_dags/example_xcom.py
[2022-10-15T23:57:15.490+0800] {processor.py:758} INFO - Processing file /opt/anaconda3/lib/python3.7/site-packages/airflow/example_dags/example_xcom.py for tasks to queue
[2022-10-15T23:57:15.491+0800] {logging_mixin.py:117} INFO - [2022-10-15T23:57:15.491+0800] {dagbag.py:525} INFO - Filling up the DagBag from /opt/anaconda3/lib/python3.7/site-packages/airflow/example_dags/example_xcom.py
[2022-10-15T23:57:15.521+0800] {processor.py:768} INFO - DAG(s) dict_keys(['example_xcom']) retrieved from /opt/anaconda3/lib/python3.7/site-packages/airflow/example_dags/example_xcom.py
[2022-10-15T23:57:15.560+0800] {logging_mixin.py:117} INFO - [2022-10-15T23:57:15.560+0800] {dag.py:2573} INFO - Sync 1 DAGs
[2022-10-15T23:57:15.590+0800] {logging_mixin.py:117} INFO - [2022-10-15T23:57:15.590+0800] {dag.py:3328} INFO - Setting next_dagrun for example_xcom to 2021-01-01T00:00:00+00:00, run_after=2021-01-01T00:00:00+00:00
[2022-10-15T23:57:15.614+0800] {processor.py:178} INFO - Processing /opt/anaconda3/lib/python3.7/site-packages/airflow/example_dags/example_xcom.py took 0.132 seconds
[2022-10-15T23:57:45.790+0800] {processor.py:156} INFO - Started process (PID=66616) to work on /opt/anaconda3/lib/python3.7/site-packages/airflow/example_dags/example_xcom.py
[2022-10-15T23:57:45.793+0800] {processor.py:758} INFO - Processing file /opt/anaconda3/lib/python3.7/site-packages/airflow/example_dags/example_xcom.py for tasks to queue
[2022-10-15T23:57:45.794+0800] {logging_mixin.py:117} INFO - [2022-10-15T23:57:45.794+0800] {dagbag.py:525} INFO - Filling up the DagBag from /opt/anaconda3/lib/python3.7/site-packages/airflow/example_dags/example_xcom.py
[2022-10-15T23:57:45.825+0800] {processor.py:768} INFO - DAG(s) dict_keys(['example_xcom']) retrieved from /opt/anaconda3/lib/python3.7/site-packages/airflow/example_dags/example_xcom.py
[2022-10-15T23:57:45.864+0800] {logging_mixin.py:117} INFO - [2022-10-15T23:57:45.864+0800] {dag.py:2573} INFO - Sync 1 DAGs
[2022-10-15T23:57:45.895+0800] {logging_mixin.py:117} INFO - [2022-10-15T23:57:45.895+0800] {dag.py:3328} INFO - Setting next_dagrun for example_xcom to 2021-01-01T00:00:00+00:00, run_after=2021-01-01T00:00:00+00:00
[2022-10-15T23:57:45.919+0800] {processor.py:178} INFO - Processing /opt/anaconda3/lib/python3.7/site-packages/airflow/example_dags/example_xcom.py took 0.135 seconds
[2022-10-15T23:58:23.290+0800] {processor.py:156} INFO - Started process (PID=66797) to work on /opt/anaconda3/lib/python3.7/site-packages/airflow/example_dags/example_xcom.py
[2022-10-15T23:58:23.292+0800] {processor.py:758} INFO - Processing file /opt/anaconda3/lib/python3.7/site-packages/airflow/example_dags/example_xcom.py for tasks to queue
[2022-10-15T23:58:23.293+0800] {logging_mixin.py:117} INFO - [2022-10-15T23:58:23.293+0800] {dagbag.py:525} INFO - Filling up the DagBag from /opt/anaconda3/lib/python3.7/site-packages/airflow/example_dags/example_xcom.py
[2022-10-15T23:58:23.334+0800] {processor.py:768} INFO - DAG(s) dict_keys(['example_xcom']) retrieved from /opt/anaconda3/lib/python3.7/site-packages/airflow/example_dags/example_xcom.py
[2022-10-15T23:58:23.373+0800] {logging_mixin.py:117} INFO - [2022-10-15T23:58:23.372+0800] {dag.py:2573} INFO - Sync 1 DAGs
[2022-10-15T23:58:23.409+0800] {logging_mixin.py:117} INFO - [2022-10-15T23:58:23.408+0800] {dag.py:3328} INFO - Setting next_dagrun for example_xcom to 2021-01-01T00:00:00+00:00, run_after=2021-01-01T00:00:00+00:00
[2022-10-15T23:58:23.432+0800] {processor.py:178} INFO - Processing /opt/anaconda3/lib/python3.7/site-packages/airflow/example_dags/example_xcom.py took 0.147 seconds
[2022-10-15T23:58:54.491+0800] {processor.py:156} INFO - Started process (PID=66912) to work on /opt/anaconda3/lib/python3.7/site-packages/airflow/example_dags/example_xcom.py
[2022-10-15T23:58:54.494+0800] {processor.py:758} INFO - Processing file /opt/anaconda3/lib/python3.7/site-packages/airflow/example_dags/example_xcom.py for tasks to queue
[2022-10-15T23:58:54.495+0800] {logging_mixin.py:117} INFO - [2022-10-15T23:58:54.495+0800] {dagbag.py:525} INFO - Filling up the DagBag from /opt/anaconda3/lib/python3.7/site-packages/airflow/example_dags/example_xcom.py
[2022-10-15T23:58:54.545+0800] {processor.py:768} INFO - DAG(s) dict_keys(['example_xcom']) retrieved from /opt/anaconda3/lib/python3.7/site-packages/airflow/example_dags/example_xcom.py
[2022-10-15T23:58:54.714+0800] {logging_mixin.py:117} INFO - [2022-10-15T23:58:54.714+0800] {dag.py:2573} INFO - Sync 1 DAGs
[2022-10-15T23:58:54.763+0800] {logging_mixin.py:117} INFO - [2022-10-15T23:58:54.763+0800] {dag.py:3328} INFO - Setting next_dagrun for example_xcom to 2021-01-01T00:00:00+00:00, run_after=2021-01-01T00:00:00+00:00
[2022-10-15T23:58:54.798+0800] {processor.py:178} INFO - Processing /opt/anaconda3/lib/python3.7/site-packages/airflow/example_dags/example_xcom.py took 0.313 seconds
[2022-10-15T23:59:24.952+0800] {processor.py:156} INFO - Started process (PID=67031) to work on /opt/anaconda3/lib/python3.7/site-packages/airflow/example_dags/example_xcom.py
[2022-10-15T23:59:24.954+0800] {processor.py:758} INFO - Processing file /opt/anaconda3/lib/python3.7/site-packages/airflow/example_dags/example_xcom.py for tasks to queue
[2022-10-15T23:59:24.956+0800] {logging_mixin.py:117} INFO - [2022-10-15T23:59:24.956+0800] {dagbag.py:525} INFO - Filling up the DagBag from /opt/anaconda3/lib/python3.7/site-packages/airflow/example_dags/example_xcom.py
[2022-10-15T23:59:25.008+0800] {processor.py:768} INFO - DAG(s) dict_keys(['example_xcom']) retrieved from /opt/anaconda3/lib/python3.7/site-packages/airflow/example_dags/example_xcom.py
[2022-10-15T23:59:25.075+0800] {logging_mixin.py:117} INFO - [2022-10-15T23:59:25.075+0800] {dag.py:2573} INFO - Sync 1 DAGs
[2022-10-15T23:59:25.110+0800] {logging_mixin.py:117} INFO - [2022-10-15T23:59:25.110+0800] {dag.py:3328} INFO - Setting next_dagrun for example_xcom to 2021-01-01T00:00:00+00:00, run_after=2021-01-01T00:00:00+00:00
[2022-10-15T23:59:25.134+0800] {processor.py:178} INFO - Processing /opt/anaconda3/lib/python3.7/site-packages/airflow/example_dags/example_xcom.py took 0.189 seconds
[2022-10-15T23:59:55.256+0800] {processor.py:156} INFO - Started process (PID=67174) to work on /opt/anaconda3/lib/python3.7/site-packages/airflow/example_dags/example_xcom.py
[2022-10-15T23:59:55.258+0800] {processor.py:758} INFO - Processing file /opt/anaconda3/lib/python3.7/site-packages/airflow/example_dags/example_xcom.py for tasks to queue
[2022-10-15T23:59:55.259+0800] {logging_mixin.py:117} INFO - [2022-10-15T23:59:55.259+0800] {dagbag.py:525} INFO - Filling up the DagBag from /opt/anaconda3/lib/python3.7/site-packages/airflow/example_dags/example_xcom.py
[2022-10-15T23:59:55.299+0800] {processor.py:768} INFO - DAG(s) dict_keys(['example_xcom']) retrieved from /opt/anaconda3/lib/python3.7/site-packages/airflow/example_dags/example_xcom.py
[2022-10-15T23:59:55.364+0800] {logging_mixin.py:117} INFO - [2022-10-15T23:59:55.363+0800] {dag.py:2573} INFO - Sync 1 DAGs
[2022-10-15T23:59:55.396+0800] {logging_mixin.py:117} INFO - [2022-10-15T23:59:55.395+0800] {dag.py:3328} INFO - Setting next_dagrun for example_xcom to 2021-01-01T00:00:00+00:00, run_after=2021-01-01T00:00:00+00:00
[2022-10-15T23:59:55.419+0800] {processor.py:178} INFO - Processing /opt/anaconda3/lib/python3.7/site-packages/airflow/example_dags/example_xcom.py took 0.170 seconds
[2022-10-16T00:00:25.747+0800] {processor.py:156} INFO - Started process (PID=67303) to work on /opt/anaconda3/lib/python3.7/site-packages/airflow/example_dags/example_xcom.py
[2022-10-16T00:00:25.750+0800] {processor.py:758} INFO - Processing file /opt/anaconda3/lib/python3.7/site-packages/airflow/example_dags/example_xcom.py for tasks to queue
[2022-10-16T00:00:25.752+0800] {logging_mixin.py:117} INFO - [2022-10-16T00:00:25.751+0800] {dagbag.py:525} INFO - Filling up the DagBag from /opt/anaconda3/lib/python3.7/site-packages/airflow/example_dags/example_xcom.py
[2022-10-16T00:00:25.795+0800] {processor.py:768} INFO - DAG(s) dict_keys(['example_xcom']) retrieved from /opt/anaconda3/lib/python3.7/site-packages/airflow/example_dags/example_xcom.py
[2022-10-16T00:00:25.870+0800] {logging_mixin.py:117} INFO - [2022-10-16T00:00:25.869+0800] {dag.py:2573} INFO - Sync 1 DAGs
[2022-10-16T00:00:25.907+0800] {logging_mixin.py:117} INFO - [2022-10-16T00:00:25.907+0800] {dag.py:3328} INFO - Setting next_dagrun for example_xcom to 2021-01-01T00:00:00+00:00, run_after=2021-01-01T00:00:00+00:00
[2022-10-16T00:00:25.938+0800] {processor.py:178} INFO - Processing /opt/anaconda3/lib/python3.7/site-packages/airflow/example_dags/example_xcom.py took 0.197 seconds
[2022-10-16T00:00:56.173+0800] {processor.py:156} INFO - Started process (PID=67473) to work on /opt/anaconda3/lib/python3.7/site-packages/airflow/example_dags/example_xcom.py
[2022-10-16T00:00:56.174+0800] {processor.py:758} INFO - Processing file /opt/anaconda3/lib/python3.7/site-packages/airflow/example_dags/example_xcom.py for tasks to queue
[2022-10-16T00:00:56.176+0800] {logging_mixin.py:117} INFO - [2022-10-16T00:00:56.176+0800] {dagbag.py:525} INFO - Filling up the DagBag from /opt/anaconda3/lib/python3.7/site-packages/airflow/example_dags/example_xcom.py
[2022-10-16T00:00:56.216+0800] {processor.py:768} INFO - DAG(s) dict_keys(['example_xcom']) retrieved from /opt/anaconda3/lib/python3.7/site-packages/airflow/example_dags/example_xcom.py
[2022-10-16T00:00:56.275+0800] {logging_mixin.py:117} INFO - [2022-10-16T00:00:56.275+0800] {dag.py:2573} INFO - Sync 1 DAGs
[2022-10-16T00:00:56.313+0800] {logging_mixin.py:117} INFO - [2022-10-16T00:00:56.312+0800] {dag.py:3328} INFO - Setting next_dagrun for example_xcom to 2021-01-01T00:00:00+00:00, run_after=2021-01-01T00:00:00+00:00
[2022-10-16T00:00:56.340+0800] {processor.py:178} INFO - Processing /opt/anaconda3/lib/python3.7/site-packages/airflow/example_dags/example_xcom.py took 0.173 seconds
[2022-10-16T00:01:26.571+0800] {processor.py:156} INFO - Started process (PID=67565) to work on /opt/anaconda3/lib/python3.7/site-packages/airflow/example_dags/example_xcom.py
[2022-10-16T00:01:26.573+0800] {processor.py:758} INFO - Processing file /opt/anaconda3/lib/python3.7/site-packages/airflow/example_dags/example_xcom.py for tasks to queue
[2022-10-16T00:01:26.574+0800] {logging_mixin.py:117} INFO - [2022-10-16T00:01:26.574+0800] {dagbag.py:525} INFO - Filling up the DagBag from /opt/anaconda3/lib/python3.7/site-packages/airflow/example_dags/example_xcom.py
[2022-10-16T00:01:26.613+0800] {processor.py:768} INFO - DAG(s) dict_keys(['example_xcom']) retrieved from /opt/anaconda3/lib/python3.7/site-packages/airflow/example_dags/example_xcom.py
[2022-10-16T00:01:26.677+0800] {logging_mixin.py:117} INFO - [2022-10-16T00:01:26.676+0800] {dag.py:2573} INFO - Sync 1 DAGs
[2022-10-16T00:01:26.715+0800] {logging_mixin.py:117} INFO - [2022-10-16T00:01:26.715+0800] {dag.py:3328} INFO - Setting next_dagrun for example_xcom to 2021-01-01T00:00:00+00:00, run_after=2021-01-01T00:00:00+00:00
[2022-10-16T00:01:26.750+0800] {processor.py:178} INFO - Processing /opt/anaconda3/lib/python3.7/site-packages/airflow/example_dags/example_xcom.py took 0.186 seconds
[2022-10-16T00:01:57.086+0800] {processor.py:156} INFO - Started process (PID=67655) to work on /opt/anaconda3/lib/python3.7/site-packages/airflow/example_dags/example_xcom.py
[2022-10-16T00:01:57.088+0800] {processor.py:758} INFO - Processing file /opt/anaconda3/lib/python3.7/site-packages/airflow/example_dags/example_xcom.py for tasks to queue
[2022-10-16T00:01:57.089+0800] {logging_mixin.py:117} INFO - [2022-10-16T00:01:57.089+0800] {dagbag.py:525} INFO - Filling up the DagBag from /opt/anaconda3/lib/python3.7/site-packages/airflow/example_dags/example_xcom.py
[2022-10-16T00:01:57.137+0800] {processor.py:768} INFO - DAG(s) dict_keys(['example_xcom']) retrieved from /opt/anaconda3/lib/python3.7/site-packages/airflow/example_dags/example_xcom.py
[2022-10-16T00:01:57.206+0800] {logging_mixin.py:117} INFO - [2022-10-16T00:01:57.206+0800] {dag.py:2573} INFO - Sync 1 DAGs
[2022-10-16T00:01:57.240+0800] {logging_mixin.py:117} INFO - [2022-10-16T00:01:57.239+0800] {dag.py:3328} INFO - Setting next_dagrun for example_xcom to 2021-01-01T00:00:00+00:00, run_after=2021-01-01T00:00:00+00:00
[2022-10-16T00:01:57.264+0800] {processor.py:178} INFO - Processing /opt/anaconda3/lib/python3.7/site-packages/airflow/example_dags/example_xcom.py took 0.185 seconds
[2022-10-16T00:04:06.951+0800] {processor.py:156} INFO - Started process (PID=68522) to work on /opt/anaconda3/lib/python3.7/site-packages/airflow/example_dags/example_xcom.py
[2022-10-16T00:04:06.953+0800] {processor.py:758} INFO - Processing file /opt/anaconda3/lib/python3.7/site-packages/airflow/example_dags/example_xcom.py for tasks to queue
[2022-10-16T00:04:06.954+0800] {logging_mixin.py:117} INFO - [2022-10-16T00:04:06.954+0800] {dagbag.py:525} INFO - Filling up the DagBag from /opt/anaconda3/lib/python3.7/site-packages/airflow/example_dags/example_xcom.py
[2022-10-16T00:04:06.992+0800] {processor.py:768} INFO - DAG(s) dict_keys(['example_xcom']) retrieved from /opt/anaconda3/lib/python3.7/site-packages/airflow/example_dags/example_xcom.py
[2022-10-16T00:04:07.034+0800] {logging_mixin.py:117} INFO - [2022-10-16T00:04:07.033+0800] {dag.py:2573} INFO - Sync 1 DAGs
[2022-10-16T00:04:07.086+0800] {logging_mixin.py:117} INFO - [2022-10-16T00:04:07.086+0800] {dag.py:3328} INFO - Setting next_dagrun for example_xcom to 2021-01-01T00:00:00+00:00, run_after=2021-01-01T00:00:00+00:00
[2022-10-16T00:04:07.132+0800] {processor.py:178} INFO - Processing /opt/anaconda3/lib/python3.7/site-packages/airflow/example_dags/example_xcom.py took 0.186 seconds
[2022-10-16T00:04:37.504+0800] {processor.py:156} INFO - Started process (PID=68637) to work on /opt/anaconda3/lib/python3.7/site-packages/airflow/example_dags/example_xcom.py
[2022-10-16T00:04:37.506+0800] {processor.py:758} INFO - Processing file /opt/anaconda3/lib/python3.7/site-packages/airflow/example_dags/example_xcom.py for tasks to queue
[2022-10-16T00:04:37.507+0800] {logging_mixin.py:117} INFO - [2022-10-16T00:04:37.507+0800] {dagbag.py:525} INFO - Filling up the DagBag from /opt/anaconda3/lib/python3.7/site-packages/airflow/example_dags/example_xcom.py
[2022-10-16T00:04:37.553+0800] {processor.py:768} INFO - DAG(s) dict_keys(['example_xcom']) retrieved from /opt/anaconda3/lib/python3.7/site-packages/airflow/example_dags/example_xcom.py
[2022-10-16T00:04:37.622+0800] {logging_mixin.py:117} INFO - [2022-10-16T00:04:37.621+0800] {dag.py:2573} INFO - Sync 1 DAGs
[2022-10-16T00:04:37.661+0800] {logging_mixin.py:117} INFO - [2022-10-16T00:04:37.660+0800] {dag.py:3328} INFO - Setting next_dagrun for example_xcom to 2021-01-01T00:00:00+00:00, run_after=2021-01-01T00:00:00+00:00
[2022-10-16T00:04:37.688+0800] {processor.py:178} INFO - Processing /opt/anaconda3/lib/python3.7/site-packages/airflow/example_dags/example_xcom.py took 0.192 seconds
[2022-10-16T00:05:04.986+0800] {processor.py:156} INFO - Started process (PID=68752) to work on /opt/anaconda3/lib/python3.7/site-packages/airflow/example_dags/example_xcom.py
[2022-10-16T00:05:04.988+0800] {processor.py:758} INFO - Processing file /opt/anaconda3/lib/python3.7/site-packages/airflow/example_dags/example_xcom.py for tasks to queue
[2022-10-16T00:05:04.989+0800] {logging_mixin.py:117} INFO - [2022-10-16T00:05:04.989+0800] {dagbag.py:525} INFO - Filling up the DagBag from /opt/anaconda3/lib/python3.7/site-packages/airflow/example_dags/example_xcom.py
[2022-10-16T00:05:05.236+0800] {processor.py:768} INFO - DAG(s) dict_keys(['example_xcom']) retrieved from /opt/anaconda3/lib/python3.7/site-packages/airflow/example_dags/example_xcom.py
[2022-10-16T00:05:05.266+0800] {logging_mixin.py:117} INFO - [2022-10-16T00:05:05.266+0800] {dag.py:2573} INFO - Sync 1 DAGs
[2022-10-16T00:05:05.292+0800] {logging_mixin.py:117} INFO - [2022-10-16T00:05:05.292+0800] {dag.py:3328} INFO - Setting next_dagrun for example_xcom to 2021-01-01T00:00:00+00:00, run_after=2021-01-01T00:00:00+00:00
[2022-10-16T00:05:05.315+0800] {processor.py:178} INFO - Processing /opt/anaconda3/lib/python3.7/site-packages/airflow/example_dags/example_xcom.py took 0.337 seconds
[2022-10-16T00:05:35.774+0800] {processor.py:156} INFO - Started process (PID=68876) to work on /opt/anaconda3/lib/python3.7/site-packages/airflow/example_dags/example_xcom.py
[2022-10-16T00:05:35.776+0800] {processor.py:758} INFO - Processing file /opt/anaconda3/lib/python3.7/site-packages/airflow/example_dags/example_xcom.py for tasks to queue
[2022-10-16T00:05:35.777+0800] {logging_mixin.py:117} INFO - [2022-10-16T00:05:35.777+0800] {dagbag.py:525} INFO - Filling up the DagBag from /opt/anaconda3/lib/python3.7/site-packages/airflow/example_dags/example_xcom.py
[2022-10-16T00:05:35.808+0800] {processor.py:768} INFO - DAG(s) dict_keys(['example_xcom']) retrieved from /opt/anaconda3/lib/python3.7/site-packages/airflow/example_dags/example_xcom.py
[2022-10-16T00:05:35.853+0800] {logging_mixin.py:117} INFO - [2022-10-16T00:05:35.852+0800] {dag.py:2573} INFO - Sync 1 DAGs
[2022-10-16T00:05:35.887+0800] {logging_mixin.py:117} INFO - [2022-10-16T00:05:35.887+0800] {dag.py:3328} INFO - Setting next_dagrun for example_xcom to 2021-01-01T00:00:00+00:00, run_after=2021-01-01T00:00:00+00:00
[2022-10-16T00:05:35.912+0800] {processor.py:178} INFO - Processing /opt/anaconda3/lib/python3.7/site-packages/airflow/example_dags/example_xcom.py took 0.144 seconds
[2022-10-16T00:06:48.808+0800] {processor.py:156} INFO - Started process (PID=69134) to work on /opt/anaconda3/lib/python3.7/site-packages/airflow/example_dags/example_xcom.py
[2022-10-16T00:06:48.822+0800] {processor.py:758} INFO - Processing file /opt/anaconda3/lib/python3.7/site-packages/airflow/example_dags/example_xcom.py for tasks to queue
[2022-10-16T00:06:48.824+0800] {logging_mixin.py:117} INFO - [2022-10-16T00:06:48.823+0800] {dagbag.py:525} INFO - Filling up the DagBag from /opt/anaconda3/lib/python3.7/site-packages/airflow/example_dags/example_xcom.py
[2022-10-16T00:06:48.864+0800] {processor.py:768} INFO - DAG(s) dict_keys(['example_xcom']) retrieved from /opt/anaconda3/lib/python3.7/site-packages/airflow/example_dags/example_xcom.py
[2022-10-16T00:06:48.916+0800] {logging_mixin.py:117} INFO - [2022-10-16T00:06:48.915+0800] {dag.py:2573} INFO - Sync 1 DAGs
[2022-10-16T00:06:48.958+0800] {logging_mixin.py:117} INFO - [2022-10-16T00:06:48.957+0800] {dag.py:3328} INFO - Setting next_dagrun for example_xcom to 2021-01-01T00:00:00+00:00, run_after=2021-01-01T00:00:00+00:00
[2022-10-16T00:06:49.043+0800] {processor.py:178} INFO - Processing /opt/anaconda3/lib/python3.7/site-packages/airflow/example_dags/example_xcom.py took 0.240 seconds
[2022-10-16T00:07:19.439+0800] {processor.py:156} INFO - Started process (PID=69270) to work on /opt/anaconda3/lib/python3.7/site-packages/airflow/example_dags/example_xcom.py
[2022-10-16T00:07:19.441+0800] {processor.py:758} INFO - Processing file /opt/anaconda3/lib/python3.7/site-packages/airflow/example_dags/example_xcom.py for tasks to queue
[2022-10-16T00:07:19.443+0800] {logging_mixin.py:117} INFO - [2022-10-16T00:07:19.442+0800] {dagbag.py:525} INFO - Filling up the DagBag from /opt/anaconda3/lib/python3.7/site-packages/airflow/example_dags/example_xcom.py
[2022-10-16T00:07:19.487+0800] {processor.py:768} INFO - DAG(s) dict_keys(['example_xcom']) retrieved from /opt/anaconda3/lib/python3.7/site-packages/airflow/example_dags/example_xcom.py
[2022-10-16T00:07:19.598+0800] {logging_mixin.py:117} INFO - [2022-10-16T00:07:19.597+0800] {dag.py:2573} INFO - Sync 1 DAGs
[2022-10-16T00:07:19.754+0800] {logging_mixin.py:117} INFO - [2022-10-16T00:07:19.753+0800] {dag.py:3328} INFO - Setting next_dagrun for example_xcom to 2021-01-01T00:00:00+00:00, run_after=2021-01-01T00:00:00+00:00
[2022-10-16T00:07:19.790+0800] {processor.py:178} INFO - Processing /opt/anaconda3/lib/python3.7/site-packages/airflow/example_dags/example_xcom.py took 0.362 seconds
[2022-10-16T00:07:50.102+0800] {processor.py:156} INFO - Started process (PID=69431) to work on /opt/anaconda3/lib/python3.7/site-packages/airflow/example_dags/example_xcom.py
[2022-10-16T00:07:50.104+0800] {processor.py:758} INFO - Processing file /opt/anaconda3/lib/python3.7/site-packages/airflow/example_dags/example_xcom.py for tasks to queue
[2022-10-16T00:07:50.106+0800] {logging_mixin.py:117} INFO - [2022-10-16T00:07:50.105+0800] {dagbag.py:525} INFO - Filling up the DagBag from /opt/anaconda3/lib/python3.7/site-packages/airflow/example_dags/example_xcom.py
[2022-10-16T00:07:50.148+0800] {processor.py:768} INFO - DAG(s) dict_keys(['example_xcom']) retrieved from /opt/anaconda3/lib/python3.7/site-packages/airflow/example_dags/example_xcom.py
[2022-10-16T00:07:50.217+0800] {logging_mixin.py:117} INFO - [2022-10-16T00:07:50.216+0800] {dag.py:2573} INFO - Sync 1 DAGs
[2022-10-16T00:07:50.256+0800] {logging_mixin.py:117} INFO - [2022-10-16T00:07:50.255+0800] {dag.py:3328} INFO - Setting next_dagrun for example_xcom to 2021-01-01T00:00:00+00:00, run_after=2021-01-01T00:00:00+00:00
[2022-10-16T00:07:50.286+0800] {processor.py:178} INFO - Processing /opt/anaconda3/lib/python3.7/site-packages/airflow/example_dags/example_xcom.py took 0.195 seconds
[2022-10-16T00:08:05.907+0800] {processor.py:156} INFO - Started process (PID=69510) to work on /opt/anaconda3/lib/python3.7/site-packages/airflow/example_dags/example_xcom.py
[2022-10-16T00:08:05.909+0800] {processor.py:758} INFO - Processing file /opt/anaconda3/lib/python3.7/site-packages/airflow/example_dags/example_xcom.py for tasks to queue
[2022-10-16T00:08:05.910+0800] {logging_mixin.py:117} INFO - [2022-10-16T00:08:05.910+0800] {dagbag.py:525} INFO - Filling up the DagBag from /opt/anaconda3/lib/python3.7/site-packages/airflow/example_dags/example_xcom.py
[2022-10-16T00:08:05.947+0800] {processor.py:768} INFO - DAG(s) dict_keys(['example_xcom']) retrieved from /opt/anaconda3/lib/python3.7/site-packages/airflow/example_dags/example_xcom.py
[2022-10-16T00:08:05.976+0800] {logging_mixin.py:117} INFO - [2022-10-16T00:08:05.975+0800] {dag.py:2573} INFO - Sync 1 DAGs
[2022-10-16T00:08:06.008+0800] {logging_mixin.py:117} INFO - [2022-10-16T00:08:06.008+0800] {dag.py:3328} INFO - Setting next_dagrun for example_xcom to 2021-01-01T00:00:00+00:00, run_after=2021-01-01T00:00:00+00:00
[2022-10-16T00:08:06.032+0800] {processor.py:178} INFO - Processing /opt/anaconda3/lib/python3.7/site-packages/airflow/example_dags/example_xcom.py took 0.131 seconds
[2022-10-16T00:08:37.014+0800] {processor.py:156} INFO - Started process (PID=69726) to work on /opt/anaconda3/lib/python3.7/site-packages/airflow/example_dags/example_xcom.py
[2022-10-16T00:08:37.016+0800] {processor.py:758} INFO - Processing file /opt/anaconda3/lib/python3.7/site-packages/airflow/example_dags/example_xcom.py for tasks to queue
[2022-10-16T00:08:37.017+0800] {logging_mixin.py:117} INFO - [2022-10-16T00:08:37.017+0800] {dagbag.py:525} INFO - Filling up the DagBag from /opt/anaconda3/lib/python3.7/site-packages/airflow/example_dags/example_xcom.py
[2022-10-16T00:08:37.046+0800] {processor.py:768} INFO - DAG(s) dict_keys(['example_xcom']) retrieved from /opt/anaconda3/lib/python3.7/site-packages/airflow/example_dags/example_xcom.py
[2022-10-16T00:08:37.074+0800] {logging_mixin.py:117} INFO - [2022-10-16T00:08:37.074+0800] {dag.py:2573} INFO - Sync 1 DAGs
[2022-10-16T00:08:37.104+0800] {logging_mixin.py:117} INFO - [2022-10-16T00:08:37.103+0800] {dag.py:3328} INFO - Setting next_dagrun for example_xcom to 2021-01-01T00:00:00+00:00, run_after=2021-01-01T00:00:00+00:00
[2022-10-16T00:08:37.129+0800] {processor.py:178} INFO - Processing /opt/anaconda3/lib/python3.7/site-packages/airflow/example_dags/example_xcom.py took 0.122 seconds
[2022-10-16T00:09:07.428+0800] {processor.py:156} INFO - Started process (PID=69849) to work on /opt/anaconda3/lib/python3.7/site-packages/airflow/example_dags/example_xcom.py
[2022-10-16T00:09:07.430+0800] {processor.py:758} INFO - Processing file /opt/anaconda3/lib/python3.7/site-packages/airflow/example_dags/example_xcom.py for tasks to queue
[2022-10-16T00:09:07.431+0800] {logging_mixin.py:117} INFO - [2022-10-16T00:09:07.430+0800] {dagbag.py:525} INFO - Filling up the DagBag from /opt/anaconda3/lib/python3.7/site-packages/airflow/example_dags/example_xcom.py
[2022-10-16T00:09:07.460+0800] {processor.py:768} INFO - DAG(s) dict_keys(['example_xcom']) retrieved from /opt/anaconda3/lib/python3.7/site-packages/airflow/example_dags/example_xcom.py
[2022-10-16T00:09:07.493+0800] {logging_mixin.py:117} INFO - [2022-10-16T00:09:07.492+0800] {dag.py:2573} INFO - Sync 1 DAGs
[2022-10-16T00:09:07.526+0800] {logging_mixin.py:117} INFO - [2022-10-16T00:09:07.525+0800] {dag.py:3328} INFO - Setting next_dagrun for example_xcom to 2021-01-01T00:00:00+00:00, run_after=2021-01-01T00:00:00+00:00
[2022-10-16T00:09:07.550+0800] {processor.py:178} INFO - Processing /opt/anaconda3/lib/python3.7/site-packages/airflow/example_dags/example_xcom.py took 0.128 seconds
[2022-10-16T00:09:38.252+0800] {processor.py:156} INFO - Started process (PID=69979) to work on /opt/anaconda3/lib/python3.7/site-packages/airflow/example_dags/example_xcom.py
[2022-10-16T00:09:38.255+0800] {processor.py:758} INFO - Processing file /opt/anaconda3/lib/python3.7/site-packages/airflow/example_dags/example_xcom.py for tasks to queue
[2022-10-16T00:09:38.256+0800] {logging_mixin.py:117} INFO - [2022-10-16T00:09:38.255+0800] {dagbag.py:525} INFO - Filling up the DagBag from /opt/anaconda3/lib/python3.7/site-packages/airflow/example_dags/example_xcom.py
[2022-10-16T00:09:38.287+0800] {processor.py:768} INFO - DAG(s) dict_keys(['example_xcom']) retrieved from /opt/anaconda3/lib/python3.7/site-packages/airflow/example_dags/example_xcom.py
[2022-10-16T00:09:38.329+0800] {logging_mixin.py:117} INFO - [2022-10-16T00:09:38.327+0800] {dag.py:2573} INFO - Sync 1 DAGs
[2022-10-16T00:09:38.369+0800] {logging_mixin.py:117} INFO - [2022-10-16T00:09:38.369+0800] {dag.py:3328} INFO - Setting next_dagrun for example_xcom to 2021-01-01T00:00:00+00:00, run_after=2021-01-01T00:00:00+00:00
[2022-10-16T00:09:38.394+0800] {processor.py:178} INFO - Processing /opt/anaconda3/lib/python3.7/site-packages/airflow/example_dags/example_xcom.py took 0.148 seconds
[2022-10-16T00:10:08.454+0800] {processor.py:156} INFO - Started process (PID=70110) to work on /opt/anaconda3/lib/python3.7/site-packages/airflow/example_dags/example_xcom.py
[2022-10-16T00:10:08.455+0800] {processor.py:758} INFO - Processing file /opt/anaconda3/lib/python3.7/site-packages/airflow/example_dags/example_xcom.py for tasks to queue
[2022-10-16T00:10:08.457+0800] {logging_mixin.py:117} INFO - [2022-10-16T00:10:08.456+0800] {dagbag.py:525} INFO - Filling up the DagBag from /opt/anaconda3/lib/python3.7/site-packages/airflow/example_dags/example_xcom.py
[2022-10-16T00:10:08.485+0800] {processor.py:768} INFO - DAG(s) dict_keys(['example_xcom']) retrieved from /opt/anaconda3/lib/python3.7/site-packages/airflow/example_dags/example_xcom.py
[2022-10-16T00:10:08.516+0800] {logging_mixin.py:117} INFO - [2022-10-16T00:10:08.516+0800] {dag.py:2573} INFO - Sync 1 DAGs
[2022-10-16T00:10:08.545+0800] {logging_mixin.py:117} INFO - [2022-10-16T00:10:08.545+0800] {dag.py:3328} INFO - Setting next_dagrun for example_xcom to 2021-01-01T00:00:00+00:00, run_after=2021-01-01T00:00:00+00:00
[2022-10-16T00:10:08.569+0800] {processor.py:178} INFO - Processing /opt/anaconda3/lib/python3.7/site-packages/airflow/example_dags/example_xcom.py took 0.122 seconds
[2022-10-16T00:10:38.762+0800] {processor.py:156} INFO - Started process (PID=70248) to work on /opt/anaconda3/lib/python3.7/site-packages/airflow/example_dags/example_xcom.py
[2022-10-16T00:10:38.763+0800] {processor.py:758} INFO - Processing file /opt/anaconda3/lib/python3.7/site-packages/airflow/example_dags/example_xcom.py for tasks to queue
[2022-10-16T00:10:38.765+0800] {logging_mixin.py:117} INFO - [2022-10-16T00:10:38.764+0800] {dagbag.py:525} INFO - Filling up the DagBag from /opt/anaconda3/lib/python3.7/site-packages/airflow/example_dags/example_xcom.py
[2022-10-16T00:10:38.795+0800] {processor.py:768} INFO - DAG(s) dict_keys(['example_xcom']) retrieved from /opt/anaconda3/lib/python3.7/site-packages/airflow/example_dags/example_xcom.py
[2022-10-16T00:10:38.828+0800] {logging_mixin.py:117} INFO - [2022-10-16T00:10:38.828+0800] {dag.py:2573} INFO - Sync 1 DAGs
[2022-10-16T00:10:38.860+0800] {logging_mixin.py:117} INFO - [2022-10-16T00:10:38.860+0800] {dag.py:3328} INFO - Setting next_dagrun for example_xcom to 2021-01-01T00:00:00+00:00, run_after=2021-01-01T00:00:00+00:00
[2022-10-16T00:10:38.885+0800] {processor.py:178} INFO - Processing /opt/anaconda3/lib/python3.7/site-packages/airflow/example_dags/example_xcom.py took 0.129 seconds
[2022-10-16T00:11:09.131+0800] {processor.py:156} INFO - Started process (PID=70379) to work on /opt/anaconda3/lib/python3.7/site-packages/airflow/example_dags/example_xcom.py
[2022-10-16T00:11:09.133+0800] {processor.py:758} INFO - Processing file /opt/anaconda3/lib/python3.7/site-packages/airflow/example_dags/example_xcom.py for tasks to queue
[2022-10-16T00:11:09.134+0800] {logging_mixin.py:117} INFO - [2022-10-16T00:11:09.134+0800] {dagbag.py:525} INFO - Filling up the DagBag from /opt/anaconda3/lib/python3.7/site-packages/airflow/example_dags/example_xcom.py
[2022-10-16T00:11:09.162+0800] {processor.py:768} INFO - DAG(s) dict_keys(['example_xcom']) retrieved from /opt/anaconda3/lib/python3.7/site-packages/airflow/example_dags/example_xcom.py
[2022-10-16T00:11:09.192+0800] {logging_mixin.py:117} INFO - [2022-10-16T00:11:09.192+0800] {dag.py:2573} INFO - Sync 1 DAGs
[2022-10-16T00:11:09.221+0800] {logging_mixin.py:117} INFO - [2022-10-16T00:11:09.221+0800] {dag.py:3328} INFO - Setting next_dagrun for example_xcom to 2021-01-01T00:00:00+00:00, run_after=2021-01-01T00:00:00+00:00
[2022-10-16T00:11:09.245+0800] {processor.py:178} INFO - Processing /opt/anaconda3/lib/python3.7/site-packages/airflow/example_dags/example_xcom.py took 0.122 seconds
