[2022-10-15T23:20:48.519+0800] {processor.py:156} INFO - Started process (PID=60052) to work on /opt/anaconda3/lib/python3.7/site-packages/airflow/example_dags/example_complex.py
[2022-10-15T23:20:48.521+0800] {processor.py:758} INFO - Processing file /opt/anaconda3/lib/python3.7/site-packages/airflow/example_dags/example_complex.py for tasks to queue
[2022-10-15T23:20:48.522+0800] {logging_mixin.py:117} INFO - [2022-10-15T23:20:48.522+0800] {dagbag.py:525} INFO - Filling up the DagBag from /opt/anaconda3/lib/python3.7/site-packages/airflow/example_dags/example_complex.py
[2022-10-15T23:20:48.557+0800] {processor.py:768} INFO - DAG(s) dict_keys(['example_complex']) retrieved from /opt/anaconda3/lib/python3.7/site-packages/airflow/example_dags/example_complex.py
[2022-10-15T23:20:48.620+0800] {logging_mixin.py:117} INFO - [2022-10-15T23:20:48.619+0800] {dag.py:2573} INFO - Sync 1 DAGs
[2022-10-15T23:20:48.650+0800] {logging_mixin.py:117} INFO - [2022-10-15T23:20:48.650+0800] {dag.py:3328} INFO - Setting next_dagrun for example_complex to None, run_after=None
[2022-10-15T23:20:48.678+0800] {processor.py:178} INFO - Processing /opt/anaconda3/lib/python3.7/site-packages/airflow/example_dags/example_complex.py took 0.164 seconds
[2022-10-15T23:21:31.483+0800] {processor.py:156} INFO - Started process (PID=60372) to work on /opt/anaconda3/lib/python3.7/site-packages/airflow/example_dags/example_complex.py
[2022-10-15T23:21:31.485+0800] {processor.py:758} INFO - Processing file /opt/anaconda3/lib/python3.7/site-packages/airflow/example_dags/example_complex.py for tasks to queue
[2022-10-15T23:21:31.505+0800] {logging_mixin.py:117} INFO - [2022-10-15T23:21:31.505+0800] {dagbag.py:525} INFO - Filling up the DagBag from /opt/anaconda3/lib/python3.7/site-packages/airflow/example_dags/example_complex.py
[2022-10-15T23:21:31.558+0800] {processor.py:768} INFO - DAG(s) dict_keys(['example_complex']) retrieved from /opt/anaconda3/lib/python3.7/site-packages/airflow/example_dags/example_complex.py
[2022-10-15T23:21:31.743+0800] {logging_mixin.py:117} INFO - [2022-10-15T23:21:31.742+0800] {dag.py:2573} INFO - Sync 1 DAGs
[2022-10-15T23:21:31.791+0800] {logging_mixin.py:117} INFO - [2022-10-15T23:21:31.791+0800] {dag.py:3328} INFO - Setting next_dagrun for example_complex to None, run_after=None
[2022-10-15T23:21:31.820+0800] {processor.py:178} INFO - Processing /opt/anaconda3/lib/python3.7/site-packages/airflow/example_dags/example_complex.py took 0.343 seconds
[2022-10-15T23:22:20.702+0800] {processor.py:156} INFO - Started process (PID=60535) to work on /opt/anaconda3/lib/python3.7/site-packages/airflow/example_dags/example_complex.py
[2022-10-15T23:22:20.704+0800] {processor.py:758} INFO - Processing file /opt/anaconda3/lib/python3.7/site-packages/airflow/example_dags/example_complex.py for tasks to queue
[2022-10-15T23:22:20.706+0800] {logging_mixin.py:117} INFO - [2022-10-15T23:22:20.705+0800] {dagbag.py:525} INFO - Filling up the DagBag from /opt/anaconda3/lib/python3.7/site-packages/airflow/example_dags/example_complex.py
[2022-10-15T23:22:20.749+0800] {processor.py:768} INFO - DAG(s) dict_keys(['example_complex']) retrieved from /opt/anaconda3/lib/python3.7/site-packages/airflow/example_dags/example_complex.py
[2022-10-15T23:22:20.826+0800] {logging_mixin.py:117} INFO - [2022-10-15T23:22:20.826+0800] {dag.py:2573} INFO - Sync 1 DAGs
[2022-10-15T23:22:20.861+0800] {logging_mixin.py:117} INFO - [2022-10-15T23:22:20.861+0800] {dag.py:3328} INFO - Setting next_dagrun for example_complex to None, run_after=None
[2022-10-15T23:22:20.892+0800] {processor.py:178} INFO - Processing /opt/anaconda3/lib/python3.7/site-packages/airflow/example_dags/example_complex.py took 0.195 seconds
[2022-10-15T23:27:38.720+0800] {processor.py:156} INFO - Started process (PID=61030) to work on /opt/anaconda3/lib/python3.7/site-packages/airflow/example_dags/example_complex.py
[2022-10-15T23:27:38.722+0800] {processor.py:758} INFO - Processing file /opt/anaconda3/lib/python3.7/site-packages/airflow/example_dags/example_complex.py for tasks to queue
[2022-10-15T23:27:38.724+0800] {logging_mixin.py:117} INFO - [2022-10-15T23:27:38.723+0800] {dagbag.py:525} INFO - Filling up the DagBag from /opt/anaconda3/lib/python3.7/site-packages/airflow/example_dags/example_complex.py
[2022-10-15T23:27:38.759+0800] {processor.py:768} INFO - DAG(s) dict_keys(['example_complex']) retrieved from /opt/anaconda3/lib/python3.7/site-packages/airflow/example_dags/example_complex.py
[2022-10-15T23:27:38.822+0800] {logging_mixin.py:117} INFO - [2022-10-15T23:27:38.821+0800] {dag.py:2573} INFO - Sync 1 DAGs
[2022-10-15T23:27:38.854+0800] {logging_mixin.py:117} INFO - [2022-10-15T23:27:38.854+0800] {dag.py:3328} INFO - Setting next_dagrun for example_complex to None, run_after=None
[2022-10-15T23:27:38.907+0800] {processor.py:178} INFO - Processing /opt/anaconda3/lib/python3.7/site-packages/airflow/example_dags/example_complex.py took 0.193 seconds
[2022-10-15T23:28:29.996+0800] {processor.py:156} INFO - Started process (PID=61117) to work on /opt/anaconda3/lib/python3.7/site-packages/airflow/example_dags/example_complex.py
[2022-10-15T23:28:29.999+0800] {processor.py:758} INFO - Processing file /opt/anaconda3/lib/python3.7/site-packages/airflow/example_dags/example_complex.py for tasks to queue
[2022-10-15T23:28:30.000+0800] {logging_mixin.py:117} INFO - [2022-10-15T23:28:30.000+0800] {dagbag.py:525} INFO - Filling up the DagBag from /opt/anaconda3/lib/python3.7/site-packages/airflow/example_dags/example_complex.py
[2022-10-15T23:28:30.035+0800] {processor.py:768} INFO - DAG(s) dict_keys(['example_complex']) retrieved from /opt/anaconda3/lib/python3.7/site-packages/airflow/example_dags/example_complex.py
[2022-10-15T23:28:30.103+0800] {logging_mixin.py:117} INFO - [2022-10-15T23:28:30.102+0800] {dag.py:2573} INFO - Sync 1 DAGs
[2022-10-15T23:28:30.143+0800] {logging_mixin.py:117} INFO - [2022-10-15T23:28:30.143+0800] {dag.py:3328} INFO - Setting next_dagrun for example_complex to None, run_after=None
[2022-10-15T23:28:30.178+0800] {processor.py:178} INFO - Processing /opt/anaconda3/lib/python3.7/site-packages/airflow/example_dags/example_complex.py took 0.187 seconds
[2022-10-15T23:29:36.049+0800] {processor.py:156} INFO - Started process (PID=61266) to work on /opt/anaconda3/lib/python3.7/site-packages/airflow/example_dags/example_complex.py
[2022-10-15T23:29:36.052+0800] {processor.py:758} INFO - Processing file /opt/anaconda3/lib/python3.7/site-packages/airflow/example_dags/example_complex.py for tasks to queue
[2022-10-15T23:29:36.053+0800] {logging_mixin.py:117} INFO - [2022-10-15T23:29:36.053+0800] {dagbag.py:525} INFO - Filling up the DagBag from /opt/anaconda3/lib/python3.7/site-packages/airflow/example_dags/example_complex.py
[2022-10-15T23:29:36.089+0800] {processor.py:768} INFO - DAG(s) dict_keys(['example_complex']) retrieved from /opt/anaconda3/lib/python3.7/site-packages/airflow/example_dags/example_complex.py
[2022-10-15T23:29:36.153+0800] {logging_mixin.py:117} INFO - [2022-10-15T23:29:36.153+0800] {dag.py:2573} INFO - Sync 1 DAGs
[2022-10-15T23:29:36.185+0800] {logging_mixin.py:117} INFO - [2022-10-15T23:29:36.185+0800] {dag.py:3328} INFO - Setting next_dagrun for example_complex to None, run_after=None
[2022-10-15T23:29:36.213+0800] {processor.py:178} INFO - Processing /opt/anaconda3/lib/python3.7/site-packages/airflow/example_dags/example_complex.py took 0.169 seconds
[2022-10-15T23:30:13.255+0800] {processor.py:156} INFO - Started process (PID=61385) to work on /opt/anaconda3/lib/python3.7/site-packages/airflow/example_dags/example_complex.py
[2022-10-15T23:30:13.258+0800] {processor.py:758} INFO - Processing file /opt/anaconda3/lib/python3.7/site-packages/airflow/example_dags/example_complex.py for tasks to queue
[2022-10-15T23:30:13.259+0800] {logging_mixin.py:117} INFO - [2022-10-15T23:30:13.259+0800] {dagbag.py:525} INFO - Filling up the DagBag from /opt/anaconda3/lib/python3.7/site-packages/airflow/example_dags/example_complex.py
[2022-10-15T23:30:13.297+0800] {processor.py:768} INFO - DAG(s) dict_keys(['example_complex']) retrieved from /opt/anaconda3/lib/python3.7/site-packages/airflow/example_dags/example_complex.py
[2022-10-15T23:30:13.362+0800] {logging_mixin.py:117} INFO - [2022-10-15T23:30:13.362+0800] {dag.py:2573} INFO - Sync 1 DAGs
[2022-10-15T23:30:13.394+0800] {logging_mixin.py:117} INFO - [2022-10-15T23:30:13.394+0800] {dag.py:3328} INFO - Setting next_dagrun for example_complex to None, run_after=None
[2022-10-15T23:30:13.426+0800] {processor.py:178} INFO - Processing /opt/anaconda3/lib/python3.7/site-packages/airflow/example_dags/example_complex.py took 0.177 seconds
[2022-10-15T23:30:53.427+0800] {processor.py:156} INFO - Started process (PID=61509) to work on /opt/anaconda3/lib/python3.7/site-packages/airflow/example_dags/example_complex.py
[2022-10-15T23:30:53.430+0800] {processor.py:758} INFO - Processing file /opt/anaconda3/lib/python3.7/site-packages/airflow/example_dags/example_complex.py for tasks to queue
[2022-10-15T23:30:53.431+0800] {logging_mixin.py:117} INFO - [2022-10-15T23:30:53.431+0800] {dagbag.py:525} INFO - Filling up the DagBag from /opt/anaconda3/lib/python3.7/site-packages/airflow/example_dags/example_complex.py
[2022-10-15T23:30:53.469+0800] {processor.py:768} INFO - DAG(s) dict_keys(['example_complex']) retrieved from /opt/anaconda3/lib/python3.7/site-packages/airflow/example_dags/example_complex.py
[2022-10-15T23:30:53.531+0800] {logging_mixin.py:117} INFO - [2022-10-15T23:30:53.531+0800] {dag.py:2573} INFO - Sync 1 DAGs
[2022-10-15T23:30:53.564+0800] {logging_mixin.py:117} INFO - [2022-10-15T23:30:53.564+0800] {dag.py:3328} INFO - Setting next_dagrun for example_complex to None, run_after=None
[2022-10-15T23:30:53.591+0800] {processor.py:178} INFO - Processing /opt/anaconda3/lib/python3.7/site-packages/airflow/example_dags/example_complex.py took 0.169 seconds
[2022-10-15T23:34:23.314+0800] {processor.py:156} INFO - Started process (PID=61993) to work on /opt/anaconda3/lib/python3.7/site-packages/airflow/example_dags/example_complex.py
[2022-10-15T23:34:23.317+0800] {processor.py:758} INFO - Processing file /opt/anaconda3/lib/python3.7/site-packages/airflow/example_dags/example_complex.py for tasks to queue
[2022-10-15T23:34:23.318+0800] {logging_mixin.py:117} INFO - [2022-10-15T23:34:23.318+0800] {dagbag.py:525} INFO - Filling up the DagBag from /opt/anaconda3/lib/python3.7/site-packages/airflow/example_dags/example_complex.py
[2022-10-15T23:34:23.351+0800] {processor.py:768} INFO - DAG(s) dict_keys(['example_complex']) retrieved from /opt/anaconda3/lib/python3.7/site-packages/airflow/example_dags/example_complex.py
[2022-10-15T23:34:23.415+0800] {logging_mixin.py:117} INFO - [2022-10-15T23:34:23.415+0800] {dag.py:2573} INFO - Sync 1 DAGs
[2022-10-15T23:34:23.446+0800] {logging_mixin.py:117} INFO - [2022-10-15T23:34:23.445+0800] {dag.py:3328} INFO - Setting next_dagrun for example_complex to None, run_after=None
[2022-10-15T23:34:23.475+0800] {processor.py:178} INFO - Processing /opt/anaconda3/lib/python3.7/site-packages/airflow/example_dags/example_complex.py took 0.165 seconds
[2022-10-15T23:35:00.258+0800] {processor.py:156} INFO - Started process (PID=62074) to work on /opt/anaconda3/lib/python3.7/site-packages/airflow/example_dags/example_complex.py
[2022-10-15T23:35:00.260+0800] {processor.py:758} INFO - Processing file /opt/anaconda3/lib/python3.7/site-packages/airflow/example_dags/example_complex.py for tasks to queue
[2022-10-15T23:35:00.262+0800] {logging_mixin.py:117} INFO - [2022-10-15T23:35:00.261+0800] {dagbag.py:525} INFO - Filling up the DagBag from /opt/anaconda3/lib/python3.7/site-packages/airflow/example_dags/example_complex.py
[2022-10-15T23:35:00.297+0800] {processor.py:768} INFO - DAG(s) dict_keys(['example_complex']) retrieved from /opt/anaconda3/lib/python3.7/site-packages/airflow/example_dags/example_complex.py
[2022-10-15T23:35:00.361+0800] {logging_mixin.py:117} INFO - [2022-10-15T23:35:00.361+0800] {dag.py:2573} INFO - Sync 1 DAGs
[2022-10-15T23:35:00.392+0800] {logging_mixin.py:117} INFO - [2022-10-15T23:35:00.392+0800] {dag.py:3328} INFO - Setting next_dagrun for example_complex to None, run_after=None
[2022-10-15T23:35:00.420+0800] {processor.py:178} INFO - Processing /opt/anaconda3/lib/python3.7/site-packages/airflow/example_dags/example_complex.py took 0.168 seconds
[2022-10-15T23:35:37.614+0800] {processor.py:156} INFO - Started process (PID=62224) to work on /opt/anaconda3/lib/python3.7/site-packages/airflow/example_dags/example_complex.py
[2022-10-15T23:35:37.616+0800] {processor.py:758} INFO - Processing file /opt/anaconda3/lib/python3.7/site-packages/airflow/example_dags/example_complex.py for tasks to queue
[2022-10-15T23:35:37.618+0800] {logging_mixin.py:117} INFO - [2022-10-15T23:35:37.617+0800] {dagbag.py:525} INFO - Filling up the DagBag from /opt/anaconda3/lib/python3.7/site-packages/airflow/example_dags/example_complex.py
[2022-10-15T23:35:37.655+0800] {processor.py:768} INFO - DAG(s) dict_keys(['example_complex']) retrieved from /opt/anaconda3/lib/python3.7/site-packages/airflow/example_dags/example_complex.py
[2022-10-15T23:35:37.738+0800] {logging_mixin.py:117} INFO - [2022-10-15T23:35:37.737+0800] {dag.py:2573} INFO - Sync 1 DAGs
[2022-10-15T23:35:37.774+0800] {logging_mixin.py:117} INFO - [2022-10-15T23:35:37.773+0800] {dag.py:3328} INFO - Setting next_dagrun for example_complex to None, run_after=None
[2022-10-15T23:35:37.803+0800] {processor.py:178} INFO - Processing /opt/anaconda3/lib/python3.7/site-packages/airflow/example_dags/example_complex.py took 0.195 seconds
[2022-10-15T23:36:16.929+0800] {processor.py:156} INFO - Started process (PID=62380) to work on /opt/anaconda3/lib/python3.7/site-packages/airflow/example_dags/example_complex.py
[2022-10-15T23:36:16.931+0800] {processor.py:758} INFO - Processing file /opt/anaconda3/lib/python3.7/site-packages/airflow/example_dags/example_complex.py for tasks to queue
[2022-10-15T23:36:16.933+0800] {logging_mixin.py:117} INFO - [2022-10-15T23:36:16.932+0800] {dagbag.py:525} INFO - Filling up the DagBag from /opt/anaconda3/lib/python3.7/site-packages/airflow/example_dags/example_complex.py
[2022-10-15T23:36:16.969+0800] {processor.py:768} INFO - DAG(s) dict_keys(['example_complex']) retrieved from /opt/anaconda3/lib/python3.7/site-packages/airflow/example_dags/example_complex.py
[2022-10-15T23:36:17.053+0800] {logging_mixin.py:117} INFO - [2022-10-15T23:36:17.052+0800] {dag.py:2573} INFO - Sync 1 DAGs
[2022-10-15T23:36:17.089+0800] {logging_mixin.py:117} INFO - [2022-10-15T23:36:17.089+0800] {dag.py:3328} INFO - Setting next_dagrun for example_complex to None, run_after=None
[2022-10-15T23:36:17.125+0800] {processor.py:178} INFO - Processing /opt/anaconda3/lib/python3.7/site-packages/airflow/example_dags/example_complex.py took 0.205 seconds
[2022-10-15T23:36:53.263+0800] {processor.py:156} INFO - Started process (PID=62493) to work on /opt/anaconda3/lib/python3.7/site-packages/airflow/example_dags/example_complex.py
[2022-10-15T23:36:53.265+0800] {processor.py:758} INFO - Processing file /opt/anaconda3/lib/python3.7/site-packages/airflow/example_dags/example_complex.py for tasks to queue
[2022-10-15T23:36:53.266+0800] {logging_mixin.py:117} INFO - [2022-10-15T23:36:53.266+0800] {dagbag.py:525} INFO - Filling up the DagBag from /opt/anaconda3/lib/python3.7/site-packages/airflow/example_dags/example_complex.py
[2022-10-15T23:36:53.303+0800] {processor.py:768} INFO - DAG(s) dict_keys(['example_complex']) retrieved from /opt/anaconda3/lib/python3.7/site-packages/airflow/example_dags/example_complex.py
[2022-10-15T23:36:53.367+0800] {logging_mixin.py:117} INFO - [2022-10-15T23:36:53.367+0800] {dag.py:2573} INFO - Sync 1 DAGs
[2022-10-15T23:36:53.399+0800] {logging_mixin.py:117} INFO - [2022-10-15T23:36:53.399+0800] {dag.py:3328} INFO - Setting next_dagrun for example_complex to None, run_after=None
[2022-10-15T23:36:53.427+0800] {processor.py:178} INFO - Processing /opt/anaconda3/lib/python3.7/site-packages/airflow/example_dags/example_complex.py took 0.169 seconds
[2022-10-15T23:47:33.780+0800] {processor.py:156} INFO - Started process (PID=63945) to work on /opt/anaconda3/lib/python3.7/site-packages/airflow/example_dags/example_complex.py
[2022-10-15T23:47:33.782+0800] {processor.py:758} INFO - Processing file /opt/anaconda3/lib/python3.7/site-packages/airflow/example_dags/example_complex.py for tasks to queue
[2022-10-15T23:47:33.787+0800] {logging_mixin.py:117} INFO - [2022-10-15T23:47:33.787+0800] {dagbag.py:525} INFO - Filling up the DagBag from /opt/anaconda3/lib/python3.7/site-packages/airflow/example_dags/example_complex.py
[2022-10-15T23:47:33.822+0800] {processor.py:768} INFO - DAG(s) dict_keys(['example_complex']) retrieved from /opt/anaconda3/lib/python3.7/site-packages/airflow/example_dags/example_complex.py
[2022-10-15T23:47:34.048+0800] {logging_mixin.py:117} INFO - [2022-10-15T23:47:34.047+0800] {manager.py:507} INFO - Created Permission View: can edit on DAG:example_complex
[2022-10-15T23:47:34.059+0800] {logging_mixin.py:117} INFO - [2022-10-15T23:47:34.059+0800] {manager.py:507} INFO - Created Permission View: can delete on DAG:example_complex
[2022-10-15T23:47:34.068+0800] {logging_mixin.py:117} INFO - [2022-10-15T23:47:34.067+0800] {manager.py:507} INFO - Created Permission View: can read on DAG:example_complex
[2022-10-15T23:47:34.068+0800] {logging_mixin.py:117} INFO - [2022-10-15T23:47:34.068+0800] {dag.py:2573} INFO - Sync 1 DAGs
[2022-10-15T23:47:34.087+0800] {logging_mixin.py:117} INFO - [2022-10-15T23:47:34.087+0800] {dag.py:2594} INFO - Creating ORM DAG for example_complex
[2022-10-15T23:47:34.104+0800] {logging_mixin.py:117} INFO - [2022-10-15T23:47:34.103+0800] {dag.py:3328} INFO - Setting next_dagrun for example_complex to None, run_after=None
[2022-10-15T23:47:34.129+0800] {processor.py:178} INFO - Processing /opt/anaconda3/lib/python3.7/site-packages/airflow/example_dags/example_complex.py took 0.354 seconds
[2022-10-15T23:48:05.498+0800] {processor.py:156} INFO - Started process (PID=64074) to work on /opt/anaconda3/lib/python3.7/site-packages/airflow/example_dags/example_complex.py
[2022-10-15T23:48:05.500+0800] {processor.py:758} INFO - Processing file /opt/anaconda3/lib/python3.7/site-packages/airflow/example_dags/example_complex.py for tasks to queue
[2022-10-15T23:48:05.502+0800] {logging_mixin.py:117} INFO - [2022-10-15T23:48:05.501+0800] {dagbag.py:525} INFO - Filling up the DagBag from /opt/anaconda3/lib/python3.7/site-packages/airflow/example_dags/example_complex.py
[2022-10-15T23:48:05.546+0800] {processor.py:768} INFO - DAG(s) dict_keys(['example_complex']) retrieved from /opt/anaconda3/lib/python3.7/site-packages/airflow/example_dags/example_complex.py
[2022-10-15T23:48:05.635+0800] {logging_mixin.py:117} INFO - [2022-10-15T23:48:05.634+0800] {dag.py:2573} INFO - Sync 1 DAGs
[2022-10-15T23:48:05.669+0800] {logging_mixin.py:117} INFO - [2022-10-15T23:48:05.669+0800] {dag.py:3328} INFO - Setting next_dagrun for example_complex to None, run_after=None
[2022-10-15T23:48:05.696+0800] {processor.py:178} INFO - Processing /opt/anaconda3/lib/python3.7/site-packages/airflow/example_dags/example_complex.py took 0.204 seconds
[2022-10-15T23:48:36.725+0800] {processor.py:156} INFO - Started process (PID=64172) to work on /opt/anaconda3/lib/python3.7/site-packages/airflow/example_dags/example_complex.py
[2022-10-15T23:48:36.727+0800] {processor.py:758} INFO - Processing file /opt/anaconda3/lib/python3.7/site-packages/airflow/example_dags/example_complex.py for tasks to queue
[2022-10-15T23:48:36.729+0800] {logging_mixin.py:117} INFO - [2022-10-15T23:48:36.728+0800] {dagbag.py:525} INFO - Filling up the DagBag from /opt/anaconda3/lib/python3.7/site-packages/airflow/example_dags/example_complex.py
[2022-10-15T23:48:36.766+0800] {processor.py:768} INFO - DAG(s) dict_keys(['example_complex']) retrieved from /opt/anaconda3/lib/python3.7/site-packages/airflow/example_dags/example_complex.py
[2022-10-15T23:48:36.837+0800] {logging_mixin.py:117} INFO - [2022-10-15T23:48:36.837+0800] {dag.py:2573} INFO - Sync 1 DAGs
[2022-10-15T23:48:36.883+0800] {logging_mixin.py:117} INFO - [2022-10-15T23:48:36.882+0800] {dag.py:3328} INFO - Setting next_dagrun for example_complex to None, run_after=None
[2022-10-15T23:48:36.917+0800] {processor.py:178} INFO - Processing /opt/anaconda3/lib/python3.7/site-packages/airflow/example_dags/example_complex.py took 0.198 seconds
[2022-10-15T23:50:30.565+0800] {processor.py:156} INFO - Started process (PID=64623) to work on /opt/anaconda3/lib/python3.7/site-packages/airflow/example_dags/example_complex.py
[2022-10-15T23:50:30.567+0800] {processor.py:758} INFO - Processing file /opt/anaconda3/lib/python3.7/site-packages/airflow/example_dags/example_complex.py for tasks to queue
[2022-10-15T23:50:30.568+0800] {logging_mixin.py:117} INFO - [2022-10-15T23:50:30.567+0800] {dagbag.py:525} INFO - Filling up the DagBag from /opt/anaconda3/lib/python3.7/site-packages/airflow/example_dags/example_complex.py
[2022-10-15T23:50:30.607+0800] {processor.py:768} INFO - DAG(s) dict_keys(['example_complex']) retrieved from /opt/anaconda3/lib/python3.7/site-packages/airflow/example_dags/example_complex.py
[2022-10-15T23:50:30.662+0800] {logging_mixin.py:117} INFO - [2022-10-15T23:50:30.662+0800] {dag.py:2573} INFO - Sync 1 DAGs
[2022-10-15T23:50:30.721+0800] {logging_mixin.py:117} INFO - [2022-10-15T23:50:30.721+0800] {dag.py:3328} INFO - Setting next_dagrun for example_complex to None, run_after=None
[2022-10-15T23:50:30.750+0800] {processor.py:178} INFO - Processing /opt/anaconda3/lib/python3.7/site-packages/airflow/example_dags/example_complex.py took 0.190 seconds
[2022-10-15T23:51:03.433+0800] {processor.py:156} INFO - Started process (PID=64750) to work on /opt/anaconda3/lib/python3.7/site-packages/airflow/example_dags/example_complex.py
[2022-10-15T23:51:03.436+0800] {processor.py:758} INFO - Processing file /opt/anaconda3/lib/python3.7/site-packages/airflow/example_dags/example_complex.py for tasks to queue
[2022-10-15T23:51:03.438+0800] {logging_mixin.py:117} INFO - [2022-10-15T23:51:03.437+0800] {dagbag.py:525} INFO - Filling up the DagBag from /opt/anaconda3/lib/python3.7/site-packages/airflow/example_dags/example_complex.py
[2022-10-15T23:51:03.488+0800] {processor.py:768} INFO - DAG(s) dict_keys(['example_complex']) retrieved from /opt/anaconda3/lib/python3.7/site-packages/airflow/example_dags/example_complex.py
[2022-10-15T23:51:03.577+0800] {logging_mixin.py:117} INFO - [2022-10-15T23:51:03.576+0800] {dag.py:2573} INFO - Sync 1 DAGs
[2022-10-15T23:51:03.613+0800] {logging_mixin.py:117} INFO - [2022-10-15T23:51:03.612+0800] {dag.py:3328} INFO - Setting next_dagrun for example_complex to None, run_after=None
[2022-10-15T23:51:03.638+0800] {processor.py:178} INFO - Processing /opt/anaconda3/lib/python3.7/site-packages/airflow/example_dags/example_complex.py took 0.212 seconds
[2022-10-15T23:51:34.133+0800] {processor.py:156} INFO - Started process (PID=64876) to work on /opt/anaconda3/lib/python3.7/site-packages/airflow/example_dags/example_complex.py
[2022-10-15T23:51:34.135+0800] {processor.py:758} INFO - Processing file /opt/anaconda3/lib/python3.7/site-packages/airflow/example_dags/example_complex.py for tasks to queue
[2022-10-15T23:51:34.136+0800] {logging_mixin.py:117} INFO - [2022-10-15T23:51:34.136+0800] {dagbag.py:525} INFO - Filling up the DagBag from /opt/anaconda3/lib/python3.7/site-packages/airflow/example_dags/example_complex.py
[2022-10-15T23:51:34.174+0800] {processor.py:768} INFO - DAG(s) dict_keys(['example_complex']) retrieved from /opt/anaconda3/lib/python3.7/site-packages/airflow/example_dags/example_complex.py
[2022-10-15T23:51:34.248+0800] {logging_mixin.py:117} INFO - [2022-10-15T23:51:34.248+0800] {dag.py:2573} INFO - Sync 1 DAGs
[2022-10-15T23:51:34.285+0800] {logging_mixin.py:117} INFO - [2022-10-15T23:51:34.285+0800] {dag.py:3328} INFO - Setting next_dagrun for example_complex to None, run_after=None
[2022-10-15T23:51:34.311+0800] {processor.py:178} INFO - Processing /opt/anaconda3/lib/python3.7/site-packages/airflow/example_dags/example_complex.py took 0.185 seconds
[2022-10-15T23:51:40.029+0800] {processor.py:156} INFO - Started process (PID=64920) to work on /opt/anaconda3/lib/python3.7/site-packages/airflow/example_dags/example_complex.py
[2022-10-15T23:51:40.031+0800] {processor.py:758} INFO - Processing file /opt/anaconda3/lib/python3.7/site-packages/airflow/example_dags/example_complex.py for tasks to queue
[2022-10-15T23:51:40.032+0800] {logging_mixin.py:117} INFO - [2022-10-15T23:51:40.032+0800] {dagbag.py:525} INFO - Filling up the DagBag from /opt/anaconda3/lib/python3.7/site-packages/airflow/example_dags/example_complex.py
[2022-10-15T23:51:40.063+0800] {processor.py:768} INFO - DAG(s) dict_keys(['example_complex']) retrieved from /opt/anaconda3/lib/python3.7/site-packages/airflow/example_dags/example_complex.py
[2022-10-15T23:51:40.103+0800] {logging_mixin.py:117} INFO - [2022-10-15T23:51:40.102+0800] {dag.py:2573} INFO - Sync 1 DAGs
[2022-10-15T23:51:40.131+0800] {logging_mixin.py:117} INFO - [2022-10-15T23:51:40.131+0800] {dag.py:3328} INFO - Setting next_dagrun for example_complex to None, run_after=None
[2022-10-15T23:51:40.155+0800] {processor.py:178} INFO - Processing /opt/anaconda3/lib/python3.7/site-packages/airflow/example_dags/example_complex.py took 0.132 seconds
[2022-10-15T23:52:11.692+0800] {processor.py:156} INFO - Started process (PID=65146) to work on /opt/anaconda3/lib/python3.7/site-packages/airflow/example_dags/example_complex.py
[2022-10-15T23:52:11.694+0800] {processor.py:758} INFO - Processing file /opt/anaconda3/lib/python3.7/site-packages/airflow/example_dags/example_complex.py for tasks to queue
[2022-10-15T23:52:11.696+0800] {logging_mixin.py:117} INFO - [2022-10-15T23:52:11.695+0800] {dagbag.py:525} INFO - Filling up the DagBag from /opt/anaconda3/lib/python3.7/site-packages/airflow/example_dags/example_complex.py
[2022-10-15T23:52:11.736+0800] {processor.py:768} INFO - DAG(s) dict_keys(['example_complex']) retrieved from /opt/anaconda3/lib/python3.7/site-packages/airflow/example_dags/example_complex.py
[2022-10-15T23:52:11.773+0800] {logging_mixin.py:117} INFO - [2022-10-15T23:52:11.772+0800] {dag.py:2573} INFO - Sync 1 DAGs
[2022-10-15T23:52:11.803+0800] {logging_mixin.py:117} INFO - [2022-10-15T23:52:11.803+0800] {dag.py:3328} INFO - Setting next_dagrun for example_complex to None, run_after=None
[2022-10-15T23:52:11.831+0800] {processor.py:178} INFO - Processing /opt/anaconda3/lib/python3.7/site-packages/airflow/example_dags/example_complex.py took 0.145 seconds
[2022-10-15T23:54:20.386+0800] {processor.py:156} INFO - Started process (PID=65754) to work on /opt/anaconda3/lib/python3.7/site-packages/airflow/example_dags/example_complex.py
[2022-10-15T23:54:20.388+0800] {processor.py:758} INFO - Processing file /opt/anaconda3/lib/python3.7/site-packages/airflow/example_dags/example_complex.py for tasks to queue
[2022-10-15T23:54:20.390+0800] {logging_mixin.py:117} INFO - [2022-10-15T23:54:20.389+0800] {dagbag.py:525} INFO - Filling up the DagBag from /opt/anaconda3/lib/python3.7/site-packages/airflow/example_dags/example_complex.py
[2022-10-15T23:54:20.423+0800] {processor.py:768} INFO - DAG(s) dict_keys(['example_complex']) retrieved from /opt/anaconda3/lib/python3.7/site-packages/airflow/example_dags/example_complex.py
[2022-10-15T23:54:20.472+0800] {logging_mixin.py:117} INFO - [2022-10-15T23:54:20.472+0800] {dag.py:2573} INFO - Sync 1 DAGs
[2022-10-15T23:54:20.592+0800] {logging_mixin.py:117} INFO - [2022-10-15T23:54:20.592+0800] {dag.py:3328} INFO - Setting next_dagrun for example_complex to None, run_after=None
[2022-10-15T23:54:20.617+0800] {processor.py:178} INFO - Processing /opt/anaconda3/lib/python3.7/site-packages/airflow/example_dags/example_complex.py took 0.237 seconds
[2022-10-15T23:54:52.461+0800] {processor.py:156} INFO - Started process (PID=65855) to work on /opt/anaconda3/lib/python3.7/site-packages/airflow/example_dags/example_complex.py
[2022-10-15T23:54:52.462+0800] {processor.py:758} INFO - Processing file /opt/anaconda3/lib/python3.7/site-packages/airflow/example_dags/example_complex.py for tasks to queue
[2022-10-15T23:54:52.464+0800] {logging_mixin.py:117} INFO - [2022-10-15T23:54:52.463+0800] {dagbag.py:525} INFO - Filling up the DagBag from /opt/anaconda3/lib/python3.7/site-packages/airflow/example_dags/example_complex.py
[2022-10-15T23:54:52.504+0800] {processor.py:768} INFO - DAG(s) dict_keys(['example_complex']) retrieved from /opt/anaconda3/lib/python3.7/site-packages/airflow/example_dags/example_complex.py
[2022-10-15T23:54:52.587+0800] {logging_mixin.py:117} INFO - [2022-10-15T23:54:52.586+0800] {dag.py:2573} INFO - Sync 1 DAGs
[2022-10-15T23:54:52.632+0800] {logging_mixin.py:117} INFO - [2022-10-15T23:54:52.631+0800] {dag.py:3328} INFO - Setting next_dagrun for example_complex to None, run_after=None
[2022-10-15T23:54:52.664+0800] {processor.py:178} INFO - Processing /opt/anaconda3/lib/python3.7/site-packages/airflow/example_dags/example_complex.py took 0.210 seconds
[2022-10-15T23:55:18.117+0800] {processor.py:156} INFO - Started process (PID=65933) to work on /opt/anaconda3/lib/python3.7/site-packages/airflow/example_dags/example_complex.py
[2022-10-15T23:55:18.119+0800] {processor.py:758} INFO - Processing file /opt/anaconda3/lib/python3.7/site-packages/airflow/example_dags/example_complex.py for tasks to queue
[2022-10-15T23:55:18.120+0800] {logging_mixin.py:117} INFO - [2022-10-15T23:55:18.120+0800] {dagbag.py:525} INFO - Filling up the DagBag from /opt/anaconda3/lib/python3.7/site-packages/airflow/example_dags/example_complex.py
[2022-10-15T23:55:18.143+0800] {processor.py:768} INFO - DAG(s) dict_keys(['example_complex']) retrieved from /opt/anaconda3/lib/python3.7/site-packages/airflow/example_dags/example_complex.py
[2022-10-15T23:55:18.378+0800] {logging_mixin.py:117} INFO - [2022-10-15T23:55:18.378+0800] {dag.py:2573} INFO - Sync 1 DAGs
[2022-10-15T23:55:18.404+0800] {logging_mixin.py:117} INFO - [2022-10-15T23:55:18.403+0800] {dag.py:3328} INFO - Setting next_dagrun for example_complex to None, run_after=None
[2022-10-15T23:55:18.426+0800] {processor.py:178} INFO - Processing /opt/anaconda3/lib/python3.7/site-packages/airflow/example_dags/example_complex.py took 0.315 seconds
[2022-10-15T23:55:48.957+0800] {processor.py:156} INFO - Started process (PID=66076) to work on /opt/anaconda3/lib/python3.7/site-packages/airflow/example_dags/example_complex.py
[2022-10-15T23:55:48.959+0800] {processor.py:758} INFO - Processing file /opt/anaconda3/lib/python3.7/site-packages/airflow/example_dags/example_complex.py for tasks to queue
[2022-10-15T23:55:48.961+0800] {logging_mixin.py:117} INFO - [2022-10-15T23:55:48.960+0800] {dagbag.py:525} INFO - Filling up the DagBag from /opt/anaconda3/lib/python3.7/site-packages/airflow/example_dags/example_complex.py
[2022-10-15T23:55:48.990+0800] {processor.py:768} INFO - DAG(s) dict_keys(['example_complex']) retrieved from /opt/anaconda3/lib/python3.7/site-packages/airflow/example_dags/example_complex.py
[2022-10-15T23:55:49.045+0800] {logging_mixin.py:117} INFO - [2022-10-15T23:55:49.044+0800] {dag.py:2573} INFO - Sync 1 DAGs
[2022-10-15T23:55:49.082+0800] {logging_mixin.py:117} INFO - [2022-10-15T23:55:49.081+0800] {dag.py:3328} INFO - Setting next_dagrun for example_complex to None, run_after=None
[2022-10-15T23:55:49.114+0800] {processor.py:178} INFO - Processing /opt/anaconda3/lib/python3.7/site-packages/airflow/example_dags/example_complex.py took 0.165 seconds
[2022-10-15T23:56:19.839+0800] {processor.py:156} INFO - Started process (PID=66223) to work on /opt/anaconda3/lib/python3.7/site-packages/airflow/example_dags/example_complex.py
[2022-10-15T23:56:19.841+0800] {processor.py:758} INFO - Processing file /opt/anaconda3/lib/python3.7/site-packages/airflow/example_dags/example_complex.py for tasks to queue
[2022-10-15T23:56:19.842+0800] {logging_mixin.py:117} INFO - [2022-10-15T23:56:19.842+0800] {dagbag.py:525} INFO - Filling up the DagBag from /opt/anaconda3/lib/python3.7/site-packages/airflow/example_dags/example_complex.py
[2022-10-15T23:56:19.866+0800] {processor.py:768} INFO - DAG(s) dict_keys(['example_complex']) retrieved from /opt/anaconda3/lib/python3.7/site-packages/airflow/example_dags/example_complex.py
[2022-10-15T23:56:19.912+0800] {logging_mixin.py:117} INFO - [2022-10-15T23:56:19.912+0800] {dag.py:2573} INFO - Sync 1 DAGs
[2022-10-15T23:56:19.942+0800] {logging_mixin.py:117} INFO - [2022-10-15T23:56:19.942+0800] {dag.py:3328} INFO - Setting next_dagrun for example_complex to None, run_after=None
[2022-10-15T23:56:19.966+0800] {processor.py:178} INFO - Processing /opt/anaconda3/lib/python3.7/site-packages/airflow/example_dags/example_complex.py took 0.132 seconds
[2022-10-15T23:56:50.141+0800] {processor.py:156} INFO - Started process (PID=66391) to work on /opt/anaconda3/lib/python3.7/site-packages/airflow/example_dags/example_complex.py
[2022-10-15T23:56:50.143+0800] {processor.py:758} INFO - Processing file /opt/anaconda3/lib/python3.7/site-packages/airflow/example_dags/example_complex.py for tasks to queue
[2022-10-15T23:56:50.144+0800] {logging_mixin.py:117} INFO - [2022-10-15T23:56:50.144+0800] {dagbag.py:525} INFO - Filling up the DagBag from /opt/anaconda3/lib/python3.7/site-packages/airflow/example_dags/example_complex.py
[2022-10-15T23:56:50.169+0800] {processor.py:768} INFO - DAG(s) dict_keys(['example_complex']) retrieved from /opt/anaconda3/lib/python3.7/site-packages/airflow/example_dags/example_complex.py
[2022-10-15T23:56:50.216+0800] {logging_mixin.py:117} INFO - [2022-10-15T23:56:50.216+0800] {dag.py:2573} INFO - Sync 1 DAGs
[2022-10-15T23:56:50.249+0800] {logging_mixin.py:117} INFO - [2022-10-15T23:56:50.248+0800] {dag.py:3328} INFO - Setting next_dagrun for example_complex to None, run_after=None
[2022-10-15T23:56:50.273+0800] {processor.py:178} INFO - Processing /opt/anaconda3/lib/python3.7/site-packages/airflow/example_dags/example_complex.py took 0.138 seconds
[2022-10-15T23:57:21.262+0800] {processor.py:156} INFO - Started process (PID=66499) to work on /opt/anaconda3/lib/python3.7/site-packages/airflow/example_dags/example_complex.py
[2022-10-15T23:57:21.264+0800] {processor.py:758} INFO - Processing file /opt/anaconda3/lib/python3.7/site-packages/airflow/example_dags/example_complex.py for tasks to queue
[2022-10-15T23:57:21.266+0800] {logging_mixin.py:117} INFO - [2022-10-15T23:57:21.266+0800] {dagbag.py:525} INFO - Filling up the DagBag from /opt/anaconda3/lib/python3.7/site-packages/airflow/example_dags/example_complex.py
[2022-10-15T23:57:21.295+0800] {processor.py:768} INFO - DAG(s) dict_keys(['example_complex']) retrieved from /opt/anaconda3/lib/python3.7/site-packages/airflow/example_dags/example_complex.py
[2022-10-15T23:57:21.352+0800] {logging_mixin.py:117} INFO - [2022-10-15T23:57:21.351+0800] {dag.py:2573} INFO - Sync 1 DAGs
[2022-10-15T23:57:21.386+0800] {logging_mixin.py:117} INFO - [2022-10-15T23:57:21.386+0800] {dag.py:3328} INFO - Setting next_dagrun for example_complex to None, run_after=None
[2022-10-15T23:57:21.414+0800] {processor.py:178} INFO - Processing /opt/anaconda3/lib/python3.7/site-packages/airflow/example_dags/example_complex.py took 0.160 seconds
[2022-10-15T23:57:52.152+0800] {processor.py:156} INFO - Started process (PID=66649) to work on /opt/anaconda3/lib/python3.7/site-packages/airflow/example_dags/example_complex.py
[2022-10-15T23:57:52.154+0800] {processor.py:758} INFO - Processing file /opt/anaconda3/lib/python3.7/site-packages/airflow/example_dags/example_complex.py for tasks to queue
[2022-10-15T23:57:52.156+0800] {logging_mixin.py:117} INFO - [2022-10-15T23:57:52.155+0800] {dagbag.py:525} INFO - Filling up the DagBag from /opt/anaconda3/lib/python3.7/site-packages/airflow/example_dags/example_complex.py
[2022-10-15T23:57:52.182+0800] {processor.py:768} INFO - DAG(s) dict_keys(['example_complex']) retrieved from /opt/anaconda3/lib/python3.7/site-packages/airflow/example_dags/example_complex.py
[2022-10-15T23:57:52.232+0800] {logging_mixin.py:117} INFO - [2022-10-15T23:57:52.231+0800] {dag.py:2573} INFO - Sync 1 DAGs
[2022-10-15T23:57:52.263+0800] {logging_mixin.py:117} INFO - [2022-10-15T23:57:52.262+0800] {dag.py:3328} INFO - Setting next_dagrun for example_complex to None, run_after=None
[2022-10-15T23:57:52.286+0800] {processor.py:178} INFO - Processing /opt/anaconda3/lib/python3.7/site-packages/airflow/example_dags/example_complex.py took 0.140 seconds
[2022-10-15T23:58:25.344+0800] {processor.py:156} INFO - Started process (PID=66821) to work on /opt/anaconda3/lib/python3.7/site-packages/airflow/example_dags/example_complex.py
[2022-10-15T23:58:25.346+0800] {processor.py:758} INFO - Processing file /opt/anaconda3/lib/python3.7/site-packages/airflow/example_dags/example_complex.py for tasks to queue
[2022-10-15T23:58:25.348+0800] {logging_mixin.py:117} INFO - [2022-10-15T23:58:25.347+0800] {dagbag.py:525} INFO - Filling up the DagBag from /opt/anaconda3/lib/python3.7/site-packages/airflow/example_dags/example_complex.py
[2022-10-15T23:58:25.387+0800] {processor.py:768} INFO - DAG(s) dict_keys(['example_complex']) retrieved from /opt/anaconda3/lib/python3.7/site-packages/airflow/example_dags/example_complex.py
[2022-10-15T23:58:25.434+0800] {logging_mixin.py:117} INFO - [2022-10-15T23:58:25.434+0800] {dag.py:2573} INFO - Sync 1 DAGs
[2022-10-15T23:58:25.473+0800] {logging_mixin.py:117} INFO - [2022-10-15T23:58:25.472+0800] {dag.py:3328} INFO - Setting next_dagrun for example_complex to None, run_after=None
[2022-10-15T23:58:25.500+0800] {processor.py:178} INFO - Processing /opt/anaconda3/lib/python3.7/site-packages/airflow/example_dags/example_complex.py took 0.163 seconds
[2022-10-15T23:58:58.774+0800] {processor.py:156} INFO - Started process (PID=66940) to work on /opt/anaconda3/lib/python3.7/site-packages/airflow/example_dags/example_complex.py
[2022-10-15T23:58:58.776+0800] {processor.py:758} INFO - Processing file /opt/anaconda3/lib/python3.7/site-packages/airflow/example_dags/example_complex.py for tasks to queue
[2022-10-15T23:58:58.778+0800] {logging_mixin.py:117} INFO - [2022-10-15T23:58:58.777+0800] {dagbag.py:525} INFO - Filling up the DagBag from /opt/anaconda3/lib/python3.7/site-packages/airflow/example_dags/example_complex.py
[2022-10-15T23:58:58.812+0800] {processor.py:768} INFO - DAG(s) dict_keys(['example_complex']) retrieved from /opt/anaconda3/lib/python3.7/site-packages/airflow/example_dags/example_complex.py
[2022-10-15T23:58:58.885+0800] {logging_mixin.py:117} INFO - [2022-10-15T23:58:58.885+0800] {dag.py:2573} INFO - Sync 1 DAGs
[2022-10-15T23:58:58.918+0800] {logging_mixin.py:117} INFO - [2022-10-15T23:58:58.918+0800] {dag.py:3328} INFO - Setting next_dagrun for example_complex to None, run_after=None
[2022-10-15T23:58:58.945+0800] {processor.py:178} INFO - Processing /opt/anaconda3/lib/python3.7/site-packages/airflow/example_dags/example_complex.py took 0.177 seconds
[2022-10-15T23:59:30.751+0800] {processor.py:156} INFO - Started process (PID=67060) to work on /opt/anaconda3/lib/python3.7/site-packages/airflow/example_dags/example_complex.py
[2022-10-15T23:59:30.753+0800] {processor.py:758} INFO - Processing file /opt/anaconda3/lib/python3.7/site-packages/airflow/example_dags/example_complex.py for tasks to queue
[2022-10-15T23:59:30.755+0800] {logging_mixin.py:117} INFO - [2022-10-15T23:59:30.754+0800] {dagbag.py:525} INFO - Filling up the DagBag from /opt/anaconda3/lib/python3.7/site-packages/airflow/example_dags/example_complex.py
[2022-10-15T23:59:30.806+0800] {processor.py:768} INFO - DAG(s) dict_keys(['example_complex']) retrieved from /opt/anaconda3/lib/python3.7/site-packages/airflow/example_dags/example_complex.py
[2022-10-15T23:59:31.011+0800] {logging_mixin.py:117} INFO - [2022-10-15T23:59:31.011+0800] {dag.py:2573} INFO - Sync 1 DAGs
[2022-10-15T23:59:31.055+0800] {logging_mixin.py:117} INFO - [2022-10-15T23:59:31.055+0800] {dag.py:3328} INFO - Setting next_dagrun for example_complex to None, run_after=None
[2022-10-15T23:59:31.088+0800] {processor.py:178} INFO - Processing /opt/anaconda3/lib/python3.7/site-packages/airflow/example_dags/example_complex.py took 0.343 seconds
[2022-10-16T00:00:01.904+0800] {processor.py:156} INFO - Started process (PID=67214) to work on /opt/anaconda3/lib/python3.7/site-packages/airflow/example_dags/example_complex.py
[2022-10-16T00:00:01.906+0800] {processor.py:758} INFO - Processing file /opt/anaconda3/lib/python3.7/site-packages/airflow/example_dags/example_complex.py for tasks to queue
[2022-10-16T00:00:01.907+0800] {logging_mixin.py:117} INFO - [2022-10-16T00:00:01.907+0800] {dagbag.py:525} INFO - Filling up the DagBag from /opt/anaconda3/lib/python3.7/site-packages/airflow/example_dags/example_complex.py
[2022-10-16T00:00:01.946+0800] {processor.py:768} INFO - DAG(s) dict_keys(['example_complex']) retrieved from /opt/anaconda3/lib/python3.7/site-packages/airflow/example_dags/example_complex.py
[2022-10-16T00:00:02.036+0800] {logging_mixin.py:117} INFO - [2022-10-16T00:00:02.035+0800] {dag.py:2573} INFO - Sync 1 DAGs
[2022-10-16T00:00:02.086+0800] {logging_mixin.py:117} INFO - [2022-10-16T00:00:02.086+0800] {dag.py:3328} INFO - Setting next_dagrun for example_complex to None, run_after=None
[2022-10-16T00:00:02.119+0800] {processor.py:178} INFO - Processing /opt/anaconda3/lib/python3.7/site-packages/airflow/example_dags/example_complex.py took 0.222 seconds
[2022-10-16T00:00:33.011+0800] {processor.py:156} INFO - Started process (PID=67360) to work on /opt/anaconda3/lib/python3.7/site-packages/airflow/example_dags/example_complex.py
[2022-10-16T00:00:33.013+0800] {processor.py:758} INFO - Processing file /opt/anaconda3/lib/python3.7/site-packages/airflow/example_dags/example_complex.py for tasks to queue
[2022-10-16T00:00:33.015+0800] {logging_mixin.py:117} INFO - [2022-10-16T00:00:33.014+0800] {dagbag.py:525} INFO - Filling up the DagBag from /opt/anaconda3/lib/python3.7/site-packages/airflow/example_dags/example_complex.py
[2022-10-16T00:00:33.054+0800] {processor.py:768} INFO - DAG(s) dict_keys(['example_complex']) retrieved from /opt/anaconda3/lib/python3.7/site-packages/airflow/example_dags/example_complex.py
[2022-10-16T00:00:33.137+0800] {logging_mixin.py:117} INFO - [2022-10-16T00:00:33.136+0800] {dag.py:2573} INFO - Sync 1 DAGs
[2022-10-16T00:00:33.174+0800] {logging_mixin.py:117} INFO - [2022-10-16T00:00:33.174+0800] {dag.py:3328} INFO - Setting next_dagrun for example_complex to None, run_after=None
[2022-10-16T00:00:33.204+0800] {processor.py:178} INFO - Processing /opt/anaconda3/lib/python3.7/site-packages/airflow/example_dags/example_complex.py took 0.199 seconds
[2022-10-16T00:01:03.726+0800] {processor.py:156} INFO - Started process (PID=67507) to work on /opt/anaconda3/lib/python3.7/site-packages/airflow/example_dags/example_complex.py
[2022-10-16T00:01:03.728+0800] {processor.py:758} INFO - Processing file /opt/anaconda3/lib/python3.7/site-packages/airflow/example_dags/example_complex.py for tasks to queue
[2022-10-16T00:01:03.729+0800] {logging_mixin.py:117} INFO - [2022-10-16T00:01:03.729+0800] {dagbag.py:525} INFO - Filling up the DagBag from /opt/anaconda3/lib/python3.7/site-packages/airflow/example_dags/example_complex.py
[2022-10-16T00:01:03.762+0800] {processor.py:768} INFO - DAG(s) dict_keys(['example_complex']) retrieved from /opt/anaconda3/lib/python3.7/site-packages/airflow/example_dags/example_complex.py
[2022-10-16T00:01:03.834+0800] {logging_mixin.py:117} INFO - [2022-10-16T00:01:03.833+0800] {dag.py:2573} INFO - Sync 1 DAGs
[2022-10-16T00:01:03.868+0800] {logging_mixin.py:117} INFO - [2022-10-16T00:01:03.868+0800] {dag.py:3328} INFO - Setting next_dagrun for example_complex to None, run_after=None
[2022-10-16T00:01:03.897+0800] {processor.py:178} INFO - Processing /opt/anaconda3/lib/python3.7/site-packages/airflow/example_dags/example_complex.py took 0.178 seconds
[2022-10-16T00:01:34.574+0800] {processor.py:156} INFO - Started process (PID=67596) to work on /opt/anaconda3/lib/python3.7/site-packages/airflow/example_dags/example_complex.py
[2022-10-16T00:01:34.575+0800] {processor.py:758} INFO - Processing file /opt/anaconda3/lib/python3.7/site-packages/airflow/example_dags/example_complex.py for tasks to queue
[2022-10-16T00:01:34.577+0800] {logging_mixin.py:117} INFO - [2022-10-16T00:01:34.576+0800] {dagbag.py:525} INFO - Filling up the DagBag from /opt/anaconda3/lib/python3.7/site-packages/airflow/example_dags/example_complex.py
[2022-10-16T00:01:34.613+0800] {processor.py:768} INFO - DAG(s) dict_keys(['example_complex']) retrieved from /opt/anaconda3/lib/python3.7/site-packages/airflow/example_dags/example_complex.py
[2022-10-16T00:01:34.690+0800] {logging_mixin.py:117} INFO - [2022-10-16T00:01:34.689+0800] {dag.py:2573} INFO - Sync 1 DAGs
[2022-10-16T00:01:34.726+0800] {logging_mixin.py:117} INFO - [2022-10-16T00:01:34.726+0800] {dag.py:3328} INFO - Setting next_dagrun for example_complex to None, run_after=None
[2022-10-16T00:01:34.753+0800] {processor.py:178} INFO - Processing /opt/anaconda3/lib/python3.7/site-packages/airflow/example_dags/example_complex.py took 0.186 seconds
[2022-10-16T00:02:05.265+0800] {processor.py:156} INFO - Started process (PID=67693) to work on /opt/anaconda3/lib/python3.7/site-packages/airflow/example_dags/example_complex.py
[2022-10-16T00:02:05.267+0800] {processor.py:758} INFO - Processing file /opt/anaconda3/lib/python3.7/site-packages/airflow/example_dags/example_complex.py for tasks to queue
[2022-10-16T00:02:05.277+0800] {logging_mixin.py:117} INFO - [2022-10-16T00:02:05.275+0800] {dagbag.py:525} INFO - Filling up the DagBag from /opt/anaconda3/lib/python3.7/site-packages/airflow/example_dags/example_complex.py
[2022-10-16T00:02:05.329+0800] {processor.py:768} INFO - DAG(s) dict_keys(['example_complex']) retrieved from /opt/anaconda3/lib/python3.7/site-packages/airflow/example_dags/example_complex.py
[2022-10-16T00:02:05.455+0800] {logging_mixin.py:117} INFO - [2022-10-16T00:02:05.455+0800] {dag.py:2573} INFO - Sync 1 DAGs
[2022-10-16T00:02:05.529+0800] {logging_mixin.py:117} INFO - [2022-10-16T00:02:05.529+0800] {dag.py:3328} INFO - Setting next_dagrun for example_complex to None, run_after=None
[2022-10-16T00:02:05.571+0800] {processor.py:178} INFO - Processing /opt/anaconda3/lib/python3.7/site-packages/airflow/example_dags/example_complex.py took 0.313 seconds
