[2022-10-15T23:14:18.071+0800] {processor.py:156} INFO - Started process (PID=59530) to work on /opt/anaconda3/lib/python3.7/site-packages/airflow/example_dags/example_local_kubernetes_executor.py
[2022-10-15T23:14:18.073+0800] {processor.py:758} INFO - Processing file /opt/anaconda3/lib/python3.7/site-packages/airflow/example_dags/example_local_kubernetes_executor.py for tasks to queue
[2022-10-15T23:14:18.074+0800] {logging_mixin.py:117} INFO - [2022-10-15T23:14:18.074+0800] {dagbag.py:525} INFO - Filling up the DagBag from /opt/anaconda3/lib/python3.7/site-packages/airflow/example_dags/example_local_kubernetes_executor.py
[2022-10-15T23:14:18.119+0800] {processor.py:768} INFO - DAG(s) dict_keys(['example_local_kubernetes_executor']) retrieved from /opt/anaconda3/lib/python3.7/site-packages/airflow/example_dags/example_local_kubernetes_executor.py
[2022-10-15T23:14:18.178+0800] {logging_mixin.py:117} INFO - [2022-10-15T23:14:18.177+0800] {dag.py:2573} INFO - Sync 1 DAGs
[2022-10-15T23:14:18.215+0800] {logging_mixin.py:117} INFO - [2022-10-15T23:14:18.215+0800] {dag.py:3328} INFO - Setting next_dagrun for example_local_kubernetes_executor to None, run_after=None
[2022-10-15T23:14:18.243+0800] {processor.py:178} INFO - Processing /opt/anaconda3/lib/python3.7/site-packages/airflow/example_dags/example_local_kubernetes_executor.py took 0.176 seconds
[2022-10-15T23:20:39.508+0800] {processor.py:156} INFO - Started process (PID=60038) to work on /opt/anaconda3/lib/python3.7/site-packages/airflow/example_dags/example_local_kubernetes_executor.py
[2022-10-15T23:20:39.511+0800] {processor.py:758} INFO - Processing file /opt/anaconda3/lib/python3.7/site-packages/airflow/example_dags/example_local_kubernetes_executor.py for tasks to queue
[2022-10-15T23:20:39.513+0800] {logging_mixin.py:117} INFO - [2022-10-15T23:20:39.512+0800] {dagbag.py:525} INFO - Filling up the DagBag from /opt/anaconda3/lib/python3.7/site-packages/airflow/example_dags/example_local_kubernetes_executor.py
[2022-10-15T23:20:39.551+0800] {processor.py:768} INFO - DAG(s) dict_keys(['example_local_kubernetes_executor']) retrieved from /opt/anaconda3/lib/python3.7/site-packages/airflow/example_dags/example_local_kubernetes_executor.py
[2022-10-15T23:20:39.603+0800] {logging_mixin.py:117} INFO - [2022-10-15T23:20:39.603+0800] {dag.py:2573} INFO - Sync 1 DAGs
[2022-10-15T23:20:39.634+0800] {logging_mixin.py:117} INFO - [2022-10-15T23:20:39.634+0800] {dag.py:3328} INFO - Setting next_dagrun for example_local_kubernetes_executor to None, run_after=None
[2022-10-15T23:20:39.662+0800] {processor.py:178} INFO - Processing /opt/anaconda3/lib/python3.7/site-packages/airflow/example_dags/example_local_kubernetes_executor.py took 0.158 seconds
[2022-10-15T23:21:22.324+0800] {processor.py:156} INFO - Started process (PID=60195) to work on /opt/anaconda3/lib/python3.7/site-packages/airflow/example_dags/example_local_kubernetes_executor.py
[2022-10-15T23:21:22.325+0800] {processor.py:758} INFO - Processing file /opt/anaconda3/lib/python3.7/site-packages/airflow/example_dags/example_local_kubernetes_executor.py for tasks to queue
[2022-10-15T23:21:22.327+0800] {logging_mixin.py:117} INFO - [2022-10-15T23:21:22.326+0800] {dagbag.py:525} INFO - Filling up the DagBag from /opt/anaconda3/lib/python3.7/site-packages/airflow/example_dags/example_local_kubernetes_executor.py
[2022-10-15T23:21:22.373+0800] {processor.py:768} INFO - DAG(s) dict_keys(['example_local_kubernetes_executor']) retrieved from /opt/anaconda3/lib/python3.7/site-packages/airflow/example_dags/example_local_kubernetes_executor.py
[2022-10-15T23:21:22.442+0800] {logging_mixin.py:117} INFO - [2022-10-15T23:21:22.441+0800] {dag.py:2573} INFO - Sync 1 DAGs
[2022-10-15T23:21:22.485+0800] {logging_mixin.py:117} INFO - [2022-10-15T23:21:22.485+0800] {dag.py:3328} INFO - Setting next_dagrun for example_local_kubernetes_executor to None, run_after=None
[2022-10-15T23:21:22.546+0800] {processor.py:178} INFO - Processing /opt/anaconda3/lib/python3.7/site-packages/airflow/example_dags/example_local_kubernetes_executor.py took 0.228 seconds
[2022-10-15T23:22:04.570+0800] {processor.py:156} INFO - Started process (PID=60495) to work on /opt/anaconda3/lib/python3.7/site-packages/airflow/example_dags/example_local_kubernetes_executor.py
[2022-10-15T23:22:04.573+0800] {processor.py:758} INFO - Processing file /opt/anaconda3/lib/python3.7/site-packages/airflow/example_dags/example_local_kubernetes_executor.py for tasks to queue
[2022-10-15T23:22:04.575+0800] {logging_mixin.py:117} INFO - [2022-10-15T23:22:04.574+0800] {dagbag.py:525} INFO - Filling up the DagBag from /opt/anaconda3/lib/python3.7/site-packages/airflow/example_dags/example_local_kubernetes_executor.py
[2022-10-15T23:22:04.621+0800] {processor.py:768} INFO - DAG(s) dict_keys(['example_local_kubernetes_executor']) retrieved from /opt/anaconda3/lib/python3.7/site-packages/airflow/example_dags/example_local_kubernetes_executor.py
[2022-10-15T23:22:04.679+0800] {logging_mixin.py:117} INFO - [2022-10-15T23:22:04.679+0800] {dag.py:2573} INFO - Sync 1 DAGs
[2022-10-15T23:22:04.713+0800] {logging_mixin.py:117} INFO - [2022-10-15T23:22:04.712+0800] {dag.py:3328} INFO - Setting next_dagrun for example_local_kubernetes_executor to None, run_after=None
[2022-10-15T23:22:04.742+0800] {processor.py:178} INFO - Processing /opt/anaconda3/lib/python3.7/site-packages/airflow/example_dags/example_local_kubernetes_executor.py took 0.177 seconds
