[2022-10-15T23:13:13.148+0800] {processor.py:156} INFO - Started process (PID=59382) to work on /opt/anaconda3/lib/python3.7/site-packages/airflow/example_dags/example_skip_dag.py
[2022-10-15T23:13:13.163+0800] {processor.py:758} INFO - Processing file /opt/anaconda3/lib/python3.7/site-packages/airflow/example_dags/example_skip_dag.py for tasks to queue
[2022-10-15T23:13:13.165+0800] {logging_mixin.py:117} INFO - [2022-10-15T23:13:13.164+0800] {dagbag.py:525} INFO - Filling up the DagBag from /opt/anaconda3/lib/python3.7/site-packages/airflow/example_dags/example_skip_dag.py
[2022-10-15T23:13:13.191+0800] {processor.py:768} INFO - DAG(s) dict_keys(['example_skip_dag']) retrieved from /opt/anaconda3/lib/python3.7/site-packages/airflow/example_dags/example_skip_dag.py
[2022-10-15T23:13:13.365+0800] {logging_mixin.py:117} INFO - [2022-10-15T23:13:13.364+0800] {manager.py:507} INFO - Created Permission View: can read on DAG:example_skip_dag
[2022-10-15T23:13:13.376+0800] {logging_mixin.py:117} INFO - [2022-10-15T23:13:13.376+0800] {manager.py:507} INFO - Created Permission View: can edit on DAG:example_skip_dag
[2022-10-15T23:13:13.386+0800] {logging_mixin.py:117} INFO - [2022-10-15T23:13:13.385+0800] {manager.py:507} INFO - Created Permission View: can delete on DAG:example_skip_dag
[2022-10-15T23:13:13.386+0800] {logging_mixin.py:117} INFO - [2022-10-15T23:13:13.386+0800] {dag.py:2573} INFO - Sync 1 DAGs
[2022-10-15T23:13:13.405+0800] {logging_mixin.py:117} INFO - [2022-10-15T23:13:13.404+0800] {dag.py:2594} INFO - Creating ORM DAG for example_skip_dag
[2022-10-15T23:13:13.421+0800] {logging_mixin.py:117} INFO - [2022-10-15T23:13:13.421+0800] {dag.py:3328} INFO - Setting next_dagrun for example_skip_dag to 2022-10-14T15:13:13.420452+00:00, run_after=2022-10-15T15:13:13.420452+00:00
[2022-10-15T23:13:13.449+0800] {processor.py:178} INFO - Processing /opt/anaconda3/lib/python3.7/site-packages/airflow/example_dags/example_skip_dag.py took 0.306 seconds
[2022-10-15T23:14:10.095+0800] {processor.py:156} INFO - Started process (PID=59513) to work on /opt/anaconda3/lib/python3.7/site-packages/airflow/example_dags/example_skip_dag.py
[2022-10-15T23:14:10.098+0800] {processor.py:758} INFO - Processing file /opt/anaconda3/lib/python3.7/site-packages/airflow/example_dags/example_skip_dag.py for tasks to queue
[2022-10-15T23:14:10.099+0800] {logging_mixin.py:117} INFO - [2022-10-15T23:14:10.099+0800] {dagbag.py:525} INFO - Filling up the DagBag from /opt/anaconda3/lib/python3.7/site-packages/airflow/example_dags/example_skip_dag.py
[2022-10-15T23:14:10.124+0800] {processor.py:768} INFO - DAG(s) dict_keys(['example_skip_dag']) retrieved from /opt/anaconda3/lib/python3.7/site-packages/airflow/example_dags/example_skip_dag.py
[2022-10-15T23:14:10.163+0800] {logging_mixin.py:117} INFO - [2022-10-15T23:14:10.162+0800] {dag.py:2573} INFO - Sync 1 DAGs
[2022-10-15T23:14:10.195+0800] {logging_mixin.py:117} INFO - [2022-10-15T23:14:10.194+0800] {dag.py:3328} INFO - Setting next_dagrun for example_skip_dag to 2022-10-14T15:14:10.194409+00:00, run_after=2022-10-15T15:14:10.194409+00:00
[2022-10-15T23:14:10.224+0800] {processor.py:178} INFO - Processing /opt/anaconda3/lib/python3.7/site-packages/airflow/example_dags/example_skip_dag.py took 0.134 seconds
[2022-10-15T23:15:13.561+0800] {processor.py:156} INFO - Started process (PID=59667) to work on /opt/anaconda3/lib/python3.7/site-packages/airflow/example_dags/example_skip_dag.py
[2022-10-15T23:15:13.563+0800] {processor.py:758} INFO - Processing file /opt/anaconda3/lib/python3.7/site-packages/airflow/example_dags/example_skip_dag.py for tasks to queue
[2022-10-15T23:15:13.565+0800] {logging_mixin.py:117} INFO - [2022-10-15T23:15:13.564+0800] {dagbag.py:525} INFO - Filling up the DagBag from /opt/anaconda3/lib/python3.7/site-packages/airflow/example_dags/example_skip_dag.py
[2022-10-15T23:15:13.590+0800] {processor.py:768} INFO - DAG(s) dict_keys(['example_skip_dag']) retrieved from /opt/anaconda3/lib/python3.7/site-packages/airflow/example_dags/example_skip_dag.py
[2022-10-15T23:15:13.626+0800] {logging_mixin.py:117} INFO - [2022-10-15T23:15:13.625+0800] {dag.py:2573} INFO - Sync 1 DAGs
[2022-10-15T23:15:13.660+0800] {logging_mixin.py:117} INFO - [2022-10-15T23:15:13.660+0800] {dag.py:3328} INFO - Setting next_dagrun for example_skip_dag to 2022-10-14T15:15:13.659564+00:00, run_after=2022-10-15T15:15:13.659564+00:00
[2022-10-15T23:15:13.690+0800] {processor.py:178} INFO - Processing /opt/anaconda3/lib/python3.7/site-packages/airflow/example_dags/example_skip_dag.py took 0.134 seconds
