[2022-10-15T23:20:55.621+0800] {processor.py:156} INFO - Started process (PID=60069) to work on /opt/anaconda3/lib/python3.7/site-packages/airflow/example_dags/example_branch_day_of_week_operator.py
[2022-10-15T23:20:55.625+0800] {processor.py:758} INFO - Processing file /opt/anaconda3/lib/python3.7/site-packages/airflow/example_dags/example_branch_day_of_week_operator.py for tasks to queue
[2022-10-15T23:20:55.628+0800] {logging_mixin.py:117} INFO - [2022-10-15T23:20:55.627+0800] {dagbag.py:525} INFO - Filling up the DagBag from /opt/anaconda3/lib/python3.7/site-packages/airflow/example_dags/example_branch_day_of_week_operator.py
[2022-10-15T23:20:55.671+0800] {processor.py:768} INFO - DAG(s) dict_keys(['example_weekday_branch_operator']) retrieved from /opt/anaconda3/lib/python3.7/site-packages/airflow/example_dags/example_branch_day_of_week_operator.py
[2022-10-15T23:20:55.765+0800] {logging_mixin.py:117} INFO - [2022-10-15T23:20:55.764+0800] {dag.py:2573} INFO - Sync 1 DAGs
[2022-10-15T23:20:55.811+0800] {logging_mixin.py:117} INFO - [2022-10-15T23:20:55.811+0800] {dag.py:3328} INFO - Setting next_dagrun for example_weekday_branch_operator to 2022-10-14T00:00:00+00:00, run_after=2022-10-15T00:00:00+00:00
[2022-10-15T23:20:55.845+0800] {processor.py:178} INFO - Processing /opt/anaconda3/lib/python3.7/site-packages/airflow/example_dags/example_branch_day_of_week_operator.py took 0.229 seconds
[2022-10-15T23:21:37.851+0800] {processor.py:156} INFO - Started process (PID=60400) to work on /opt/anaconda3/lib/python3.7/site-packages/airflow/example_dags/example_branch_day_of_week_operator.py
[2022-10-15T23:21:37.854+0800] {processor.py:758} INFO - Processing file /opt/anaconda3/lib/python3.7/site-packages/airflow/example_dags/example_branch_day_of_week_operator.py for tasks to queue
[2022-10-15T23:21:37.855+0800] {logging_mixin.py:117} INFO - [2022-10-15T23:21:37.855+0800] {dagbag.py:525} INFO - Filling up the DagBag from /opt/anaconda3/lib/python3.7/site-packages/airflow/example_dags/example_branch_day_of_week_operator.py
[2022-10-15T23:21:37.886+0800] {processor.py:768} INFO - DAG(s) dict_keys(['example_weekday_branch_operator']) retrieved from /opt/anaconda3/lib/python3.7/site-packages/airflow/example_dags/example_branch_day_of_week_operator.py
[2022-10-15T23:21:37.943+0800] {logging_mixin.py:117} INFO - [2022-10-15T23:21:37.943+0800] {dag.py:2573} INFO - Sync 1 DAGs
[2022-10-15T23:21:37.976+0800] {logging_mixin.py:117} INFO - [2022-10-15T23:21:37.975+0800] {dag.py:3328} INFO - Setting next_dagrun for example_weekday_branch_operator to 2022-10-14T00:00:00+00:00, run_after=2022-10-15T00:00:00+00:00
[2022-10-15T23:21:38.003+0800] {processor.py:178} INFO - Processing /opt/anaconda3/lib/python3.7/site-packages/airflow/example_dags/example_branch_day_of_week_operator.py took 0.157 seconds
[2022-10-15T23:22:27.340+0800] {processor.py:156} INFO - Started process (PID=60542) to work on /opt/anaconda3/lib/python3.7/site-packages/airflow/example_dags/example_branch_day_of_week_operator.py
[2022-10-15T23:22:27.343+0800] {processor.py:758} INFO - Processing file /opt/anaconda3/lib/python3.7/site-packages/airflow/example_dags/example_branch_day_of_week_operator.py for tasks to queue
[2022-10-15T23:22:27.344+0800] {logging_mixin.py:117} INFO - [2022-10-15T23:22:27.344+0800] {dagbag.py:525} INFO - Filling up the DagBag from /opt/anaconda3/lib/python3.7/site-packages/airflow/example_dags/example_branch_day_of_week_operator.py
[2022-10-15T23:22:27.374+0800] {processor.py:768} INFO - DAG(s) dict_keys(['example_weekday_branch_operator']) retrieved from /opt/anaconda3/lib/python3.7/site-packages/airflow/example_dags/example_branch_day_of_week_operator.py
[2022-10-15T23:22:27.435+0800] {logging_mixin.py:117} INFO - [2022-10-15T23:22:27.435+0800] {dag.py:2573} INFO - Sync 1 DAGs
[2022-10-15T23:22:27.472+0800] {logging_mixin.py:117} INFO - [2022-10-15T23:22:27.471+0800] {dag.py:3328} INFO - Setting next_dagrun for example_weekday_branch_operator to 2022-10-14T00:00:00+00:00, run_after=2022-10-15T00:00:00+00:00
[2022-10-15T23:22:27.501+0800] {processor.py:178} INFO - Processing /opt/anaconda3/lib/python3.7/site-packages/airflow/example_dags/example_branch_day_of_week_operator.py took 0.167 seconds
[2022-10-15T23:27:44.676+0800] {processor.py:156} INFO - Started process (PID=61036) to work on /opt/anaconda3/lib/python3.7/site-packages/airflow/example_dags/example_branch_day_of_week_operator.py
[2022-10-15T23:27:44.679+0800] {processor.py:758} INFO - Processing file /opt/anaconda3/lib/python3.7/site-packages/airflow/example_dags/example_branch_day_of_week_operator.py for tasks to queue
[2022-10-15T23:27:44.680+0800] {logging_mixin.py:117} INFO - [2022-10-15T23:27:44.680+0800] {dagbag.py:525} INFO - Filling up the DagBag from /opt/anaconda3/lib/python3.7/site-packages/airflow/example_dags/example_branch_day_of_week_operator.py
[2022-10-15T23:27:44.710+0800] {processor.py:768} INFO - DAG(s) dict_keys(['example_weekday_branch_operator']) retrieved from /opt/anaconda3/lib/python3.7/site-packages/airflow/example_dags/example_branch_day_of_week_operator.py
[2022-10-15T23:27:44.766+0800] {logging_mixin.py:117} INFO - [2022-10-15T23:27:44.766+0800] {dag.py:2573} INFO - Sync 1 DAGs
[2022-10-15T23:27:44.800+0800] {logging_mixin.py:117} INFO - [2022-10-15T23:27:44.799+0800] {dag.py:3328} INFO - Setting next_dagrun for example_weekday_branch_operator to 2022-10-14T00:00:00+00:00, run_after=2022-10-15T00:00:00+00:00
[2022-10-15T23:27:44.834+0800] {processor.py:178} INFO - Processing /opt/anaconda3/lib/python3.7/site-packages/airflow/example_dags/example_branch_day_of_week_operator.py took 0.163 seconds
[2022-10-15T23:28:35.694+0800] {processor.py:156} INFO - Started process (PID=61125) to work on /opt/anaconda3/lib/python3.7/site-packages/airflow/example_dags/example_branch_day_of_week_operator.py
[2022-10-15T23:28:35.696+0800] {processor.py:758} INFO - Processing file /opt/anaconda3/lib/python3.7/site-packages/airflow/example_dags/example_branch_day_of_week_operator.py for tasks to queue
[2022-10-15T23:28:35.698+0800] {logging_mixin.py:117} INFO - [2022-10-15T23:28:35.698+0800] {dagbag.py:525} INFO - Filling up the DagBag from /opt/anaconda3/lib/python3.7/site-packages/airflow/example_dags/example_branch_day_of_week_operator.py
[2022-10-15T23:28:35.727+0800] {processor.py:768} INFO - DAG(s) dict_keys(['example_weekday_branch_operator']) retrieved from /opt/anaconda3/lib/python3.7/site-packages/airflow/example_dags/example_branch_day_of_week_operator.py
[2022-10-15T23:28:35.783+0800] {logging_mixin.py:117} INFO - [2022-10-15T23:28:35.783+0800] {dag.py:2573} INFO - Sync 1 DAGs
[2022-10-15T23:28:35.817+0800] {logging_mixin.py:117} INFO - [2022-10-15T23:28:35.816+0800] {dag.py:3328} INFO - Setting next_dagrun for example_weekday_branch_operator to 2022-10-14T00:00:00+00:00, run_after=2022-10-15T00:00:00+00:00
[2022-10-15T23:28:35.848+0800] {processor.py:178} INFO - Processing /opt/anaconda3/lib/python3.7/site-packages/airflow/example_dags/example_branch_day_of_week_operator.py took 0.159 seconds
[2022-10-15T23:29:41.113+0800] {processor.py:156} INFO - Started process (PID=61271) to work on /opt/anaconda3/lib/python3.7/site-packages/airflow/example_dags/example_branch_day_of_week_operator.py
[2022-10-15T23:29:41.116+0800] {processor.py:758} INFO - Processing file /opt/anaconda3/lib/python3.7/site-packages/airflow/example_dags/example_branch_day_of_week_operator.py for tasks to queue
[2022-10-15T23:29:41.118+0800] {logging_mixin.py:117} INFO - [2022-10-15T23:29:41.117+0800] {dagbag.py:525} INFO - Filling up the DagBag from /opt/anaconda3/lib/python3.7/site-packages/airflow/example_dags/example_branch_day_of_week_operator.py
[2022-10-15T23:29:41.148+0800] {processor.py:768} INFO - DAG(s) dict_keys(['example_weekday_branch_operator']) retrieved from /opt/anaconda3/lib/python3.7/site-packages/airflow/example_dags/example_branch_day_of_week_operator.py
[2022-10-15T23:29:41.206+0800] {logging_mixin.py:117} INFO - [2022-10-15T23:29:41.206+0800] {dag.py:2573} INFO - Sync 1 DAGs
[2022-10-15T23:29:41.239+0800] {logging_mixin.py:117} INFO - [2022-10-15T23:29:41.238+0800] {dag.py:3328} INFO - Setting next_dagrun for example_weekday_branch_operator to 2022-10-14T00:00:00+00:00, run_after=2022-10-15T00:00:00+00:00
[2022-10-15T23:29:41.265+0800] {processor.py:178} INFO - Processing /opt/anaconda3/lib/python3.7/site-packages/airflow/example_dags/example_branch_day_of_week_operator.py took 0.157 seconds
[2022-10-15T23:30:20.130+0800] {processor.py:156} INFO - Started process (PID=61417) to work on /opt/anaconda3/lib/python3.7/site-packages/airflow/example_dags/example_branch_day_of_week_operator.py
[2022-10-15T23:30:20.133+0800] {processor.py:758} INFO - Processing file /opt/anaconda3/lib/python3.7/site-packages/airflow/example_dags/example_branch_day_of_week_operator.py for tasks to queue
[2022-10-15T23:30:20.134+0800] {logging_mixin.py:117} INFO - [2022-10-15T23:30:20.134+0800] {dagbag.py:525} INFO - Filling up the DagBag from /opt/anaconda3/lib/python3.7/site-packages/airflow/example_dags/example_branch_day_of_week_operator.py
[2022-10-15T23:30:20.168+0800] {processor.py:768} INFO - DAG(s) dict_keys(['example_weekday_branch_operator']) retrieved from /opt/anaconda3/lib/python3.7/site-packages/airflow/example_dags/example_branch_day_of_week_operator.py
[2022-10-15T23:30:20.232+0800] {logging_mixin.py:117} INFO - [2022-10-15T23:30:20.232+0800] {dag.py:2573} INFO - Sync 1 DAGs
[2022-10-15T23:30:20.267+0800] {logging_mixin.py:117} INFO - [2022-10-15T23:30:20.266+0800] {dag.py:3328} INFO - Setting next_dagrun for example_weekday_branch_operator to 2022-10-14T00:00:00+00:00, run_after=2022-10-15T00:00:00+00:00
[2022-10-15T23:30:20.296+0800] {processor.py:178} INFO - Processing /opt/anaconda3/lib/python3.7/site-packages/airflow/example_dags/example_branch_day_of_week_operator.py took 0.172 seconds
[2022-10-15T23:30:59.002+0800] {processor.py:156} INFO - Started process (PID=61522) to work on /opt/anaconda3/lib/python3.7/site-packages/airflow/example_dags/example_branch_day_of_week_operator.py
[2022-10-15T23:30:59.005+0800] {processor.py:758} INFO - Processing file /opt/anaconda3/lib/python3.7/site-packages/airflow/example_dags/example_branch_day_of_week_operator.py for tasks to queue
[2022-10-15T23:30:59.006+0800] {logging_mixin.py:117} INFO - [2022-10-15T23:30:59.006+0800] {dagbag.py:525} INFO - Filling up the DagBag from /opt/anaconda3/lib/python3.7/site-packages/airflow/example_dags/example_branch_day_of_week_operator.py
[2022-10-15T23:30:59.040+0800] {processor.py:768} INFO - DAG(s) dict_keys(['example_weekday_branch_operator']) retrieved from /opt/anaconda3/lib/python3.7/site-packages/airflow/example_dags/example_branch_day_of_week_operator.py
[2022-10-15T23:30:59.105+0800] {logging_mixin.py:117} INFO - [2022-10-15T23:30:59.105+0800] {dag.py:2573} INFO - Sync 1 DAGs
[2022-10-15T23:30:59.150+0800] {logging_mixin.py:117} INFO - [2022-10-15T23:30:59.149+0800] {dag.py:3328} INFO - Setting next_dagrun for example_weekday_branch_operator to 2022-10-14T00:00:00+00:00, run_after=2022-10-15T00:00:00+00:00
[2022-10-15T23:30:59.186+0800] {processor.py:178} INFO - Processing /opt/anaconda3/lib/python3.7/site-packages/airflow/example_dags/example_branch_day_of_week_operator.py took 0.190 seconds
[2022-10-15T23:34:27.539+0800] {processor.py:156} INFO - Started process (PID=62000) to work on /opt/anaconda3/lib/python3.7/site-packages/airflow/example_dags/example_branch_day_of_week_operator.py
[2022-10-15T23:34:27.542+0800] {processor.py:758} INFO - Processing file /opt/anaconda3/lib/python3.7/site-packages/airflow/example_dags/example_branch_day_of_week_operator.py for tasks to queue
[2022-10-15T23:34:27.543+0800] {logging_mixin.py:117} INFO - [2022-10-15T23:34:27.543+0800] {dagbag.py:525} INFO - Filling up the DagBag from /opt/anaconda3/lib/python3.7/site-packages/airflow/example_dags/example_branch_day_of_week_operator.py
[2022-10-15T23:34:27.570+0800] {processor.py:768} INFO - DAG(s) dict_keys(['example_weekday_branch_operator']) retrieved from /opt/anaconda3/lib/python3.7/site-packages/airflow/example_dags/example_branch_day_of_week_operator.py
[2022-10-15T23:34:27.625+0800] {logging_mixin.py:117} INFO - [2022-10-15T23:34:27.624+0800] {dag.py:2573} INFO - Sync 1 DAGs
[2022-10-15T23:34:27.661+0800] {logging_mixin.py:117} INFO - [2022-10-15T23:34:27.660+0800] {dag.py:3328} INFO - Setting next_dagrun for example_weekday_branch_operator to 2022-10-14T00:00:00+00:00, run_after=2022-10-15T00:00:00+00:00
[2022-10-15T23:34:27.688+0800] {processor.py:178} INFO - Processing /opt/anaconda3/lib/python3.7/site-packages/airflow/example_dags/example_branch_day_of_week_operator.py took 0.154 seconds
[2022-10-15T23:35:10.238+0800] {processor.py:156} INFO - Started process (PID=62114) to work on /opt/anaconda3/lib/python3.7/site-packages/airflow/example_dags/example_branch_day_of_week_operator.py
[2022-10-15T23:35:10.240+0800] {processor.py:758} INFO - Processing file /opt/anaconda3/lib/python3.7/site-packages/airflow/example_dags/example_branch_day_of_week_operator.py for tasks to queue
[2022-10-15T23:35:10.242+0800] {logging_mixin.py:117} INFO - [2022-10-15T23:35:10.241+0800] {dagbag.py:525} INFO - Filling up the DagBag from /opt/anaconda3/lib/python3.7/site-packages/airflow/example_dags/example_branch_day_of_week_operator.py
[2022-10-15T23:35:10.274+0800] {processor.py:768} INFO - DAG(s) dict_keys(['example_weekday_branch_operator']) retrieved from /opt/anaconda3/lib/python3.7/site-packages/airflow/example_dags/example_branch_day_of_week_operator.py
[2022-10-15T23:35:10.335+0800] {logging_mixin.py:117} INFO - [2022-10-15T23:35:10.335+0800] {dag.py:2573} INFO - Sync 1 DAGs
[2022-10-15T23:35:10.374+0800] {logging_mixin.py:117} INFO - [2022-10-15T23:35:10.373+0800] {dag.py:3328} INFO - Setting next_dagrun for example_weekday_branch_operator to 2022-10-14T00:00:00+00:00, run_after=2022-10-15T00:00:00+00:00
[2022-10-15T23:35:10.403+0800] {processor.py:178} INFO - Processing /opt/anaconda3/lib/python3.7/site-packages/airflow/example_dags/example_branch_day_of_week_operator.py took 0.171 seconds
[2022-10-15T23:35:47.018+0800] {processor.py:156} INFO - Started process (PID=62253) to work on /opt/anaconda3/lib/python3.7/site-packages/airflow/example_dags/example_branch_day_of_week_operator.py
[2022-10-15T23:35:47.021+0800] {processor.py:758} INFO - Processing file /opt/anaconda3/lib/python3.7/site-packages/airflow/example_dags/example_branch_day_of_week_operator.py for tasks to queue
[2022-10-15T23:35:47.022+0800] {logging_mixin.py:117} INFO - [2022-10-15T23:35:47.022+0800] {dagbag.py:525} INFO - Filling up the DagBag from /opt/anaconda3/lib/python3.7/site-packages/airflow/example_dags/example_branch_day_of_week_operator.py
[2022-10-15T23:35:47.053+0800] {processor.py:768} INFO - DAG(s) dict_keys(['example_weekday_branch_operator']) retrieved from /opt/anaconda3/lib/python3.7/site-packages/airflow/example_dags/example_branch_day_of_week_operator.py
[2022-10-15T23:35:47.133+0800] {logging_mixin.py:117} INFO - [2022-10-15T23:35:47.132+0800] {dag.py:2573} INFO - Sync 1 DAGs
[2022-10-15T23:35:47.168+0800] {logging_mixin.py:117} INFO - [2022-10-15T23:35:47.168+0800] {dag.py:3328} INFO - Setting next_dagrun for example_weekday_branch_operator to 2022-10-14T00:00:00+00:00, run_after=2022-10-15T00:00:00+00:00
[2022-10-15T23:35:47.210+0800] {processor.py:178} INFO - Processing /opt/anaconda3/lib/python3.7/site-packages/airflow/example_dags/example_branch_day_of_week_operator.py took 0.198 seconds
[2022-10-15T23:36:25.016+0800] {processor.py:156} INFO - Started process (PID=62392) to work on /opt/anaconda3/lib/python3.7/site-packages/airflow/example_dags/example_branch_day_of_week_operator.py
[2022-10-15T23:36:25.018+0800] {processor.py:758} INFO - Processing file /opt/anaconda3/lib/python3.7/site-packages/airflow/example_dags/example_branch_day_of_week_operator.py for tasks to queue
[2022-10-15T23:36:25.020+0800] {logging_mixin.py:117} INFO - [2022-10-15T23:36:25.019+0800] {dagbag.py:525} INFO - Filling up the DagBag from /opt/anaconda3/lib/python3.7/site-packages/airflow/example_dags/example_branch_day_of_week_operator.py
[2022-10-15T23:36:25.055+0800] {processor.py:768} INFO - DAG(s) dict_keys(['example_weekday_branch_operator']) retrieved from /opt/anaconda3/lib/python3.7/site-packages/airflow/example_dags/example_branch_day_of_week_operator.py
[2022-10-15T23:36:25.129+0800] {logging_mixin.py:117} INFO - [2022-10-15T23:36:25.129+0800] {dag.py:2573} INFO - Sync 1 DAGs
[2022-10-15T23:36:25.166+0800] {logging_mixin.py:117} INFO - [2022-10-15T23:36:25.165+0800] {dag.py:3328} INFO - Setting next_dagrun for example_weekday_branch_operator to 2022-10-14T00:00:00+00:00, run_after=2022-10-15T00:00:00+00:00
[2022-10-15T23:36:25.197+0800] {processor.py:178} INFO - Processing /opt/anaconda3/lib/python3.7/site-packages/airflow/example_dags/example_branch_day_of_week_operator.py took 0.186 seconds
[2022-10-15T23:37:01.916+0800] {processor.py:156} INFO - Started process (PID=62503) to work on /opt/anaconda3/lib/python3.7/site-packages/airflow/example_dags/example_branch_day_of_week_operator.py
[2022-10-15T23:37:01.918+0800] {processor.py:758} INFO - Processing file /opt/anaconda3/lib/python3.7/site-packages/airflow/example_dags/example_branch_day_of_week_operator.py for tasks to queue
[2022-10-15T23:37:01.919+0800] {logging_mixin.py:117} INFO - [2022-10-15T23:37:01.919+0800] {dagbag.py:525} INFO - Filling up the DagBag from /opt/anaconda3/lib/python3.7/site-packages/airflow/example_dags/example_branch_day_of_week_operator.py
[2022-10-15T23:37:01.947+0800] {processor.py:768} INFO - DAG(s) dict_keys(['example_weekday_branch_operator']) retrieved from /opt/anaconda3/lib/python3.7/site-packages/airflow/example_dags/example_branch_day_of_week_operator.py
[2022-10-15T23:37:02.008+0800] {logging_mixin.py:117} INFO - [2022-10-15T23:37:02.007+0800] {dag.py:2573} INFO - Sync 1 DAGs
[2022-10-15T23:37:02.044+0800] {logging_mixin.py:117} INFO - [2022-10-15T23:37:02.043+0800] {dag.py:3328} INFO - Setting next_dagrun for example_weekday_branch_operator to 2022-10-14T00:00:00+00:00, run_after=2022-10-15T00:00:00+00:00
[2022-10-15T23:37:02.075+0800] {processor.py:178} INFO - Processing /opt/anaconda3/lib/python3.7/site-packages/airflow/example_dags/example_branch_day_of_week_operator.py took 0.164 seconds
