[2022-10-15T23:13:06.018+0800] {processor.py:156} INFO - Started process (PID=59374) to work on /opt/anaconda3/lib/python3.7/site-packages/airflow/example_dags/example_time_delta_sensor_async.py
[2022-10-15T23:13:06.020+0800] {processor.py:758} INFO - Processing file /opt/anaconda3/lib/python3.7/site-packages/airflow/example_dags/example_time_delta_sensor_async.py for tasks to queue
[2022-10-15T23:13:06.021+0800] {logging_mixin.py:117} INFO - [2022-10-15T23:13:06.021+0800] {dagbag.py:525} INFO - Filling up the DagBag from /opt/anaconda3/lib/python3.7/site-packages/airflow/example_dags/example_time_delta_sensor_async.py
[2022-10-15T23:13:06.046+0800] {processor.py:768} INFO - DAG(s) dict_keys(['example_time_delta_sensor_async']) retrieved from /opt/anaconda3/lib/python3.7/site-packages/airflow/example_dags/example_time_delta_sensor_async.py
[2022-10-15T23:13:06.490+0800] {logging_mixin.py:117} INFO - [2022-10-15T23:13:06.489+0800] {manager.py:507} INFO - Created Permission View: can read on DAG:example_time_delta_sensor_async
[2022-10-15T23:13:06.507+0800] {logging_mixin.py:117} INFO - [2022-10-15T23:13:06.506+0800] {manager.py:507} INFO - Created Permission View: can edit on DAG:example_time_delta_sensor_async
[2022-10-15T23:13:06.536+0800] {logging_mixin.py:117} INFO - [2022-10-15T23:13:06.536+0800] {manager.py:507} INFO - Created Permission View: can delete on DAG:example_time_delta_sensor_async
[2022-10-15T23:13:06.537+0800] {logging_mixin.py:117} INFO - [2022-10-15T23:13:06.537+0800] {dag.py:2573} INFO - Sync 1 DAGs
[2022-10-15T23:13:06.565+0800] {logging_mixin.py:117} INFO - [2022-10-15T23:13:06.564+0800] {dag.py:2594} INFO - Creating ORM DAG for example_time_delta_sensor_async
[2022-10-15T23:13:06.583+0800] {logging_mixin.py:117} INFO - [2022-10-15T23:13:06.582+0800] {dag.py:3328} INFO - Setting next_dagrun for example_time_delta_sensor_async to None, run_after=None
[2022-10-15T23:13:06.621+0800] {processor.py:178} INFO - Processing /opt/anaconda3/lib/python3.7/site-packages/airflow/example_dags/example_time_delta_sensor_async.py took 0.608 seconds
[2022-10-15T23:14:03.775+0800] {processor.py:156} INFO - Started process (PID=59500) to work on /opt/anaconda3/lib/python3.7/site-packages/airflow/example_dags/example_time_delta_sensor_async.py
[2022-10-15T23:14:03.777+0800] {processor.py:758} INFO - Processing file /opt/anaconda3/lib/python3.7/site-packages/airflow/example_dags/example_time_delta_sensor_async.py for tasks to queue
[2022-10-15T23:14:03.779+0800] {logging_mixin.py:117} INFO - [2022-10-15T23:14:03.778+0800] {dagbag.py:525} INFO - Filling up the DagBag from /opt/anaconda3/lib/python3.7/site-packages/airflow/example_dags/example_time_delta_sensor_async.py
[2022-10-15T23:14:03.806+0800] {processor.py:768} INFO - DAG(s) dict_keys(['example_time_delta_sensor_async']) retrieved from /opt/anaconda3/lib/python3.7/site-packages/airflow/example_dags/example_time_delta_sensor_async.py
[2022-10-15T23:14:03.843+0800] {logging_mixin.py:117} INFO - [2022-10-15T23:14:03.842+0800] {dag.py:2573} INFO - Sync 1 DAGs
[2022-10-15T23:14:03.880+0800] {logging_mixin.py:117} INFO - [2022-10-15T23:14:03.880+0800] {dag.py:3328} INFO - Setting next_dagrun for example_time_delta_sensor_async to None, run_after=None
[2022-10-15T23:14:03.913+0800] {processor.py:178} INFO - Processing /opt/anaconda3/lib/python3.7/site-packages/airflow/example_dags/example_time_delta_sensor_async.py took 0.143 seconds
[2022-10-15T23:15:07.294+0800] {processor.py:156} INFO - Started process (PID=59652) to work on /opt/anaconda3/lib/python3.7/site-packages/airflow/example_dags/example_time_delta_sensor_async.py
[2022-10-15T23:15:07.297+0800] {processor.py:758} INFO - Processing file /opt/anaconda3/lib/python3.7/site-packages/airflow/example_dags/example_time_delta_sensor_async.py for tasks to queue
[2022-10-15T23:15:07.298+0800] {logging_mixin.py:117} INFO - [2022-10-15T23:15:07.298+0800] {dagbag.py:525} INFO - Filling up the DagBag from /opt/anaconda3/lib/python3.7/site-packages/airflow/example_dags/example_time_delta_sensor_async.py
[2022-10-15T23:15:07.323+0800] {processor.py:768} INFO - DAG(s) dict_keys(['example_time_delta_sensor_async']) retrieved from /opt/anaconda3/lib/python3.7/site-packages/airflow/example_dags/example_time_delta_sensor_async.py
[2022-10-15T23:15:07.360+0800] {logging_mixin.py:117} INFO - [2022-10-15T23:15:07.360+0800] {dag.py:2573} INFO - Sync 1 DAGs
[2022-10-15T23:15:07.396+0800] {logging_mixin.py:117} INFO - [2022-10-15T23:15:07.396+0800] {dag.py:3328} INFO - Setting next_dagrun for example_time_delta_sensor_async to None, run_after=None
[2022-10-15T23:15:07.426+0800] {processor.py:178} INFO - Processing /opt/anaconda3/lib/python3.7/site-packages/airflow/example_dags/example_time_delta_sensor_async.py took 0.136 seconds
[2022-10-15T23:20:26.693+0800] {processor.py:156} INFO - Started process (PID=60014) to work on /opt/anaconda3/lib/python3.7/site-packages/airflow/example_dags/example_time_delta_sensor_async.py
[2022-10-15T23:20:26.696+0800] {processor.py:758} INFO - Processing file /opt/anaconda3/lib/python3.7/site-packages/airflow/example_dags/example_time_delta_sensor_async.py for tasks to queue
[2022-10-15T23:20:26.697+0800] {logging_mixin.py:117} INFO - [2022-10-15T23:20:26.697+0800] {dagbag.py:525} INFO - Filling up the DagBag from /opt/anaconda3/lib/python3.7/site-packages/airflow/example_dags/example_time_delta_sensor_async.py
[2022-10-15T23:20:26.739+0800] {processor.py:768} INFO - DAG(s) dict_keys(['example_time_delta_sensor_async']) retrieved from /opt/anaconda3/lib/python3.7/site-packages/airflow/example_dags/example_time_delta_sensor_async.py
[2022-10-15T23:20:27.275+0800] {logging_mixin.py:117} INFO - [2022-10-15T23:20:27.275+0800] {dag.py:2573} INFO - Sync 1 DAGs
[2022-10-15T23:20:27.307+0800] {logging_mixin.py:117} INFO - [2022-10-15T23:20:27.307+0800] {dag.py:3328} INFO - Setting next_dagrun for example_time_delta_sensor_async to None, run_after=None
[2022-10-15T23:20:27.334+0800] {processor.py:178} INFO - Processing /opt/anaconda3/lib/python3.7/site-packages/airflow/example_dags/example_time_delta_sensor_async.py took 0.646 seconds
[2022-10-15T23:21:10.691+0800] {processor.py:156} INFO - Started process (PID=60143) to work on /opt/anaconda3/lib/python3.7/site-packages/airflow/example_dags/example_time_delta_sensor_async.py
[2022-10-15T23:21:10.693+0800] {processor.py:758} INFO - Processing file /opt/anaconda3/lib/python3.7/site-packages/airflow/example_dags/example_time_delta_sensor_async.py for tasks to queue
[2022-10-15T23:21:10.695+0800] {logging_mixin.py:117} INFO - [2022-10-15T23:21:10.694+0800] {dagbag.py:525} INFO - Filling up the DagBag from /opt/anaconda3/lib/python3.7/site-packages/airflow/example_dags/example_time_delta_sensor_async.py
[2022-10-15T23:21:10.722+0800] {processor.py:768} INFO - DAG(s) dict_keys(['example_time_delta_sensor_async']) retrieved from /opt/anaconda3/lib/python3.7/site-packages/airflow/example_dags/example_time_delta_sensor_async.py
[2022-10-15T23:21:11.583+0800] {logging_mixin.py:117} INFO - [2022-10-15T23:21:11.583+0800] {dag.py:2573} INFO - Sync 1 DAGs
[2022-10-15T23:21:11.615+0800] {logging_mixin.py:117} INFO - [2022-10-15T23:21:11.614+0800] {dag.py:3328} INFO - Setting next_dagrun for example_time_delta_sensor_async to None, run_after=None
[2022-10-15T23:21:11.643+0800] {processor.py:178} INFO - Processing /opt/anaconda3/lib/python3.7/site-packages/airflow/example_dags/example_time_delta_sensor_async.py took 0.957 seconds
[2022-10-15T23:21:51.188+0800] {processor.py:156} INFO - Started process (PID=60470) to work on /opt/anaconda3/lib/python3.7/site-packages/airflow/example_dags/example_time_delta_sensor_async.py
[2022-10-15T23:21:51.191+0800] {processor.py:758} INFO - Processing file /opt/anaconda3/lib/python3.7/site-packages/airflow/example_dags/example_time_delta_sensor_async.py for tasks to queue
[2022-10-15T23:21:51.192+0800] {logging_mixin.py:117} INFO - [2022-10-15T23:21:51.192+0800] {dagbag.py:525} INFO - Filling up the DagBag from /opt/anaconda3/lib/python3.7/site-packages/airflow/example_dags/example_time_delta_sensor_async.py
[2022-10-15T23:21:51.218+0800] {processor.py:768} INFO - DAG(s) dict_keys(['example_time_delta_sensor_async']) retrieved from /opt/anaconda3/lib/python3.7/site-packages/airflow/example_dags/example_time_delta_sensor_async.py
[2022-10-15T23:21:51.708+0800] {logging_mixin.py:117} INFO - [2022-10-15T23:21:51.708+0800] {dag.py:2573} INFO - Sync 1 DAGs
[2022-10-15T23:21:51.753+0800] {logging_mixin.py:117} INFO - [2022-10-15T23:21:51.752+0800] {dag.py:3328} INFO - Setting next_dagrun for example_time_delta_sensor_async to None, run_after=None
[2022-10-15T23:21:51.790+0800] {processor.py:178} INFO - Processing /opt/anaconda3/lib/python3.7/site-packages/airflow/example_dags/example_time_delta_sensor_async.py took 0.607 seconds
[2022-10-15T23:22:32.612+0800] {processor.py:156} INFO - Started process (PID=60549) to work on /opt/anaconda3/lib/python3.7/site-packages/airflow/example_dags/example_time_delta_sensor_async.py
[2022-10-15T23:22:32.614+0800] {processor.py:758} INFO - Processing file /opt/anaconda3/lib/python3.7/site-packages/airflow/example_dags/example_time_delta_sensor_async.py for tasks to queue
[2022-10-15T23:22:32.615+0800] {logging_mixin.py:117} INFO - [2022-10-15T23:22:32.615+0800] {dagbag.py:525} INFO - Filling up the DagBag from /opt/anaconda3/lib/python3.7/site-packages/airflow/example_dags/example_time_delta_sensor_async.py
[2022-10-15T23:22:32.646+0800] {processor.py:768} INFO - DAG(s) dict_keys(['example_time_delta_sensor_async']) retrieved from /opt/anaconda3/lib/python3.7/site-packages/airflow/example_dags/example_time_delta_sensor_async.py
[2022-10-15T23:22:33.198+0800] {logging_mixin.py:117} INFO - [2022-10-15T23:22:33.197+0800] {dag.py:2573} INFO - Sync 1 DAGs
[2022-10-15T23:22:33.231+0800] {logging_mixin.py:117} INFO - [2022-10-15T23:22:33.231+0800] {dag.py:3328} INFO - Setting next_dagrun for example_time_delta_sensor_async to None, run_after=None
[2022-10-15T23:22:33.262+0800] {processor.py:178} INFO - Processing /opt/anaconda3/lib/python3.7/site-packages/airflow/example_dags/example_time_delta_sensor_async.py took 0.658 seconds
[2022-10-15T23:27:15.667+0800] {processor.py:156} INFO - Started process (PID=60977) to work on /opt/anaconda3/lib/python3.7/site-packages/airflow/example_dags/example_time_delta_sensor_async.py
[2022-10-15T23:27:15.670+0800] {processor.py:758} INFO - Processing file /opt/anaconda3/lib/python3.7/site-packages/airflow/example_dags/example_time_delta_sensor_async.py for tasks to queue
[2022-10-15T23:27:15.672+0800] {logging_mixin.py:117} INFO - [2022-10-15T23:27:15.671+0800] {dagbag.py:525} INFO - Filling up the DagBag from /opt/anaconda3/lib/python3.7/site-packages/airflow/example_dags/example_time_delta_sensor_async.py
[2022-10-15T23:27:15.697+0800] {processor.py:768} INFO - DAG(s) dict_keys(['example_time_delta_sensor_async']) retrieved from /opt/anaconda3/lib/python3.7/site-packages/airflow/example_dags/example_time_delta_sensor_async.py
[2022-10-15T23:27:16.138+0800] {logging_mixin.py:117} INFO - [2022-10-15T23:27:16.137+0800] {dag.py:2573} INFO - Sync 1 DAGs
[2022-10-15T23:27:16.172+0800] {logging_mixin.py:117} INFO - [2022-10-15T23:27:16.171+0800] {dag.py:3328} INFO - Setting next_dagrun for example_time_delta_sensor_async to None, run_after=None
[2022-10-15T23:27:16.203+0800] {processor.py:178} INFO - Processing /opt/anaconda3/lib/python3.7/site-packages/airflow/example_dags/example_time_delta_sensor_async.py took 0.541 seconds
[2022-10-15T23:28:00.904+0800] {processor.py:156} INFO - Started process (PID=61054) to work on /opt/anaconda3/lib/python3.7/site-packages/airflow/example_dags/example_time_delta_sensor_async.py
[2022-10-15T23:28:00.907+0800] {processor.py:758} INFO - Processing file /opt/anaconda3/lib/python3.7/site-packages/airflow/example_dags/example_time_delta_sensor_async.py for tasks to queue
[2022-10-15T23:28:00.909+0800] {logging_mixin.py:117} INFO - [2022-10-15T23:28:00.908+0800] {dagbag.py:525} INFO - Filling up the DagBag from /opt/anaconda3/lib/python3.7/site-packages/airflow/example_dags/example_time_delta_sensor_async.py
[2022-10-15T23:28:00.937+0800] {processor.py:768} INFO - DAG(s) dict_keys(['example_time_delta_sensor_async']) retrieved from /opt/anaconda3/lib/python3.7/site-packages/airflow/example_dags/example_time_delta_sensor_async.py
[2022-10-15T23:28:01.488+0800] {logging_mixin.py:117} INFO - [2022-10-15T23:28:01.488+0800] {dag.py:2573} INFO - Sync 1 DAGs
[2022-10-15T23:28:01.522+0800] {logging_mixin.py:117} INFO - [2022-10-15T23:28:01.522+0800] {dag.py:3328} INFO - Setting next_dagrun for example_time_delta_sensor_async to None, run_after=None
[2022-10-15T23:28:01.550+0800] {processor.py:178} INFO - Processing /opt/anaconda3/lib/python3.7/site-packages/airflow/example_dags/example_time_delta_sensor_async.py took 0.651 seconds
[2022-10-15T23:28:49.010+0800] {processor.py:156} INFO - Started process (PID=61155) to work on /opt/anaconda3/lib/python3.7/site-packages/airflow/example_dags/example_time_delta_sensor_async.py
[2022-10-15T23:28:49.012+0800] {processor.py:758} INFO - Processing file /opt/anaconda3/lib/python3.7/site-packages/airflow/example_dags/example_time_delta_sensor_async.py for tasks to queue
[2022-10-15T23:28:49.014+0800] {logging_mixin.py:117} INFO - [2022-10-15T23:28:49.014+0800] {dagbag.py:525} INFO - Filling up the DagBag from /opt/anaconda3/lib/python3.7/site-packages/airflow/example_dags/example_time_delta_sensor_async.py
[2022-10-15T23:28:49.042+0800] {processor.py:768} INFO - DAG(s) dict_keys(['example_time_delta_sensor_async']) retrieved from /opt/anaconda3/lib/python3.7/site-packages/airflow/example_dags/example_time_delta_sensor_async.py
[2022-10-15T23:28:49.511+0800] {logging_mixin.py:117} INFO - [2022-10-15T23:28:49.511+0800] {dag.py:2573} INFO - Sync 1 DAGs
[2022-10-15T23:28:49.544+0800] {logging_mixin.py:117} INFO - [2022-10-15T23:28:49.544+0800] {dag.py:3328} INFO - Setting next_dagrun for example_time_delta_sensor_async to None, run_after=None
[2022-10-15T23:28:49.571+0800] {processor.py:178} INFO - Processing /opt/anaconda3/lib/python3.7/site-packages/airflow/example_dags/example_time_delta_sensor_async.py took 0.568 seconds
[2022-10-15T23:29:31.899+0800] {processor.py:156} INFO - Started process (PID=61259) to work on /opt/anaconda3/lib/python3.7/site-packages/airflow/example_dags/example_time_delta_sensor_async.py
[2022-10-15T23:29:31.901+0800] {processor.py:758} INFO - Processing file /opt/anaconda3/lib/python3.7/site-packages/airflow/example_dags/example_time_delta_sensor_async.py for tasks to queue
[2022-10-15T23:29:31.903+0800] {logging_mixin.py:117} INFO - [2022-10-15T23:29:31.902+0800] {dagbag.py:525} INFO - Filling up the DagBag from /opt/anaconda3/lib/python3.7/site-packages/airflow/example_dags/example_time_delta_sensor_async.py
[2022-10-15T23:29:31.928+0800] {processor.py:768} INFO - DAG(s) dict_keys(['example_time_delta_sensor_async']) retrieved from /opt/anaconda3/lib/python3.7/site-packages/airflow/example_dags/example_time_delta_sensor_async.py
[2022-10-15T23:29:32.247+0800] {logging_mixin.py:117} INFO - [2022-10-15T23:29:32.247+0800] {dag.py:2573} INFO - Sync 1 DAGs
[2022-10-15T23:29:32.278+0800] {logging_mixin.py:117} INFO - [2022-10-15T23:29:32.277+0800] {dag.py:3328} INFO - Setting next_dagrun for example_time_delta_sensor_async to None, run_after=None
[2022-10-15T23:29:32.306+0800] {processor.py:178} INFO - Processing /opt/anaconda3/lib/python3.7/site-packages/airflow/example_dags/example_time_delta_sensor_async.py took 0.415 seconds
[2022-10-15T23:30:10.014+0800] {processor.py:156} INFO - Started process (PID=61356) to work on /opt/anaconda3/lib/python3.7/site-packages/airflow/example_dags/example_time_delta_sensor_async.py
[2022-10-15T23:30:10.017+0800] {processor.py:758} INFO - Processing file /opt/anaconda3/lib/python3.7/site-packages/airflow/example_dags/example_time_delta_sensor_async.py for tasks to queue
[2022-10-15T23:30:10.018+0800] {logging_mixin.py:117} INFO - [2022-10-15T23:30:10.018+0800] {dagbag.py:525} INFO - Filling up the DagBag from /opt/anaconda3/lib/python3.7/site-packages/airflow/example_dags/example_time_delta_sensor_async.py
[2022-10-15T23:30:10.047+0800] {processor.py:768} INFO - DAG(s) dict_keys(['example_time_delta_sensor_async']) retrieved from /opt/anaconda3/lib/python3.7/site-packages/airflow/example_dags/example_time_delta_sensor_async.py
[2022-10-15T23:30:10.801+0800] {logging_mixin.py:117} INFO - [2022-10-15T23:30:10.801+0800] {dag.py:2573} INFO - Sync 1 DAGs
[2022-10-15T23:30:10.840+0800] {logging_mixin.py:117} INFO - [2022-10-15T23:30:10.839+0800] {dag.py:3328} INFO - Setting next_dagrun for example_time_delta_sensor_async to None, run_after=None
[2022-10-15T23:30:10.868+0800] {processor.py:178} INFO - Processing /opt/anaconda3/lib/python3.7/site-packages/airflow/example_dags/example_time_delta_sensor_async.py took 0.859 seconds
[2022-10-15T23:30:48.536+0800] {processor.py:156} INFO - Started process (PID=61504) to work on /opt/anaconda3/lib/python3.7/site-packages/airflow/example_dags/example_time_delta_sensor_async.py
[2022-10-15T23:30:48.539+0800] {processor.py:758} INFO - Processing file /opt/anaconda3/lib/python3.7/site-packages/airflow/example_dags/example_time_delta_sensor_async.py for tasks to queue
[2022-10-15T23:30:48.541+0800] {logging_mixin.py:117} INFO - [2022-10-15T23:30:48.540+0800] {dagbag.py:525} INFO - Filling up the DagBag from /opt/anaconda3/lib/python3.7/site-packages/airflow/example_dags/example_time_delta_sensor_async.py
[2022-10-15T23:30:48.566+0800] {processor.py:768} INFO - DAG(s) dict_keys(['example_time_delta_sensor_async']) retrieved from /opt/anaconda3/lib/python3.7/site-packages/airflow/example_dags/example_time_delta_sensor_async.py
[2022-10-15T23:30:48.839+0800] {logging_mixin.py:117} INFO - [2022-10-15T23:30:48.838+0800] {dag.py:2573} INFO - Sync 1 DAGs
[2022-10-15T23:30:48.870+0800] {logging_mixin.py:117} INFO - [2022-10-15T23:30:48.870+0800] {dag.py:3328} INFO - Setting next_dagrun for example_time_delta_sensor_async to None, run_after=None
[2022-10-15T23:30:48.898+0800] {processor.py:178} INFO - Processing /opt/anaconda3/lib/python3.7/site-packages/airflow/example_dags/example_time_delta_sensor_async.py took 0.366 seconds
[2022-10-15T23:33:54.795+0800] {processor.py:156} INFO - Started process (PID=61942) to work on /opt/anaconda3/lib/python3.7/site-packages/airflow/example_dags/example_time_delta_sensor_async.py
[2022-10-15T23:33:54.798+0800] {processor.py:758} INFO - Processing file /opt/anaconda3/lib/python3.7/site-packages/airflow/example_dags/example_time_delta_sensor_async.py for tasks to queue
[2022-10-15T23:33:54.802+0800] {logging_mixin.py:117} INFO - [2022-10-15T23:33:54.799+0800] {dagbag.py:525} INFO - Filling up the DagBag from /opt/anaconda3/lib/python3.7/site-packages/airflow/example_dags/example_time_delta_sensor_async.py
[2022-10-15T23:33:54.829+0800] {processor.py:768} INFO - DAG(s) dict_keys(['example_time_delta_sensor_async']) retrieved from /opt/anaconda3/lib/python3.7/site-packages/airflow/example_dags/example_time_delta_sensor_async.py
[2022-10-15T23:33:55.379+0800] {logging_mixin.py:117} INFO - [2022-10-15T23:33:55.379+0800] {dag.py:2573} INFO - Sync 1 DAGs
[2022-10-15T23:33:55.413+0800] {logging_mixin.py:117} INFO - [2022-10-15T23:33:55.413+0800] {dag.py:3328} INFO - Setting next_dagrun for example_time_delta_sensor_async to None, run_after=None
[2022-10-15T23:33:55.442+0800] {processor.py:178} INFO - Processing /opt/anaconda3/lib/python3.7/site-packages/airflow/example_dags/example_time_delta_sensor_async.py took 0.652 seconds
[2022-10-15T23:34:40.097+0800] {processor.py:156} INFO - Started process (PID=62016) to work on /opt/anaconda3/lib/python3.7/site-packages/airflow/example_dags/example_time_delta_sensor_async.py
[2022-10-15T23:34:40.098+0800] {processor.py:758} INFO - Processing file /opt/anaconda3/lib/python3.7/site-packages/airflow/example_dags/example_time_delta_sensor_async.py for tasks to queue
[2022-10-15T23:34:40.100+0800] {logging_mixin.py:117} INFO - [2022-10-15T23:34:40.099+0800] {dagbag.py:525} INFO - Filling up the DagBag from /opt/anaconda3/lib/python3.7/site-packages/airflow/example_dags/example_time_delta_sensor_async.py
[2022-10-15T23:34:40.123+0800] {processor.py:768} INFO - DAG(s) dict_keys(['example_time_delta_sensor_async']) retrieved from /opt/anaconda3/lib/python3.7/site-packages/airflow/example_dags/example_time_delta_sensor_async.py
[2022-10-15T23:34:40.410+0800] {logging_mixin.py:117} INFO - [2022-10-15T23:34:40.409+0800] {dag.py:2573} INFO - Sync 1 DAGs
[2022-10-15T23:34:40.443+0800] {logging_mixin.py:117} INFO - [2022-10-15T23:34:40.443+0800] {dag.py:3328} INFO - Setting next_dagrun for example_time_delta_sensor_async to None, run_after=None
[2022-10-15T23:34:40.473+0800] {processor.py:178} INFO - Processing /opt/anaconda3/lib/python3.7/site-packages/airflow/example_dags/example_time_delta_sensor_async.py took 0.381 seconds
[2022-10-15T23:35:18.270+0800] {processor.py:156} INFO - Started process (PID=62163) to work on /opt/anaconda3/lib/python3.7/site-packages/airflow/example_dags/example_time_delta_sensor_async.py
[2022-10-15T23:35:18.272+0800] {processor.py:758} INFO - Processing file /opt/anaconda3/lib/python3.7/site-packages/airflow/example_dags/example_time_delta_sensor_async.py for tasks to queue
[2022-10-15T23:35:18.274+0800] {logging_mixin.py:117} INFO - [2022-10-15T23:35:18.273+0800] {dagbag.py:525} INFO - Filling up the DagBag from /opt/anaconda3/lib/python3.7/site-packages/airflow/example_dags/example_time_delta_sensor_async.py
[2022-10-15T23:35:18.301+0800] {processor.py:768} INFO - DAG(s) dict_keys(['example_time_delta_sensor_async']) retrieved from /opt/anaconda3/lib/python3.7/site-packages/airflow/example_dags/example_time_delta_sensor_async.py
[2022-10-15T23:35:18.893+0800] {logging_mixin.py:117} INFO - [2022-10-15T23:35:18.892+0800] {dag.py:2573} INFO - Sync 1 DAGs
[2022-10-15T23:35:18.924+0800] {logging_mixin.py:117} INFO - [2022-10-15T23:35:18.923+0800] {dag.py:3328} INFO - Setting next_dagrun for example_time_delta_sensor_async to None, run_after=None
[2022-10-15T23:35:18.951+0800] {processor.py:178} INFO - Processing /opt/anaconda3/lib/python3.7/site-packages/airflow/example_dags/example_time_delta_sensor_async.py took 0.685 seconds
[2022-10-15T23:35:56.282+0800] {processor.py:156} INFO - Started process (PID=62280) to work on /opt/anaconda3/lib/python3.7/site-packages/airflow/example_dags/example_time_delta_sensor_async.py
[2022-10-15T23:35:56.285+0800] {processor.py:758} INFO - Processing file /opt/anaconda3/lib/python3.7/site-packages/airflow/example_dags/example_time_delta_sensor_async.py for tasks to queue
[2022-10-15T23:35:56.287+0800] {logging_mixin.py:117} INFO - [2022-10-15T23:35:56.286+0800] {dagbag.py:525} INFO - Filling up the DagBag from /opt/anaconda3/lib/python3.7/site-packages/airflow/example_dags/example_time_delta_sensor_async.py
[2022-10-15T23:35:56.319+0800] {processor.py:768} INFO - DAG(s) dict_keys(['example_time_delta_sensor_async']) retrieved from /opt/anaconda3/lib/python3.7/site-packages/airflow/example_dags/example_time_delta_sensor_async.py
[2022-10-15T23:35:56.854+0800] {logging_mixin.py:117} INFO - [2022-10-15T23:35:56.853+0800] {dag.py:2573} INFO - Sync 1 DAGs
[2022-10-15T23:35:56.884+0800] {logging_mixin.py:117} INFO - [2022-10-15T23:35:56.884+0800] {dag.py:3328} INFO - Setting next_dagrun for example_time_delta_sensor_async to None, run_after=None
[2022-10-15T23:35:56.912+0800] {processor.py:178} INFO - Processing /opt/anaconda3/lib/python3.7/site-packages/airflow/example_dags/example_time_delta_sensor_async.py took 0.636 seconds
[2022-10-15T23:36:34.090+0800] {processor.py:156} INFO - Started process (PID=62441) to work on /opt/anaconda3/lib/python3.7/site-packages/airflow/example_dags/example_time_delta_sensor_async.py
[2022-10-15T23:36:34.093+0800] {processor.py:758} INFO - Processing file /opt/anaconda3/lib/python3.7/site-packages/airflow/example_dags/example_time_delta_sensor_async.py for tasks to queue
[2022-10-15T23:36:34.094+0800] {logging_mixin.py:117} INFO - [2022-10-15T23:36:34.094+0800] {dagbag.py:525} INFO - Filling up the DagBag from /opt/anaconda3/lib/python3.7/site-packages/airflow/example_dags/example_time_delta_sensor_async.py
[2022-10-15T23:36:34.122+0800] {processor.py:768} INFO - DAG(s) dict_keys(['example_time_delta_sensor_async']) retrieved from /opt/anaconda3/lib/python3.7/site-packages/airflow/example_dags/example_time_delta_sensor_async.py
[2022-10-15T23:36:34.636+0800] {logging_mixin.py:117} INFO - [2022-10-15T23:36:34.636+0800] {dag.py:2573} INFO - Sync 1 DAGs
[2022-10-15T23:36:34.670+0800] {logging_mixin.py:117} INFO - [2022-10-15T23:36:34.669+0800] {dag.py:3328} INFO - Setting next_dagrun for example_time_delta_sensor_async to None, run_after=None
[2022-10-15T23:36:34.696+0800] {processor.py:178} INFO - Processing /opt/anaconda3/lib/python3.7/site-packages/airflow/example_dags/example_time_delta_sensor_async.py took 0.615 seconds
[2022-10-15T23:37:12.324+0800] {processor.py:156} INFO - Started process (PID=62533) to work on /opt/anaconda3/lib/python3.7/site-packages/airflow/example_dags/example_time_delta_sensor_async.py
[2022-10-15T23:37:12.326+0800] {processor.py:758} INFO - Processing file /opt/anaconda3/lib/python3.7/site-packages/airflow/example_dags/example_time_delta_sensor_async.py for tasks to queue
[2022-10-15T23:37:12.328+0800] {logging_mixin.py:117} INFO - [2022-10-15T23:37:12.327+0800] {dagbag.py:525} INFO - Filling up the DagBag from /opt/anaconda3/lib/python3.7/site-packages/airflow/example_dags/example_time_delta_sensor_async.py
[2022-10-15T23:37:12.354+0800] {processor.py:768} INFO - DAG(s) dict_keys(['example_time_delta_sensor_async']) retrieved from /opt/anaconda3/lib/python3.7/site-packages/airflow/example_dags/example_time_delta_sensor_async.py
[2022-10-15T23:37:12.902+0800] {logging_mixin.py:117} INFO - [2022-10-15T23:37:12.901+0800] {dag.py:2573} INFO - Sync 1 DAGs
[2022-10-15T23:37:12.937+0800] {logging_mixin.py:117} INFO - [2022-10-15T23:37:12.937+0800] {dag.py:3328} INFO - Setting next_dagrun for example_time_delta_sensor_async to None, run_after=None
[2022-10-15T23:37:12.964+0800] {processor.py:178} INFO - Processing /opt/anaconda3/lib/python3.7/site-packages/airflow/example_dags/example_time_delta_sensor_async.py took 0.647 seconds
[2022-10-15T23:47:29.706+0800] {processor.py:156} INFO - Started process (PID=63911) to work on /opt/anaconda3/lib/python3.7/site-packages/airflow/example_dags/example_time_delta_sensor_async.py
[2022-10-15T23:47:29.708+0800] {processor.py:758} INFO - Processing file /opt/anaconda3/lib/python3.7/site-packages/airflow/example_dags/example_time_delta_sensor_async.py for tasks to queue
[2022-10-15T23:47:29.710+0800] {logging_mixin.py:117} INFO - [2022-10-15T23:47:29.709+0800] {dagbag.py:525} INFO - Filling up the DagBag from /opt/anaconda3/lib/python3.7/site-packages/airflow/example_dags/example_time_delta_sensor_async.py
[2022-10-15T23:47:29.735+0800] {processor.py:768} INFO - DAG(s) dict_keys(['example_time_delta_sensor_async']) retrieved from /opt/anaconda3/lib/python3.7/site-packages/airflow/example_dags/example_time_delta_sensor_async.py
[2022-10-15T23:47:30.194+0800] {logging_mixin.py:117} INFO - [2022-10-15T23:47:30.193+0800] {manager.py:507} INFO - Created Permission View: can edit on DAG:example_time_delta_sensor_async
[2022-10-15T23:47:30.205+0800] {logging_mixin.py:117} INFO - [2022-10-15T23:47:30.205+0800] {manager.py:507} INFO - Created Permission View: can delete on DAG:example_time_delta_sensor_async
[2022-10-15T23:47:30.213+0800] {logging_mixin.py:117} INFO - [2022-10-15T23:47:30.213+0800] {manager.py:507} INFO - Created Permission View: can read on DAG:example_time_delta_sensor_async
[2022-10-15T23:47:30.214+0800] {logging_mixin.py:117} INFO - [2022-10-15T23:47:30.214+0800] {dag.py:2573} INFO - Sync 1 DAGs
[2022-10-15T23:47:30.242+0800] {logging_mixin.py:117} INFO - [2022-10-15T23:47:30.242+0800] {dag.py:2594} INFO - Creating ORM DAG for example_time_delta_sensor_async
[2022-10-15T23:47:30.257+0800] {logging_mixin.py:117} INFO - [2022-10-15T23:47:30.257+0800] {dag.py:3328} INFO - Setting next_dagrun for example_time_delta_sensor_async to None, run_after=None
[2022-10-15T23:47:30.280+0800] {processor.py:178} INFO - Processing /opt/anaconda3/lib/python3.7/site-packages/airflow/example_dags/example_time_delta_sensor_async.py took 0.581 seconds
[2022-10-15T23:48:00.955+0800] {processor.py:156} INFO - Started process (PID=64050) to work on /opt/anaconda3/lib/python3.7/site-packages/airflow/example_dags/example_time_delta_sensor_async.py
[2022-10-15T23:48:00.957+0800] {processor.py:758} INFO - Processing file /opt/anaconda3/lib/python3.7/site-packages/airflow/example_dags/example_time_delta_sensor_async.py for tasks to queue
[2022-10-15T23:48:00.958+0800] {logging_mixin.py:117} INFO - [2022-10-15T23:48:00.958+0800] {dagbag.py:525} INFO - Filling up the DagBag from /opt/anaconda3/lib/python3.7/site-packages/airflow/example_dags/example_time_delta_sensor_async.py
[2022-10-15T23:48:00.982+0800] {processor.py:768} INFO - DAG(s) dict_keys(['example_time_delta_sensor_async']) retrieved from /opt/anaconda3/lib/python3.7/site-packages/airflow/example_dags/example_time_delta_sensor_async.py
[2022-10-15T23:48:01.558+0800] {logging_mixin.py:117} INFO - [2022-10-15T23:48:01.558+0800] {dag.py:2573} INFO - Sync 1 DAGs
[2022-10-15T23:48:01.596+0800] {logging_mixin.py:117} INFO - [2022-10-15T23:48:01.595+0800] {dag.py:3328} INFO - Setting next_dagrun for example_time_delta_sensor_async to None, run_after=None
[2022-10-15T23:48:01.624+0800] {processor.py:178} INFO - Processing /opt/anaconda3/lib/python3.7/site-packages/airflow/example_dags/example_time_delta_sensor_async.py took 0.676 seconds
[2022-10-15T23:48:31.864+0800] {processor.py:156} INFO - Started process (PID=64147) to work on /opt/anaconda3/lib/python3.7/site-packages/airflow/example_dags/example_time_delta_sensor_async.py
[2022-10-15T23:48:31.866+0800] {processor.py:758} INFO - Processing file /opt/anaconda3/lib/python3.7/site-packages/airflow/example_dags/example_time_delta_sensor_async.py for tasks to queue
[2022-10-15T23:48:31.868+0800] {logging_mixin.py:117} INFO - [2022-10-15T23:48:31.868+0800] {dagbag.py:525} INFO - Filling up the DagBag from /opt/anaconda3/lib/python3.7/site-packages/airflow/example_dags/example_time_delta_sensor_async.py
[2022-10-15T23:48:31.902+0800] {processor.py:768} INFO - DAG(s) dict_keys(['example_time_delta_sensor_async']) retrieved from /opt/anaconda3/lib/python3.7/site-packages/airflow/example_dags/example_time_delta_sensor_async.py
[2022-10-15T23:48:32.245+0800] {logging_mixin.py:117} INFO - [2022-10-15T23:48:32.244+0800] {dag.py:2573} INFO - Sync 1 DAGs
[2022-10-15T23:48:32.281+0800] {logging_mixin.py:117} INFO - [2022-10-15T23:48:32.281+0800] {dag.py:3328} INFO - Setting next_dagrun for example_time_delta_sensor_async to None, run_after=None
[2022-10-15T23:48:32.307+0800] {processor.py:178} INFO - Processing /opt/anaconda3/lib/python3.7/site-packages/airflow/example_dags/example_time_delta_sensor_async.py took 0.450 seconds
[2022-10-15T23:49:02.732+0800] {processor.py:156} INFO - Started process (PID=64279) to work on /opt/anaconda3/lib/python3.7/site-packages/airflow/example_dags/example_time_delta_sensor_async.py
[2022-10-15T23:49:02.734+0800] {processor.py:758} INFO - Processing file /opt/anaconda3/lib/python3.7/site-packages/airflow/example_dags/example_time_delta_sensor_async.py for tasks to queue
[2022-10-15T23:49:02.736+0800] {logging_mixin.py:117} INFO - [2022-10-15T23:49:02.736+0800] {dagbag.py:525} INFO - Filling up the DagBag from /opt/anaconda3/lib/python3.7/site-packages/airflow/example_dags/example_time_delta_sensor_async.py
[2022-10-15T23:49:02.766+0800] {processor.py:768} INFO - DAG(s) dict_keys(['example_time_delta_sensor_async']) retrieved from /opt/anaconda3/lib/python3.7/site-packages/airflow/example_dags/example_time_delta_sensor_async.py
[2022-10-15T23:49:03.259+0800] {logging_mixin.py:117} INFO - [2022-10-15T23:49:03.259+0800] {dag.py:2573} INFO - Sync 1 DAGs
[2022-10-15T23:49:03.294+0800] {logging_mixin.py:117} INFO - [2022-10-15T23:49:03.294+0800] {dag.py:3328} INFO - Setting next_dagrun for example_time_delta_sensor_async to None, run_after=None
[2022-10-15T23:49:03.320+0800] {processor.py:178} INFO - Processing /opt/anaconda3/lib/python3.7/site-packages/airflow/example_dags/example_time_delta_sensor_async.py took 0.595 seconds
[2022-10-15T23:50:27.650+0800] {processor.py:156} INFO - Started process (PID=64580) to work on /opt/anaconda3/lib/python3.7/site-packages/airflow/example_dags/example_time_delta_sensor_async.py
[2022-10-15T23:50:27.652+0800] {processor.py:758} INFO - Processing file /opt/anaconda3/lib/python3.7/site-packages/airflow/example_dags/example_time_delta_sensor_async.py for tasks to queue
[2022-10-15T23:50:27.654+0800] {logging_mixin.py:117} INFO - [2022-10-15T23:50:27.653+0800] {dagbag.py:525} INFO - Filling up the DagBag from /opt/anaconda3/lib/python3.7/site-packages/airflow/example_dags/example_time_delta_sensor_async.py
[2022-10-15T23:50:27.681+0800] {processor.py:768} INFO - DAG(s) dict_keys(['example_time_delta_sensor_async']) retrieved from /opt/anaconda3/lib/python3.7/site-packages/airflow/example_dags/example_time_delta_sensor_async.py
[2022-10-15T23:50:27.763+0800] {logging_mixin.py:117} INFO - [2022-10-15T23:50:27.762+0800] {dag.py:2573} INFO - Sync 1 DAGs
[2022-10-15T23:50:27.858+0800] {logging_mixin.py:117} INFO - [2022-10-15T23:50:27.856+0800] {dag.py:3328} INFO - Setting next_dagrun for example_time_delta_sensor_async to None, run_after=None
[2022-10-15T23:50:27.894+0800] {processor.py:178} INFO - Processing /opt/anaconda3/lib/python3.7/site-packages/airflow/example_dags/example_time_delta_sensor_async.py took 0.249 seconds
[2022-10-15T23:50:58.267+0800] {processor.py:156} INFO - Started process (PID=64699) to work on /opt/anaconda3/lib/python3.7/site-packages/airflow/example_dags/example_time_delta_sensor_async.py
[2022-10-15T23:50:58.269+0800] {processor.py:758} INFO - Processing file /opt/anaconda3/lib/python3.7/site-packages/airflow/example_dags/example_time_delta_sensor_async.py for tasks to queue
[2022-10-15T23:50:58.270+0800] {logging_mixin.py:117} INFO - [2022-10-15T23:50:58.270+0800] {dagbag.py:525} INFO - Filling up the DagBag from /opt/anaconda3/lib/python3.7/site-packages/airflow/example_dags/example_time_delta_sensor_async.py
[2022-10-15T23:50:58.296+0800] {processor.py:768} INFO - DAG(s) dict_keys(['example_time_delta_sensor_async']) retrieved from /opt/anaconda3/lib/python3.7/site-packages/airflow/example_dags/example_time_delta_sensor_async.py
[2022-10-15T23:50:58.837+0800] {logging_mixin.py:117} INFO - [2022-10-15T23:50:58.837+0800] {dag.py:2573} INFO - Sync 1 DAGs
[2022-10-15T23:50:58.871+0800] {logging_mixin.py:117} INFO - [2022-10-15T23:50:58.871+0800] {dag.py:3328} INFO - Setting next_dagrun for example_time_delta_sensor_async to None, run_after=None
[2022-10-15T23:50:58.899+0800] {processor.py:178} INFO - Processing /opt/anaconda3/lib/python3.7/site-packages/airflow/example_dags/example_time_delta_sensor_async.py took 0.638 seconds
[2022-10-15T23:51:28.973+0800] {processor.py:156} INFO - Started process (PID=64849) to work on /opt/anaconda3/lib/python3.7/site-packages/airflow/example_dags/example_time_delta_sensor_async.py
[2022-10-15T23:51:28.975+0800] {processor.py:758} INFO - Processing file /opt/anaconda3/lib/python3.7/site-packages/airflow/example_dags/example_time_delta_sensor_async.py for tasks to queue
[2022-10-15T23:51:28.976+0800] {logging_mixin.py:117} INFO - [2022-10-15T23:51:28.976+0800] {dagbag.py:525} INFO - Filling up the DagBag from /opt/anaconda3/lib/python3.7/site-packages/airflow/example_dags/example_time_delta_sensor_async.py
[2022-10-15T23:51:29.002+0800] {processor.py:768} INFO - DAG(s) dict_keys(['example_time_delta_sensor_async']) retrieved from /opt/anaconda3/lib/python3.7/site-packages/airflow/example_dags/example_time_delta_sensor_async.py
[2022-10-15T23:51:29.309+0800] {logging_mixin.py:117} INFO - [2022-10-15T23:51:29.308+0800] {dag.py:2573} INFO - Sync 1 DAGs
[2022-10-15T23:51:29.341+0800] {logging_mixin.py:117} INFO - [2022-10-15T23:51:29.340+0800] {dag.py:3328} INFO - Setting next_dagrun for example_time_delta_sensor_async to None, run_after=None
[2022-10-15T23:51:29.365+0800] {processor.py:178} INFO - Processing /opt/anaconda3/lib/python3.7/site-packages/airflow/example_dags/example_time_delta_sensor_async.py took 0.398 seconds
[2022-10-15T23:51:38.379+0800] {processor.py:156} INFO - Started process (PID=64901) to work on /opt/anaconda3/lib/python3.7/site-packages/airflow/example_dags/example_time_delta_sensor_async.py
[2022-10-15T23:51:38.380+0800] {processor.py:758} INFO - Processing file /opt/anaconda3/lib/python3.7/site-packages/airflow/example_dags/example_time_delta_sensor_async.py for tasks to queue
[2022-10-15T23:51:38.381+0800] {logging_mixin.py:117} INFO - [2022-10-15T23:51:38.381+0800] {dagbag.py:525} INFO - Filling up the DagBag from /opt/anaconda3/lib/python3.7/site-packages/airflow/example_dags/example_time_delta_sensor_async.py
[2022-10-15T23:51:38.402+0800] {processor.py:768} INFO - DAG(s) dict_keys(['example_time_delta_sensor_async']) retrieved from /opt/anaconda3/lib/python3.7/site-packages/airflow/example_dags/example_time_delta_sensor_async.py
[2022-10-15T23:51:38.429+0800] {logging_mixin.py:117} INFO - [2022-10-15T23:51:38.429+0800] {dag.py:2573} INFO - Sync 1 DAGs
[2022-10-15T23:51:38.461+0800] {logging_mixin.py:117} INFO - [2022-10-15T23:51:38.460+0800] {dag.py:3328} INFO - Setting next_dagrun for example_time_delta_sensor_async to None, run_after=None
[2022-10-15T23:51:38.483+0800] {processor.py:178} INFO - Processing /opt/anaconda3/lib/python3.7/site-packages/airflow/example_dags/example_time_delta_sensor_async.py took 0.110 seconds
[2022-10-15T23:52:09.227+0800] {processor.py:156} INFO - Started process (PID=65121) to work on /opt/anaconda3/lib/python3.7/site-packages/airflow/example_dags/example_time_delta_sensor_async.py
[2022-10-15T23:52:09.229+0800] {processor.py:758} INFO - Processing file /opt/anaconda3/lib/python3.7/site-packages/airflow/example_dags/example_time_delta_sensor_async.py for tasks to queue
[2022-10-15T23:52:09.230+0800] {logging_mixin.py:117} INFO - [2022-10-15T23:52:09.230+0800] {dagbag.py:525} INFO - Filling up the DagBag from /opt/anaconda3/lib/python3.7/site-packages/airflow/example_dags/example_time_delta_sensor_async.py
[2022-10-15T23:52:09.259+0800] {processor.py:768} INFO - DAG(s) dict_keys(['example_time_delta_sensor_async']) retrieved from /opt/anaconda3/lib/python3.7/site-packages/airflow/example_dags/example_time_delta_sensor_async.py
[2022-10-15T23:52:09.290+0800] {logging_mixin.py:117} INFO - [2022-10-15T23:52:09.289+0800] {dag.py:2573} INFO - Sync 1 DAGs
[2022-10-15T23:52:09.322+0800] {logging_mixin.py:117} INFO - [2022-10-15T23:52:09.322+0800] {dag.py:3328} INFO - Setting next_dagrun for example_time_delta_sensor_async to None, run_after=None
[2022-10-15T23:52:09.356+0800] {processor.py:178} INFO - Processing /opt/anaconda3/lib/python3.7/site-packages/airflow/example_dags/example_time_delta_sensor_async.py took 0.136 seconds
[2022-10-15T23:54:18.032+0800] {processor.py:156} INFO - Started process (PID=65724) to work on /opt/anaconda3/lib/python3.7/site-packages/airflow/example_dags/example_time_delta_sensor_async.py
[2022-10-15T23:54:18.034+0800] {processor.py:758} INFO - Processing file /opt/anaconda3/lib/python3.7/site-packages/airflow/example_dags/example_time_delta_sensor_async.py for tasks to queue
[2022-10-15T23:54:18.036+0800] {logging_mixin.py:117} INFO - [2022-10-15T23:54:18.035+0800] {dagbag.py:525} INFO - Filling up the DagBag from /opt/anaconda3/lib/python3.7/site-packages/airflow/example_dags/example_time_delta_sensor_async.py
[2022-10-15T23:54:18.062+0800] {processor.py:768} INFO - DAG(s) dict_keys(['example_time_delta_sensor_async']) retrieved from /opt/anaconda3/lib/python3.7/site-packages/airflow/example_dags/example_time_delta_sensor_async.py
[2022-10-15T23:54:18.109+0800] {logging_mixin.py:117} INFO - [2022-10-15T23:54:18.109+0800] {dag.py:2573} INFO - Sync 1 DAGs
[2022-10-15T23:54:18.156+0800] {logging_mixin.py:117} INFO - [2022-10-15T23:54:18.155+0800] {dag.py:3328} INFO - Setting next_dagrun for example_time_delta_sensor_async to None, run_after=None
[2022-10-15T23:54:18.187+0800] {processor.py:178} INFO - Processing /opt/anaconda3/lib/python3.7/site-packages/airflow/example_dags/example_time_delta_sensor_async.py took 0.161 seconds
[2022-10-15T23:54:48.904+0800] {processor.py:156} INFO - Started process (PID=65831) to work on /opt/anaconda3/lib/python3.7/site-packages/airflow/example_dags/example_time_delta_sensor_async.py
[2022-10-15T23:54:48.907+0800] {processor.py:758} INFO - Processing file /opt/anaconda3/lib/python3.7/site-packages/airflow/example_dags/example_time_delta_sensor_async.py for tasks to queue
[2022-10-15T23:54:48.908+0800] {logging_mixin.py:117} INFO - [2022-10-15T23:54:48.908+0800] {dagbag.py:525} INFO - Filling up the DagBag from /opt/anaconda3/lib/python3.7/site-packages/airflow/example_dags/example_time_delta_sensor_async.py
[2022-10-15T23:54:48.937+0800] {processor.py:768} INFO - DAG(s) dict_keys(['example_time_delta_sensor_async']) retrieved from /opt/anaconda3/lib/python3.7/site-packages/airflow/example_dags/example_time_delta_sensor_async.py
[2022-10-15T23:54:49.252+0800] {logging_mixin.py:117} INFO - [2022-10-15T23:54:49.252+0800] {dag.py:2573} INFO - Sync 1 DAGs
[2022-10-15T23:54:49.291+0800] {logging_mixin.py:117} INFO - [2022-10-15T23:54:49.290+0800] {dag.py:3328} INFO - Setting next_dagrun for example_time_delta_sensor_async to None, run_after=None
[2022-10-15T23:54:49.318+0800] {processor.py:178} INFO - Processing /opt/anaconda3/lib/python3.7/site-packages/airflow/example_dags/example_time_delta_sensor_async.py took 0.422 seconds
[2022-10-15T23:55:13.620+0800] {processor.py:156} INFO - Started process (PID=65911) to work on /opt/anaconda3/lib/python3.7/site-packages/airflow/example_dags/example_time_delta_sensor_async.py
[2022-10-15T23:55:13.621+0800] {processor.py:758} INFO - Processing file /opt/anaconda3/lib/python3.7/site-packages/airflow/example_dags/example_time_delta_sensor_async.py for tasks to queue
[2022-10-15T23:55:13.623+0800] {logging_mixin.py:117} INFO - [2022-10-15T23:55:13.622+0800] {dagbag.py:525} INFO - Filling up the DagBag from /opt/anaconda3/lib/python3.7/site-packages/airflow/example_dags/example_time_delta_sensor_async.py
[2022-10-15T23:55:13.635+0800] {processor.py:768} INFO - DAG(s) dict_keys(['example_time_delta_sensor_async']) retrieved from /opt/anaconda3/lib/python3.7/site-packages/airflow/example_dags/example_time_delta_sensor_async.py
[2022-10-15T23:55:14.106+0800] {logging_mixin.py:117} INFO - [2022-10-15T23:55:14.106+0800] {dag.py:2573} INFO - Sync 1 DAGs
[2022-10-15T23:55:14.132+0800] {logging_mixin.py:117} INFO - [2022-10-15T23:55:14.131+0800] {dag.py:3328} INFO - Setting next_dagrun for example_time_delta_sensor_async to None, run_after=None
[2022-10-15T23:55:14.153+0800] {processor.py:178} INFO - Processing /opt/anaconda3/lib/python3.7/site-packages/airflow/example_dags/example_time_delta_sensor_async.py took 0.539 seconds
[2022-10-15T23:55:44.737+0800] {processor.py:156} INFO - Started process (PID=66012) to work on /opt/anaconda3/lib/python3.7/site-packages/airflow/example_dags/example_time_delta_sensor_async.py
[2022-10-15T23:55:44.739+0800] {processor.py:758} INFO - Processing file /opt/anaconda3/lib/python3.7/site-packages/airflow/example_dags/example_time_delta_sensor_async.py for tasks to queue
[2022-10-15T23:55:44.740+0800] {logging_mixin.py:117} INFO - [2022-10-15T23:55:44.740+0800] {dagbag.py:525} INFO - Filling up the DagBag from /opt/anaconda3/lib/python3.7/site-packages/airflow/example_dags/example_time_delta_sensor_async.py
[2022-10-15T23:55:44.752+0800] {processor.py:768} INFO - DAG(s) dict_keys(['example_time_delta_sensor_async']) retrieved from /opt/anaconda3/lib/python3.7/site-packages/airflow/example_dags/example_time_delta_sensor_async.py
[2022-10-15T23:55:45.028+0800] {logging_mixin.py:117} INFO - [2022-10-15T23:55:45.028+0800] {dag.py:2573} INFO - Sync 1 DAGs
[2022-10-15T23:55:45.062+0800] {logging_mixin.py:117} INFO - [2022-10-15T23:55:45.062+0800] {dag.py:3328} INFO - Setting next_dagrun for example_time_delta_sensor_async to None, run_after=None
[2022-10-15T23:55:45.089+0800] {processor.py:178} INFO - Processing /opt/anaconda3/lib/python3.7/site-packages/airflow/example_dags/example_time_delta_sensor_async.py took 0.358 seconds
[2022-10-15T23:56:15.260+0800] {processor.py:156} INFO - Started process (PID=66177) to work on /opt/anaconda3/lib/python3.7/site-packages/airflow/example_dags/example_time_delta_sensor_async.py
[2022-10-15T23:56:15.262+0800] {processor.py:758} INFO - Processing file /opt/anaconda3/lib/python3.7/site-packages/airflow/example_dags/example_time_delta_sensor_async.py for tasks to queue
[2022-10-15T23:56:15.263+0800] {logging_mixin.py:117} INFO - [2022-10-15T23:56:15.263+0800] {dagbag.py:525} INFO - Filling up the DagBag from /opt/anaconda3/lib/python3.7/site-packages/airflow/example_dags/example_time_delta_sensor_async.py
[2022-10-15T23:56:15.278+0800] {processor.py:768} INFO - DAG(s) dict_keys(['example_time_delta_sensor_async']) retrieved from /opt/anaconda3/lib/python3.7/site-packages/airflow/example_dags/example_time_delta_sensor_async.py
[2022-10-15T23:56:15.778+0800] {logging_mixin.py:117} INFO - [2022-10-15T23:56:15.778+0800] {dag.py:2573} INFO - Sync 1 DAGs
[2022-10-15T23:56:15.813+0800] {logging_mixin.py:117} INFO - [2022-10-15T23:56:15.813+0800] {dag.py:3328} INFO - Setting next_dagrun for example_time_delta_sensor_async to None, run_after=None
[2022-10-15T23:56:15.840+0800] {processor.py:178} INFO - Processing /opt/anaconda3/lib/python3.7/site-packages/airflow/example_dags/example_time_delta_sensor_async.py took 0.586 seconds
[2022-10-15T23:56:46.396+0800] {processor.py:156} INFO - Started process (PID=66356) to work on /opt/anaconda3/lib/python3.7/site-packages/airflow/example_dags/example_time_delta_sensor_async.py
[2022-10-15T23:56:46.397+0800] {processor.py:758} INFO - Processing file /opt/anaconda3/lib/python3.7/site-packages/airflow/example_dags/example_time_delta_sensor_async.py for tasks to queue
[2022-10-15T23:56:46.399+0800] {logging_mixin.py:117} INFO - [2022-10-15T23:56:46.398+0800] {dagbag.py:525} INFO - Filling up the DagBag from /opt/anaconda3/lib/python3.7/site-packages/airflow/example_dags/example_time_delta_sensor_async.py
[2022-10-15T23:56:46.412+0800] {processor.py:768} INFO - DAG(s) dict_keys(['example_time_delta_sensor_async']) retrieved from /opt/anaconda3/lib/python3.7/site-packages/airflow/example_dags/example_time_delta_sensor_async.py
[2022-10-15T23:56:46.730+0800] {logging_mixin.py:117} INFO - [2022-10-15T23:56:46.729+0800] {dag.py:2573} INFO - Sync 1 DAGs
[2022-10-15T23:56:46.760+0800] {logging_mixin.py:117} INFO - [2022-10-15T23:56:46.760+0800] {dag.py:3328} INFO - Setting next_dagrun for example_time_delta_sensor_async to None, run_after=None
[2022-10-15T23:56:46.784+0800] {processor.py:178} INFO - Processing /opt/anaconda3/lib/python3.7/site-packages/airflow/example_dags/example_time_delta_sensor_async.py took 0.394 seconds
[2022-10-15T23:57:17.193+0800] {processor.py:156} INFO - Started process (PID=66475) to work on /opt/anaconda3/lib/python3.7/site-packages/airflow/example_dags/example_time_delta_sensor_async.py
[2022-10-15T23:57:17.195+0800] {processor.py:758} INFO - Processing file /opt/anaconda3/lib/python3.7/site-packages/airflow/example_dags/example_time_delta_sensor_async.py for tasks to queue
[2022-10-15T23:57:17.197+0800] {logging_mixin.py:117} INFO - [2022-10-15T23:57:17.196+0800] {dagbag.py:525} INFO - Filling up the DagBag from /opt/anaconda3/lib/python3.7/site-packages/airflow/example_dags/example_time_delta_sensor_async.py
[2022-10-15T23:57:17.211+0800] {processor.py:768} INFO - DAG(s) dict_keys(['example_time_delta_sensor_async']) retrieved from /opt/anaconda3/lib/python3.7/site-packages/airflow/example_dags/example_time_delta_sensor_async.py
[2022-10-15T23:57:17.871+0800] {logging_mixin.py:117} INFO - [2022-10-15T23:57:17.870+0800] {dag.py:2573} INFO - Sync 1 DAGs
[2022-10-15T23:57:17.901+0800] {logging_mixin.py:117} INFO - [2022-10-15T23:57:17.900+0800] {dag.py:3328} INFO - Setting next_dagrun for example_time_delta_sensor_async to None, run_after=None
[2022-10-15T23:57:17.925+0800] {processor.py:178} INFO - Processing /opt/anaconda3/lib/python3.7/site-packages/airflow/example_dags/example_time_delta_sensor_async.py took 0.738 seconds
[2022-10-15T23:57:48.194+0800] {processor.py:156} INFO - Started process (PID=66625) to work on /opt/anaconda3/lib/python3.7/site-packages/airflow/example_dags/example_time_delta_sensor_async.py
[2022-10-15T23:57:48.196+0800] {processor.py:758} INFO - Processing file /opt/anaconda3/lib/python3.7/site-packages/airflow/example_dags/example_time_delta_sensor_async.py for tasks to queue
[2022-10-15T23:57:48.197+0800] {logging_mixin.py:117} INFO - [2022-10-15T23:57:48.197+0800] {dagbag.py:525} INFO - Filling up the DagBag from /opt/anaconda3/lib/python3.7/site-packages/airflow/example_dags/example_time_delta_sensor_async.py
[2022-10-15T23:57:48.211+0800] {processor.py:768} INFO - DAG(s) dict_keys(['example_time_delta_sensor_async']) retrieved from /opt/anaconda3/lib/python3.7/site-packages/airflow/example_dags/example_time_delta_sensor_async.py
[2022-10-15T23:57:48.664+0800] {logging_mixin.py:117} INFO - [2022-10-15T23:57:48.663+0800] {dag.py:2573} INFO - Sync 1 DAGs
[2022-10-15T23:57:48.694+0800] {logging_mixin.py:117} INFO - [2022-10-15T23:57:48.693+0800] {dag.py:3328} INFO - Setting next_dagrun for example_time_delta_sensor_async to None, run_after=None
[2022-10-15T23:57:48.717+0800] {processor.py:178} INFO - Processing /opt/anaconda3/lib/python3.7/site-packages/airflow/example_dags/example_time_delta_sensor_async.py took 0.529 seconds
[2022-10-15T23:58:23.500+0800] {processor.py:156} INFO - Started process (PID=66802) to work on /opt/anaconda3/lib/python3.7/site-packages/airflow/example_dags/example_time_delta_sensor_async.py
[2022-10-15T23:58:23.502+0800] {processor.py:758} INFO - Processing file /opt/anaconda3/lib/python3.7/site-packages/airflow/example_dags/example_time_delta_sensor_async.py for tasks to queue
[2022-10-15T23:58:23.504+0800] {logging_mixin.py:117} INFO - [2022-10-15T23:58:23.503+0800] {dagbag.py:525} INFO - Filling up the DagBag from /opt/anaconda3/lib/python3.7/site-packages/airflow/example_dags/example_time_delta_sensor_async.py
[2022-10-15T23:58:23.526+0800] {processor.py:768} INFO - DAG(s) dict_keys(['example_time_delta_sensor_async']) retrieved from /opt/anaconda3/lib/python3.7/site-packages/airflow/example_dags/example_time_delta_sensor_async.py
[2022-10-15T23:58:23.566+0800] {logging_mixin.py:117} INFO - [2022-10-15T23:58:23.566+0800] {dag.py:2573} INFO - Sync 1 DAGs
[2022-10-15T23:58:23.601+0800] {logging_mixin.py:117} INFO - [2022-10-15T23:58:23.600+0800] {dag.py:3328} INFO - Setting next_dagrun for example_time_delta_sensor_async to None, run_after=None
[2022-10-15T23:58:23.626+0800] {processor.py:178} INFO - Processing /opt/anaconda3/lib/python3.7/site-packages/airflow/example_dags/example_time_delta_sensor_async.py took 0.131 seconds
[2022-10-15T23:58:55.381+0800] {processor.py:156} INFO - Started process (PID=66916) to work on /opt/anaconda3/lib/python3.7/site-packages/airflow/example_dags/example_time_delta_sensor_async.py
[2022-10-15T23:58:55.383+0800] {processor.py:758} INFO - Processing file /opt/anaconda3/lib/python3.7/site-packages/airflow/example_dags/example_time_delta_sensor_async.py for tasks to queue
[2022-10-15T23:58:55.385+0800] {logging_mixin.py:117} INFO - [2022-10-15T23:58:55.385+0800] {dagbag.py:525} INFO - Filling up the DagBag from /opt/anaconda3/lib/python3.7/site-packages/airflow/example_dags/example_time_delta_sensor_async.py
[2022-10-15T23:58:55.412+0800] {processor.py:768} INFO - DAG(s) dict_keys(['example_time_delta_sensor_async']) retrieved from /opt/anaconda3/lib/python3.7/site-packages/airflow/example_dags/example_time_delta_sensor_async.py
[2022-10-15T23:58:55.888+0800] {logging_mixin.py:117} INFO - [2022-10-15T23:58:55.888+0800] {dag.py:2573} INFO - Sync 1 DAGs
[2022-10-15T23:58:55.920+0800] {logging_mixin.py:117} INFO - [2022-10-15T23:58:55.920+0800] {dag.py:3328} INFO - Setting next_dagrun for example_time_delta_sensor_async to None, run_after=None
[2022-10-15T23:58:55.954+0800] {processor.py:178} INFO - Processing /opt/anaconda3/lib/python3.7/site-packages/airflow/example_dags/example_time_delta_sensor_async.py took 0.580 seconds
[2022-10-15T23:59:26.278+0800] {processor.py:156} INFO - Started process (PID=67037) to work on /opt/anaconda3/lib/python3.7/site-packages/airflow/example_dags/example_time_delta_sensor_async.py
[2022-10-15T23:59:26.280+0800] {processor.py:758} INFO - Processing file /opt/anaconda3/lib/python3.7/site-packages/airflow/example_dags/example_time_delta_sensor_async.py for tasks to queue
[2022-10-15T23:59:26.282+0800] {logging_mixin.py:117} INFO - [2022-10-15T23:59:26.282+0800] {dagbag.py:525} INFO - Filling up the DagBag from /opt/anaconda3/lib/python3.7/site-packages/airflow/example_dags/example_time_delta_sensor_async.py
[2022-10-15T23:59:26.311+0800] {processor.py:768} INFO - DAG(s) dict_keys(['example_time_delta_sensor_async']) retrieved from /opt/anaconda3/lib/python3.7/site-packages/airflow/example_dags/example_time_delta_sensor_async.py
[2022-10-15T23:59:26.632+0800] {logging_mixin.py:117} INFO - [2022-10-15T23:59:26.631+0800] {dag.py:2573} INFO - Sync 1 DAGs
[2022-10-15T23:59:26.678+0800] {logging_mixin.py:117} INFO - [2022-10-15T23:59:26.677+0800] {dag.py:3328} INFO - Setting next_dagrun for example_time_delta_sensor_async to None, run_after=None
[2022-10-15T23:59:26.711+0800] {processor.py:178} INFO - Processing /opt/anaconda3/lib/python3.7/site-packages/airflow/example_dags/example_time_delta_sensor_async.py took 0.442 seconds
[2022-10-15T23:59:56.962+0800] {processor.py:156} INFO - Started process (PID=67183) to work on /opt/anaconda3/lib/python3.7/site-packages/airflow/example_dags/example_time_delta_sensor_async.py
[2022-10-15T23:59:56.966+0800] {processor.py:758} INFO - Processing file /opt/anaconda3/lib/python3.7/site-packages/airflow/example_dags/example_time_delta_sensor_async.py for tasks to queue
[2022-10-15T23:59:56.967+0800] {logging_mixin.py:117} INFO - [2022-10-15T23:59:56.967+0800] {dagbag.py:525} INFO - Filling up the DagBag from /opt/anaconda3/lib/python3.7/site-packages/airflow/example_dags/example_time_delta_sensor_async.py
[2022-10-15T23:59:56.997+0800] {processor.py:768} INFO - DAG(s) dict_keys(['example_time_delta_sensor_async']) retrieved from /opt/anaconda3/lib/python3.7/site-packages/airflow/example_dags/example_time_delta_sensor_async.py
[2022-10-15T23:59:57.346+0800] {logging_mixin.py:117} INFO - [2022-10-15T23:59:57.346+0800] {dag.py:2573} INFO - Sync 1 DAGs
[2022-10-15T23:59:57.382+0800] {logging_mixin.py:117} INFO - [2022-10-15T23:59:57.382+0800] {dag.py:3328} INFO - Setting next_dagrun for example_time_delta_sensor_async to None, run_after=None
[2022-10-15T23:59:57.409+0800] {processor.py:178} INFO - Processing /opt/anaconda3/lib/python3.7/site-packages/airflow/example_dags/example_time_delta_sensor_async.py took 0.456 seconds
[2022-10-16T00:00:27.726+0800] {processor.py:156} INFO - Started process (PID=67322) to work on /opt/anaconda3/lib/python3.7/site-packages/airflow/example_dags/example_time_delta_sensor_async.py
[2022-10-16T00:00:27.728+0800] {processor.py:758} INFO - Processing file /opt/anaconda3/lib/python3.7/site-packages/airflow/example_dags/example_time_delta_sensor_async.py for tasks to queue
[2022-10-16T00:00:27.729+0800] {logging_mixin.py:117} INFO - [2022-10-16T00:00:27.729+0800] {dagbag.py:525} INFO - Filling up the DagBag from /opt/anaconda3/lib/python3.7/site-packages/airflow/example_dags/example_time_delta_sensor_async.py
[2022-10-16T00:00:27.763+0800] {processor.py:768} INFO - DAG(s) dict_keys(['example_time_delta_sensor_async']) retrieved from /opt/anaconda3/lib/python3.7/site-packages/airflow/example_dags/example_time_delta_sensor_async.py
[2022-10-16T00:00:28.373+0800] {logging_mixin.py:117} INFO - [2022-10-16T00:00:28.372+0800] {dag.py:2573} INFO - Sync 1 DAGs
[2022-10-16T00:00:28.415+0800] {logging_mixin.py:117} INFO - [2022-10-16T00:00:28.414+0800] {dag.py:3328} INFO - Setting next_dagrun for example_time_delta_sensor_async to None, run_after=None
[2022-10-16T00:00:28.452+0800] {processor.py:178} INFO - Processing /opt/anaconda3/lib/python3.7/site-packages/airflow/example_dags/example_time_delta_sensor_async.py took 0.734 seconds
[2022-10-16T00:00:58.751+0800] {processor.py:156} INFO - Started process (PID=67482) to work on /opt/anaconda3/lib/python3.7/site-packages/airflow/example_dags/example_time_delta_sensor_async.py
[2022-10-16T00:00:58.753+0800] {processor.py:758} INFO - Processing file /opt/anaconda3/lib/python3.7/site-packages/airflow/example_dags/example_time_delta_sensor_async.py for tasks to queue
[2022-10-16T00:00:58.754+0800] {logging_mixin.py:117} INFO - [2022-10-16T00:00:58.754+0800] {dagbag.py:525} INFO - Filling up the DagBag from /opt/anaconda3/lib/python3.7/site-packages/airflow/example_dags/example_time_delta_sensor_async.py
[2022-10-16T00:00:58.778+0800] {processor.py:768} INFO - DAG(s) dict_keys(['example_time_delta_sensor_async']) retrieved from /opt/anaconda3/lib/python3.7/site-packages/airflow/example_dags/example_time_delta_sensor_async.py
[2022-10-16T00:00:59.073+0800] {logging_mixin.py:117} INFO - [2022-10-16T00:00:59.073+0800] {dag.py:2573} INFO - Sync 1 DAGs
[2022-10-16T00:00:59.106+0800] {logging_mixin.py:117} INFO - [2022-10-16T00:00:59.105+0800] {dag.py:3328} INFO - Setting next_dagrun for example_time_delta_sensor_async to None, run_after=None
[2022-10-16T00:00:59.129+0800] {processor.py:178} INFO - Processing /opt/anaconda3/lib/python3.7/site-packages/airflow/example_dags/example_time_delta_sensor_async.py took 0.384 seconds
[2022-10-16T00:01:29.230+0800] {processor.py:156} INFO - Started process (PID=67574) to work on /opt/anaconda3/lib/python3.7/site-packages/airflow/example_dags/example_time_delta_sensor_async.py
[2022-10-16T00:01:29.231+0800] {processor.py:758} INFO - Processing file /opt/anaconda3/lib/python3.7/site-packages/airflow/example_dags/example_time_delta_sensor_async.py for tasks to queue
[2022-10-16T00:01:29.232+0800] {logging_mixin.py:117} INFO - [2022-10-16T00:01:29.232+0800] {dagbag.py:525} INFO - Filling up the DagBag from /opt/anaconda3/lib/python3.7/site-packages/airflow/example_dags/example_time_delta_sensor_async.py
[2022-10-16T00:01:29.256+0800] {processor.py:768} INFO - DAG(s) dict_keys(['example_time_delta_sensor_async']) retrieved from /opt/anaconda3/lib/python3.7/site-packages/airflow/example_dags/example_time_delta_sensor_async.py
[2022-10-16T00:01:29.548+0800] {logging_mixin.py:117} INFO - [2022-10-16T00:01:29.547+0800] {dag.py:2573} INFO - Sync 1 DAGs
[2022-10-16T00:01:29.584+0800] {logging_mixin.py:117} INFO - [2022-10-16T00:01:29.583+0800] {dag.py:3328} INFO - Setting next_dagrun for example_time_delta_sensor_async to None, run_after=None
[2022-10-16T00:01:29.614+0800] {processor.py:178} INFO - Processing /opt/anaconda3/lib/python3.7/site-packages/airflow/example_dags/example_time_delta_sensor_async.py took 0.391 seconds
[2022-10-16T00:01:59.658+0800] {processor.py:156} INFO - Started process (PID=67665) to work on /opt/anaconda3/lib/python3.7/site-packages/airflow/example_dags/example_time_delta_sensor_async.py
[2022-10-16T00:01:59.660+0800] {processor.py:758} INFO - Processing file /opt/anaconda3/lib/python3.7/site-packages/airflow/example_dags/example_time_delta_sensor_async.py for tasks to queue
[2022-10-16T00:01:59.661+0800] {logging_mixin.py:117} INFO - [2022-10-16T00:01:59.661+0800] {dagbag.py:525} INFO - Filling up the DagBag from /opt/anaconda3/lib/python3.7/site-packages/airflow/example_dags/example_time_delta_sensor_async.py
[2022-10-16T00:01:59.687+0800] {processor.py:768} INFO - DAG(s) dict_keys(['example_time_delta_sensor_async']) retrieved from /opt/anaconda3/lib/python3.7/site-packages/airflow/example_dags/example_time_delta_sensor_async.py
[2022-10-16T00:02:00.019+0800] {logging_mixin.py:117} INFO - [2022-10-16T00:02:00.018+0800] {dag.py:2573} INFO - Sync 1 DAGs
[2022-10-16T00:02:00.055+0800] {logging_mixin.py:117} INFO - [2022-10-16T00:02:00.055+0800] {dag.py:3328} INFO - Setting next_dagrun for example_time_delta_sensor_async to None, run_after=None
[2022-10-16T00:02:00.082+0800] {processor.py:178} INFO - Processing /opt/anaconda3/lib/python3.7/site-packages/airflow/example_dags/example_time_delta_sensor_async.py took 0.432 seconds
