[2022-10-15T23:13:09.132+0800] {processor.py:156} INFO - Started process (PID=59376) to work on /opt/anaconda3/lib/python3.7/site-packages/airflow/example_dags/example_task_group.py
[2022-10-15T23:13:09.133+0800] {processor.py:758} INFO - Processing file /opt/anaconda3/lib/python3.7/site-packages/airflow/example_dags/example_task_group.py for tasks to queue
[2022-10-15T23:13:09.135+0800] {logging_mixin.py:117} INFO - [2022-10-15T23:13:09.134+0800] {dagbag.py:525} INFO - Filling up the DagBag from /opt/anaconda3/lib/python3.7/site-packages/airflow/example_dags/example_task_group.py
[2022-10-15T23:13:09.167+0800] {processor.py:768} INFO - DAG(s) dict_keys(['example_task_group']) retrieved from /opt/anaconda3/lib/python3.7/site-packages/airflow/example_dags/example_task_group.py
[2022-10-15T23:13:09.658+0800] {logging_mixin.py:117} INFO - [2022-10-15T23:13:09.657+0800] {manager.py:507} INFO - Created Permission View: can read on DAG:example_task_group
[2022-10-15T23:13:09.674+0800] {logging_mixin.py:117} INFO - [2022-10-15T23:13:09.674+0800] {manager.py:507} INFO - Created Permission View: can edit on DAG:example_task_group
[2022-10-15T23:13:09.685+0800] {logging_mixin.py:117} INFO - [2022-10-15T23:13:09.685+0800] {manager.py:507} INFO - Created Permission View: can delete on DAG:example_task_group
[2022-10-15T23:13:09.686+0800] {logging_mixin.py:117} INFO - [2022-10-15T23:13:09.686+0800] {dag.py:2573} INFO - Sync 1 DAGs
[2022-10-15T23:13:09.707+0800] {logging_mixin.py:117} INFO - [2022-10-15T23:13:09.707+0800] {dag.py:2594} INFO - Creating ORM DAG for example_task_group
[2022-10-15T23:13:09.724+0800] {logging_mixin.py:117} INFO - [2022-10-15T23:13:09.723+0800] {dag.py:3328} INFO - Setting next_dagrun for example_task_group to 2022-10-14T15:13:09.723430+00:00, run_after=2022-10-15T15:13:09.723430+00:00
[2022-10-15T23:13:09.766+0800] {processor.py:178} INFO - Processing /opt/anaconda3/lib/python3.7/site-packages/airflow/example_dags/example_task_group.py took 0.640 seconds
[2022-10-15T23:14:06.207+0800] {processor.py:156} INFO - Started process (PID=59502) to work on /opt/anaconda3/lib/python3.7/site-packages/airflow/example_dags/example_task_group.py
[2022-10-15T23:14:06.211+0800] {processor.py:758} INFO - Processing file /opt/anaconda3/lib/python3.7/site-packages/airflow/example_dags/example_task_group.py for tasks to queue
[2022-10-15T23:14:06.214+0800] {logging_mixin.py:117} INFO - [2022-10-15T23:14:06.214+0800] {dagbag.py:525} INFO - Filling up the DagBag from /opt/anaconda3/lib/python3.7/site-packages/airflow/example_dags/example_task_group.py
[2022-10-15T23:14:06.341+0800] {processor.py:768} INFO - DAG(s) dict_keys(['example_task_group']) retrieved from /opt/anaconda3/lib/python3.7/site-packages/airflow/example_dags/example_task_group.py
[2022-10-15T23:14:06.392+0800] {logging_mixin.py:117} INFO - [2022-10-15T23:14:06.391+0800] {dag.py:2573} INFO - Sync 1 DAGs
[2022-10-15T23:14:06.446+0800] {logging_mixin.py:117} INFO - [2022-10-15T23:14:06.446+0800] {dag.py:3328} INFO - Setting next_dagrun for example_task_group to 2022-10-14T15:14:06.445590+00:00, run_after=2022-10-15T15:14:06.445590+00:00
[2022-10-15T23:14:06.482+0800] {processor.py:178} INFO - Processing /opt/anaconda3/lib/python3.7/site-packages/airflow/example_dags/example_task_group.py took 0.288 seconds
[2022-10-15T23:15:09.557+0800] {processor.py:156} INFO - Started process (PID=59654) to work on /opt/anaconda3/lib/python3.7/site-packages/airflow/example_dags/example_task_group.py
[2022-10-15T23:15:09.560+0800] {processor.py:758} INFO - Processing file /opt/anaconda3/lib/python3.7/site-packages/airflow/example_dags/example_task_group.py for tasks to queue
[2022-10-15T23:15:09.562+0800] {logging_mixin.py:117} INFO - [2022-10-15T23:15:09.561+0800] {dagbag.py:525} INFO - Filling up the DagBag from /opt/anaconda3/lib/python3.7/site-packages/airflow/example_dags/example_task_group.py
[2022-10-15T23:15:09.596+0800] {processor.py:768} INFO - DAG(s) dict_keys(['example_task_group']) retrieved from /opt/anaconda3/lib/python3.7/site-packages/airflow/example_dags/example_task_group.py
[2022-10-15T23:15:09.643+0800] {logging_mixin.py:117} INFO - [2022-10-15T23:15:09.643+0800] {dag.py:2573} INFO - Sync 1 DAGs
[2022-10-15T23:15:09.689+0800] {logging_mixin.py:117} INFO - [2022-10-15T23:15:09.688+0800] {dag.py:3328} INFO - Setting next_dagrun for example_task_group to 2022-10-14T15:15:09.685222+00:00, run_after=2022-10-15T15:15:09.685222+00:00
[2022-10-15T23:15:09.720+0800] {processor.py:178} INFO - Processing /opt/anaconda3/lib/python3.7/site-packages/airflow/example_dags/example_task_group.py took 0.170 seconds
[2022-10-15T23:20:29.710+0800] {processor.py:156} INFO - Started process (PID=60018) to work on /opt/anaconda3/lib/python3.7/site-packages/airflow/example_dags/example_task_group.py
[2022-10-15T23:20:29.712+0800] {processor.py:758} INFO - Processing file /opt/anaconda3/lib/python3.7/site-packages/airflow/example_dags/example_task_group.py for tasks to queue
[2022-10-15T23:20:29.713+0800] {logging_mixin.py:117} INFO - [2022-10-15T23:20:29.713+0800] {dagbag.py:525} INFO - Filling up the DagBag from /opt/anaconda3/lib/python3.7/site-packages/airflow/example_dags/example_task_group.py
[2022-10-15T23:20:29.741+0800] {processor.py:768} INFO - DAG(s) dict_keys(['example_task_group']) retrieved from /opt/anaconda3/lib/python3.7/site-packages/airflow/example_dags/example_task_group.py
[2022-10-15T23:20:29.795+0800] {logging_mixin.py:117} INFO - [2022-10-15T23:20:29.795+0800] {dag.py:2573} INFO - Sync 1 DAGs
[2022-10-15T23:20:29.840+0800] {logging_mixin.py:117} INFO - [2022-10-15T23:20:29.839+0800] {dag.py:3328} INFO - Setting next_dagrun for example_task_group to 2022-10-14T15:20:29.839018+00:00, run_after=2022-10-15T15:20:29.839018+00:00
[2022-10-15T23:20:29.876+0800] {processor.py:178} INFO - Processing /opt/anaconda3/lib/python3.7/site-packages/airflow/example_dags/example_task_group.py took 0.171 seconds
[2022-10-15T23:21:13.193+0800] {processor.py:156} INFO - Started process (PID=60146) to work on /opt/anaconda3/lib/python3.7/site-packages/airflow/example_dags/example_task_group.py
[2022-10-15T23:21:13.195+0800] {processor.py:758} INFO - Processing file /opt/anaconda3/lib/python3.7/site-packages/airflow/example_dags/example_task_group.py for tasks to queue
[2022-10-15T23:21:13.196+0800] {logging_mixin.py:117} INFO - [2022-10-15T23:21:13.196+0800] {dagbag.py:525} INFO - Filling up the DagBag from /opt/anaconda3/lib/python3.7/site-packages/airflow/example_dags/example_task_group.py
[2022-10-15T23:21:13.225+0800] {processor.py:768} INFO - DAG(s) dict_keys(['example_task_group']) retrieved from /opt/anaconda3/lib/python3.7/site-packages/airflow/example_dags/example_task_group.py
[2022-10-15T23:21:13.283+0800] {logging_mixin.py:117} INFO - [2022-10-15T23:21:13.283+0800] {dag.py:2573} INFO - Sync 1 DAGs
[2022-10-15T23:21:13.316+0800] {logging_mixin.py:117} INFO - [2022-10-15T23:21:13.316+0800] {dag.py:3328} INFO - Setting next_dagrun for example_task_group to 2022-10-14T15:21:13.315648+00:00, run_after=2022-10-15T15:21:13.315648+00:00
[2022-10-15T23:21:13.348+0800] {processor.py:178} INFO - Processing /opt/anaconda3/lib/python3.7/site-packages/airflow/example_dags/example_task_group.py took 0.160 seconds
[2022-10-15T23:21:53.929+0800] {processor.py:156} INFO - Started process (PID=60472) to work on /opt/anaconda3/lib/python3.7/site-packages/airflow/example_dags/example_task_group.py
[2022-10-15T23:21:53.932+0800] {processor.py:758} INFO - Processing file /opt/anaconda3/lib/python3.7/site-packages/airflow/example_dags/example_task_group.py for tasks to queue
[2022-10-15T23:21:53.933+0800] {logging_mixin.py:117} INFO - [2022-10-15T23:21:53.933+0800] {dagbag.py:525} INFO - Filling up the DagBag from /opt/anaconda3/lib/python3.7/site-packages/airflow/example_dags/example_task_group.py
[2022-10-15T23:21:53.963+0800] {processor.py:768} INFO - DAG(s) dict_keys(['example_task_group']) retrieved from /opt/anaconda3/lib/python3.7/site-packages/airflow/example_dags/example_task_group.py
[2022-10-15T23:21:54.029+0800] {logging_mixin.py:117} INFO - [2022-10-15T23:21:54.028+0800] {dag.py:2573} INFO - Sync 1 DAGs
[2022-10-15T23:21:54.062+0800] {logging_mixin.py:117} INFO - [2022-10-15T23:21:54.061+0800] {dag.py:3328} INFO - Setting next_dagrun for example_task_group to 2022-10-14T15:21:54.060846+00:00, run_after=2022-10-15T15:21:54.060846+00:00
[2022-10-15T23:21:54.091+0800] {processor.py:178} INFO - Processing /opt/anaconda3/lib/python3.7/site-packages/airflow/example_dags/example_task_group.py took 0.167 seconds
[2022-10-15T23:22:35.738+0800] {processor.py:156} INFO - Started process (PID=60552) to work on /opt/anaconda3/lib/python3.7/site-packages/airflow/example_dags/example_task_group.py
[2022-10-15T23:22:35.741+0800] {processor.py:758} INFO - Processing file /opt/anaconda3/lib/python3.7/site-packages/airflow/example_dags/example_task_group.py for tasks to queue
[2022-10-15T23:22:35.742+0800] {logging_mixin.py:117} INFO - [2022-10-15T23:22:35.742+0800] {dagbag.py:525} INFO - Filling up the DagBag from /opt/anaconda3/lib/python3.7/site-packages/airflow/example_dags/example_task_group.py
[2022-10-15T23:22:35.773+0800] {processor.py:768} INFO - DAG(s) dict_keys(['example_task_group']) retrieved from /opt/anaconda3/lib/python3.7/site-packages/airflow/example_dags/example_task_group.py
[2022-10-15T23:22:35.833+0800] {logging_mixin.py:117} INFO - [2022-10-15T23:22:35.832+0800] {dag.py:2573} INFO - Sync 1 DAGs
[2022-10-15T23:22:35.866+0800] {logging_mixin.py:117} INFO - [2022-10-15T23:22:35.865+0800] {dag.py:3328} INFO - Setting next_dagrun for example_task_group to 2022-10-14T15:22:35.865154+00:00, run_after=2022-10-15T15:22:35.865154+00:00
[2022-10-15T23:22:35.894+0800] {processor.py:178} INFO - Processing /opt/anaconda3/lib/python3.7/site-packages/airflow/example_dags/example_task_group.py took 0.162 seconds
[2022-10-15T23:27:17.765+0800] {processor.py:156} INFO - Started process (PID=60988) to work on /opt/anaconda3/lib/python3.7/site-packages/airflow/example_dags/example_task_group.py
[2022-10-15T23:27:17.767+0800] {processor.py:758} INFO - Processing file /opt/anaconda3/lib/python3.7/site-packages/airflow/example_dags/example_task_group.py for tasks to queue
[2022-10-15T23:27:17.769+0800] {logging_mixin.py:117} INFO - [2022-10-15T23:27:17.769+0800] {dagbag.py:525} INFO - Filling up the DagBag from /opt/anaconda3/lib/python3.7/site-packages/airflow/example_dags/example_task_group.py
[2022-10-15T23:27:17.797+0800] {processor.py:768} INFO - DAG(s) dict_keys(['example_task_group']) retrieved from /opt/anaconda3/lib/python3.7/site-packages/airflow/example_dags/example_task_group.py
[2022-10-15T23:27:17.853+0800] {logging_mixin.py:117} INFO - [2022-10-15T23:27:17.852+0800] {dag.py:2573} INFO - Sync 1 DAGs
[2022-10-15T23:27:17.897+0800] {logging_mixin.py:117} INFO - [2022-10-15T23:27:17.897+0800] {dag.py:3328} INFO - Setting next_dagrun for example_task_group to 2022-10-14T15:27:17.894104+00:00, run_after=2022-10-15T15:27:17.894104+00:00
[2022-10-15T23:27:17.960+0800] {processor.py:178} INFO - Processing /opt/anaconda3/lib/python3.7/site-packages/airflow/example_dags/example_task_group.py took 0.200 seconds
[2022-10-15T23:28:06.694+0800] {processor.py:156} INFO - Started process (PID=61080) to work on /opt/anaconda3/lib/python3.7/site-packages/airflow/example_dags/example_task_group.py
[2022-10-15T23:28:06.697+0800] {processor.py:758} INFO - Processing file /opt/anaconda3/lib/python3.7/site-packages/airflow/example_dags/example_task_group.py for tasks to queue
[2022-10-15T23:28:06.698+0800] {logging_mixin.py:117} INFO - [2022-10-15T23:28:06.698+0800] {dagbag.py:525} INFO - Filling up the DagBag from /opt/anaconda3/lib/python3.7/site-packages/airflow/example_dags/example_task_group.py
[2022-10-15T23:28:06.748+0800] {processor.py:768} INFO - DAG(s) dict_keys(['example_task_group']) retrieved from /opt/anaconda3/lib/python3.7/site-packages/airflow/example_dags/example_task_group.py
[2022-10-15T23:28:06.822+0800] {logging_mixin.py:117} INFO - [2022-10-15T23:28:06.822+0800] {dag.py:2573} INFO - Sync 1 DAGs
[2022-10-15T23:28:06.855+0800] {logging_mixin.py:117} INFO - [2022-10-15T23:28:06.855+0800] {dag.py:3328} INFO - Setting next_dagrun for example_task_group to 2022-10-14T15:28:06.855157+00:00, run_after=2022-10-15T15:28:06.855157+00:00
[2022-10-15T23:28:06.884+0800] {processor.py:178} INFO - Processing /opt/anaconda3/lib/python3.7/site-packages/airflow/example_dags/example_task_group.py took 0.199 seconds
[2022-10-15T23:28:51.617+0800] {processor.py:156} INFO - Started process (PID=61178) to work on /opt/anaconda3/lib/python3.7/site-packages/airflow/example_dags/example_task_group.py
[2022-10-15T23:28:51.619+0800] {processor.py:758} INFO - Processing file /opt/anaconda3/lib/python3.7/site-packages/airflow/example_dags/example_task_group.py for tasks to queue
[2022-10-15T23:28:51.621+0800] {logging_mixin.py:117} INFO - [2022-10-15T23:28:51.621+0800] {dagbag.py:525} INFO - Filling up the DagBag from /opt/anaconda3/lib/python3.7/site-packages/airflow/example_dags/example_task_group.py
[2022-10-15T23:28:51.656+0800] {processor.py:768} INFO - DAG(s) dict_keys(['example_task_group']) retrieved from /opt/anaconda3/lib/python3.7/site-packages/airflow/example_dags/example_task_group.py
[2022-10-15T23:28:51.718+0800] {logging_mixin.py:117} INFO - [2022-10-15T23:28:51.717+0800] {dag.py:2573} INFO - Sync 1 DAGs
[2022-10-15T23:28:51.751+0800] {logging_mixin.py:117} INFO - [2022-10-15T23:28:51.751+0800] {dag.py:3328} INFO - Setting next_dagrun for example_task_group to 2022-10-14T15:28:51.750916+00:00, run_after=2022-10-15T15:28:51.750916+00:00
[2022-10-15T23:28:51.779+0800] {processor.py:178} INFO - Processing /opt/anaconda3/lib/python3.7/site-packages/airflow/example_dags/example_task_group.py took 0.168 seconds
[2022-10-15T23:29:32.898+0800] {processor.py:156} INFO - Started process (PID=61263) to work on /opt/anaconda3/lib/python3.7/site-packages/airflow/example_dags/example_task_group.py
[2022-10-15T23:29:32.900+0800] {processor.py:758} INFO - Processing file /opt/anaconda3/lib/python3.7/site-packages/airflow/example_dags/example_task_group.py for tasks to queue
[2022-10-15T23:29:32.902+0800] {logging_mixin.py:117} INFO - [2022-10-15T23:29:32.902+0800] {dagbag.py:525} INFO - Filling up the DagBag from /opt/anaconda3/lib/python3.7/site-packages/airflow/example_dags/example_task_group.py
[2022-10-15T23:29:32.931+0800] {processor.py:768} INFO - DAG(s) dict_keys(['example_task_group']) retrieved from /opt/anaconda3/lib/python3.7/site-packages/airflow/example_dags/example_task_group.py
[2022-10-15T23:29:32.989+0800] {logging_mixin.py:117} INFO - [2022-10-15T23:29:32.988+0800] {dag.py:2573} INFO - Sync 1 DAGs
[2022-10-15T23:29:33.020+0800] {logging_mixin.py:117} INFO - [2022-10-15T23:29:33.020+0800] {dag.py:3328} INFO - Setting next_dagrun for example_task_group to 2022-10-14T15:29:33.019931+00:00, run_after=2022-10-15T15:29:33.019931+00:00
[2022-10-15T23:29:33.049+0800] {processor.py:178} INFO - Processing /opt/anaconda3/lib/python3.7/site-packages/airflow/example_dags/example_task_group.py took 0.157 seconds
[2022-10-15T23:30:12.101+0800] {processor.py:156} INFO - Started process (PID=61372) to work on /opt/anaconda3/lib/python3.7/site-packages/airflow/example_dags/example_task_group.py
[2022-10-15T23:30:12.104+0800] {processor.py:758} INFO - Processing file /opt/anaconda3/lib/python3.7/site-packages/airflow/example_dags/example_task_group.py for tasks to queue
[2022-10-15T23:30:12.105+0800] {logging_mixin.py:117} INFO - [2022-10-15T23:30:12.105+0800] {dagbag.py:525} INFO - Filling up the DagBag from /opt/anaconda3/lib/python3.7/site-packages/airflow/example_dags/example_task_group.py
[2022-10-15T23:30:12.136+0800] {processor.py:768} INFO - DAG(s) dict_keys(['example_task_group']) retrieved from /opt/anaconda3/lib/python3.7/site-packages/airflow/example_dags/example_task_group.py
[2022-10-15T23:30:12.208+0800] {logging_mixin.py:117} INFO - [2022-10-15T23:30:12.208+0800] {dag.py:2573} INFO - Sync 1 DAGs
[2022-10-15T23:30:12.241+0800] {logging_mixin.py:117} INFO - [2022-10-15T23:30:12.241+0800] {dag.py:3328} INFO - Setting next_dagrun for example_task_group to 2022-10-14T15:30:12.241088+00:00, run_after=2022-10-15T15:30:12.241088+00:00
[2022-10-15T23:30:12.272+0800] {processor.py:178} INFO - Processing /opt/anaconda3/lib/python3.7/site-packages/airflow/example_dags/example_task_group.py took 0.177 seconds
[2022-10-15T23:30:50.448+0800] {processor.py:156} INFO - Started process (PID=61506) to work on /opt/anaconda3/lib/python3.7/site-packages/airflow/example_dags/example_task_group.py
[2022-10-15T23:30:50.451+0800] {processor.py:758} INFO - Processing file /opt/anaconda3/lib/python3.7/site-packages/airflow/example_dags/example_task_group.py for tasks to queue
[2022-10-15T23:30:50.453+0800] {logging_mixin.py:117} INFO - [2022-10-15T23:30:50.452+0800] {dagbag.py:525} INFO - Filling up the DagBag from /opt/anaconda3/lib/python3.7/site-packages/airflow/example_dags/example_task_group.py
[2022-10-15T23:30:50.482+0800] {processor.py:768} INFO - DAG(s) dict_keys(['example_task_group']) retrieved from /opt/anaconda3/lib/python3.7/site-packages/airflow/example_dags/example_task_group.py
[2022-10-15T23:30:50.542+0800] {logging_mixin.py:117} INFO - [2022-10-15T23:30:50.542+0800] {dag.py:2573} INFO - Sync 1 DAGs
[2022-10-15T23:30:50.582+0800] {logging_mixin.py:117} INFO - [2022-10-15T23:30:50.582+0800] {dag.py:3328} INFO - Setting next_dagrun for example_task_group to 2022-10-14T15:30:50.581918+00:00, run_after=2022-10-15T15:30:50.581918+00:00
[2022-10-15T23:30:50.623+0800] {processor.py:178} INFO - Processing /opt/anaconda3/lib/python3.7/site-packages/airflow/example_dags/example_task_group.py took 0.180 seconds
[2022-10-15T23:33:56.170+0800] {processor.py:156} INFO - Started process (PID=61945) to work on /opt/anaconda3/lib/python3.7/site-packages/airflow/example_dags/example_task_group.py
[2022-10-15T23:33:56.172+0800] {processor.py:758} INFO - Processing file /opt/anaconda3/lib/python3.7/site-packages/airflow/example_dags/example_task_group.py for tasks to queue
[2022-10-15T23:33:56.174+0800] {logging_mixin.py:117} INFO - [2022-10-15T23:33:56.173+0800] {dagbag.py:525} INFO - Filling up the DagBag from /opt/anaconda3/lib/python3.7/site-packages/airflow/example_dags/example_task_group.py
[2022-10-15T23:33:56.204+0800] {processor.py:768} INFO - DAG(s) dict_keys(['example_task_group']) retrieved from /opt/anaconda3/lib/python3.7/site-packages/airflow/example_dags/example_task_group.py
[2022-10-15T23:33:56.262+0800] {logging_mixin.py:117} INFO - [2022-10-15T23:33:56.261+0800] {dag.py:2573} INFO - Sync 1 DAGs
[2022-10-15T23:33:56.298+0800] {logging_mixin.py:117} INFO - [2022-10-15T23:33:56.297+0800] {dag.py:3328} INFO - Setting next_dagrun for example_task_group to 2022-10-14T15:33:56.297451+00:00, run_after=2022-10-15T15:33:56.297451+00:00
[2022-10-15T23:33:56.327+0800] {processor.py:178} INFO - Processing /opt/anaconda3/lib/python3.7/site-packages/airflow/example_dags/example_task_group.py took 0.162 seconds
[2022-10-15T23:34:42.582+0800] {processor.py:156} INFO - Started process (PID=62018) to work on /opt/anaconda3/lib/python3.7/site-packages/airflow/example_dags/example_task_group.py
[2022-10-15T23:34:42.584+0800] {processor.py:758} INFO - Processing file /opt/anaconda3/lib/python3.7/site-packages/airflow/example_dags/example_task_group.py for tasks to queue
[2022-10-15T23:34:42.585+0800] {logging_mixin.py:117} INFO - [2022-10-15T23:34:42.584+0800] {dagbag.py:525} INFO - Filling up the DagBag from /opt/anaconda3/lib/python3.7/site-packages/airflow/example_dags/example_task_group.py
[2022-10-15T23:34:42.612+0800] {processor.py:768} INFO - DAG(s) dict_keys(['example_task_group']) retrieved from /opt/anaconda3/lib/python3.7/site-packages/airflow/example_dags/example_task_group.py
[2022-10-15T23:34:42.673+0800] {logging_mixin.py:117} INFO - [2022-10-15T23:34:42.672+0800] {dag.py:2573} INFO - Sync 1 DAGs
[2022-10-15T23:34:42.708+0800] {logging_mixin.py:117} INFO - [2022-10-15T23:34:42.707+0800] {dag.py:3328} INFO - Setting next_dagrun for example_task_group to 2022-10-14T15:34:42.706989+00:00, run_after=2022-10-15T15:34:42.706989+00:00
[2022-10-15T23:34:42.739+0800] {processor.py:178} INFO - Processing /opt/anaconda3/lib/python3.7/site-packages/airflow/example_dags/example_task_group.py took 0.162 seconds
[2022-10-15T23:35:21.207+0800] {processor.py:156} INFO - Started process (PID=62178) to work on /opt/anaconda3/lib/python3.7/site-packages/airflow/example_dags/example_task_group.py
[2022-10-15T23:35:21.210+0800] {processor.py:758} INFO - Processing file /opt/anaconda3/lib/python3.7/site-packages/airflow/example_dags/example_task_group.py for tasks to queue
[2022-10-15T23:35:21.214+0800] {logging_mixin.py:117} INFO - [2022-10-15T23:35:21.213+0800] {dagbag.py:525} INFO - Filling up the DagBag from /opt/anaconda3/lib/python3.7/site-packages/airflow/example_dags/example_task_group.py
[2022-10-15T23:35:21.246+0800] {processor.py:768} INFO - DAG(s) dict_keys(['example_task_group']) retrieved from /opt/anaconda3/lib/python3.7/site-packages/airflow/example_dags/example_task_group.py
[2022-10-15T23:35:21.308+0800] {logging_mixin.py:117} INFO - [2022-10-15T23:35:21.307+0800] {dag.py:2573} INFO - Sync 1 DAGs
[2022-10-15T23:35:21.341+0800] {logging_mixin.py:117} INFO - [2022-10-15T23:35:21.340+0800] {dag.py:3328} INFO - Setting next_dagrun for example_task_group to 2022-10-14T15:35:21.340322+00:00, run_after=2022-10-15T15:35:21.340322+00:00
[2022-10-15T23:35:21.369+0800] {processor.py:178} INFO - Processing /opt/anaconda3/lib/python3.7/site-packages/airflow/example_dags/example_task_group.py took 0.166 seconds
[2022-10-15T23:35:58.417+0800] {processor.py:156} INFO - Started process (PID=62288) to work on /opt/anaconda3/lib/python3.7/site-packages/airflow/example_dags/example_task_group.py
[2022-10-15T23:35:58.419+0800] {processor.py:758} INFO - Processing file /opt/anaconda3/lib/python3.7/site-packages/airflow/example_dags/example_task_group.py for tasks to queue
[2022-10-15T23:35:58.421+0800] {logging_mixin.py:117} INFO - [2022-10-15T23:35:58.420+0800] {dagbag.py:525} INFO - Filling up the DagBag from /opt/anaconda3/lib/python3.7/site-packages/airflow/example_dags/example_task_group.py
[2022-10-15T23:35:58.450+0800] {processor.py:768} INFO - DAG(s) dict_keys(['example_task_group']) retrieved from /opt/anaconda3/lib/python3.7/site-packages/airflow/example_dags/example_task_group.py
[2022-10-15T23:35:58.513+0800] {logging_mixin.py:117} INFO - [2022-10-15T23:35:58.512+0800] {dag.py:2573} INFO - Sync 1 DAGs
[2022-10-15T23:35:58.558+0800] {logging_mixin.py:117} INFO - [2022-10-15T23:35:58.558+0800] {dag.py:3328} INFO - Setting next_dagrun for example_task_group to 2022-10-14T15:35:58.557424+00:00, run_after=2022-10-15T15:35:58.557424+00:00
[2022-10-15T23:35:58.587+0800] {processor.py:178} INFO - Processing /opt/anaconda3/lib/python3.7/site-packages/airflow/example_dags/example_task_group.py took 0.178 seconds
[2022-10-15T23:36:37.222+0800] {processor.py:156} INFO - Started process (PID=62451) to work on /opt/anaconda3/lib/python3.7/site-packages/airflow/example_dags/example_task_group.py
[2022-10-15T23:36:37.226+0800] {processor.py:758} INFO - Processing file /opt/anaconda3/lib/python3.7/site-packages/airflow/example_dags/example_task_group.py for tasks to queue
[2022-10-15T23:36:37.228+0800] {logging_mixin.py:117} INFO - [2022-10-15T23:36:37.227+0800] {dagbag.py:525} INFO - Filling up the DagBag from /opt/anaconda3/lib/python3.7/site-packages/airflow/example_dags/example_task_group.py
[2022-10-15T23:36:37.261+0800] {processor.py:768} INFO - DAG(s) dict_keys(['example_task_group']) retrieved from /opt/anaconda3/lib/python3.7/site-packages/airflow/example_dags/example_task_group.py
[2022-10-15T23:36:37.316+0800] {logging_mixin.py:117} INFO - [2022-10-15T23:36:37.315+0800] {dag.py:2573} INFO - Sync 1 DAGs
[2022-10-15T23:36:37.346+0800] {logging_mixin.py:117} INFO - [2022-10-15T23:36:37.346+0800] {dag.py:3328} INFO - Setting next_dagrun for example_task_group to 2022-10-14T15:36:37.346109+00:00, run_after=2022-10-15T15:36:37.346109+00:00
[2022-10-15T23:36:37.377+0800] {processor.py:178} INFO - Processing /opt/anaconda3/lib/python3.7/site-packages/airflow/example_dags/example_task_group.py took 0.160 seconds
[2022-10-15T23:37:13.911+0800] {processor.py:156} INFO - Started process (PID=62544) to work on /opt/anaconda3/lib/python3.7/site-packages/airflow/example_dags/example_task_group.py
[2022-10-15T23:37:13.914+0800] {processor.py:758} INFO - Processing file /opt/anaconda3/lib/python3.7/site-packages/airflow/example_dags/example_task_group.py for tasks to queue
[2022-10-15T23:37:13.915+0800] {logging_mixin.py:117} INFO - [2022-10-15T23:37:13.915+0800] {dagbag.py:525} INFO - Filling up the DagBag from /opt/anaconda3/lib/python3.7/site-packages/airflow/example_dags/example_task_group.py
[2022-10-15T23:37:13.943+0800] {processor.py:768} INFO - DAG(s) dict_keys(['example_task_group']) retrieved from /opt/anaconda3/lib/python3.7/site-packages/airflow/example_dags/example_task_group.py
[2022-10-15T23:37:13.998+0800] {logging_mixin.py:117} INFO - [2022-10-15T23:37:13.998+0800] {dag.py:2573} INFO - Sync 1 DAGs
[2022-10-15T23:37:14.032+0800] {logging_mixin.py:117} INFO - [2022-10-15T23:37:14.031+0800] {dag.py:3328} INFO - Setting next_dagrun for example_task_group to 2022-10-14T15:37:14.031273+00:00, run_after=2022-10-15T15:37:14.031273+00:00
[2022-10-15T23:37:14.061+0800] {processor.py:178} INFO - Processing /opt/anaconda3/lib/python3.7/site-packages/airflow/example_dags/example_task_group.py took 0.155 seconds
