[2022-10-15T23:13:00.638+0800] {processor.py:156} INFO - Started process (PID=59360) to work on /opt/anaconda3/lib/python3.7/site-packages/airflow/example_dags/tutorial.py
[2022-10-15T23:13:00.639+0800] {processor.py:758} INFO - Processing file /opt/anaconda3/lib/python3.7/site-packages/airflow/example_dags/tutorial.py for tasks to queue
[2022-10-15T23:13:00.641+0800] {logging_mixin.py:117} INFO - [2022-10-15T23:13:00.640+0800] {dagbag.py:525} INFO - Filling up the DagBag from /opt/anaconda3/lib/python3.7/site-packages/airflow/example_dags/tutorial.py
[2022-10-15T23:13:00.667+0800] {processor.py:768} INFO - DAG(s) dict_keys(['tutorial']) retrieved from /opt/anaconda3/lib/python3.7/site-packages/airflow/example_dags/tutorial.py
[2022-10-15T23:13:00.919+0800] {logging_mixin.py:117} INFO - [2022-10-15T23:13:00.918+0800] {manager.py:507} INFO - Created Permission View: can read on DAG:tutorial
[2022-10-15T23:13:00.940+0800] {logging_mixin.py:117} INFO - [2022-10-15T23:13:00.939+0800] {manager.py:507} INFO - Created Permission View: can edit on DAG:tutorial
[2022-10-15T23:13:00.949+0800] {logging_mixin.py:117} INFO - [2022-10-15T23:13:00.948+0800] {manager.py:507} INFO - Created Permission View: can delete on DAG:tutorial
[2022-10-15T23:13:00.949+0800] {logging_mixin.py:117} INFO - [2022-10-15T23:13:00.949+0800] {dag.py:2573} INFO - Sync 1 DAGs
[2022-10-15T23:13:00.980+0800] {logging_mixin.py:117} INFO - [2022-10-15T23:13:00.979+0800] {dag.py:2594} INFO - Creating ORM DAG for tutorial
[2022-10-15T23:13:00.994+0800] {logging_mixin.py:117} INFO - [2022-10-15T23:13:00.994+0800] {dag.py:3328} INFO - Setting next_dagrun for tutorial to 2022-10-14T15:13:00.993896+00:00, run_after=2022-10-15T15:13:00.993896+00:00
[2022-10-15T23:13:01.040+0800] {processor.py:178} INFO - Processing /opt/anaconda3/lib/python3.7/site-packages/airflow/example_dags/tutorial.py took 0.407 seconds
[2022-10-15T23:13:57.478+0800] {processor.py:156} INFO - Started process (PID=59480) to work on /opt/anaconda3/lib/python3.7/site-packages/airflow/example_dags/tutorial.py
[2022-10-15T23:13:57.481+0800] {processor.py:758} INFO - Processing file /opt/anaconda3/lib/python3.7/site-packages/airflow/example_dags/tutorial.py for tasks to queue
[2022-10-15T23:13:57.482+0800] {logging_mixin.py:117} INFO - [2022-10-15T23:13:57.481+0800] {dagbag.py:525} INFO - Filling up the DagBag from /opt/anaconda3/lib/python3.7/site-packages/airflow/example_dags/tutorial.py
[2022-10-15T23:13:57.530+0800] {processor.py:768} INFO - DAG(s) dict_keys(['tutorial']) retrieved from /opt/anaconda3/lib/python3.7/site-packages/airflow/example_dags/tutorial.py
[2022-10-15T23:13:57.581+0800] {logging_mixin.py:117} INFO - [2022-10-15T23:13:57.581+0800] {dag.py:2573} INFO - Sync 1 DAGs
[2022-10-15T23:13:57.618+0800] {logging_mixin.py:117} INFO - [2022-10-15T23:13:57.618+0800] {dag.py:3328} INFO - Setting next_dagrun for tutorial to 2022-10-14T15:13:57.617650+00:00, run_after=2022-10-15T15:13:57.617650+00:00
[2022-10-15T23:13:57.647+0800] {processor.py:178} INFO - Processing /opt/anaconda3/lib/python3.7/site-packages/airflow/example_dags/tutorial.py took 0.182 seconds
[2022-10-15T23:15:00.785+0800] {processor.py:156} INFO - Started process (PID=59632) to work on /opt/anaconda3/lib/python3.7/site-packages/airflow/example_dags/tutorial.py
[2022-10-15T23:15:00.787+0800] {processor.py:758} INFO - Processing file /opt/anaconda3/lib/python3.7/site-packages/airflow/example_dags/tutorial.py for tasks to queue
[2022-10-15T23:15:00.789+0800] {logging_mixin.py:117} INFO - [2022-10-15T23:15:00.788+0800] {dagbag.py:525} INFO - Filling up the DagBag from /opt/anaconda3/lib/python3.7/site-packages/airflow/example_dags/tutorial.py
[2022-10-15T23:15:00.818+0800] {processor.py:768} INFO - DAG(s) dict_keys(['tutorial']) retrieved from /opt/anaconda3/lib/python3.7/site-packages/airflow/example_dags/tutorial.py
[2022-10-15T23:15:00.857+0800] {logging_mixin.py:117} INFO - [2022-10-15T23:15:00.857+0800] {dag.py:2573} INFO - Sync 1 DAGs
[2022-10-15T23:15:00.898+0800] {logging_mixin.py:117} INFO - [2022-10-15T23:15:00.898+0800] {dag.py:3328} INFO - Setting next_dagrun for tutorial to 2022-10-14T15:15:00.897611+00:00, run_after=2022-10-15T15:15:00.897611+00:00
[2022-10-15T23:15:00.934+0800] {processor.py:178} INFO - Processing /opt/anaconda3/lib/python3.7/site-packages/airflow/example_dags/tutorial.py took 0.154 seconds
[2022-10-15T23:20:21.425+0800] {processor.py:156} INFO - Started process (PID=59999) to work on /opt/anaconda3/lib/python3.7/site-packages/airflow/example_dags/tutorial.py
[2022-10-15T23:20:21.427+0800] {processor.py:758} INFO - Processing file /opt/anaconda3/lib/python3.7/site-packages/airflow/example_dags/tutorial.py for tasks to queue
[2022-10-15T23:20:21.429+0800] {logging_mixin.py:117} INFO - [2022-10-15T23:20:21.428+0800] {dagbag.py:525} INFO - Filling up the DagBag from /opt/anaconda3/lib/python3.7/site-packages/airflow/example_dags/tutorial.py
[2022-10-15T23:20:21.456+0800] {processor.py:768} INFO - DAG(s) dict_keys(['tutorial']) retrieved from /opt/anaconda3/lib/python3.7/site-packages/airflow/example_dags/tutorial.py
[2022-10-15T23:20:21.511+0800] {logging_mixin.py:117} INFO - [2022-10-15T23:20:21.511+0800] {dag.py:2573} INFO - Sync 1 DAGs
[2022-10-15T23:20:21.545+0800] {logging_mixin.py:117} INFO - [2022-10-15T23:20:21.545+0800] {dag.py:3328} INFO - Setting next_dagrun for tutorial to 2022-10-14T15:20:21.544807+00:00, run_after=2022-10-15T15:20:21.544807+00:00
[2022-10-15T23:20:21.575+0800] {processor.py:178} INFO - Processing /opt/anaconda3/lib/python3.7/site-packages/airflow/example_dags/tutorial.py took 0.154 seconds
[2022-10-15T23:21:04.155+0800] {processor.py:156} INFO - Started process (PID=60090) to work on /opt/anaconda3/lib/python3.7/site-packages/airflow/example_dags/tutorial.py
[2022-10-15T23:21:04.159+0800] {processor.py:758} INFO - Processing file /opt/anaconda3/lib/python3.7/site-packages/airflow/example_dags/tutorial.py for tasks to queue
[2022-10-15T23:21:04.161+0800] {logging_mixin.py:117} INFO - [2022-10-15T23:21:04.161+0800] {dagbag.py:525} INFO - Filling up the DagBag from /opt/anaconda3/lib/python3.7/site-packages/airflow/example_dags/tutorial.py
[2022-10-15T23:21:04.195+0800] {processor.py:768} INFO - DAG(s) dict_keys(['tutorial']) retrieved from /opt/anaconda3/lib/python3.7/site-packages/airflow/example_dags/tutorial.py
[2022-10-15T23:21:04.378+0800] {logging_mixin.py:117} INFO - [2022-10-15T23:21:04.377+0800] {dag.py:2573} INFO - Sync 1 DAGs
[2022-10-15T23:21:04.445+0800] {logging_mixin.py:117} INFO - [2022-10-15T23:21:04.444+0800] {dag.py:3328} INFO - Setting next_dagrun for tutorial to 2022-10-14T15:21:04.443889+00:00, run_after=2022-10-15T15:21:04.443889+00:00
[2022-10-15T23:21:04.562+0800] {processor.py:178} INFO - Processing /opt/anaconda3/lib/python3.7/site-packages/airflow/example_dags/tutorial.py took 0.418 seconds
[2022-10-15T23:21:43.318+0800] {processor.py:156} INFO - Started process (PID=60406) to work on /opt/anaconda3/lib/python3.7/site-packages/airflow/example_dags/tutorial.py
[2022-10-15T23:21:43.321+0800] {processor.py:758} INFO - Processing file /opt/anaconda3/lib/python3.7/site-packages/airflow/example_dags/tutorial.py for tasks to queue
[2022-10-15T23:21:43.322+0800] {logging_mixin.py:117} INFO - [2022-10-15T23:21:43.321+0800] {dagbag.py:525} INFO - Filling up the DagBag from /opt/anaconda3/lib/python3.7/site-packages/airflow/example_dags/tutorial.py
[2022-10-15T23:21:43.351+0800] {processor.py:768} INFO - DAG(s) dict_keys(['tutorial']) retrieved from /opt/anaconda3/lib/python3.7/site-packages/airflow/example_dags/tutorial.py
[2022-10-15T23:21:43.412+0800] {logging_mixin.py:117} INFO - [2022-10-15T23:21:43.412+0800] {dag.py:2573} INFO - Sync 1 DAGs
[2022-10-15T23:21:43.446+0800] {logging_mixin.py:117} INFO - [2022-10-15T23:21:43.445+0800] {dag.py:3328} INFO - Setting next_dagrun for tutorial to 2022-10-14T15:21:43.445161+00:00, run_after=2022-10-15T15:21:43.445161+00:00
[2022-10-15T23:21:43.487+0800] {processor.py:178} INFO - Processing /opt/anaconda3/lib/python3.7/site-packages/airflow/example_dags/tutorial.py took 0.173 seconds
[2022-10-15T23:22:20.107+0800] {processor.py:156} INFO - Started process (PID=60533) to work on /opt/anaconda3/lib/python3.7/site-packages/airflow/example_dags/tutorial.py
[2022-10-15T23:22:20.109+0800] {processor.py:758} INFO - Processing file /opt/anaconda3/lib/python3.7/site-packages/airflow/example_dags/tutorial.py for tasks to queue
[2022-10-15T23:22:20.110+0800] {logging_mixin.py:117} INFO - [2022-10-15T23:22:20.110+0800] {dagbag.py:525} INFO - Filling up the DagBag from /opt/anaconda3/lib/python3.7/site-packages/airflow/example_dags/tutorial.py
[2022-10-15T23:22:20.143+0800] {processor.py:768} INFO - DAG(s) dict_keys(['tutorial']) retrieved from /opt/anaconda3/lib/python3.7/site-packages/airflow/example_dags/tutorial.py
[2022-10-15T23:22:20.208+0800] {logging_mixin.py:117} INFO - [2022-10-15T23:22:20.208+0800] {dag.py:2573} INFO - Sync 1 DAGs
[2022-10-15T23:22:20.247+0800] {logging_mixin.py:117} INFO - [2022-10-15T23:22:20.246+0800] {dag.py:3328} INFO - Setting next_dagrun for tutorial to 2022-10-14T15:22:20.246424+00:00, run_after=2022-10-15T15:22:20.246424+00:00
[2022-10-15T23:22:20.284+0800] {processor.py:178} INFO - Processing /opt/anaconda3/lib/python3.7/site-packages/airflow/example_dags/tutorial.py took 0.183 seconds
[2022-10-15T23:27:10.403+0800] {processor.py:156} INFO - Started process (PID=60967) to work on /opt/anaconda3/lib/python3.7/site-packages/airflow/example_dags/tutorial.py
[2022-10-15T23:27:10.405+0800] {processor.py:758} INFO - Processing file /opt/anaconda3/lib/python3.7/site-packages/airflow/example_dags/tutorial.py for tasks to queue
[2022-10-15T23:27:10.407+0800] {logging_mixin.py:117} INFO - [2022-10-15T23:27:10.406+0800] {dagbag.py:525} INFO - Filling up the DagBag from /opt/anaconda3/lib/python3.7/site-packages/airflow/example_dags/tutorial.py
[2022-10-15T23:27:10.433+0800] {processor.py:768} INFO - DAG(s) dict_keys(['tutorial']) retrieved from /opt/anaconda3/lib/python3.7/site-packages/airflow/example_dags/tutorial.py
[2022-10-15T23:27:10.490+0800] {logging_mixin.py:117} INFO - [2022-10-15T23:27:10.489+0800] {dag.py:2573} INFO - Sync 1 DAGs
[2022-10-15T23:27:10.524+0800] {logging_mixin.py:117} INFO - [2022-10-15T23:27:10.524+0800] {dag.py:3328} INFO - Setting next_dagrun for tutorial to 2022-10-14T15:27:10.524096+00:00, run_after=2022-10-15T15:27:10.524096+00:00
[2022-10-15T23:27:10.552+0800] {processor.py:178} INFO - Processing /opt/anaconda3/lib/python3.7/site-packages/airflow/example_dags/tutorial.py took 0.154 seconds
[2022-10-15T23:27:54.937+0800] {processor.py:156} INFO - Started process (PID=61047) to work on /opt/anaconda3/lib/python3.7/site-packages/airflow/example_dags/tutorial.py
[2022-10-15T23:27:54.939+0800] {processor.py:758} INFO - Processing file /opt/anaconda3/lib/python3.7/site-packages/airflow/example_dags/tutorial.py for tasks to queue
[2022-10-15T23:27:54.941+0800] {logging_mixin.py:117} INFO - [2022-10-15T23:27:54.941+0800] {dagbag.py:525} INFO - Filling up the DagBag from /opt/anaconda3/lib/python3.7/site-packages/airflow/example_dags/tutorial.py
[2022-10-15T23:27:54.967+0800] {processor.py:768} INFO - DAG(s) dict_keys(['tutorial']) retrieved from /opt/anaconda3/lib/python3.7/site-packages/airflow/example_dags/tutorial.py
[2022-10-15T23:27:55.023+0800] {logging_mixin.py:117} INFO - [2022-10-15T23:27:55.022+0800] {dag.py:2573} INFO - Sync 1 DAGs
[2022-10-15T23:27:55.055+0800] {logging_mixin.py:117} INFO - [2022-10-15T23:27:55.055+0800] {dag.py:3328} INFO - Setting next_dagrun for tutorial to 2022-10-14T15:27:55.054710+00:00, run_after=2022-10-15T15:27:55.054710+00:00
[2022-10-15T23:27:55.081+0800] {processor.py:178} INFO - Processing /opt/anaconda3/lib/python3.7/site-packages/airflow/example_dags/tutorial.py took 0.150 seconds
[2022-10-15T23:28:43.691+0800] {processor.py:156} INFO - Started process (PID=61143) to work on /opt/anaconda3/lib/python3.7/site-packages/airflow/example_dags/tutorial.py
[2022-10-15T23:28:43.693+0800] {processor.py:758} INFO - Processing file /opt/anaconda3/lib/python3.7/site-packages/airflow/example_dags/tutorial.py for tasks to queue
[2022-10-15T23:28:43.695+0800] {logging_mixin.py:117} INFO - [2022-10-15T23:28:43.694+0800] {dagbag.py:525} INFO - Filling up the DagBag from /opt/anaconda3/lib/python3.7/site-packages/airflow/example_dags/tutorial.py
[2022-10-15T23:28:43.724+0800] {processor.py:768} INFO - DAG(s) dict_keys(['tutorial']) retrieved from /opt/anaconda3/lib/python3.7/site-packages/airflow/example_dags/tutorial.py
[2022-10-15T23:28:43.785+0800] {logging_mixin.py:117} INFO - [2022-10-15T23:28:43.785+0800] {dag.py:2573} INFO - Sync 1 DAGs
[2022-10-15T23:28:43.815+0800] {logging_mixin.py:117} INFO - [2022-10-15T23:28:43.815+0800] {dag.py:3328} INFO - Setting next_dagrun for tutorial to 2022-10-14T15:28:43.814900+00:00, run_after=2022-10-15T15:28:43.814900+00:00
[2022-10-15T23:28:43.843+0800] {processor.py:178} INFO - Processing /opt/anaconda3/lib/python3.7/site-packages/airflow/example_dags/tutorial.py took 0.157 seconds
[2022-10-15T23:29:27.490+0800] {processor.py:156} INFO - Started process (PID=61253) to work on /opt/anaconda3/lib/python3.7/site-packages/airflow/example_dags/tutorial.py
[2022-10-15T23:29:27.492+0800] {processor.py:758} INFO - Processing file /opt/anaconda3/lib/python3.7/site-packages/airflow/example_dags/tutorial.py for tasks to queue
[2022-10-15T23:29:27.494+0800] {logging_mixin.py:117} INFO - [2022-10-15T23:29:27.493+0800] {dagbag.py:525} INFO - Filling up the DagBag from /opt/anaconda3/lib/python3.7/site-packages/airflow/example_dags/tutorial.py
[2022-10-15T23:29:27.532+0800] {processor.py:768} INFO - DAG(s) dict_keys(['tutorial']) retrieved from /opt/anaconda3/lib/python3.7/site-packages/airflow/example_dags/tutorial.py
[2022-10-15T23:29:27.589+0800] {logging_mixin.py:117} INFO - [2022-10-15T23:29:27.589+0800] {dag.py:2573} INFO - Sync 1 DAGs
[2022-10-15T23:29:27.622+0800] {logging_mixin.py:117} INFO - [2022-10-15T23:29:27.622+0800] {dag.py:3328} INFO - Setting next_dagrun for tutorial to 2022-10-14T15:29:27.621814+00:00, run_after=2022-10-15T15:29:27.621814+00:00
[2022-10-15T23:29:27.651+0800] {processor.py:178} INFO - Processing /opt/anaconda3/lib/python3.7/site-packages/airflow/example_dags/tutorial.py took 0.167 seconds
[2022-10-15T23:30:03.896+0800] {processor.py:156} INFO - Started process (PID=61330) to work on /opt/anaconda3/lib/python3.7/site-packages/airflow/example_dags/tutorial.py
[2022-10-15T23:30:03.899+0800] {processor.py:758} INFO - Processing file /opt/anaconda3/lib/python3.7/site-packages/airflow/example_dags/tutorial.py for tasks to queue
[2022-10-15T23:30:03.900+0800] {logging_mixin.py:117} INFO - [2022-10-15T23:30:03.900+0800] {dagbag.py:525} INFO - Filling up the DagBag from /opt/anaconda3/lib/python3.7/site-packages/airflow/example_dags/tutorial.py
[2022-10-15T23:30:03.928+0800] {processor.py:768} INFO - DAG(s) dict_keys(['tutorial']) retrieved from /opt/anaconda3/lib/python3.7/site-packages/airflow/example_dags/tutorial.py
[2022-10-15T23:30:03.985+0800] {logging_mixin.py:117} INFO - [2022-10-15T23:30:03.984+0800] {dag.py:2573} INFO - Sync 1 DAGs
[2022-10-15T23:30:04.017+0800] {logging_mixin.py:117} INFO - [2022-10-15T23:30:04.016+0800] {dag.py:3328} INFO - Setting next_dagrun for tutorial to 2022-10-14T15:30:04.016321+00:00, run_after=2022-10-15T15:30:04.016321+00:00
[2022-10-15T23:30:04.045+0800] {processor.py:178} INFO - Processing /opt/anaconda3/lib/python3.7/site-packages/airflow/example_dags/tutorial.py took 0.154 seconds
[2022-10-15T23:30:42.427+0800] {processor.py:156} INFO - Started process (PID=61484) to work on /opt/anaconda3/lib/python3.7/site-packages/airflow/example_dags/tutorial.py
[2022-10-15T23:30:42.430+0800] {processor.py:758} INFO - Processing file /opt/anaconda3/lib/python3.7/site-packages/airflow/example_dags/tutorial.py for tasks to queue
[2022-10-15T23:30:42.432+0800] {logging_mixin.py:117} INFO - [2022-10-15T23:30:42.432+0800] {dagbag.py:525} INFO - Filling up the DagBag from /opt/anaconda3/lib/python3.7/site-packages/airflow/example_dags/tutorial.py
[2022-10-15T23:30:42.458+0800] {processor.py:768} INFO - DAG(s) dict_keys(['tutorial']) retrieved from /opt/anaconda3/lib/python3.7/site-packages/airflow/example_dags/tutorial.py
[2022-10-15T23:30:42.514+0800] {logging_mixin.py:117} INFO - [2022-10-15T23:30:42.513+0800] {dag.py:2573} INFO - Sync 1 DAGs
[2022-10-15T23:30:42.545+0800] {logging_mixin.py:117} INFO - [2022-10-15T23:30:42.545+0800] {dag.py:3328} INFO - Setting next_dagrun for tutorial to 2022-10-14T15:30:42.544637+00:00, run_after=2022-10-15T15:30:42.544637+00:00
[2022-10-15T23:30:42.577+0800] {processor.py:178} INFO - Processing /opt/anaconda3/lib/python3.7/site-packages/airflow/example_dags/tutorial.py took 0.157 seconds
[2022-10-15T23:33:48.308+0800] {processor.py:156} INFO - Started process (PID=61932) to work on /opt/anaconda3/lib/python3.7/site-packages/airflow/example_dags/tutorial.py
[2022-10-15T23:33:48.311+0800] {processor.py:758} INFO - Processing file /opt/anaconda3/lib/python3.7/site-packages/airflow/example_dags/tutorial.py for tasks to queue
[2022-10-15T23:33:48.313+0800] {logging_mixin.py:117} INFO - [2022-10-15T23:33:48.312+0800] {dagbag.py:525} INFO - Filling up the DagBag from /opt/anaconda3/lib/python3.7/site-packages/airflow/example_dags/tutorial.py
[2022-10-15T23:33:48.342+0800] {processor.py:768} INFO - DAG(s) dict_keys(['tutorial']) retrieved from /opt/anaconda3/lib/python3.7/site-packages/airflow/example_dags/tutorial.py
[2022-10-15T23:33:48.377+0800] {logging_mixin.py:117} INFO - [2022-10-15T23:33:48.377+0800] {dag.py:2573} INFO - Sync 1 DAGs
[2022-10-15T23:33:48.412+0800] {logging_mixin.py:117} INFO - [2022-10-15T23:33:48.412+0800] {dag.py:3328} INFO - Setting next_dagrun for tutorial to 2022-10-14T15:33:48.411778+00:00, run_after=2022-10-15T15:33:48.411778+00:00
[2022-10-15T23:33:48.444+0800] {processor.py:178} INFO - Processing /opt/anaconda3/lib/python3.7/site-packages/airflow/example_dags/tutorial.py took 0.140 seconds
[2022-10-15T23:34:35.690+0800] {processor.py:156} INFO - Started process (PID=62010) to work on /opt/anaconda3/lib/python3.7/site-packages/airflow/example_dags/tutorial.py
[2022-10-15T23:34:35.692+0800] {processor.py:758} INFO - Processing file /opt/anaconda3/lib/python3.7/site-packages/airflow/example_dags/tutorial.py for tasks to queue
[2022-10-15T23:34:35.693+0800] {logging_mixin.py:117} INFO - [2022-10-15T23:34:35.693+0800] {dagbag.py:525} INFO - Filling up the DagBag from /opt/anaconda3/lib/python3.7/site-packages/airflow/example_dags/tutorial.py
[2022-10-15T23:34:35.718+0800] {processor.py:768} INFO - DAG(s) dict_keys(['tutorial']) retrieved from /opt/anaconda3/lib/python3.7/site-packages/airflow/example_dags/tutorial.py
[2022-10-15T23:34:35.775+0800] {logging_mixin.py:117} INFO - [2022-10-15T23:34:35.775+0800] {dag.py:2573} INFO - Sync 1 DAGs
[2022-10-15T23:34:35.806+0800] {logging_mixin.py:117} INFO - [2022-10-15T23:34:35.806+0800] {dag.py:3328} INFO - Setting next_dagrun for tutorial to 2022-10-14T15:34:35.806053+00:00, run_after=2022-10-15T15:34:35.806053+00:00
[2022-10-15T23:34:35.834+0800] {processor.py:178} INFO - Processing /opt/anaconda3/lib/python3.7/site-packages/airflow/example_dags/tutorial.py took 0.149 seconds
[2022-10-15T23:35:13.761+0800] {processor.py:156} INFO - Started process (PID=62133) to work on /opt/anaconda3/lib/python3.7/site-packages/airflow/example_dags/tutorial.py
[2022-10-15T23:35:13.763+0800] {processor.py:758} INFO - Processing file /opt/anaconda3/lib/python3.7/site-packages/airflow/example_dags/tutorial.py for tasks to queue
[2022-10-15T23:35:13.766+0800] {logging_mixin.py:117} INFO - [2022-10-15T23:35:13.765+0800] {dagbag.py:525} INFO - Filling up the DagBag from /opt/anaconda3/lib/python3.7/site-packages/airflow/example_dags/tutorial.py
[2022-10-15T23:35:13.808+0800] {processor.py:768} INFO - DAG(s) dict_keys(['tutorial']) retrieved from /opt/anaconda3/lib/python3.7/site-packages/airflow/example_dags/tutorial.py
[2022-10-15T23:35:13.889+0800] {logging_mixin.py:117} INFO - [2022-10-15T23:35:13.889+0800] {dag.py:2573} INFO - Sync 1 DAGs
[2022-10-15T23:35:13.933+0800] {logging_mixin.py:117} INFO - [2022-10-15T23:35:13.932+0800] {dag.py:3328} INFO - Setting next_dagrun for tutorial to 2022-10-14T15:35:13.932522+00:00, run_after=2022-10-15T15:35:13.932522+00:00
[2022-10-15T23:35:13.966+0800] {processor.py:178} INFO - Processing /opt/anaconda3/lib/python3.7/site-packages/airflow/example_dags/tutorial.py took 0.211 seconds
[2022-10-15T23:35:51.430+0800] {processor.py:156} INFO - Started process (PID=62267) to work on /opt/anaconda3/lib/python3.7/site-packages/airflow/example_dags/tutorial.py
[2022-10-15T23:35:51.432+0800] {processor.py:758} INFO - Processing file /opt/anaconda3/lib/python3.7/site-packages/airflow/example_dags/tutorial.py for tasks to queue
[2022-10-15T23:35:51.434+0800] {logging_mixin.py:117} INFO - [2022-10-15T23:35:51.433+0800] {dagbag.py:525} INFO - Filling up the DagBag from /opt/anaconda3/lib/python3.7/site-packages/airflow/example_dags/tutorial.py
[2022-10-15T23:35:51.460+0800] {processor.py:768} INFO - DAG(s) dict_keys(['tutorial']) retrieved from /opt/anaconda3/lib/python3.7/site-packages/airflow/example_dags/tutorial.py
[2022-10-15T23:35:51.515+0800] {logging_mixin.py:117} INFO - [2022-10-15T23:35:51.515+0800] {dag.py:2573} INFO - Sync 1 DAGs
[2022-10-15T23:35:51.548+0800] {logging_mixin.py:117} INFO - [2022-10-15T23:35:51.547+0800] {dag.py:3328} INFO - Setting next_dagrun for tutorial to 2022-10-14T15:35:51.547548+00:00, run_after=2022-10-15T15:35:51.547548+00:00
[2022-10-15T23:35:51.574+0800] {processor.py:178} INFO - Processing /opt/anaconda3/lib/python3.7/site-packages/airflow/example_dags/tutorial.py took 0.149 seconds
[2022-10-15T23:36:30.086+0800] {processor.py:156} INFO - Started process (PID=62430) to work on /opt/anaconda3/lib/python3.7/site-packages/airflow/example_dags/tutorial.py
[2022-10-15T23:36:30.089+0800] {processor.py:758} INFO - Processing file /opt/anaconda3/lib/python3.7/site-packages/airflow/example_dags/tutorial.py for tasks to queue
[2022-10-15T23:36:30.091+0800] {logging_mixin.py:117} INFO - [2022-10-15T23:36:30.090+0800] {dagbag.py:525} INFO - Filling up the DagBag from /opt/anaconda3/lib/python3.7/site-packages/airflow/example_dags/tutorial.py
[2022-10-15T23:36:30.118+0800] {processor.py:768} INFO - DAG(s) dict_keys(['tutorial']) retrieved from /opt/anaconda3/lib/python3.7/site-packages/airflow/example_dags/tutorial.py
[2022-10-15T23:36:30.178+0800] {logging_mixin.py:117} INFO - [2022-10-15T23:36:30.178+0800] {dag.py:2573} INFO - Sync 1 DAGs
[2022-10-15T23:36:30.213+0800] {logging_mixin.py:117} INFO - [2022-10-15T23:36:30.212+0800] {dag.py:3328} INFO - Setting next_dagrun for tutorial to 2022-10-14T15:36:30.212463+00:00, run_after=2022-10-15T15:36:30.212463+00:00
[2022-10-15T23:36:30.244+0800] {processor.py:178} INFO - Processing /opt/anaconda3/lib/python3.7/site-packages/airflow/example_dags/tutorial.py took 0.164 seconds
[2022-10-15T23:37:04.853+0800] {processor.py:156} INFO - Started process (PID=62513) to work on /opt/anaconda3/lib/python3.7/site-packages/airflow/example_dags/tutorial.py
[2022-10-15T23:37:04.856+0800] {processor.py:758} INFO - Processing file /opt/anaconda3/lib/python3.7/site-packages/airflow/example_dags/tutorial.py for tasks to queue
[2022-10-15T23:37:04.858+0800] {logging_mixin.py:117} INFO - [2022-10-15T23:37:04.857+0800] {dagbag.py:525} INFO - Filling up the DagBag from /opt/anaconda3/lib/python3.7/site-packages/airflow/example_dags/tutorial.py
[2022-10-15T23:37:04.887+0800] {processor.py:768} INFO - DAG(s) dict_keys(['tutorial']) retrieved from /opt/anaconda3/lib/python3.7/site-packages/airflow/example_dags/tutorial.py
[2022-10-15T23:37:04.945+0800] {logging_mixin.py:117} INFO - [2022-10-15T23:37:04.945+0800] {dag.py:2573} INFO - Sync 1 DAGs
[2022-10-15T23:37:04.980+0800] {logging_mixin.py:117} INFO - [2022-10-15T23:37:04.979+0800] {dag.py:3328} INFO - Setting next_dagrun for tutorial to 2022-10-14T15:37:04.979377+00:00, run_after=2022-10-15T15:37:04.979377+00:00
[2022-10-15T23:37:05.012+0800] {processor.py:178} INFO - Processing /opt/anaconda3/lib/python3.7/site-packages/airflow/example_dags/tutorial.py took 0.165 seconds
[2022-10-15T23:47:28.885+0800] {processor.py:156} INFO - Started process (PID=63906) to work on /opt/anaconda3/lib/python3.7/site-packages/airflow/example_dags/tutorial.py
[2022-10-15T23:47:28.887+0800] {processor.py:758} INFO - Processing file /opt/anaconda3/lib/python3.7/site-packages/airflow/example_dags/tutorial.py for tasks to queue
[2022-10-15T23:47:28.888+0800] {logging_mixin.py:117} INFO - [2022-10-15T23:47:28.888+0800] {dagbag.py:525} INFO - Filling up the DagBag from /opt/anaconda3/lib/python3.7/site-packages/airflow/example_dags/tutorial.py
[2022-10-15T23:47:28.915+0800] {processor.py:768} INFO - DAG(s) dict_keys(['tutorial']) retrieved from /opt/anaconda3/lib/python3.7/site-packages/airflow/example_dags/tutorial.py
[2022-10-15T23:47:29.093+0800] {logging_mixin.py:117} INFO - [2022-10-15T23:47:29.093+0800] {manager.py:507} INFO - Created Permission View: can edit on DAG:tutorial
[2022-10-15T23:47:29.105+0800] {logging_mixin.py:117} INFO - [2022-10-15T23:47:29.105+0800] {manager.py:507} INFO - Created Permission View: can delete on DAG:tutorial
[2022-10-15T23:47:29.114+0800] {logging_mixin.py:117} INFO - [2022-10-15T23:47:29.113+0800] {manager.py:507} INFO - Created Permission View: can read on DAG:tutorial
[2022-10-15T23:47:29.114+0800] {logging_mixin.py:117} INFO - [2022-10-15T23:47:29.114+0800] {dag.py:2573} INFO - Sync 1 DAGs
[2022-10-15T23:47:29.134+0800] {logging_mixin.py:117} INFO - [2022-10-15T23:47:29.133+0800] {dag.py:2594} INFO - Creating ORM DAG for tutorial
[2022-10-15T23:47:29.152+0800] {logging_mixin.py:117} INFO - [2022-10-15T23:47:29.152+0800] {dag.py:3328} INFO - Setting next_dagrun for tutorial to 2022-10-14T15:47:29.152134+00:00, run_after=2022-10-15T15:47:29.152134+00:00
[2022-10-15T23:47:29.184+0800] {processor.py:178} INFO - Processing /opt/anaconda3/lib/python3.7/site-packages/airflow/example_dags/tutorial.py took 0.305 seconds
[2022-10-15T23:48:00.018+0800] {processor.py:156} INFO - Started process (PID=64043) to work on /opt/anaconda3/lib/python3.7/site-packages/airflow/example_dags/tutorial.py
[2022-10-15T23:48:00.020+0800] {processor.py:758} INFO - Processing file /opt/anaconda3/lib/python3.7/site-packages/airflow/example_dags/tutorial.py for tasks to queue
[2022-10-15T23:48:00.021+0800] {logging_mixin.py:117} INFO - [2022-10-15T23:48:00.021+0800] {dagbag.py:525} INFO - Filling up the DagBag from /opt/anaconda3/lib/python3.7/site-packages/airflow/example_dags/tutorial.py
[2022-10-15T23:48:00.053+0800] {processor.py:768} INFO - DAG(s) dict_keys(['tutorial']) retrieved from /opt/anaconda3/lib/python3.7/site-packages/airflow/example_dags/tutorial.py
[2022-10-15T23:48:00.128+0800] {logging_mixin.py:117} INFO - [2022-10-15T23:48:00.127+0800] {dag.py:2573} INFO - Sync 1 DAGs
[2022-10-15T23:48:00.168+0800] {logging_mixin.py:117} INFO - [2022-10-15T23:48:00.168+0800] {dag.py:3328} INFO - Setting next_dagrun for tutorial to 2022-10-14T15:48:00.168052+00:00, run_after=2022-10-15T15:48:00.168052+00:00
[2022-10-15T23:48:00.198+0800] {processor.py:178} INFO - Processing /opt/anaconda3/lib/python3.7/site-packages/airflow/example_dags/tutorial.py took 0.189 seconds
[2022-10-15T23:48:30.504+0800] {processor.py:156} INFO - Started process (PID=64141) to work on /opt/anaconda3/lib/python3.7/site-packages/airflow/example_dags/tutorial.py
[2022-10-15T23:48:30.507+0800] {processor.py:758} INFO - Processing file /opt/anaconda3/lib/python3.7/site-packages/airflow/example_dags/tutorial.py for tasks to queue
[2022-10-15T23:48:30.509+0800] {logging_mixin.py:117} INFO - [2022-10-15T23:48:30.509+0800] {dagbag.py:525} INFO - Filling up the DagBag from /opt/anaconda3/lib/python3.7/site-packages/airflow/example_dags/tutorial.py
[2022-10-15T23:48:30.543+0800] {processor.py:768} INFO - DAG(s) dict_keys(['tutorial']) retrieved from /opt/anaconda3/lib/python3.7/site-packages/airflow/example_dags/tutorial.py
[2022-10-15T23:48:30.640+0800] {logging_mixin.py:117} INFO - [2022-10-15T23:48:30.640+0800] {dag.py:2573} INFO - Sync 1 DAGs
[2022-10-15T23:48:30.703+0800] {logging_mixin.py:117} INFO - [2022-10-15T23:48:30.702+0800] {dag.py:3328} INFO - Setting next_dagrun for tutorial to 2022-10-14T15:48:30.702098+00:00, run_after=2022-10-15T15:48:30.702098+00:00
[2022-10-15T23:48:30.732+0800] {processor.py:178} INFO - Processing /opt/anaconda3/lib/python3.7/site-packages/airflow/example_dags/tutorial.py took 0.234 seconds
[2022-10-15T23:49:01.031+0800] {processor.py:156} INFO - Started process (PID=64265) to work on /opt/anaconda3/lib/python3.7/site-packages/airflow/example_dags/tutorial.py
[2022-10-15T23:49:01.033+0800] {processor.py:758} INFO - Processing file /opt/anaconda3/lib/python3.7/site-packages/airflow/example_dags/tutorial.py for tasks to queue
[2022-10-15T23:49:01.036+0800] {logging_mixin.py:117} INFO - [2022-10-15T23:49:01.035+0800] {dagbag.py:525} INFO - Filling up the DagBag from /opt/anaconda3/lib/python3.7/site-packages/airflow/example_dags/tutorial.py
[2022-10-15T23:49:01.064+0800] {processor.py:768} INFO - DAG(s) dict_keys(['tutorial']) retrieved from /opt/anaconda3/lib/python3.7/site-packages/airflow/example_dags/tutorial.py
[2022-10-15T23:49:01.127+0800] {logging_mixin.py:117} INFO - [2022-10-15T23:49:01.126+0800] {dag.py:2573} INFO - Sync 1 DAGs
[2022-10-15T23:49:01.161+0800] {logging_mixin.py:117} INFO - [2022-10-15T23:49:01.160+0800] {dag.py:3328} INFO - Setting next_dagrun for tutorial to 2022-10-14T15:49:01.160367+00:00, run_after=2022-10-15T15:49:01.160367+00:00
[2022-10-15T23:49:01.188+0800] {processor.py:178} INFO - Processing /opt/anaconda3/lib/python3.7/site-packages/airflow/example_dags/tutorial.py took 0.165 seconds
