[2022-10-15T23:12:59.152+0800] {processor.py:156} INFO - Started process (PID=59356) to work on /opt/anaconda3/lib/python3.7/site-packages/airflow/example_dags/tutorial_dag.py
[2022-10-15T23:12:59.154+0800] {processor.py:758} INFO - Processing file /opt/anaconda3/lib/python3.7/site-packages/airflow/example_dags/tutorial_dag.py for tasks to queue
[2022-10-15T23:12:59.161+0800] {logging_mixin.py:117} INFO - [2022-10-15T23:12:59.160+0800] {dagbag.py:525} INFO - Filling up the DagBag from /opt/anaconda3/lib/python3.7/site-packages/airflow/example_dags/tutorial_dag.py
[2022-10-15T23:12:59.192+0800] {processor.py:768} INFO - DAG(s) dict_keys(['tutorial_dag']) retrieved from /opt/anaconda3/lib/python3.7/site-packages/airflow/example_dags/tutorial_dag.py
[2022-10-15T23:12:59.398+0800] {logging_mixin.py:117} INFO - [2022-10-15T23:12:59.397+0800] {manager.py:507} INFO - Created Permission View: can read on DAG:tutorial_dag
[2022-10-15T23:12:59.410+0800] {logging_mixin.py:117} INFO - [2022-10-15T23:12:59.410+0800] {manager.py:507} INFO - Created Permission View: can edit on DAG:tutorial_dag
[2022-10-15T23:12:59.423+0800] {logging_mixin.py:117} INFO - [2022-10-15T23:12:59.422+0800] {manager.py:507} INFO - Created Permission View: can delete on DAG:tutorial_dag
[2022-10-15T23:12:59.423+0800] {logging_mixin.py:117} INFO - [2022-10-15T23:12:59.423+0800] {dag.py:2573} INFO - Sync 1 DAGs
[2022-10-15T23:12:59.453+0800] {logging_mixin.py:117} INFO - [2022-10-15T23:12:59.452+0800] {dag.py:2594} INFO - Creating ORM DAG for tutorial_dag
[2022-10-15T23:12:59.474+0800] {logging_mixin.py:117} INFO - [2022-10-15T23:12:59.474+0800] {dag.py:3328} INFO - Setting next_dagrun for tutorial_dag to None, run_after=None
[2022-10-15T23:12:59.509+0800] {processor.py:178} INFO - Processing /opt/anaconda3/lib/python3.7/site-packages/airflow/example_dags/tutorial_dag.py took 0.362 seconds
[2022-10-15T23:13:56.187+0800] {processor.py:156} INFO - Started process (PID=59477) to work on /opt/anaconda3/lib/python3.7/site-packages/airflow/example_dags/tutorial_dag.py
[2022-10-15T23:13:56.188+0800] {processor.py:758} INFO - Processing file /opt/anaconda3/lib/python3.7/site-packages/airflow/example_dags/tutorial_dag.py for tasks to queue
[2022-10-15T23:13:56.190+0800] {logging_mixin.py:117} INFO - [2022-10-15T23:13:56.189+0800] {dagbag.py:525} INFO - Filling up the DagBag from /opt/anaconda3/lib/python3.7/site-packages/airflow/example_dags/tutorial_dag.py
[2022-10-15T23:13:56.218+0800] {processor.py:768} INFO - DAG(s) dict_keys(['tutorial_dag']) retrieved from /opt/anaconda3/lib/python3.7/site-packages/airflow/example_dags/tutorial_dag.py
[2022-10-15T23:13:56.261+0800] {logging_mixin.py:117} INFO - [2022-10-15T23:13:56.260+0800] {dag.py:2573} INFO - Sync 1 DAGs
[2022-10-15T23:13:56.295+0800] {logging_mixin.py:117} INFO - [2022-10-15T23:13:56.295+0800] {dag.py:3328} INFO - Setting next_dagrun for tutorial_dag to None, run_after=None
[2022-10-15T23:13:56.329+0800] {processor.py:178} INFO - Processing /opt/anaconda3/lib/python3.7/site-packages/airflow/example_dags/tutorial_dag.py took 0.148 seconds
[2022-10-15T23:14:59.509+0800] {processor.py:156} INFO - Started process (PID=59629) to work on /opt/anaconda3/lib/python3.7/site-packages/airflow/example_dags/tutorial_dag.py
[2022-10-15T23:14:59.511+0800] {processor.py:758} INFO - Processing file /opt/anaconda3/lib/python3.7/site-packages/airflow/example_dags/tutorial_dag.py for tasks to queue
[2022-10-15T23:14:59.513+0800] {logging_mixin.py:117} INFO - [2022-10-15T23:14:59.512+0800] {dagbag.py:525} INFO - Filling up the DagBag from /opt/anaconda3/lib/python3.7/site-packages/airflow/example_dags/tutorial_dag.py
[2022-10-15T23:14:59.540+0800] {processor.py:768} INFO - DAG(s) dict_keys(['tutorial_dag']) retrieved from /opt/anaconda3/lib/python3.7/site-packages/airflow/example_dags/tutorial_dag.py
[2022-10-15T23:14:59.593+0800] {logging_mixin.py:117} INFO - [2022-10-15T23:14:59.593+0800] {dag.py:2573} INFO - Sync 1 DAGs
[2022-10-15T23:14:59.637+0800] {logging_mixin.py:117} INFO - [2022-10-15T23:14:59.636+0800] {dag.py:3328} INFO - Setting next_dagrun for tutorial_dag to None, run_after=None
[2022-10-15T23:14:59.683+0800] {processor.py:178} INFO - Processing /opt/anaconda3/lib/python3.7/site-packages/airflow/example_dags/tutorial_dag.py took 0.179 seconds
[2022-10-15T23:20:20.145+0800] {processor.py:156} INFO - Started process (PID=59998) to work on /opt/anaconda3/lib/python3.7/site-packages/airflow/example_dags/tutorial_dag.py
[2022-10-15T23:20:20.147+0800] {processor.py:758} INFO - Processing file /opt/anaconda3/lib/python3.7/site-packages/airflow/example_dags/tutorial_dag.py for tasks to queue
[2022-10-15T23:20:20.148+0800] {logging_mixin.py:117} INFO - [2022-10-15T23:20:20.148+0800] {dagbag.py:525} INFO - Filling up the DagBag from /opt/anaconda3/lib/python3.7/site-packages/airflow/example_dags/tutorial_dag.py
[2022-10-15T23:20:20.174+0800] {processor.py:768} INFO - DAG(s) dict_keys(['tutorial_dag']) retrieved from /opt/anaconda3/lib/python3.7/site-packages/airflow/example_dags/tutorial_dag.py
[2022-10-15T23:20:20.233+0800] {logging_mixin.py:117} INFO - [2022-10-15T23:20:20.232+0800] {dag.py:2573} INFO - Sync 1 DAGs
[2022-10-15T23:20:20.267+0800] {logging_mixin.py:117} INFO - [2022-10-15T23:20:20.267+0800] {dag.py:3328} INFO - Setting next_dagrun for tutorial_dag to None, run_after=None
[2022-10-15T23:20:20.296+0800] {processor.py:178} INFO - Processing /opt/anaconda3/lib/python3.7/site-packages/airflow/example_dags/tutorial_dag.py took 0.157 seconds
[2022-10-15T23:21:02.813+0800] {processor.py:156} INFO - Started process (PID=60083) to work on /opt/anaconda3/lib/python3.7/site-packages/airflow/example_dags/tutorial_dag.py
[2022-10-15T23:21:02.815+0800] {processor.py:758} INFO - Processing file /opt/anaconda3/lib/python3.7/site-packages/airflow/example_dags/tutorial_dag.py for tasks to queue
[2022-10-15T23:21:02.817+0800] {logging_mixin.py:117} INFO - [2022-10-15T23:21:02.817+0800] {dagbag.py:525} INFO - Filling up the DagBag from /opt/anaconda3/lib/python3.7/site-packages/airflow/example_dags/tutorial_dag.py
[2022-10-15T23:21:02.842+0800] {processor.py:768} INFO - DAG(s) dict_keys(['tutorial_dag']) retrieved from /opt/anaconda3/lib/python3.7/site-packages/airflow/example_dags/tutorial_dag.py
[2022-10-15T23:21:02.899+0800] {logging_mixin.py:117} INFO - [2022-10-15T23:21:02.898+0800] {dag.py:2573} INFO - Sync 1 DAGs
[2022-10-15T23:21:02.929+0800] {logging_mixin.py:117} INFO - [2022-10-15T23:21:02.929+0800] {dag.py:3328} INFO - Setting next_dagrun for tutorial_dag to None, run_after=None
[2022-10-15T23:21:02.958+0800] {processor.py:178} INFO - Processing /opt/anaconda3/lib/python3.7/site-packages/airflow/example_dags/tutorial_dag.py took 0.152 seconds
[2022-10-15T23:21:43.028+0800] {processor.py:156} INFO - Started process (PID=60405) to work on /opt/anaconda3/lib/python3.7/site-packages/airflow/example_dags/tutorial_dag.py
[2022-10-15T23:21:43.030+0800] {processor.py:758} INFO - Processing file /opt/anaconda3/lib/python3.7/site-packages/airflow/example_dags/tutorial_dag.py for tasks to queue
[2022-10-15T23:21:43.031+0800] {logging_mixin.py:117} INFO - [2022-10-15T23:21:43.031+0800] {dagbag.py:525} INFO - Filling up the DagBag from /opt/anaconda3/lib/python3.7/site-packages/airflow/example_dags/tutorial_dag.py
[2022-10-15T23:21:43.062+0800] {processor.py:768} INFO - DAG(s) dict_keys(['tutorial_dag']) retrieved from /opt/anaconda3/lib/python3.7/site-packages/airflow/example_dags/tutorial_dag.py
[2022-10-15T23:21:43.132+0800] {logging_mixin.py:117} INFO - [2022-10-15T23:21:43.132+0800] {dag.py:2573} INFO - Sync 1 DAGs
[2022-10-15T23:21:43.167+0800] {logging_mixin.py:117} INFO - [2022-10-15T23:21:43.167+0800] {dag.py:3328} INFO - Setting next_dagrun for tutorial_dag to None, run_after=None
[2022-10-15T23:21:43.200+0800] {processor.py:178} INFO - Processing /opt/anaconda3/lib/python3.7/site-packages/airflow/example_dags/tutorial_dag.py took 0.178 seconds
[2022-10-15T23:22:18.845+0800] {processor.py:156} INFO - Started process (PID=60525) to work on /opt/anaconda3/lib/python3.7/site-packages/airflow/example_dags/tutorial_dag.py
[2022-10-15T23:22:18.848+0800] {processor.py:758} INFO - Processing file /opt/anaconda3/lib/python3.7/site-packages/airflow/example_dags/tutorial_dag.py for tasks to queue
[2022-10-15T23:22:18.849+0800] {logging_mixin.py:117} INFO - [2022-10-15T23:22:18.849+0800] {dagbag.py:525} INFO - Filling up the DagBag from /opt/anaconda3/lib/python3.7/site-packages/airflow/example_dags/tutorial_dag.py
[2022-10-15T23:22:18.878+0800] {processor.py:768} INFO - DAG(s) dict_keys(['tutorial_dag']) retrieved from /opt/anaconda3/lib/python3.7/site-packages/airflow/example_dags/tutorial_dag.py
[2022-10-15T23:22:18.938+0800] {logging_mixin.py:117} INFO - [2022-10-15T23:22:18.938+0800] {dag.py:2573} INFO - Sync 1 DAGs
[2022-10-15T23:22:18.970+0800] {logging_mixin.py:117} INFO - [2022-10-15T23:22:18.970+0800] {dag.py:3328} INFO - Setting next_dagrun for tutorial_dag to None, run_after=None
[2022-10-15T23:22:18.997+0800] {processor.py:178} INFO - Processing /opt/anaconda3/lib/python3.7/site-packages/airflow/example_dags/tutorial_dag.py took 0.157 seconds
[2022-10-15T23:27:09.142+0800] {processor.py:156} INFO - Started process (PID=60966) to work on /opt/anaconda3/lib/python3.7/site-packages/airflow/example_dags/tutorial_dag.py
[2022-10-15T23:27:09.145+0800] {processor.py:758} INFO - Processing file /opt/anaconda3/lib/python3.7/site-packages/airflow/example_dags/tutorial_dag.py for tasks to queue
[2022-10-15T23:27:09.146+0800] {logging_mixin.py:117} INFO - [2022-10-15T23:27:09.146+0800] {dagbag.py:525} INFO - Filling up the DagBag from /opt/anaconda3/lib/python3.7/site-packages/airflow/example_dags/tutorial_dag.py
[2022-10-15T23:27:09.170+0800] {processor.py:768} INFO - DAG(s) dict_keys(['tutorial_dag']) retrieved from /opt/anaconda3/lib/python3.7/site-packages/airflow/example_dags/tutorial_dag.py
[2022-10-15T23:27:09.224+0800] {logging_mixin.py:117} INFO - [2022-10-15T23:27:09.224+0800] {dag.py:2573} INFO - Sync 1 DAGs
[2022-10-15T23:27:09.257+0800] {logging_mixin.py:117} INFO - [2022-10-15T23:27:09.257+0800] {dag.py:3328} INFO - Setting next_dagrun for tutorial_dag to None, run_after=None
[2022-10-15T23:27:09.284+0800] {processor.py:178} INFO - Processing /opt/anaconda3/lib/python3.7/site-packages/airflow/example_dags/tutorial_dag.py took 0.147 seconds
[2022-10-15T23:27:53.674+0800] {processor.py:156} INFO - Started process (PID=61046) to work on /opt/anaconda3/lib/python3.7/site-packages/airflow/example_dags/tutorial_dag.py
[2022-10-15T23:27:53.676+0800] {processor.py:758} INFO - Processing file /opt/anaconda3/lib/python3.7/site-packages/airflow/example_dags/tutorial_dag.py for tasks to queue
[2022-10-15T23:27:53.678+0800] {logging_mixin.py:117} INFO - [2022-10-15T23:27:53.677+0800] {dagbag.py:525} INFO - Filling up the DagBag from /opt/anaconda3/lib/python3.7/site-packages/airflow/example_dags/tutorial_dag.py
[2022-10-15T23:27:53.705+0800] {processor.py:768} INFO - DAG(s) dict_keys(['tutorial_dag']) retrieved from /opt/anaconda3/lib/python3.7/site-packages/airflow/example_dags/tutorial_dag.py
[2022-10-15T23:27:53.760+0800] {logging_mixin.py:117} INFO - [2022-10-15T23:27:53.760+0800] {dag.py:2573} INFO - Sync 1 DAGs
[2022-10-15T23:27:53.790+0800] {logging_mixin.py:117} INFO - [2022-10-15T23:27:53.790+0800] {dag.py:3328} INFO - Setting next_dagrun for tutorial_dag to None, run_after=None
[2022-10-15T23:27:53.817+0800] {processor.py:178} INFO - Processing /opt/anaconda3/lib/python3.7/site-packages/airflow/example_dags/tutorial_dag.py took 0.148 seconds
[2022-10-15T23:28:42.434+0800] {processor.py:156} INFO - Started process (PID=61141) to work on /opt/anaconda3/lib/python3.7/site-packages/airflow/example_dags/tutorial_dag.py
[2022-10-15T23:28:42.438+0800] {processor.py:758} INFO - Processing file /opt/anaconda3/lib/python3.7/site-packages/airflow/example_dags/tutorial_dag.py for tasks to queue
[2022-10-15T23:28:42.440+0800] {logging_mixin.py:117} INFO - [2022-10-15T23:28:42.439+0800] {dagbag.py:525} INFO - Filling up the DagBag from /opt/anaconda3/lib/python3.7/site-packages/airflow/example_dags/tutorial_dag.py
[2022-10-15T23:28:42.468+0800] {processor.py:768} INFO - DAG(s) dict_keys(['tutorial_dag']) retrieved from /opt/anaconda3/lib/python3.7/site-packages/airflow/example_dags/tutorial_dag.py
[2022-10-15T23:28:42.531+0800] {logging_mixin.py:117} INFO - [2022-10-15T23:28:42.531+0800] {dag.py:2573} INFO - Sync 1 DAGs
[2022-10-15T23:28:42.565+0800] {logging_mixin.py:117} INFO - [2022-10-15T23:28:42.564+0800] {dag.py:3328} INFO - Setting next_dagrun for tutorial_dag to None, run_after=None
[2022-10-15T23:28:42.592+0800] {processor.py:178} INFO - Processing /opt/anaconda3/lib/python3.7/site-packages/airflow/example_dags/tutorial_dag.py took 0.166 seconds
[2022-10-15T23:29:26.722+0800] {processor.py:156} INFO - Started process (PID=61252) to work on /opt/anaconda3/lib/python3.7/site-packages/airflow/example_dags/tutorial_dag.py
[2022-10-15T23:29:26.725+0800] {processor.py:758} INFO - Processing file /opt/anaconda3/lib/python3.7/site-packages/airflow/example_dags/tutorial_dag.py for tasks to queue
[2022-10-15T23:29:26.726+0800] {logging_mixin.py:117} INFO - [2022-10-15T23:29:26.726+0800] {dagbag.py:525} INFO - Filling up the DagBag from /opt/anaconda3/lib/python3.7/site-packages/airflow/example_dags/tutorial_dag.py
[2022-10-15T23:29:26.754+0800] {processor.py:768} INFO - DAG(s) dict_keys(['tutorial_dag']) retrieved from /opt/anaconda3/lib/python3.7/site-packages/airflow/example_dags/tutorial_dag.py
[2022-10-15T23:29:26.814+0800] {logging_mixin.py:117} INFO - [2022-10-15T23:29:26.813+0800] {dag.py:2573} INFO - Sync 1 DAGs
[2022-10-15T23:29:26.847+0800] {logging_mixin.py:117} INFO - [2022-10-15T23:29:26.847+0800] {dag.py:3328} INFO - Setting next_dagrun for tutorial_dag to None, run_after=None
[2022-10-15T23:29:26.878+0800] {processor.py:178} INFO - Processing /opt/anaconda3/lib/python3.7/site-packages/airflow/example_dags/tutorial_dag.py took 0.161 seconds
[2022-10-15T23:30:02.855+0800] {processor.py:156} INFO - Started process (PID=61328) to work on /opt/anaconda3/lib/python3.7/site-packages/airflow/example_dags/tutorial_dag.py
[2022-10-15T23:30:02.858+0800] {processor.py:758} INFO - Processing file /opt/anaconda3/lib/python3.7/site-packages/airflow/example_dags/tutorial_dag.py for tasks to queue
[2022-10-15T23:30:02.860+0800] {logging_mixin.py:117} INFO - [2022-10-15T23:30:02.859+0800] {dagbag.py:525} INFO - Filling up the DagBag from /opt/anaconda3/lib/python3.7/site-packages/airflow/example_dags/tutorial_dag.py
[2022-10-15T23:30:02.886+0800] {processor.py:768} INFO - DAG(s) dict_keys(['tutorial_dag']) retrieved from /opt/anaconda3/lib/python3.7/site-packages/airflow/example_dags/tutorial_dag.py
[2022-10-15T23:30:02.943+0800] {logging_mixin.py:117} INFO - [2022-10-15T23:30:02.943+0800] {dag.py:2573} INFO - Sync 1 DAGs
[2022-10-15T23:30:02.974+0800] {logging_mixin.py:117} INFO - [2022-10-15T23:30:02.974+0800] {dag.py:3328} INFO - Setting next_dagrun for tutorial_dag to None, run_after=None
[2022-10-15T23:30:03.001+0800] {processor.py:178} INFO - Processing /opt/anaconda3/lib/python3.7/site-packages/airflow/example_dags/tutorial_dag.py took 0.151 seconds
[2022-10-15T23:30:41.381+0800] {processor.py:156} INFO - Started process (PID=61483) to work on /opt/anaconda3/lib/python3.7/site-packages/airflow/example_dags/tutorial_dag.py
[2022-10-15T23:30:41.384+0800] {processor.py:758} INFO - Processing file /opt/anaconda3/lib/python3.7/site-packages/airflow/example_dags/tutorial_dag.py for tasks to queue
[2022-10-15T23:30:41.385+0800] {logging_mixin.py:117} INFO - [2022-10-15T23:30:41.385+0800] {dagbag.py:525} INFO - Filling up the DagBag from /opt/anaconda3/lib/python3.7/site-packages/airflow/example_dags/tutorial_dag.py
[2022-10-15T23:30:41.412+0800] {processor.py:768} INFO - DAG(s) dict_keys(['tutorial_dag']) retrieved from /opt/anaconda3/lib/python3.7/site-packages/airflow/example_dags/tutorial_dag.py
[2022-10-15T23:30:41.466+0800] {logging_mixin.py:117} INFO - [2022-10-15T23:30:41.466+0800] {dag.py:2573} INFO - Sync 1 DAGs
[2022-10-15T23:30:41.497+0800] {logging_mixin.py:117} INFO - [2022-10-15T23:30:41.496+0800] {dag.py:3328} INFO - Setting next_dagrun for tutorial_dag to None, run_after=None
[2022-10-15T23:30:41.526+0800] {processor.py:178} INFO - Processing /opt/anaconda3/lib/python3.7/site-packages/airflow/example_dags/tutorial_dag.py took 0.150 seconds
[2022-10-15T23:33:47.041+0800] {processor.py:156} INFO - Started process (PID=61928) to work on /opt/anaconda3/lib/python3.7/site-packages/airflow/example_dags/tutorial_dag.py
[2022-10-15T23:33:47.044+0800] {processor.py:758} INFO - Processing file /opt/anaconda3/lib/python3.7/site-packages/airflow/example_dags/tutorial_dag.py for tasks to queue
[2022-10-15T23:33:47.045+0800] {logging_mixin.py:117} INFO - [2022-10-15T23:33:47.045+0800] {dagbag.py:525} INFO - Filling up the DagBag from /opt/anaconda3/lib/python3.7/site-packages/airflow/example_dags/tutorial_dag.py
[2022-10-15T23:33:47.069+0800] {processor.py:768} INFO - DAG(s) dict_keys(['tutorial_dag']) retrieved from /opt/anaconda3/lib/python3.7/site-packages/airflow/example_dags/tutorial_dag.py
[2022-10-15T23:33:47.109+0800] {logging_mixin.py:117} INFO - [2022-10-15T23:33:47.108+0800] {dag.py:2573} INFO - Sync 1 DAGs
[2022-10-15T23:33:47.146+0800] {logging_mixin.py:117} INFO - [2022-10-15T23:33:47.145+0800] {dag.py:3328} INFO - Setting next_dagrun for tutorial_dag to None, run_after=None
[2022-10-15T23:33:47.184+0800] {processor.py:178} INFO - Processing /opt/anaconda3/lib/python3.7/site-packages/airflow/example_dags/tutorial_dag.py took 0.148 seconds
[2022-10-15T23:34:34.819+0800] {processor.py:156} INFO - Started process (PID=62009) to work on /opt/anaconda3/lib/python3.7/site-packages/airflow/example_dags/tutorial_dag.py
[2022-10-15T23:34:34.821+0800] {processor.py:758} INFO - Processing file /opt/anaconda3/lib/python3.7/site-packages/airflow/example_dags/tutorial_dag.py for tasks to queue
[2022-10-15T23:34:34.823+0800] {logging_mixin.py:117} INFO - [2022-10-15T23:34:34.822+0800] {dagbag.py:525} INFO - Filling up the DagBag from /opt/anaconda3/lib/python3.7/site-packages/airflow/example_dags/tutorial_dag.py
[2022-10-15T23:34:34.847+0800] {processor.py:768} INFO - DAG(s) dict_keys(['tutorial_dag']) retrieved from /opt/anaconda3/lib/python3.7/site-packages/airflow/example_dags/tutorial_dag.py
[2022-10-15T23:34:34.902+0800] {logging_mixin.py:117} INFO - [2022-10-15T23:34:34.901+0800] {dag.py:2573} INFO - Sync 1 DAGs
[2022-10-15T23:34:34.934+0800] {logging_mixin.py:117} INFO - [2022-10-15T23:34:34.934+0800] {dag.py:3328} INFO - Setting next_dagrun for tutorial_dag to None, run_after=None
[2022-10-15T23:34:34.961+0800] {processor.py:178} INFO - Processing /opt/anaconda3/lib/python3.7/site-packages/airflow/example_dags/tutorial_dag.py took 0.148 seconds
[2022-10-15T23:35:12.710+0800] {processor.py:156} INFO - Started process (PID=62126) to work on /opt/anaconda3/lib/python3.7/site-packages/airflow/example_dags/tutorial_dag.py
[2022-10-15T23:35:12.712+0800] {processor.py:758} INFO - Processing file /opt/anaconda3/lib/python3.7/site-packages/airflow/example_dags/tutorial_dag.py for tasks to queue
[2022-10-15T23:35:12.714+0800] {logging_mixin.py:117} INFO - [2022-10-15T23:35:12.713+0800] {dagbag.py:525} INFO - Filling up the DagBag from /opt/anaconda3/lib/python3.7/site-packages/airflow/example_dags/tutorial_dag.py
[2022-10-15T23:35:12.740+0800] {processor.py:768} INFO - DAG(s) dict_keys(['tutorial_dag']) retrieved from /opt/anaconda3/lib/python3.7/site-packages/airflow/example_dags/tutorial_dag.py
[2022-10-15T23:35:12.801+0800] {logging_mixin.py:117} INFO - [2022-10-15T23:35:12.801+0800] {dag.py:2573} INFO - Sync 1 DAGs
[2022-10-15T23:35:12.836+0800] {logging_mixin.py:117} INFO - [2022-10-15T23:35:12.836+0800] {dag.py:3328} INFO - Setting next_dagrun for tutorial_dag to None, run_after=None
[2022-10-15T23:35:12.872+0800] {processor.py:178} INFO - Processing /opt/anaconda3/lib/python3.7/site-packages/airflow/example_dags/tutorial_dag.py took 0.167 seconds
[2022-10-15T23:35:51.212+0800] {processor.py:156} INFO - Started process (PID=62265) to work on /opt/anaconda3/lib/python3.7/site-packages/airflow/example_dags/tutorial_dag.py
[2022-10-15T23:35:51.214+0800] {processor.py:758} INFO - Processing file /opt/anaconda3/lib/python3.7/site-packages/airflow/example_dags/tutorial_dag.py for tasks to queue
[2022-10-15T23:35:51.216+0800] {logging_mixin.py:117} INFO - [2022-10-15T23:35:51.215+0800] {dagbag.py:525} INFO - Filling up the DagBag from /opt/anaconda3/lib/python3.7/site-packages/airflow/example_dags/tutorial_dag.py
[2022-10-15T23:35:51.242+0800] {processor.py:768} INFO - DAG(s) dict_keys(['tutorial_dag']) retrieved from /opt/anaconda3/lib/python3.7/site-packages/airflow/example_dags/tutorial_dag.py
[2022-10-15T23:35:51.297+0800] {logging_mixin.py:117} INFO - [2022-10-15T23:35:51.296+0800] {dag.py:2573} INFO - Sync 1 DAGs
[2022-10-15T23:35:51.328+0800] {logging_mixin.py:117} INFO - [2022-10-15T23:35:51.328+0800] {dag.py:3328} INFO - Setting next_dagrun for tutorial_dag to None, run_after=None
[2022-10-15T23:35:51.355+0800] {processor.py:178} INFO - Processing /opt/anaconda3/lib/python3.7/site-packages/airflow/example_dags/tutorial_dag.py took 0.149 seconds
[2022-10-15T23:36:29.046+0800] {processor.py:156} INFO - Started process (PID=62418) to work on /opt/anaconda3/lib/python3.7/site-packages/airflow/example_dags/tutorial_dag.py
[2022-10-15T23:36:29.049+0800] {processor.py:758} INFO - Processing file /opt/anaconda3/lib/python3.7/site-packages/airflow/example_dags/tutorial_dag.py for tasks to queue
[2022-10-15T23:36:29.050+0800] {logging_mixin.py:117} INFO - [2022-10-15T23:36:29.050+0800] {dagbag.py:525} INFO - Filling up the DagBag from /opt/anaconda3/lib/python3.7/site-packages/airflow/example_dags/tutorial_dag.py
[2022-10-15T23:36:29.078+0800] {processor.py:768} INFO - DAG(s) dict_keys(['tutorial_dag']) retrieved from /opt/anaconda3/lib/python3.7/site-packages/airflow/example_dags/tutorial_dag.py
[2022-10-15T23:36:29.140+0800] {logging_mixin.py:117} INFO - [2022-10-15T23:36:29.139+0800] {dag.py:2573} INFO - Sync 1 DAGs
[2022-10-15T23:36:29.175+0800] {logging_mixin.py:117} INFO - [2022-10-15T23:36:29.175+0800] {dag.py:3328} INFO - Setting next_dagrun for tutorial_dag to None, run_after=None
[2022-10-15T23:36:29.206+0800] {processor.py:178} INFO - Processing /opt/anaconda3/lib/python3.7/site-packages/airflow/example_dags/tutorial_dag.py took 0.166 seconds
[2022-10-15T23:37:03.799+0800] {processor.py:156} INFO - Started process (PID=62511) to work on /opt/anaconda3/lib/python3.7/site-packages/airflow/example_dags/tutorial_dag.py
[2022-10-15T23:37:03.802+0800] {processor.py:758} INFO - Processing file /opt/anaconda3/lib/python3.7/site-packages/airflow/example_dags/tutorial_dag.py for tasks to queue
[2022-10-15T23:37:03.803+0800] {logging_mixin.py:117} INFO - [2022-10-15T23:37:03.803+0800] {dagbag.py:525} INFO - Filling up the DagBag from /opt/anaconda3/lib/python3.7/site-packages/airflow/example_dags/tutorial_dag.py
[2022-10-15T23:37:03.832+0800] {processor.py:768} INFO - DAG(s) dict_keys(['tutorial_dag']) retrieved from /opt/anaconda3/lib/python3.7/site-packages/airflow/example_dags/tutorial_dag.py
[2022-10-15T23:37:03.890+0800] {logging_mixin.py:117} INFO - [2022-10-15T23:37:03.889+0800] {dag.py:2573} INFO - Sync 1 DAGs
[2022-10-15T23:37:03.923+0800] {logging_mixin.py:117} INFO - [2022-10-15T23:37:03.922+0800] {dag.py:3328} INFO - Setting next_dagrun for tutorial_dag to None, run_after=None
[2022-10-15T23:37:03.950+0800] {processor.py:178} INFO - Processing /opt/anaconda3/lib/python3.7/site-packages/airflow/example_dags/tutorial_dag.py took 0.157 seconds
[2022-10-15T23:47:28.564+0800] {processor.py:156} INFO - Started process (PID=63905) to work on /opt/anaconda3/lib/python3.7/site-packages/airflow/example_dags/tutorial_dag.py
[2022-10-15T23:47:28.566+0800] {processor.py:758} INFO - Processing file /opt/anaconda3/lib/python3.7/site-packages/airflow/example_dags/tutorial_dag.py for tasks to queue
[2022-10-15T23:47:28.567+0800] {logging_mixin.py:117} INFO - [2022-10-15T23:47:28.567+0800] {dagbag.py:525} INFO - Filling up the DagBag from /opt/anaconda3/lib/python3.7/site-packages/airflow/example_dags/tutorial_dag.py
[2022-10-15T23:47:28.592+0800] {processor.py:768} INFO - DAG(s) dict_keys(['tutorial_dag']) retrieved from /opt/anaconda3/lib/python3.7/site-packages/airflow/example_dags/tutorial_dag.py
[2022-10-15T23:47:28.770+0800] {logging_mixin.py:117} INFO - [2022-10-15T23:47:28.769+0800] {manager.py:507} INFO - Created Permission View: can edit on DAG:tutorial_dag
[2022-10-15T23:47:28.781+0800] {logging_mixin.py:117} INFO - [2022-10-15T23:47:28.780+0800] {manager.py:507} INFO - Created Permission View: can delete on DAG:tutorial_dag
[2022-10-15T23:47:28.791+0800] {logging_mixin.py:117} INFO - [2022-10-15T23:47:28.791+0800] {manager.py:507} INFO - Created Permission View: can read on DAG:tutorial_dag
[2022-10-15T23:47:28.792+0800] {logging_mixin.py:117} INFO - [2022-10-15T23:47:28.791+0800] {dag.py:2573} INFO - Sync 1 DAGs
[2022-10-15T23:47:28.809+0800] {logging_mixin.py:117} INFO - [2022-10-15T23:47:28.809+0800] {dag.py:2594} INFO - Creating ORM DAG for tutorial_dag
[2022-10-15T23:47:28.823+0800] {logging_mixin.py:117} INFO - [2022-10-15T23:47:28.823+0800] {dag.py:3328} INFO - Setting next_dagrun for tutorial_dag to None, run_after=None
[2022-10-15T23:47:28.846+0800] {processor.py:178} INFO - Processing /opt/anaconda3/lib/python3.7/site-packages/airflow/example_dags/tutorial_dag.py took 0.287 seconds
[2022-10-15T23:47:59.770+0800] {processor.py:156} INFO - Started process (PID=64040) to work on /opt/anaconda3/lib/python3.7/site-packages/airflow/example_dags/tutorial_dag.py
[2022-10-15T23:47:59.772+0800] {processor.py:758} INFO - Processing file /opt/anaconda3/lib/python3.7/site-packages/airflow/example_dags/tutorial_dag.py for tasks to queue
[2022-10-15T23:47:59.774+0800] {logging_mixin.py:117} INFO - [2022-10-15T23:47:59.774+0800] {dagbag.py:525} INFO - Filling up the DagBag from /opt/anaconda3/lib/python3.7/site-packages/airflow/example_dags/tutorial_dag.py
[2022-10-15T23:47:59.826+0800] {processor.py:768} INFO - DAG(s) dict_keys(['tutorial_dag']) retrieved from /opt/anaconda3/lib/python3.7/site-packages/airflow/example_dags/tutorial_dag.py
[2022-10-15T23:47:59.899+0800] {logging_mixin.py:117} INFO - [2022-10-15T23:47:59.899+0800] {dag.py:2573} INFO - Sync 1 DAGs
[2022-10-15T23:47:59.939+0800] {logging_mixin.py:117} INFO - [2022-10-15T23:47:59.938+0800] {dag.py:3328} INFO - Setting next_dagrun for tutorial_dag to None, run_after=None
[2022-10-15T23:47:59.969+0800] {processor.py:178} INFO - Processing /opt/anaconda3/lib/python3.7/site-packages/airflow/example_dags/tutorial_dag.py took 0.206 seconds
[2022-10-15T23:48:30.262+0800] {processor.py:156} INFO - Started process (PID=64140) to work on /opt/anaconda3/lib/python3.7/site-packages/airflow/example_dags/tutorial_dag.py
[2022-10-15T23:48:30.264+0800] {processor.py:758} INFO - Processing file /opt/anaconda3/lib/python3.7/site-packages/airflow/example_dags/tutorial_dag.py for tasks to queue
[2022-10-15T23:48:30.265+0800] {logging_mixin.py:117} INFO - [2022-10-15T23:48:30.265+0800] {dagbag.py:525} INFO - Filling up the DagBag from /opt/anaconda3/lib/python3.7/site-packages/airflow/example_dags/tutorial_dag.py
[2022-10-15T23:48:30.292+0800] {processor.py:768} INFO - DAG(s) dict_keys(['tutorial_dag']) retrieved from /opt/anaconda3/lib/python3.7/site-packages/airflow/example_dags/tutorial_dag.py
[2022-10-15T23:48:30.393+0800] {logging_mixin.py:117} INFO - [2022-10-15T23:48:30.393+0800] {dag.py:2573} INFO - Sync 1 DAGs
[2022-10-15T23:48:30.429+0800] {logging_mixin.py:117} INFO - [2022-10-15T23:48:30.429+0800] {dag.py:3328} INFO - Setting next_dagrun for tutorial_dag to None, run_after=None
[2022-10-15T23:48:30.455+0800] {processor.py:178} INFO - Processing /opt/anaconda3/lib/python3.7/site-packages/airflow/example_dags/tutorial_dag.py took 0.199 seconds
[2022-10-15T23:49:00.806+0800] {processor.py:156} INFO - Started process (PID=64263) to work on /opt/anaconda3/lib/python3.7/site-packages/airflow/example_dags/tutorial_dag.py
[2022-10-15T23:49:00.808+0800] {processor.py:758} INFO - Processing file /opt/anaconda3/lib/python3.7/site-packages/airflow/example_dags/tutorial_dag.py for tasks to queue
[2022-10-15T23:49:00.809+0800] {logging_mixin.py:117} INFO - [2022-10-15T23:49:00.809+0800] {dagbag.py:525} INFO - Filling up the DagBag from /opt/anaconda3/lib/python3.7/site-packages/airflow/example_dags/tutorial_dag.py
[2022-10-15T23:49:00.835+0800] {processor.py:768} INFO - DAG(s) dict_keys(['tutorial_dag']) retrieved from /opt/anaconda3/lib/python3.7/site-packages/airflow/example_dags/tutorial_dag.py
[2022-10-15T23:49:00.905+0800] {logging_mixin.py:117} INFO - [2022-10-15T23:49:00.905+0800] {dag.py:2573} INFO - Sync 1 DAGs
[2022-10-15T23:49:00.951+0800] {logging_mixin.py:117} INFO - [2022-10-15T23:49:00.951+0800] {dag.py:3328} INFO - Setting next_dagrun for tutorial_dag to None, run_after=None
[2022-10-15T23:49:00.989+0800] {processor.py:178} INFO - Processing /opt/anaconda3/lib/python3.7/site-packages/airflow/example_dags/tutorial_dag.py took 0.191 seconds
[2022-10-15T23:50:26.864+0800] {processor.py:156} INFO - Started process (PID=64569) to work on /opt/anaconda3/lib/python3.7/site-packages/airflow/example_dags/tutorial_dag.py
[2022-10-15T23:50:26.866+0800] {processor.py:758} INFO - Processing file /opt/anaconda3/lib/python3.7/site-packages/airflow/example_dags/tutorial_dag.py for tasks to queue
[2022-10-15T23:50:26.867+0800] {logging_mixin.py:117} INFO - [2022-10-15T23:50:26.867+0800] {dagbag.py:525} INFO - Filling up the DagBag from /opt/anaconda3/lib/python3.7/site-packages/airflow/example_dags/tutorial_dag.py
[2022-10-15T23:50:26.892+0800] {processor.py:768} INFO - DAG(s) dict_keys(['tutorial_dag']) retrieved from /opt/anaconda3/lib/python3.7/site-packages/airflow/example_dags/tutorial_dag.py
[2022-10-15T23:50:26.953+0800] {logging_mixin.py:117} INFO - [2022-10-15T23:50:26.952+0800] {dag.py:2573} INFO - Sync 1 DAGs
[2022-10-15T23:50:27.026+0800] {logging_mixin.py:117} INFO - [2022-10-15T23:50:27.025+0800] {dag.py:3328} INFO - Setting next_dagrun for tutorial_dag to None, run_after=None
[2022-10-15T23:50:27.072+0800] {processor.py:178} INFO - Processing /opt/anaconda3/lib/python3.7/site-packages/airflow/example_dags/tutorial_dag.py took 0.213 seconds
[2022-10-15T23:50:57.151+0800] {processor.py:156} INFO - Started process (PID=64691) to work on /opt/anaconda3/lib/python3.7/site-packages/airflow/example_dags/tutorial_dag.py
[2022-10-15T23:50:57.153+0800] {processor.py:758} INFO - Processing file /opt/anaconda3/lib/python3.7/site-packages/airflow/example_dags/tutorial_dag.py for tasks to queue
[2022-10-15T23:50:57.154+0800] {logging_mixin.py:117} INFO - [2022-10-15T23:50:57.154+0800] {dagbag.py:525} INFO - Filling up the DagBag from /opt/anaconda3/lib/python3.7/site-packages/airflow/example_dags/tutorial_dag.py
[2022-10-15T23:50:57.180+0800] {processor.py:768} INFO - DAG(s) dict_keys(['tutorial_dag']) retrieved from /opt/anaconda3/lib/python3.7/site-packages/airflow/example_dags/tutorial_dag.py
[2022-10-15T23:50:57.243+0800] {logging_mixin.py:117} INFO - [2022-10-15T23:50:57.242+0800] {dag.py:2573} INFO - Sync 1 DAGs
[2022-10-15T23:50:57.275+0800] {logging_mixin.py:117} INFO - [2022-10-15T23:50:57.275+0800] {dag.py:3328} INFO - Setting next_dagrun for tutorial_dag to None, run_after=None
[2022-10-15T23:50:57.302+0800] {processor.py:178} INFO - Processing /opt/anaconda3/lib/python3.7/site-packages/airflow/example_dags/tutorial_dag.py took 0.157 seconds
[2022-10-15T23:51:27.595+0800] {processor.py:156} INFO - Started process (PID=64840) to work on /opt/anaconda3/lib/python3.7/site-packages/airflow/example_dags/tutorial_dag.py
[2022-10-15T23:51:27.597+0800] {processor.py:758} INFO - Processing file /opt/anaconda3/lib/python3.7/site-packages/airflow/example_dags/tutorial_dag.py for tasks to queue
[2022-10-15T23:51:27.598+0800] {logging_mixin.py:117} INFO - [2022-10-15T23:51:27.598+0800] {dagbag.py:525} INFO - Filling up the DagBag from /opt/anaconda3/lib/python3.7/site-packages/airflow/example_dags/tutorial_dag.py
[2022-10-15T23:51:27.623+0800] {processor.py:768} INFO - DAG(s) dict_keys(['tutorial_dag']) retrieved from /opt/anaconda3/lib/python3.7/site-packages/airflow/example_dags/tutorial_dag.py
[2022-10-15T23:51:27.684+0800] {logging_mixin.py:117} INFO - [2022-10-15T23:51:27.683+0800] {dag.py:2573} INFO - Sync 1 DAGs
[2022-10-15T23:51:27.718+0800] {logging_mixin.py:117} INFO - [2022-10-15T23:51:27.717+0800] {dag.py:3328} INFO - Setting next_dagrun for tutorial_dag to None, run_after=None
[2022-10-15T23:51:27.745+0800] {processor.py:178} INFO - Processing /opt/anaconda3/lib/python3.7/site-packages/airflow/example_dags/tutorial_dag.py took 0.160 seconds
[2022-10-15T23:51:37.891+0800] {processor.py:156} INFO - Started process (PID=64895) to work on /opt/anaconda3/lib/python3.7/site-packages/airflow/example_dags/tutorial_dag.py
[2022-10-15T23:51:37.892+0800] {processor.py:758} INFO - Processing file /opt/anaconda3/lib/python3.7/site-packages/airflow/example_dags/tutorial_dag.py for tasks to queue
[2022-10-15T23:51:37.893+0800] {logging_mixin.py:117} INFO - [2022-10-15T23:51:37.893+0800] {dagbag.py:525} INFO - Filling up the DagBag from /opt/anaconda3/lib/python3.7/site-packages/airflow/example_dags/tutorial_dag.py
[2022-10-15T23:51:37.915+0800] {processor.py:768} INFO - DAG(s) dict_keys(['tutorial_dag']) retrieved from /opt/anaconda3/lib/python3.7/site-packages/airflow/example_dags/tutorial_dag.py
[2022-10-15T23:51:37.950+0800] {logging_mixin.py:117} INFO - [2022-10-15T23:51:37.949+0800] {dag.py:2573} INFO - Sync 1 DAGs
[2022-10-15T23:51:37.982+0800] {logging_mixin.py:117} INFO - [2022-10-15T23:51:37.981+0800] {dag.py:3328} INFO - Setting next_dagrun for tutorial_dag to None, run_after=None
[2022-10-15T23:51:38.005+0800] {processor.py:178} INFO - Processing /opt/anaconda3/lib/python3.7/site-packages/airflow/example_dags/tutorial_dag.py took 0.121 seconds
[2022-10-15T23:52:08.388+0800] {processor.py:156} INFO - Started process (PID=65105) to work on /opt/anaconda3/lib/python3.7/site-packages/airflow/example_dags/tutorial_dag.py
[2022-10-15T23:52:08.391+0800] {processor.py:758} INFO - Processing file /opt/anaconda3/lib/python3.7/site-packages/airflow/example_dags/tutorial_dag.py for tasks to queue
[2022-10-15T23:52:08.393+0800] {logging_mixin.py:117} INFO - [2022-10-15T23:52:08.392+0800] {dagbag.py:525} INFO - Filling up the DagBag from /opt/anaconda3/lib/python3.7/site-packages/airflow/example_dags/tutorial_dag.py
[2022-10-15T23:52:08.426+0800] {processor.py:768} INFO - DAG(s) dict_keys(['tutorial_dag']) retrieved from /opt/anaconda3/lib/python3.7/site-packages/airflow/example_dags/tutorial_dag.py
[2022-10-15T23:52:08.458+0800] {logging_mixin.py:117} INFO - [2022-10-15T23:52:08.458+0800] {dag.py:2573} INFO - Sync 1 DAGs
[2022-10-15T23:52:08.495+0800] {logging_mixin.py:117} INFO - [2022-10-15T23:52:08.494+0800] {dag.py:3328} INFO - Setting next_dagrun for tutorial_dag to None, run_after=None
[2022-10-15T23:52:08.530+0800] {processor.py:178} INFO - Processing /opt/anaconda3/lib/python3.7/site-packages/airflow/example_dags/tutorial_dag.py took 0.147 seconds
[2022-10-15T23:54:17.045+0800] {processor.py:156} INFO - Started process (PID=65718) to work on /opt/anaconda3/lib/python3.7/site-packages/airflow/example_dags/tutorial_dag.py
[2022-10-15T23:54:17.047+0800] {processor.py:758} INFO - Processing file /opt/anaconda3/lib/python3.7/site-packages/airflow/example_dags/tutorial_dag.py for tasks to queue
[2022-10-15T23:54:17.048+0800] {logging_mixin.py:117} INFO - [2022-10-15T23:54:17.048+0800] {dagbag.py:525} INFO - Filling up the DagBag from /opt/anaconda3/lib/python3.7/site-packages/airflow/example_dags/tutorial_dag.py
[2022-10-15T23:54:17.076+0800] {processor.py:768} INFO - DAG(s) dict_keys(['tutorial_dag']) retrieved from /opt/anaconda3/lib/python3.7/site-packages/airflow/example_dags/tutorial_dag.py
[2022-10-15T23:54:17.123+0800] {logging_mixin.py:117} INFO - [2022-10-15T23:54:17.122+0800] {dag.py:2573} INFO - Sync 1 DAGs
[2022-10-15T23:54:17.173+0800] {logging_mixin.py:117} INFO - [2022-10-15T23:54:17.173+0800] {dag.py:3328} INFO - Setting next_dagrun for tutorial_dag to None, run_after=None
[2022-10-15T23:54:17.209+0800] {processor.py:178} INFO - Processing /opt/anaconda3/lib/python3.7/site-packages/airflow/example_dags/tutorial_dag.py took 0.171 seconds
[2022-10-15T23:54:47.996+0800] {processor.py:156} INFO - Started process (PID=65823) to work on /opt/anaconda3/lib/python3.7/site-packages/airflow/example_dags/tutorial_dag.py
[2022-10-15T23:54:47.998+0800] {processor.py:758} INFO - Processing file /opt/anaconda3/lib/python3.7/site-packages/airflow/example_dags/tutorial_dag.py for tasks to queue
[2022-10-15T23:54:47.999+0800] {logging_mixin.py:117} INFO - [2022-10-15T23:54:47.999+0800] {dagbag.py:525} INFO - Filling up the DagBag from /opt/anaconda3/lib/python3.7/site-packages/airflow/example_dags/tutorial_dag.py
[2022-10-15T23:54:48.026+0800] {processor.py:768} INFO - DAG(s) dict_keys(['tutorial_dag']) retrieved from /opt/anaconda3/lib/python3.7/site-packages/airflow/example_dags/tutorial_dag.py
[2022-10-15T23:54:48.091+0800] {logging_mixin.py:117} INFO - [2022-10-15T23:54:48.091+0800] {dag.py:2573} INFO - Sync 1 DAGs
[2022-10-15T23:54:48.127+0800] {logging_mixin.py:117} INFO - [2022-10-15T23:54:48.127+0800] {dag.py:3328} INFO - Setting next_dagrun for tutorial_dag to None, run_after=None
[2022-10-15T23:54:48.155+0800] {processor.py:178} INFO - Processing /opt/anaconda3/lib/python3.7/site-packages/airflow/example_dags/tutorial_dag.py took 0.165 seconds
[2022-10-15T23:55:12.528+0800] {processor.py:156} INFO - Started process (PID=65905) to work on /opt/anaconda3/lib/python3.7/site-packages/airflow/example_dags/tutorial_dag.py
[2022-10-15T23:55:12.529+0800] {processor.py:758} INFO - Processing file /opt/anaconda3/lib/python3.7/site-packages/airflow/example_dags/tutorial_dag.py for tasks to queue
[2022-10-15T23:55:12.530+0800] {logging_mixin.py:117} INFO - [2022-10-15T23:55:12.530+0800] {dagbag.py:525} INFO - Filling up the DagBag from /opt/anaconda3/lib/python3.7/site-packages/airflow/example_dags/tutorial_dag.py
[2022-10-15T23:55:12.545+0800] {processor.py:768} INFO - DAG(s) dict_keys(['tutorial_dag']) retrieved from /opt/anaconda3/lib/python3.7/site-packages/airflow/example_dags/tutorial_dag.py
[2022-10-15T23:55:12.784+0800] {logging_mixin.py:117} INFO - [2022-10-15T23:55:12.783+0800] {dag.py:2573} INFO - Sync 1 DAGs
[2022-10-15T23:55:12.811+0800] {logging_mixin.py:117} INFO - [2022-10-15T23:55:12.811+0800] {dag.py:3328} INFO - Setting next_dagrun for tutorial_dag to None, run_after=None
[2022-10-15T23:55:12.835+0800] {processor.py:178} INFO - Processing /opt/anaconda3/lib/python3.7/site-packages/airflow/example_dags/tutorial_dag.py took 0.313 seconds
[2022-10-15T23:55:43.868+0800] {processor.py:156} INFO - Started process (PID=66004) to work on /opt/anaconda3/lib/python3.7/site-packages/airflow/example_dags/tutorial_dag.py
[2022-10-15T23:55:43.869+0800] {processor.py:758} INFO - Processing file /opt/anaconda3/lib/python3.7/site-packages/airflow/example_dags/tutorial_dag.py for tasks to queue
[2022-10-15T23:55:43.870+0800] {logging_mixin.py:117} INFO - [2022-10-15T23:55:43.870+0800] {dagbag.py:525} INFO - Filling up the DagBag from /opt/anaconda3/lib/python3.7/site-packages/airflow/example_dags/tutorial_dag.py
[2022-10-15T23:55:43.879+0800] {processor.py:768} INFO - DAG(s) dict_keys(['tutorial_dag']) retrieved from /opt/anaconda3/lib/python3.7/site-packages/airflow/example_dags/tutorial_dag.py
[2022-10-15T23:55:43.911+0800] {logging_mixin.py:117} INFO - [2022-10-15T23:55:43.910+0800] {dag.py:2573} INFO - Sync 1 DAGs
[2022-10-15T23:55:43.941+0800] {logging_mixin.py:117} INFO - [2022-10-15T23:55:43.941+0800] {dag.py:3328} INFO - Setting next_dagrun for tutorial_dag to None, run_after=None
[2022-10-15T23:55:43.964+0800] {processor.py:178} INFO - Processing /opt/anaconda3/lib/python3.7/site-packages/airflow/example_dags/tutorial_dag.py took 0.455 seconds
[2022-10-15T23:56:14.399+0800] {processor.py:156} INFO - Started process (PID=66168) to work on /opt/anaconda3/lib/python3.7/site-packages/airflow/example_dags/tutorial_dag.py
[2022-10-15T23:56:14.401+0800] {processor.py:758} INFO - Processing file /opt/anaconda3/lib/python3.7/site-packages/airflow/example_dags/tutorial_dag.py for tasks to queue
[2022-10-15T23:56:14.403+0800] {logging_mixin.py:117} INFO - [2022-10-15T23:56:14.403+0800] {dagbag.py:525} INFO - Filling up the DagBag from /opt/anaconda3/lib/python3.7/site-packages/airflow/example_dags/tutorial_dag.py
[2022-10-15T23:56:14.423+0800] {processor.py:768} INFO - DAG(s) dict_keys(['tutorial_dag']) retrieved from /opt/anaconda3/lib/python3.7/site-packages/airflow/example_dags/tutorial_dag.py
[2022-10-15T23:56:14.478+0800] {logging_mixin.py:117} INFO - [2022-10-15T23:56:14.477+0800] {dag.py:2573} INFO - Sync 1 DAGs
[2022-10-15T23:56:14.513+0800] {logging_mixin.py:117} INFO - [2022-10-15T23:56:14.512+0800] {dag.py:3328} INFO - Setting next_dagrun for tutorial_dag to None, run_after=None
[2022-10-15T23:56:14.540+0800] {processor.py:178} INFO - Processing /opt/anaconda3/lib/python3.7/site-packages/airflow/example_dags/tutorial_dag.py took 0.148 seconds
[2022-10-15T23:56:44.761+0800] {processor.py:156} INFO - Started process (PID=66341) to work on /opt/anaconda3/lib/python3.7/site-packages/airflow/example_dags/tutorial_dag.py
[2022-10-15T23:56:44.762+0800] {processor.py:758} INFO - Processing file /opt/anaconda3/lib/python3.7/site-packages/airflow/example_dags/tutorial_dag.py for tasks to queue
[2022-10-15T23:56:44.763+0800] {logging_mixin.py:117} INFO - [2022-10-15T23:56:44.763+0800] {dagbag.py:525} INFO - Filling up the DagBag from /opt/anaconda3/lib/python3.7/site-packages/airflow/example_dags/tutorial_dag.py
[2022-10-15T23:56:44.778+0800] {processor.py:768} INFO - DAG(s) dict_keys(['tutorial_dag']) retrieved from /opt/anaconda3/lib/python3.7/site-packages/airflow/example_dags/tutorial_dag.py
[2022-10-15T23:56:44.818+0800] {logging_mixin.py:117} INFO - [2022-10-15T23:56:44.818+0800] {dag.py:2573} INFO - Sync 1 DAGs
[2022-10-15T23:56:44.848+0800] {logging_mixin.py:117} INFO - [2022-10-15T23:56:44.848+0800] {dag.py:3328} INFO - Setting next_dagrun for tutorial_dag to None, run_after=None
[2022-10-15T23:56:44.872+0800] {processor.py:178} INFO - Processing /opt/anaconda3/lib/python3.7/site-packages/airflow/example_dags/tutorial_dag.py took 0.117 seconds
[2022-10-15T23:57:14.979+0800] {processor.py:156} INFO - Started process (PID=66463) to work on /opt/anaconda3/lib/python3.7/site-packages/airflow/example_dags/tutorial_dag.py
[2022-10-15T23:57:14.981+0800] {processor.py:758} INFO - Processing file /opt/anaconda3/lib/python3.7/site-packages/airflow/example_dags/tutorial_dag.py for tasks to queue
[2022-10-15T23:57:14.982+0800] {logging_mixin.py:117} INFO - [2022-10-15T23:57:14.982+0800] {dagbag.py:525} INFO - Filling up the DagBag from /opt/anaconda3/lib/python3.7/site-packages/airflow/example_dags/tutorial_dag.py
[2022-10-15T23:57:14.998+0800] {processor.py:768} INFO - DAG(s) dict_keys(['tutorial_dag']) retrieved from /opt/anaconda3/lib/python3.7/site-packages/airflow/example_dags/tutorial_dag.py
[2022-10-15T23:57:15.041+0800] {logging_mixin.py:117} INFO - [2022-10-15T23:57:15.041+0800] {dag.py:2573} INFO - Sync 1 DAGs
[2022-10-15T23:57:15.072+0800] {logging_mixin.py:117} INFO - [2022-10-15T23:57:15.072+0800] {dag.py:3328} INFO - Setting next_dagrun for tutorial_dag to None, run_after=None
[2022-10-15T23:57:15.097+0800] {processor.py:178} INFO - Processing /opt/anaconda3/lib/python3.7/site-packages/airflow/example_dags/tutorial_dag.py took 0.124 seconds
[2022-10-15T23:57:45.260+0800] {processor.py:156} INFO - Started process (PID=66612) to work on /opt/anaconda3/lib/python3.7/site-packages/airflow/example_dags/tutorial_dag.py
[2022-10-15T23:57:45.262+0800] {processor.py:758} INFO - Processing file /opt/anaconda3/lib/python3.7/site-packages/airflow/example_dags/tutorial_dag.py for tasks to queue
[2022-10-15T23:57:45.264+0800] {logging_mixin.py:117} INFO - [2022-10-15T23:57:45.263+0800] {dagbag.py:525} INFO - Filling up the DagBag from /opt/anaconda3/lib/python3.7/site-packages/airflow/example_dags/tutorial_dag.py
[2022-10-15T23:57:45.280+0800] {processor.py:768} INFO - DAG(s) dict_keys(['tutorial_dag']) retrieved from /opt/anaconda3/lib/python3.7/site-packages/airflow/example_dags/tutorial_dag.py
[2022-10-15T23:57:45.334+0800] {logging_mixin.py:117} INFO - [2022-10-15T23:57:45.334+0800] {dag.py:2573} INFO - Sync 1 DAGs
[2022-10-15T23:57:45.367+0800] {logging_mixin.py:117} INFO - [2022-10-15T23:57:45.366+0800] {dag.py:3328} INFO - Setting next_dagrun for tutorial_dag to None, run_after=None
[2022-10-15T23:57:45.396+0800] {processor.py:178} INFO - Processing /opt/anaconda3/lib/python3.7/site-packages/airflow/example_dags/tutorial_dag.py took 0.142 seconds
[2022-10-15T23:58:22.970+0800] {processor.py:156} INFO - Started process (PID=66791) to work on /opt/anaconda3/lib/python3.7/site-packages/airflow/example_dags/tutorial_dag.py
[2022-10-15T23:58:22.972+0800] {processor.py:758} INFO - Processing file /opt/anaconda3/lib/python3.7/site-packages/airflow/example_dags/tutorial_dag.py for tasks to queue
[2022-10-15T23:58:22.973+0800] {logging_mixin.py:117} INFO - [2022-10-15T23:58:22.973+0800] {dagbag.py:525} INFO - Filling up the DagBag from /opt/anaconda3/lib/python3.7/site-packages/airflow/example_dags/tutorial_dag.py
[2022-10-15T23:58:23.006+0800] {processor.py:768} INFO - DAG(s) dict_keys(['tutorial_dag']) retrieved from /opt/anaconda3/lib/python3.7/site-packages/airflow/example_dags/tutorial_dag.py
[2022-10-15T23:58:23.050+0800] {logging_mixin.py:117} INFO - [2022-10-15T23:58:23.050+0800] {dag.py:2573} INFO - Sync 1 DAGs
[2022-10-15T23:58:23.088+0800] {logging_mixin.py:117} INFO - [2022-10-15T23:58:23.087+0800] {dag.py:3328} INFO - Setting next_dagrun for tutorial_dag to None, run_after=None
[2022-10-15T23:58:23.113+0800] {processor.py:178} INFO - Processing /opt/anaconda3/lib/python3.7/site-packages/airflow/example_dags/tutorial_dag.py took 0.152 seconds
[2022-10-15T23:58:53.768+0800] {processor.py:156} INFO - Started process (PID=66907) to work on /opt/anaconda3/lib/python3.7/site-packages/airflow/example_dags/tutorial_dag.py
[2022-10-15T23:58:53.770+0800] {processor.py:758} INFO - Processing file /opt/anaconda3/lib/python3.7/site-packages/airflow/example_dags/tutorial_dag.py for tasks to queue
[2022-10-15T23:58:53.772+0800] {logging_mixin.py:117} INFO - [2022-10-15T23:58:53.771+0800] {dagbag.py:525} INFO - Filling up the DagBag from /opt/anaconda3/lib/python3.7/site-packages/airflow/example_dags/tutorial_dag.py
[2022-10-15T23:58:53.802+0800] {processor.py:768} INFO - DAG(s) dict_keys(['tutorial_dag']) retrieved from /opt/anaconda3/lib/python3.7/site-packages/airflow/example_dags/tutorial_dag.py
[2022-10-15T23:58:53.887+0800] {logging_mixin.py:117} INFO - [2022-10-15T23:58:53.887+0800] {dag.py:2573} INFO - Sync 1 DAGs
[2022-10-15T23:58:53.944+0800] {logging_mixin.py:117} INFO - [2022-10-15T23:58:53.944+0800] {dag.py:3328} INFO - Setting next_dagrun for tutorial_dag to None, run_after=None
[2022-10-15T23:58:53.972+0800] {processor.py:178} INFO - Processing /opt/anaconda3/lib/python3.7/site-packages/airflow/example_dags/tutorial_dag.py took 0.210 seconds
[2022-10-15T23:59:24.225+0800] {processor.py:156} INFO - Started process (PID=67021) to work on /opt/anaconda3/lib/python3.7/site-packages/airflow/example_dags/tutorial_dag.py
[2022-10-15T23:59:24.230+0800] {processor.py:758} INFO - Processing file /opt/anaconda3/lib/python3.7/site-packages/airflow/example_dags/tutorial_dag.py for tasks to queue
[2022-10-15T23:59:24.236+0800] {logging_mixin.py:117} INFO - [2022-10-15T23:59:24.235+0800] {dagbag.py:525} INFO - Filling up the DagBag from /opt/anaconda3/lib/python3.7/site-packages/airflow/example_dags/tutorial_dag.py
[2022-10-15T23:59:24.274+0800] {processor.py:768} INFO - DAG(s) dict_keys(['tutorial_dag']) retrieved from /opt/anaconda3/lib/python3.7/site-packages/airflow/example_dags/tutorial_dag.py
[2022-10-15T23:59:24.378+0800] {logging_mixin.py:117} INFO - [2022-10-15T23:59:24.377+0800] {dag.py:2573} INFO - Sync 1 DAGs
[2022-10-15T23:59:24.414+0800] {logging_mixin.py:117} INFO - [2022-10-15T23:59:24.414+0800] {dag.py:3328} INFO - Setting next_dagrun for tutorial_dag to None, run_after=None
[2022-10-15T23:59:24.445+0800] {processor.py:178} INFO - Processing /opt/anaconda3/lib/python3.7/site-packages/airflow/example_dags/tutorial_dag.py took 0.228 seconds
[2022-10-15T23:59:54.650+0800] {processor.py:156} INFO - Started process (PID=67170) to work on /opt/anaconda3/lib/python3.7/site-packages/airflow/example_dags/tutorial_dag.py
[2022-10-15T23:59:54.652+0800] {processor.py:758} INFO - Processing file /opt/anaconda3/lib/python3.7/site-packages/airflow/example_dags/tutorial_dag.py for tasks to queue
[2022-10-15T23:59:54.653+0800] {logging_mixin.py:117} INFO - [2022-10-15T23:59:54.652+0800] {dagbag.py:525} INFO - Filling up the DagBag from /opt/anaconda3/lib/python3.7/site-packages/airflow/example_dags/tutorial_dag.py
[2022-10-15T23:59:54.678+0800] {processor.py:768} INFO - DAG(s) dict_keys(['tutorial_dag']) retrieved from /opt/anaconda3/lib/python3.7/site-packages/airflow/example_dags/tutorial_dag.py
[2022-10-15T23:59:54.745+0800] {logging_mixin.py:117} INFO - [2022-10-15T23:59:54.744+0800] {dag.py:2573} INFO - Sync 1 DAGs
[2022-10-15T23:59:54.782+0800] {logging_mixin.py:117} INFO - [2022-10-15T23:59:54.782+0800] {dag.py:3328} INFO - Setting next_dagrun for tutorial_dag to None, run_after=None
[2022-10-15T23:59:54.813+0800] {processor.py:178} INFO - Processing /opt/anaconda3/lib/python3.7/site-packages/airflow/example_dags/tutorial_dag.py took 0.169 seconds
[2022-10-16T00:00:25.018+0800] {processor.py:156} INFO - Started process (PID=67298) to work on /opt/anaconda3/lib/python3.7/site-packages/airflow/example_dags/tutorial_dag.py
[2022-10-16T00:00:25.020+0800] {processor.py:758} INFO - Processing file /opt/anaconda3/lib/python3.7/site-packages/airflow/example_dags/tutorial_dag.py for tasks to queue
[2022-10-16T00:00:25.021+0800] {logging_mixin.py:117} INFO - [2022-10-16T00:00:25.021+0800] {dagbag.py:525} INFO - Filling up the DagBag from /opt/anaconda3/lib/python3.7/site-packages/airflow/example_dags/tutorial_dag.py
[2022-10-16T00:00:25.046+0800] {processor.py:768} INFO - DAG(s) dict_keys(['tutorial_dag']) retrieved from /opt/anaconda3/lib/python3.7/site-packages/airflow/example_dags/tutorial_dag.py
[2022-10-16T00:00:25.112+0800] {logging_mixin.py:117} INFO - [2022-10-16T00:00:25.111+0800] {dag.py:2573} INFO - Sync 1 DAGs
[2022-10-16T00:00:25.145+0800] {logging_mixin.py:117} INFO - [2022-10-16T00:00:25.144+0800] {dag.py:3328} INFO - Setting next_dagrun for tutorial_dag to None, run_after=None
[2022-10-16T00:00:25.175+0800] {processor.py:178} INFO - Processing /opt/anaconda3/lib/python3.7/site-packages/airflow/example_dags/tutorial_dag.py took 0.165 seconds
[2022-10-16T00:00:55.576+0800] {processor.py:156} INFO - Started process (PID=67469) to work on /opt/anaconda3/lib/python3.7/site-packages/airflow/example_dags/tutorial_dag.py
[2022-10-16T00:00:55.578+0800] {processor.py:758} INFO - Processing file /opt/anaconda3/lib/python3.7/site-packages/airflow/example_dags/tutorial_dag.py for tasks to queue
[2022-10-16T00:00:55.579+0800] {logging_mixin.py:117} INFO - [2022-10-16T00:00:55.579+0800] {dagbag.py:525} INFO - Filling up the DagBag from /opt/anaconda3/lib/python3.7/site-packages/airflow/example_dags/tutorial_dag.py
[2022-10-16T00:00:55.605+0800] {processor.py:768} INFO - DAG(s) dict_keys(['tutorial_dag']) retrieved from /opt/anaconda3/lib/python3.7/site-packages/airflow/example_dags/tutorial_dag.py
[2022-10-16T00:00:55.669+0800] {logging_mixin.py:117} INFO - [2022-10-16T00:00:55.668+0800] {dag.py:2573} INFO - Sync 1 DAGs
[2022-10-16T00:00:55.704+0800] {logging_mixin.py:117} INFO - [2022-10-16T00:00:55.704+0800] {dag.py:3328} INFO - Setting next_dagrun for tutorial_dag to None, run_after=None
[2022-10-16T00:00:55.730+0800] {processor.py:178} INFO - Processing /opt/anaconda3/lib/python3.7/site-packages/airflow/example_dags/tutorial_dag.py took 0.159 seconds
[2022-10-16T00:01:25.949+0800] {processor.py:156} INFO - Started process (PID=67560) to work on /opt/anaconda3/lib/python3.7/site-packages/airflow/example_dags/tutorial_dag.py
[2022-10-16T00:01:25.950+0800] {processor.py:758} INFO - Processing file /opt/anaconda3/lib/python3.7/site-packages/airflow/example_dags/tutorial_dag.py for tasks to queue
[2022-10-16T00:01:25.952+0800] {logging_mixin.py:117} INFO - [2022-10-16T00:01:25.951+0800] {dagbag.py:525} INFO - Filling up the DagBag from /opt/anaconda3/lib/python3.7/site-packages/airflow/example_dags/tutorial_dag.py
[2022-10-16T00:01:25.977+0800] {processor.py:768} INFO - DAG(s) dict_keys(['tutorial_dag']) retrieved from /opt/anaconda3/lib/python3.7/site-packages/airflow/example_dags/tutorial_dag.py
[2022-10-16T00:01:26.038+0800] {logging_mixin.py:117} INFO - [2022-10-16T00:01:26.038+0800] {dag.py:2573} INFO - Sync 1 DAGs
[2022-10-16T00:01:26.073+0800] {logging_mixin.py:117} INFO - [2022-10-16T00:01:26.073+0800] {dag.py:3328} INFO - Setting next_dagrun for tutorial_dag to None, run_after=None
[2022-10-16T00:01:26.099+0800] {processor.py:178} INFO - Processing /opt/anaconda3/lib/python3.7/site-packages/airflow/example_dags/tutorial_dag.py took 0.156 seconds
[2022-10-16T00:01:56.492+0800] {processor.py:156} INFO - Started process (PID=67650) to work on /opt/anaconda3/lib/python3.7/site-packages/airflow/example_dags/tutorial_dag.py
[2022-10-16T00:01:56.494+0800] {processor.py:758} INFO - Processing file /opt/anaconda3/lib/python3.7/site-packages/airflow/example_dags/tutorial_dag.py for tasks to queue
[2022-10-16T00:01:56.495+0800] {logging_mixin.py:117} INFO - [2022-10-16T00:01:56.495+0800] {dagbag.py:525} INFO - Filling up the DagBag from /opt/anaconda3/lib/python3.7/site-packages/airflow/example_dags/tutorial_dag.py
[2022-10-16T00:01:56.520+0800] {processor.py:768} INFO - DAG(s) dict_keys(['tutorial_dag']) retrieved from /opt/anaconda3/lib/python3.7/site-packages/airflow/example_dags/tutorial_dag.py
[2022-10-16T00:01:56.584+0800] {logging_mixin.py:117} INFO - [2022-10-16T00:01:56.583+0800] {dag.py:2573} INFO - Sync 1 DAGs
[2022-10-16T00:01:56.618+0800] {logging_mixin.py:117} INFO - [2022-10-16T00:01:56.617+0800] {dag.py:3328} INFO - Setting next_dagrun for tutorial_dag to None, run_after=None
[2022-10-16T00:01:56.642+0800] {processor.py:178} INFO - Processing /opt/anaconda3/lib/python3.7/site-packages/airflow/example_dags/tutorial_dag.py took 0.158 seconds
