[2022-10-15T23:12:55.358+0800] {processor.py:156} INFO - Started process (PID=59342) to work on /opt/anaconda3/lib/python3.7/site-packages/airflow/example_dags/plugins/workday.py
[2022-10-15T23:12:55.360+0800] {processor.py:758} INFO - Processing file /opt/anaconda3/lib/python3.7/site-packages/airflow/example_dags/plugins/workday.py for tasks to queue
[2022-10-15T23:12:55.361+0800] {logging_mixin.py:117} INFO - [2022-10-15T23:12:55.361+0800] {dagbag.py:525} INFO - Filling up the DagBag from /opt/anaconda3/lib/python3.7/site-packages/airflow/example_dags/plugins/workday.py
[2022-10-15T23:12:55.376+0800] {processor.py:770} WARNING - No viable dags retrieved from /opt/anaconda3/lib/python3.7/site-packages/airflow/example_dags/plugins/workday.py
[2022-10-15T23:12:55.393+0800] {processor.py:178} INFO - Processing /opt/anaconda3/lib/python3.7/site-packages/airflow/example_dags/plugins/workday.py took 0.042 seconds
[2022-10-15T23:13:52.476+0800] {processor.py:156} INFO - Started process (PID=59472) to work on /opt/anaconda3/lib/python3.7/site-packages/airflow/example_dags/plugins/workday.py
[2022-10-15T23:13:52.479+0800] {processor.py:758} INFO - Processing file /opt/anaconda3/lib/python3.7/site-packages/airflow/example_dags/plugins/workday.py for tasks to queue
[2022-10-15T23:13:52.488+0800] {logging_mixin.py:117} INFO - [2022-10-15T23:13:52.488+0800] {dagbag.py:525} INFO - Filling up the DagBag from /opt/anaconda3/lib/python3.7/site-packages/airflow/example_dags/plugins/workday.py
[2022-10-15T23:13:52.494+0800] {processor.py:770} WARNING - No viable dags retrieved from /opt/anaconda3/lib/python3.7/site-packages/airflow/example_dags/plugins/workday.py
[2022-10-15T23:13:52.519+0800] {processor.py:178} INFO - Processing /opt/anaconda3/lib/python3.7/site-packages/airflow/example_dags/plugins/workday.py took 0.051 seconds
[2022-10-15T23:14:55.795+0800] {processor.py:156} INFO - Started process (PID=59619) to work on /opt/anaconda3/lib/python3.7/site-packages/airflow/example_dags/plugins/workday.py
[2022-10-15T23:14:55.799+0800] {processor.py:758} INFO - Processing file /opt/anaconda3/lib/python3.7/site-packages/airflow/example_dags/plugins/workday.py for tasks to queue
[2022-10-15T23:14:55.801+0800] {logging_mixin.py:117} INFO - [2022-10-15T23:14:55.801+0800] {dagbag.py:525} INFO - Filling up the DagBag from /opt/anaconda3/lib/python3.7/site-packages/airflow/example_dags/plugins/workday.py
[2022-10-15T23:14:55.806+0800] {processor.py:770} WARNING - No viable dags retrieved from /opt/anaconda3/lib/python3.7/site-packages/airflow/example_dags/plugins/workday.py
[2022-10-15T23:14:55.840+0800] {processor.py:178} INFO - Processing /opt/anaconda3/lib/python3.7/site-packages/airflow/example_dags/plugins/workday.py took 0.045 seconds
[2022-10-15T23:20:16.397+0800] {processor.py:156} INFO - Started process (PID=59984) to work on /opt/anaconda3/lib/python3.7/site-packages/airflow/example_dags/plugins/workday.py
[2022-10-15T23:20:16.400+0800] {processor.py:758} INFO - Processing file /opt/anaconda3/lib/python3.7/site-packages/airflow/example_dags/plugins/workday.py for tasks to queue
[2022-10-15T23:20:16.402+0800] {logging_mixin.py:117} INFO - [2022-10-15T23:20:16.401+0800] {dagbag.py:525} INFO - Filling up the DagBag from /opt/anaconda3/lib/python3.7/site-packages/airflow/example_dags/plugins/workday.py
[2022-10-15T23:20:16.405+0800] {processor.py:770} WARNING - No viable dags retrieved from /opt/anaconda3/lib/python3.7/site-packages/airflow/example_dags/plugins/workday.py
[2022-10-15T23:20:16.422+0800] {processor.py:178} INFO - Processing /opt/anaconda3/lib/python3.7/site-packages/airflow/example_dags/plugins/workday.py took 0.029 seconds
[2022-10-15T23:20:59.941+0800] {processor.py:156} INFO - Started process (PID=60080) to work on /opt/anaconda3/lib/python3.7/site-packages/airflow/example_dags/plugins/workday.py
[2022-10-15T23:20:59.944+0800] {processor.py:758} INFO - Processing file /opt/anaconda3/lib/python3.7/site-packages/airflow/example_dags/plugins/workday.py for tasks to queue
[2022-10-15T23:20:59.945+0800] {logging_mixin.py:117} INFO - [2022-10-15T23:20:59.945+0800] {dagbag.py:525} INFO - Filling up the DagBag from /opt/anaconda3/lib/python3.7/site-packages/airflow/example_dags/plugins/workday.py
[2022-10-15T23:20:59.950+0800] {processor.py:770} WARNING - No viable dags retrieved from /opt/anaconda3/lib/python3.7/site-packages/airflow/example_dags/plugins/workday.py
[2022-10-15T23:20:59.966+0800] {processor.py:178} INFO - Processing /opt/anaconda3/lib/python3.7/site-packages/airflow/example_dags/plugins/workday.py took 0.031 seconds
[2022-10-15T23:21:39.320+0800] {processor.py:156} INFO - Started process (PID=60402) to work on /opt/anaconda3/lib/python3.7/site-packages/airflow/example_dags/plugins/workday.py
[2022-10-15T23:21:39.322+0800] {processor.py:758} INFO - Processing file /opt/anaconda3/lib/python3.7/site-packages/airflow/example_dags/plugins/workday.py for tasks to queue
[2022-10-15T23:21:39.324+0800] {logging_mixin.py:117} INFO - [2022-10-15T23:21:39.323+0800] {dagbag.py:525} INFO - Filling up the DagBag from /opt/anaconda3/lib/python3.7/site-packages/airflow/example_dags/plugins/workday.py
[2022-10-15T23:21:39.327+0800] {processor.py:770} WARNING - No viable dags retrieved from /opt/anaconda3/lib/python3.7/site-packages/airflow/example_dags/plugins/workday.py
[2022-10-15T23:21:39.343+0800] {processor.py:178} INFO - Processing /opt/anaconda3/lib/python3.7/site-packages/airflow/example_dags/plugins/workday.py took 0.028 seconds
[2022-10-15T23:22:15.525+0800] {processor.py:156} INFO - Started process (PID=60521) to work on /opt/anaconda3/lib/python3.7/site-packages/airflow/example_dags/plugins/workday.py
[2022-10-15T23:22:15.528+0800] {processor.py:758} INFO - Processing file /opt/anaconda3/lib/python3.7/site-packages/airflow/example_dags/plugins/workday.py for tasks to queue
[2022-10-15T23:22:15.529+0800] {logging_mixin.py:117} INFO - [2022-10-15T23:22:15.529+0800] {dagbag.py:525} INFO - Filling up the DagBag from /opt/anaconda3/lib/python3.7/site-packages/airflow/example_dags/plugins/workday.py
[2022-10-15T23:22:15.534+0800] {processor.py:770} WARNING - No viable dags retrieved from /opt/anaconda3/lib/python3.7/site-packages/airflow/example_dags/plugins/workday.py
[2022-10-15T23:22:15.551+0800] {processor.py:178} INFO - Processing /opt/anaconda3/lib/python3.7/site-packages/airflow/example_dags/plugins/workday.py took 0.031 seconds
