[2022-10-14T15:24:59.104+0800] {processor.py:156} INFO - Started process (PID=214520) to work on /home/aurora/.local/lib/python3.10/site-packages/airflow/example_dags/subdags/subdag.py
[2022-10-14T15:24:59.104+0800] {processor.py:758} INFO - Processing file /home/aurora/.local/lib/python3.10/site-packages/airflow/example_dags/subdags/subdag.py for tasks to queue
[2022-10-14T15:24:59.105+0800] {logging_mixin.py:117} INFO - [2022-10-14T15:24:59.105+0800] {dagbag.py:525} INFO - Filling up the DagBag from /home/aurora/.local/lib/python3.10/site-packages/airflow/example_dags/subdags/subdag.py
[2022-10-14T15:24:59.109+0800] {processor.py:770} WARNING - No viable dags retrieved from /home/aurora/.local/lib/python3.10/site-packages/airflow/example_dags/subdags/subdag.py
[2022-10-14T15:24:59.128+0800] {processor.py:178} INFO - Processing /home/aurora/.local/lib/python3.10/site-packages/airflow/example_dags/subdags/subdag.py took 0.026 seconds
[2022-10-14T15:25:39.522+0800] {processor.py:156} INFO - Started process (PID=214722) to work on /home/aurora/.local/lib/python3.10/site-packages/airflow/example_dags/subdags/subdag.py
[2022-10-14T15:25:39.523+0800] {processor.py:758} INFO - Processing file /home/aurora/.local/lib/python3.10/site-packages/airflow/example_dags/subdags/subdag.py for tasks to queue
[2022-10-14T15:25:39.523+0800] {logging_mixin.py:117} INFO - [2022-10-14T15:25:39.523+0800] {dagbag.py:525} INFO - Filling up the DagBag from /home/aurora/.local/lib/python3.10/site-packages/airflow/example_dags/subdags/subdag.py
[2022-10-14T15:25:39.526+0800] {processor.py:770} WARNING - No viable dags retrieved from /home/aurora/.local/lib/python3.10/site-packages/airflow/example_dags/subdags/subdag.py
[2022-10-14T15:25:39.532+0800] {processor.py:178} INFO - Processing /home/aurora/.local/lib/python3.10/site-packages/airflow/example_dags/subdags/subdag.py took 0.013 seconds
[2022-10-14T15:26:46.600+0800] {processor.py:156} INFO - Started process (PID=214921) to work on /home/aurora/.local/lib/python3.10/site-packages/airflow/example_dags/subdags/subdag.py
[2022-10-14T15:26:46.601+0800] {processor.py:758} INFO - Processing file /home/aurora/.local/lib/python3.10/site-packages/airflow/example_dags/subdags/subdag.py for tasks to queue
[2022-10-14T15:26:46.601+0800] {logging_mixin.py:117} INFO - [2022-10-14T15:26:46.601+0800] {dagbag.py:525} INFO - Filling up the DagBag from /home/aurora/.local/lib/python3.10/site-packages/airflow/example_dags/subdags/subdag.py
[2022-10-14T15:26:46.605+0800] {processor.py:770} WARNING - No viable dags retrieved from /home/aurora/.local/lib/python3.10/site-packages/airflow/example_dags/subdags/subdag.py
[2022-10-14T15:26:46.618+0800] {processor.py:178} INFO - Processing /home/aurora/.local/lib/python3.10/site-packages/airflow/example_dags/subdags/subdag.py took 0.020 seconds
[2022-10-14T15:27:22.165+0800] {processor.py:156} INFO - Started process (PID=215177) to work on /home/aurora/.local/lib/python3.10/site-packages/airflow/example_dags/subdags/subdag.py
[2022-10-14T15:27:22.166+0800] {processor.py:758} INFO - Processing file /home/aurora/.local/lib/python3.10/site-packages/airflow/example_dags/subdags/subdag.py for tasks to queue
[2022-10-14T15:27:22.167+0800] {logging_mixin.py:117} INFO - [2022-10-14T15:27:22.167+0800] {dagbag.py:525} INFO - Filling up the DagBag from /home/aurora/.local/lib/python3.10/site-packages/airflow/example_dags/subdags/subdag.py
[2022-10-14T15:27:22.169+0800] {processor.py:770} WARNING - No viable dags retrieved from /home/aurora/.local/lib/python3.10/site-packages/airflow/example_dags/subdags/subdag.py
[2022-10-14T15:27:22.177+0800] {processor.py:178} INFO - Processing /home/aurora/.local/lib/python3.10/site-packages/airflow/example_dags/subdags/subdag.py took 0.015 seconds
[2022-10-14T15:27:57.399+0800] {processor.py:156} INFO - Started process (PID=215303) to work on /home/aurora/.local/lib/python3.10/site-packages/airflow/example_dags/subdags/subdag.py
[2022-10-14T15:27:57.400+0800] {processor.py:758} INFO - Processing file /home/aurora/.local/lib/python3.10/site-packages/airflow/example_dags/subdags/subdag.py for tasks to queue
[2022-10-14T15:27:57.400+0800] {logging_mixin.py:117} INFO - [2022-10-14T15:27:57.400+0800] {dagbag.py:525} INFO - Filling up the DagBag from /home/aurora/.local/lib/python3.10/site-packages/airflow/example_dags/subdags/subdag.py
[2022-10-14T15:27:57.404+0800] {processor.py:770} WARNING - No viable dags retrieved from /home/aurora/.local/lib/python3.10/site-packages/airflow/example_dags/subdags/subdag.py
[2022-10-14T15:27:57.410+0800] {processor.py:178} INFO - Processing /home/aurora/.local/lib/python3.10/site-packages/airflow/example_dags/subdags/subdag.py took 0.013 seconds
[2022-10-14T15:28:33.957+0800] {processor.py:156} INFO - Started process (PID=215358) to work on /home/aurora/.local/lib/python3.10/site-packages/airflow/example_dags/subdags/subdag.py
[2022-10-14T15:28:33.958+0800] {processor.py:758} INFO - Processing file /home/aurora/.local/lib/python3.10/site-packages/airflow/example_dags/subdags/subdag.py for tasks to queue
[2022-10-14T15:28:33.958+0800] {logging_mixin.py:117} INFO - [2022-10-14T15:28:33.958+0800] {dagbag.py:525} INFO - Filling up the DagBag from /home/aurora/.local/lib/python3.10/site-packages/airflow/example_dags/subdags/subdag.py
[2022-10-14T15:28:33.961+0800] {processor.py:770} WARNING - No viable dags retrieved from /home/aurora/.local/lib/python3.10/site-packages/airflow/example_dags/subdags/subdag.py
[2022-10-14T15:28:33.967+0800] {processor.py:178} INFO - Processing /home/aurora/.local/lib/python3.10/site-packages/airflow/example_dags/subdags/subdag.py took 0.013 seconds
[2022-10-14T15:29:07.323+0800] {processor.py:156} INFO - Started process (PID=216041) to work on /home/aurora/.local/lib/python3.10/site-packages/airflow/example_dags/subdags/subdag.py
[2022-10-14T15:29:07.324+0800] {processor.py:758} INFO - Processing file /home/aurora/.local/lib/python3.10/site-packages/airflow/example_dags/subdags/subdag.py for tasks to queue
[2022-10-14T15:29:07.325+0800] {logging_mixin.py:117} INFO - [2022-10-14T15:29:07.325+0800] {dagbag.py:525} INFO - Filling up the DagBag from /home/aurora/.local/lib/python3.10/site-packages/airflow/example_dags/subdags/subdag.py
[2022-10-14T15:29:07.330+0800] {processor.py:770} WARNING - No viable dags retrieved from /home/aurora/.local/lib/python3.10/site-packages/airflow/example_dags/subdags/subdag.py
[2022-10-14T15:29:07.338+0800] {processor.py:178} INFO - Processing /home/aurora/.local/lib/python3.10/site-packages/airflow/example_dags/subdags/subdag.py took 0.017 seconds
[2022-10-14T15:29:43.556+0800] {processor.py:156} INFO - Started process (PID=216362) to work on /home/aurora/.local/lib/python3.10/site-packages/airflow/example_dags/subdags/subdag.py
[2022-10-14T15:29:43.557+0800] {processor.py:758} INFO - Processing file /home/aurora/.local/lib/python3.10/site-packages/airflow/example_dags/subdags/subdag.py for tasks to queue
[2022-10-14T15:29:43.557+0800] {logging_mixin.py:117} INFO - [2022-10-14T15:29:43.557+0800] {dagbag.py:525} INFO - Filling up the DagBag from /home/aurora/.local/lib/python3.10/site-packages/airflow/example_dags/subdags/subdag.py
[2022-10-14T15:29:43.560+0800] {processor.py:770} WARNING - No viable dags retrieved from /home/aurora/.local/lib/python3.10/site-packages/airflow/example_dags/subdags/subdag.py
[2022-10-14T15:29:43.568+0800] {processor.py:178} INFO - Processing /home/aurora/.local/lib/python3.10/site-packages/airflow/example_dags/subdags/subdag.py took 0.014 seconds
[2022-10-14T15:30:18.869+0800] {processor.py:156} INFO - Started process (PID=216432) to work on /home/aurora/.local/lib/python3.10/site-packages/airflow/example_dags/subdags/subdag.py
[2022-10-14T15:30:18.870+0800] {processor.py:758} INFO - Processing file /home/aurora/.local/lib/python3.10/site-packages/airflow/example_dags/subdags/subdag.py for tasks to queue
[2022-10-14T15:30:18.871+0800] {logging_mixin.py:117} INFO - [2022-10-14T15:30:18.871+0800] {dagbag.py:525} INFO - Filling up the DagBag from /home/aurora/.local/lib/python3.10/site-packages/airflow/example_dags/subdags/subdag.py
[2022-10-14T15:30:18.873+0800] {processor.py:770} WARNING - No viable dags retrieved from /home/aurora/.local/lib/python3.10/site-packages/airflow/example_dags/subdags/subdag.py
[2022-10-14T15:30:18.880+0800] {processor.py:178} INFO - Processing /home/aurora/.local/lib/python3.10/site-packages/airflow/example_dags/subdags/subdag.py took 0.014 seconds
[2022-10-14T15:30:54.624+0800] {processor.py:156} INFO - Started process (PID=216542) to work on /home/aurora/.local/lib/python3.10/site-packages/airflow/example_dags/subdags/subdag.py
[2022-10-14T15:30:54.625+0800] {processor.py:758} INFO - Processing file /home/aurora/.local/lib/python3.10/site-packages/airflow/example_dags/subdags/subdag.py for tasks to queue
[2022-10-14T15:30:54.626+0800] {logging_mixin.py:117} INFO - [2022-10-14T15:30:54.625+0800] {dagbag.py:525} INFO - Filling up the DagBag from /home/aurora/.local/lib/python3.10/site-packages/airflow/example_dags/subdags/subdag.py
[2022-10-14T15:30:54.629+0800] {processor.py:770} WARNING - No viable dags retrieved from /home/aurora/.local/lib/python3.10/site-packages/airflow/example_dags/subdags/subdag.py
[2022-10-14T15:30:54.638+0800] {processor.py:178} INFO - Processing /home/aurora/.local/lib/python3.10/site-packages/airflow/example_dags/subdags/subdag.py took 0.017 seconds
[2022-10-14T15:31:33.443+0800] {processor.py:156} INFO - Started process (PID=216678) to work on /home/aurora/.local/lib/python3.10/site-packages/airflow/example_dags/subdags/subdag.py
[2022-10-14T15:31:33.444+0800] {processor.py:758} INFO - Processing file /home/aurora/.local/lib/python3.10/site-packages/airflow/example_dags/subdags/subdag.py for tasks to queue
[2022-10-14T15:31:33.444+0800] {logging_mixin.py:117} INFO - [2022-10-14T15:31:33.444+0800] {dagbag.py:525} INFO - Filling up the DagBag from /home/aurora/.local/lib/python3.10/site-packages/airflow/example_dags/subdags/subdag.py
[2022-10-14T15:31:33.447+0800] {processor.py:770} WARNING - No viable dags retrieved from /home/aurora/.local/lib/python3.10/site-packages/airflow/example_dags/subdags/subdag.py
[2022-10-14T15:31:33.455+0800] {processor.py:178} INFO - Processing /home/aurora/.local/lib/python3.10/site-packages/airflow/example_dags/subdags/subdag.py took 0.014 seconds
[2022-10-14T15:32:08.612+0800] {processor.py:156} INFO - Started process (PID=216745) to work on /home/aurora/.local/lib/python3.10/site-packages/airflow/example_dags/subdags/subdag.py
[2022-10-14T15:32:08.613+0800] {processor.py:758} INFO - Processing file /home/aurora/.local/lib/python3.10/site-packages/airflow/example_dags/subdags/subdag.py for tasks to queue
[2022-10-14T15:32:08.614+0800] {logging_mixin.py:117} INFO - [2022-10-14T15:32:08.614+0800] {dagbag.py:525} INFO - Filling up the DagBag from /home/aurora/.local/lib/python3.10/site-packages/airflow/example_dags/subdags/subdag.py
[2022-10-14T15:32:08.618+0800] {processor.py:770} WARNING - No viable dags retrieved from /home/aurora/.local/lib/python3.10/site-packages/airflow/example_dags/subdags/subdag.py
[2022-10-14T15:32:08.628+0800] {processor.py:178} INFO - Processing /home/aurora/.local/lib/python3.10/site-packages/airflow/example_dags/subdags/subdag.py took 0.018 seconds
[2022-10-14T15:32:45.948+0800] {processor.py:156} INFO - Started process (PID=216811) to work on /home/aurora/.local/lib/python3.10/site-packages/airflow/example_dags/subdags/subdag.py
[2022-10-14T15:32:45.949+0800] {processor.py:758} INFO - Processing file /home/aurora/.local/lib/python3.10/site-packages/airflow/example_dags/subdags/subdag.py for tasks to queue
[2022-10-14T15:32:45.950+0800] {logging_mixin.py:117} INFO - [2022-10-14T15:32:45.950+0800] {dagbag.py:525} INFO - Filling up the DagBag from /home/aurora/.local/lib/python3.10/site-packages/airflow/example_dags/subdags/subdag.py
[2022-10-14T15:32:45.953+0800] {processor.py:770} WARNING - No viable dags retrieved from /home/aurora/.local/lib/python3.10/site-packages/airflow/example_dags/subdags/subdag.py
[2022-10-14T15:32:45.960+0800] {processor.py:178} INFO - Processing /home/aurora/.local/lib/python3.10/site-packages/airflow/example_dags/subdags/subdag.py took 0.014 seconds
[2022-10-14T15:33:20.693+0800] {processor.py:156} INFO - Started process (PID=216884) to work on /home/aurora/.local/lib/python3.10/site-packages/airflow/example_dags/subdags/subdag.py
[2022-10-14T15:33:20.694+0800] {processor.py:758} INFO - Processing file /home/aurora/.local/lib/python3.10/site-packages/airflow/example_dags/subdags/subdag.py for tasks to queue
[2022-10-14T15:33:20.694+0800] {logging_mixin.py:117} INFO - [2022-10-14T15:33:20.694+0800] {dagbag.py:525} INFO - Filling up the DagBag from /home/aurora/.local/lib/python3.10/site-packages/airflow/example_dags/subdags/subdag.py
[2022-10-14T15:33:20.697+0800] {processor.py:770} WARNING - No viable dags retrieved from /home/aurora/.local/lib/python3.10/site-packages/airflow/example_dags/subdags/subdag.py
[2022-10-14T15:33:20.703+0800] {processor.py:178} INFO - Processing /home/aurora/.local/lib/python3.10/site-packages/airflow/example_dags/subdags/subdag.py took 0.013 seconds
[2022-10-14T15:33:57.159+0800] {processor.py:156} INFO - Started process (PID=216952) to work on /home/aurora/.local/lib/python3.10/site-packages/airflow/example_dags/subdags/subdag.py
[2022-10-14T15:33:57.160+0800] {processor.py:758} INFO - Processing file /home/aurora/.local/lib/python3.10/site-packages/airflow/example_dags/subdags/subdag.py for tasks to queue
[2022-10-14T15:33:57.160+0800] {logging_mixin.py:117} INFO - [2022-10-14T15:33:57.160+0800] {dagbag.py:525} INFO - Filling up the DagBag from /home/aurora/.local/lib/python3.10/site-packages/airflow/example_dags/subdags/subdag.py
[2022-10-14T15:33:57.163+0800] {processor.py:770} WARNING - No viable dags retrieved from /home/aurora/.local/lib/python3.10/site-packages/airflow/example_dags/subdags/subdag.py
[2022-10-14T15:33:57.169+0800] {processor.py:178} INFO - Processing /home/aurora/.local/lib/python3.10/site-packages/airflow/example_dags/subdags/subdag.py took 0.013 seconds
[2022-10-14T15:34:32.301+0800] {processor.py:156} INFO - Started process (PID=217156) to work on /home/aurora/.local/lib/python3.10/site-packages/airflow/example_dags/subdags/subdag.py
[2022-10-14T15:34:32.302+0800] {processor.py:758} INFO - Processing file /home/aurora/.local/lib/python3.10/site-packages/airflow/example_dags/subdags/subdag.py for tasks to queue
[2022-10-14T15:34:32.302+0800] {logging_mixin.py:117} INFO - [2022-10-14T15:34:32.302+0800] {dagbag.py:525} INFO - Filling up the DagBag from /home/aurora/.local/lib/python3.10/site-packages/airflow/example_dags/subdags/subdag.py
[2022-10-14T15:34:32.305+0800] {processor.py:770} WARNING - No viable dags retrieved from /home/aurora/.local/lib/python3.10/site-packages/airflow/example_dags/subdags/subdag.py
[2022-10-14T15:34:32.312+0800] {processor.py:178} INFO - Processing /home/aurora/.local/lib/python3.10/site-packages/airflow/example_dags/subdags/subdag.py took 0.014 seconds
[2022-10-14T15:35:06.699+0800] {processor.py:156} INFO - Started process (PID=217238) to work on /home/aurora/.local/lib/python3.10/site-packages/airflow/example_dags/subdags/subdag.py
[2022-10-14T15:35:06.700+0800] {processor.py:758} INFO - Processing file /home/aurora/.local/lib/python3.10/site-packages/airflow/example_dags/subdags/subdag.py for tasks to queue
[2022-10-14T15:35:06.701+0800] {logging_mixin.py:117} INFO - [2022-10-14T15:35:06.701+0800] {dagbag.py:525} INFO - Filling up the DagBag from /home/aurora/.local/lib/python3.10/site-packages/airflow/example_dags/subdags/subdag.py
[2022-10-14T15:35:06.704+0800] {processor.py:770} WARNING - No viable dags retrieved from /home/aurora/.local/lib/python3.10/site-packages/airflow/example_dags/subdags/subdag.py
[2022-10-14T15:35:06.710+0800] {processor.py:178} INFO - Processing /home/aurora/.local/lib/python3.10/site-packages/airflow/example_dags/subdags/subdag.py took 0.015 seconds
[2022-10-14T15:35:40.652+0800] {processor.py:156} INFO - Started process (PID=217358) to work on /home/aurora/.local/lib/python3.10/site-packages/airflow/example_dags/subdags/subdag.py
[2022-10-14T15:35:40.652+0800] {processor.py:758} INFO - Processing file /home/aurora/.local/lib/python3.10/site-packages/airflow/example_dags/subdags/subdag.py for tasks to queue
[2022-10-14T15:35:40.653+0800] {logging_mixin.py:117} INFO - [2022-10-14T15:35:40.653+0800] {dagbag.py:525} INFO - Filling up the DagBag from /home/aurora/.local/lib/python3.10/site-packages/airflow/example_dags/subdags/subdag.py
[2022-10-14T15:35:40.655+0800] {processor.py:770} WARNING - No viable dags retrieved from /home/aurora/.local/lib/python3.10/site-packages/airflow/example_dags/subdags/subdag.py
[2022-10-14T15:35:40.662+0800] {processor.py:178} INFO - Processing /home/aurora/.local/lib/python3.10/site-packages/airflow/example_dags/subdags/subdag.py took 0.012 seconds
[2022-10-14T15:36:17.749+0800] {processor.py:156} INFO - Started process (PID=217420) to work on /home/aurora/.local/lib/python3.10/site-packages/airflow/example_dags/subdags/subdag.py
[2022-10-14T15:36:17.749+0800] {processor.py:758} INFO - Processing file /home/aurora/.local/lib/python3.10/site-packages/airflow/example_dags/subdags/subdag.py for tasks to queue
[2022-10-14T15:36:17.750+0800] {logging_mixin.py:117} INFO - [2022-10-14T15:36:17.750+0800] {dagbag.py:525} INFO - Filling up the DagBag from /home/aurora/.local/lib/python3.10/site-packages/airflow/example_dags/subdags/subdag.py
[2022-10-14T15:36:17.753+0800] {processor.py:770} WARNING - No viable dags retrieved from /home/aurora/.local/lib/python3.10/site-packages/airflow/example_dags/subdags/subdag.py
[2022-10-14T15:36:17.759+0800] {processor.py:178} INFO - Processing /home/aurora/.local/lib/python3.10/site-packages/airflow/example_dags/subdags/subdag.py took 0.012 seconds
[2022-10-14T15:36:52.764+0800] {processor.py:156} INFO - Started process (PID=217492) to work on /home/aurora/.local/lib/python3.10/site-packages/airflow/example_dags/subdags/subdag.py
[2022-10-14T15:36:52.765+0800] {processor.py:758} INFO - Processing file /home/aurora/.local/lib/python3.10/site-packages/airflow/example_dags/subdags/subdag.py for tasks to queue
[2022-10-14T15:36:52.765+0800] {logging_mixin.py:117} INFO - [2022-10-14T15:36:52.765+0800] {dagbag.py:525} INFO - Filling up the DagBag from /home/aurora/.local/lib/python3.10/site-packages/airflow/example_dags/subdags/subdag.py
[2022-10-14T15:36:52.768+0800] {processor.py:770} WARNING - No viable dags retrieved from /home/aurora/.local/lib/python3.10/site-packages/airflow/example_dags/subdags/subdag.py
[2022-10-14T15:36:52.775+0800] {processor.py:178} INFO - Processing /home/aurora/.local/lib/python3.10/site-packages/airflow/example_dags/subdags/subdag.py took 0.015 seconds
[2022-10-14T15:37:27.563+0800] {processor.py:156} INFO - Started process (PID=217549) to work on /home/aurora/.local/lib/python3.10/site-packages/airflow/example_dags/subdags/subdag.py
[2022-10-14T15:37:27.563+0800] {processor.py:758} INFO - Processing file /home/aurora/.local/lib/python3.10/site-packages/airflow/example_dags/subdags/subdag.py for tasks to queue
[2022-10-14T15:37:27.564+0800] {logging_mixin.py:117} INFO - [2022-10-14T15:37:27.564+0800] {dagbag.py:525} INFO - Filling up the DagBag from /home/aurora/.local/lib/python3.10/site-packages/airflow/example_dags/subdags/subdag.py
[2022-10-14T15:37:27.567+0800] {processor.py:770} WARNING - No viable dags retrieved from /home/aurora/.local/lib/python3.10/site-packages/airflow/example_dags/subdags/subdag.py
[2022-10-14T15:37:27.574+0800] {processor.py:178} INFO - Processing /home/aurora/.local/lib/python3.10/site-packages/airflow/example_dags/subdags/subdag.py took 0.013 seconds
[2022-10-14T15:38:02.764+0800] {processor.py:156} INFO - Started process (PID=217619) to work on /home/aurora/.local/lib/python3.10/site-packages/airflow/example_dags/subdags/subdag.py
[2022-10-14T15:38:02.765+0800] {processor.py:758} INFO - Processing file /home/aurora/.local/lib/python3.10/site-packages/airflow/example_dags/subdags/subdag.py for tasks to queue
[2022-10-14T15:38:02.765+0800] {logging_mixin.py:117} INFO - [2022-10-14T15:38:02.765+0800] {dagbag.py:525} INFO - Filling up the DagBag from /home/aurora/.local/lib/python3.10/site-packages/airflow/example_dags/subdags/subdag.py
[2022-10-14T15:38:02.768+0800] {processor.py:770} WARNING - No viable dags retrieved from /home/aurora/.local/lib/python3.10/site-packages/airflow/example_dags/subdags/subdag.py
[2022-10-14T15:38:02.774+0800] {processor.py:178} INFO - Processing /home/aurora/.local/lib/python3.10/site-packages/airflow/example_dags/subdags/subdag.py took 0.012 seconds
[2022-10-14T15:38:38.622+0800] {processor.py:156} INFO - Started process (PID=217714) to work on /home/aurora/.local/lib/python3.10/site-packages/airflow/example_dags/subdags/subdag.py
[2022-10-14T15:38:38.623+0800] {processor.py:758} INFO - Processing file /home/aurora/.local/lib/python3.10/site-packages/airflow/example_dags/subdags/subdag.py for tasks to queue
[2022-10-14T15:38:38.623+0800] {logging_mixin.py:117} INFO - [2022-10-14T15:38:38.623+0800] {dagbag.py:525} INFO - Filling up the DagBag from /home/aurora/.local/lib/python3.10/site-packages/airflow/example_dags/subdags/subdag.py
[2022-10-14T15:38:38.627+0800] {processor.py:770} WARNING - No viable dags retrieved from /home/aurora/.local/lib/python3.10/site-packages/airflow/example_dags/subdags/subdag.py
[2022-10-14T15:38:38.634+0800] {processor.py:178} INFO - Processing /home/aurora/.local/lib/python3.10/site-packages/airflow/example_dags/subdags/subdag.py took 0.014 seconds
[2022-10-14T15:39:12.764+0800] {processor.py:156} INFO - Started process (PID=217826) to work on /home/aurora/.local/lib/python3.10/site-packages/airflow/example_dags/subdags/subdag.py
[2022-10-14T15:39:12.765+0800] {processor.py:758} INFO - Processing file /home/aurora/.local/lib/python3.10/site-packages/airflow/example_dags/subdags/subdag.py for tasks to queue
[2022-10-14T15:39:12.765+0800] {logging_mixin.py:117} INFO - [2022-10-14T15:39:12.765+0800] {dagbag.py:525} INFO - Filling up the DagBag from /home/aurora/.local/lib/python3.10/site-packages/airflow/example_dags/subdags/subdag.py
[2022-10-14T15:39:12.769+0800] {processor.py:770} WARNING - No viable dags retrieved from /home/aurora/.local/lib/python3.10/site-packages/airflow/example_dags/subdags/subdag.py
[2022-10-14T15:39:12.776+0800] {processor.py:178} INFO - Processing /home/aurora/.local/lib/python3.10/site-packages/airflow/example_dags/subdags/subdag.py took 0.014 seconds
[2022-10-14T15:39:45.442+0800] {processor.py:156} INFO - Started process (PID=217949) to work on /home/aurora/.local/lib/python3.10/site-packages/airflow/example_dags/subdags/subdag.py
[2022-10-14T15:39:45.442+0800] {processor.py:758} INFO - Processing file /home/aurora/.local/lib/python3.10/site-packages/airflow/example_dags/subdags/subdag.py for tasks to queue
[2022-10-14T15:39:45.443+0800] {logging_mixin.py:117} INFO - [2022-10-14T15:39:45.443+0800] {dagbag.py:525} INFO - Filling up the DagBag from /home/aurora/.local/lib/python3.10/site-packages/airflow/example_dags/subdags/subdag.py
[2022-10-14T15:39:45.446+0800] {processor.py:770} WARNING - No viable dags retrieved from /home/aurora/.local/lib/python3.10/site-packages/airflow/example_dags/subdags/subdag.py
[2022-10-14T15:39:45.454+0800] {processor.py:178} INFO - Processing /home/aurora/.local/lib/python3.10/site-packages/airflow/example_dags/subdags/subdag.py took 0.014 seconds
[2022-10-14T15:40:19.523+0800] {processor.py:156} INFO - Started process (PID=218159) to work on /home/aurora/.local/lib/python3.10/site-packages/airflow/example_dags/subdags/subdag.py
[2022-10-14T15:40:19.524+0800] {processor.py:758} INFO - Processing file /home/aurora/.local/lib/python3.10/site-packages/airflow/example_dags/subdags/subdag.py for tasks to queue
[2022-10-14T15:40:19.525+0800] {logging_mixin.py:117} INFO - [2022-10-14T15:40:19.525+0800] {dagbag.py:525} INFO - Filling up the DagBag from /home/aurora/.local/lib/python3.10/site-packages/airflow/example_dags/subdags/subdag.py
[2022-10-14T15:40:19.529+0800] {processor.py:770} WARNING - No viable dags retrieved from /home/aurora/.local/lib/python3.10/site-packages/airflow/example_dags/subdags/subdag.py
[2022-10-14T15:40:19.541+0800] {processor.py:178} INFO - Processing /home/aurora/.local/lib/python3.10/site-packages/airflow/example_dags/subdags/subdag.py took 0.020 seconds
[2022-10-14T15:40:54.605+0800] {processor.py:156} INFO - Started process (PID=218392) to work on /home/aurora/.local/lib/python3.10/site-packages/airflow/example_dags/subdags/subdag.py
[2022-10-14T15:40:54.606+0800] {processor.py:758} INFO - Processing file /home/aurora/.local/lib/python3.10/site-packages/airflow/example_dags/subdags/subdag.py for tasks to queue
[2022-10-14T15:40:54.606+0800] {logging_mixin.py:117} INFO - [2022-10-14T15:40:54.606+0800] {dagbag.py:525} INFO - Filling up the DagBag from /home/aurora/.local/lib/python3.10/site-packages/airflow/example_dags/subdags/subdag.py
[2022-10-14T15:40:54.609+0800] {processor.py:770} WARNING - No viable dags retrieved from /home/aurora/.local/lib/python3.10/site-packages/airflow/example_dags/subdags/subdag.py
[2022-10-14T15:40:54.616+0800] {processor.py:178} INFO - Processing /home/aurora/.local/lib/python3.10/site-packages/airflow/example_dags/subdags/subdag.py took 0.013 seconds
[2022-10-14T15:41:29.081+0800] {processor.py:156} INFO - Started process (PID=218441) to work on /home/aurora/.local/lib/python3.10/site-packages/airflow/example_dags/subdags/subdag.py
[2022-10-14T15:41:29.082+0800] {processor.py:758} INFO - Processing file /home/aurora/.local/lib/python3.10/site-packages/airflow/example_dags/subdags/subdag.py for tasks to queue
[2022-10-14T15:41:29.083+0800] {logging_mixin.py:117} INFO - [2022-10-14T15:41:29.082+0800] {dagbag.py:525} INFO - Filling up the DagBag from /home/aurora/.local/lib/python3.10/site-packages/airflow/example_dags/subdags/subdag.py
[2022-10-14T15:41:29.085+0800] {processor.py:770} WARNING - No viable dags retrieved from /home/aurora/.local/lib/python3.10/site-packages/airflow/example_dags/subdags/subdag.py
[2022-10-14T15:41:29.093+0800] {processor.py:178} INFO - Processing /home/aurora/.local/lib/python3.10/site-packages/airflow/example_dags/subdags/subdag.py took 0.014 seconds
[2022-10-14T15:42:04.353+0800] {processor.py:156} INFO - Started process (PID=218656) to work on /home/aurora/.local/lib/python3.10/site-packages/airflow/example_dags/subdags/subdag.py
[2022-10-14T15:42:04.354+0800] {processor.py:758} INFO - Processing file /home/aurora/.local/lib/python3.10/site-packages/airflow/example_dags/subdags/subdag.py for tasks to queue
[2022-10-14T15:42:04.355+0800] {logging_mixin.py:117} INFO - [2022-10-14T15:42:04.355+0800] {dagbag.py:525} INFO - Filling up the DagBag from /home/aurora/.local/lib/python3.10/site-packages/airflow/example_dags/subdags/subdag.py
[2022-10-14T15:42:04.359+0800] {processor.py:770} WARNING - No viable dags retrieved from /home/aurora/.local/lib/python3.10/site-packages/airflow/example_dags/subdags/subdag.py
[2022-10-14T15:42:04.366+0800] {processor.py:178} INFO - Processing /home/aurora/.local/lib/python3.10/site-packages/airflow/example_dags/subdags/subdag.py took 0.015 seconds
[2022-10-14T15:42:40.768+0800] {processor.py:156} INFO - Started process (PID=218859) to work on /home/aurora/.local/lib/python3.10/site-packages/airflow/example_dags/subdags/subdag.py
[2022-10-14T15:42:40.769+0800] {processor.py:758} INFO - Processing file /home/aurora/.local/lib/python3.10/site-packages/airflow/example_dags/subdags/subdag.py for tasks to queue
[2022-10-14T15:42:40.769+0800] {logging_mixin.py:117} INFO - [2022-10-14T15:42:40.769+0800] {dagbag.py:525} INFO - Filling up the DagBag from /home/aurora/.local/lib/python3.10/site-packages/airflow/example_dags/subdags/subdag.py
[2022-10-14T15:42:40.773+0800] {processor.py:770} WARNING - No viable dags retrieved from /home/aurora/.local/lib/python3.10/site-packages/airflow/example_dags/subdags/subdag.py
[2022-10-14T15:42:40.782+0800] {processor.py:178} INFO - Processing /home/aurora/.local/lib/python3.10/site-packages/airflow/example_dags/subdags/subdag.py took 0.018 seconds
[2022-10-14T15:43:16.562+0800] {processor.py:156} INFO - Started process (PID=218957) to work on /home/aurora/.local/lib/python3.10/site-packages/airflow/example_dags/subdags/subdag.py
[2022-10-14T15:43:16.563+0800] {processor.py:758} INFO - Processing file /home/aurora/.local/lib/python3.10/site-packages/airflow/example_dags/subdags/subdag.py for tasks to queue
[2022-10-14T15:43:16.564+0800] {logging_mixin.py:117} INFO - [2022-10-14T15:43:16.564+0800] {dagbag.py:525} INFO - Filling up the DagBag from /home/aurora/.local/lib/python3.10/site-packages/airflow/example_dags/subdags/subdag.py
[2022-10-14T15:43:16.567+0800] {processor.py:770} WARNING - No viable dags retrieved from /home/aurora/.local/lib/python3.10/site-packages/airflow/example_dags/subdags/subdag.py
[2022-10-14T15:43:16.575+0800] {processor.py:178} INFO - Processing /home/aurora/.local/lib/python3.10/site-packages/airflow/example_dags/subdags/subdag.py took 0.014 seconds
[2022-10-14T15:43:52.351+0800] {processor.py:156} INFO - Started process (PID=219058) to work on /home/aurora/.local/lib/python3.10/site-packages/airflow/example_dags/subdags/subdag.py
[2022-10-14T15:43:52.352+0800] {processor.py:758} INFO - Processing file /home/aurora/.local/lib/python3.10/site-packages/airflow/example_dags/subdags/subdag.py for tasks to queue
[2022-10-14T15:43:52.353+0800] {logging_mixin.py:117} INFO - [2022-10-14T15:43:52.353+0800] {dagbag.py:525} INFO - Filling up the DagBag from /home/aurora/.local/lib/python3.10/site-packages/airflow/example_dags/subdags/subdag.py
[2022-10-14T15:43:52.355+0800] {processor.py:770} WARNING - No viable dags retrieved from /home/aurora/.local/lib/python3.10/site-packages/airflow/example_dags/subdags/subdag.py
[2022-10-14T15:43:52.362+0800] {processor.py:178} INFO - Processing /home/aurora/.local/lib/python3.10/site-packages/airflow/example_dags/subdags/subdag.py took 0.012 seconds
[2022-10-14T15:44:26.912+0800] {processor.py:156} INFO - Started process (PID=219145) to work on /home/aurora/.local/lib/python3.10/site-packages/airflow/example_dags/subdags/subdag.py
[2022-10-14T15:44:26.913+0800] {processor.py:758} INFO - Processing file /home/aurora/.local/lib/python3.10/site-packages/airflow/example_dags/subdags/subdag.py for tasks to queue
[2022-10-14T15:44:26.913+0800] {logging_mixin.py:117} INFO - [2022-10-14T15:44:26.913+0800] {dagbag.py:525} INFO - Filling up the DagBag from /home/aurora/.local/lib/python3.10/site-packages/airflow/example_dags/subdags/subdag.py
[2022-10-14T15:44:26.916+0800] {processor.py:770} WARNING - No viable dags retrieved from /home/aurora/.local/lib/python3.10/site-packages/airflow/example_dags/subdags/subdag.py
[2022-10-14T15:44:26.922+0800] {processor.py:178} INFO - Processing /home/aurora/.local/lib/python3.10/site-packages/airflow/example_dags/subdags/subdag.py took 0.013 seconds
[2022-10-14T15:45:01.736+0800] {processor.py:156} INFO - Started process (PID=219276) to work on /home/aurora/.local/lib/python3.10/site-packages/airflow/example_dags/subdags/subdag.py
[2022-10-14T15:45:01.737+0800] {processor.py:758} INFO - Processing file /home/aurora/.local/lib/python3.10/site-packages/airflow/example_dags/subdags/subdag.py for tasks to queue
[2022-10-14T15:45:01.738+0800] {logging_mixin.py:117} INFO - [2022-10-14T15:45:01.738+0800] {dagbag.py:525} INFO - Filling up the DagBag from /home/aurora/.local/lib/python3.10/site-packages/airflow/example_dags/subdags/subdag.py
[2022-10-14T15:45:01.740+0800] {processor.py:770} WARNING - No viable dags retrieved from /home/aurora/.local/lib/python3.10/site-packages/airflow/example_dags/subdags/subdag.py
[2022-10-14T15:45:01.747+0800] {processor.py:178} INFO - Processing /home/aurora/.local/lib/python3.10/site-packages/airflow/example_dags/subdags/subdag.py took 0.013 seconds
[2022-10-14T15:45:38.636+0800] {processor.py:156} INFO - Started process (PID=219419) to work on /home/aurora/.local/lib/python3.10/site-packages/airflow/example_dags/subdags/subdag.py
[2022-10-14T15:45:38.637+0800] {processor.py:758} INFO - Processing file /home/aurora/.local/lib/python3.10/site-packages/airflow/example_dags/subdags/subdag.py for tasks to queue
[2022-10-14T15:45:38.637+0800] {logging_mixin.py:117} INFO - [2022-10-14T15:45:38.637+0800] {dagbag.py:525} INFO - Filling up the DagBag from /home/aurora/.local/lib/python3.10/site-packages/airflow/example_dags/subdags/subdag.py
[2022-10-14T15:45:38.641+0800] {processor.py:770} WARNING - No viable dags retrieved from /home/aurora/.local/lib/python3.10/site-packages/airflow/example_dags/subdags/subdag.py
[2022-10-14T15:45:38.647+0800] {processor.py:178} INFO - Processing /home/aurora/.local/lib/python3.10/site-packages/airflow/example_dags/subdags/subdag.py took 0.013 seconds
[2022-10-14T15:46:14.938+0800] {processor.py:156} INFO - Started process (PID=219639) to work on /home/aurora/.local/lib/python3.10/site-packages/airflow/example_dags/subdags/subdag.py
[2022-10-14T15:46:14.939+0800] {processor.py:758} INFO - Processing file /home/aurora/.local/lib/python3.10/site-packages/airflow/example_dags/subdags/subdag.py for tasks to queue
[2022-10-14T15:46:14.939+0800] {logging_mixin.py:117} INFO - [2022-10-14T15:46:14.939+0800] {dagbag.py:525} INFO - Filling up the DagBag from /home/aurora/.local/lib/python3.10/site-packages/airflow/example_dags/subdags/subdag.py
[2022-10-14T15:46:14.943+0800] {processor.py:770} WARNING - No viable dags retrieved from /home/aurora/.local/lib/python3.10/site-packages/airflow/example_dags/subdags/subdag.py
[2022-10-14T15:46:14.949+0800] {processor.py:178} INFO - Processing /home/aurora/.local/lib/python3.10/site-packages/airflow/example_dags/subdags/subdag.py took 0.014 seconds
[2022-10-14T15:46:52.801+0800] {processor.py:156} INFO - Started process (PID=219807) to work on /home/aurora/.local/lib/python3.10/site-packages/airflow/example_dags/subdags/subdag.py
[2022-10-14T15:46:52.802+0800] {processor.py:758} INFO - Processing file /home/aurora/.local/lib/python3.10/site-packages/airflow/example_dags/subdags/subdag.py for tasks to queue
[2022-10-14T15:46:52.803+0800] {logging_mixin.py:117} INFO - [2022-10-14T15:46:52.803+0800] {dagbag.py:525} INFO - Filling up the DagBag from /home/aurora/.local/lib/python3.10/site-packages/airflow/example_dags/subdags/subdag.py
[2022-10-14T15:46:52.806+0800] {processor.py:770} WARNING - No viable dags retrieved from /home/aurora/.local/lib/python3.10/site-packages/airflow/example_dags/subdags/subdag.py
[2022-10-14T15:46:52.814+0800] {processor.py:178} INFO - Processing /home/aurora/.local/lib/python3.10/site-packages/airflow/example_dags/subdags/subdag.py took 0.016 seconds
[2022-10-14T15:47:29.310+0800] {processor.py:156} INFO - Started process (PID=219912) to work on /home/aurora/.local/lib/python3.10/site-packages/airflow/example_dags/subdags/subdag.py
[2022-10-14T15:47:29.311+0800] {processor.py:758} INFO - Processing file /home/aurora/.local/lib/python3.10/site-packages/airflow/example_dags/subdags/subdag.py for tasks to queue
[2022-10-14T15:47:29.312+0800] {logging_mixin.py:117} INFO - [2022-10-14T15:47:29.312+0800] {dagbag.py:525} INFO - Filling up the DagBag from /home/aurora/.local/lib/python3.10/site-packages/airflow/example_dags/subdags/subdag.py
[2022-10-14T15:47:29.315+0800] {processor.py:770} WARNING - No viable dags retrieved from /home/aurora/.local/lib/python3.10/site-packages/airflow/example_dags/subdags/subdag.py
[2022-10-14T15:47:29.324+0800] {processor.py:178} INFO - Processing /home/aurora/.local/lib/python3.10/site-packages/airflow/example_dags/subdags/subdag.py took 0.015 seconds
[2022-10-14T15:48:05.531+0800] {processor.py:156} INFO - Started process (PID=220002) to work on /home/aurora/.local/lib/python3.10/site-packages/airflow/example_dags/subdags/subdag.py
[2022-10-14T15:48:05.532+0800] {processor.py:758} INFO - Processing file /home/aurora/.local/lib/python3.10/site-packages/airflow/example_dags/subdags/subdag.py for tasks to queue
[2022-10-14T15:48:05.533+0800] {logging_mixin.py:117} INFO - [2022-10-14T15:48:05.533+0800] {dagbag.py:525} INFO - Filling up the DagBag from /home/aurora/.local/lib/python3.10/site-packages/airflow/example_dags/subdags/subdag.py
[2022-10-14T15:48:05.536+0800] {processor.py:770} WARNING - No viable dags retrieved from /home/aurora/.local/lib/python3.10/site-packages/airflow/example_dags/subdags/subdag.py
[2022-10-14T15:48:05.543+0800] {processor.py:178} INFO - Processing /home/aurora/.local/lib/python3.10/site-packages/airflow/example_dags/subdags/subdag.py took 0.014 seconds
[2022-10-14T15:48:40.361+0800] {processor.py:156} INFO - Started process (PID=220103) to work on /home/aurora/.local/lib/python3.10/site-packages/airflow/example_dags/subdags/subdag.py
[2022-10-14T15:48:40.362+0800] {processor.py:758} INFO - Processing file /home/aurora/.local/lib/python3.10/site-packages/airflow/example_dags/subdags/subdag.py for tasks to queue
[2022-10-14T15:48:40.362+0800] {logging_mixin.py:117} INFO - [2022-10-14T15:48:40.362+0800] {dagbag.py:525} INFO - Filling up the DagBag from /home/aurora/.local/lib/python3.10/site-packages/airflow/example_dags/subdags/subdag.py
[2022-10-14T15:48:40.366+0800] {processor.py:770} WARNING - No viable dags retrieved from /home/aurora/.local/lib/python3.10/site-packages/airflow/example_dags/subdags/subdag.py
[2022-10-14T15:48:40.372+0800] {processor.py:178} INFO - Processing /home/aurora/.local/lib/python3.10/site-packages/airflow/example_dags/subdags/subdag.py took 0.013 seconds
[2022-10-14T15:49:15.602+0800] {processor.py:156} INFO - Started process (PID=220206) to work on /home/aurora/.local/lib/python3.10/site-packages/airflow/example_dags/subdags/subdag.py
[2022-10-14T15:49:15.604+0800] {processor.py:758} INFO - Processing file /home/aurora/.local/lib/python3.10/site-packages/airflow/example_dags/subdags/subdag.py for tasks to queue
[2022-10-14T15:49:15.604+0800] {logging_mixin.py:117} INFO - [2022-10-14T15:49:15.604+0800] {dagbag.py:525} INFO - Filling up the DagBag from /home/aurora/.local/lib/python3.10/site-packages/airflow/example_dags/subdags/subdag.py
[2022-10-14T15:49:15.607+0800] {processor.py:770} WARNING - No viable dags retrieved from /home/aurora/.local/lib/python3.10/site-packages/airflow/example_dags/subdags/subdag.py
[2022-10-14T15:49:15.615+0800] {processor.py:178} INFO - Processing /home/aurora/.local/lib/python3.10/site-packages/airflow/example_dags/subdags/subdag.py took 0.015 seconds
[2022-10-14T15:49:51.673+0800] {processor.py:156} INFO - Started process (PID=220362) to work on /home/aurora/.local/lib/python3.10/site-packages/airflow/example_dags/subdags/subdag.py
[2022-10-14T15:49:51.674+0800] {processor.py:758} INFO - Processing file /home/aurora/.local/lib/python3.10/site-packages/airflow/example_dags/subdags/subdag.py for tasks to queue
[2022-10-14T15:49:51.674+0800] {logging_mixin.py:117} INFO - [2022-10-14T15:49:51.674+0800] {dagbag.py:525} INFO - Filling up the DagBag from /home/aurora/.local/lib/python3.10/site-packages/airflow/example_dags/subdags/subdag.py
[2022-10-14T15:49:51.677+0800] {processor.py:770} WARNING - No viable dags retrieved from /home/aurora/.local/lib/python3.10/site-packages/airflow/example_dags/subdags/subdag.py
[2022-10-14T15:49:51.685+0800] {processor.py:178} INFO - Processing /home/aurora/.local/lib/python3.10/site-packages/airflow/example_dags/subdags/subdag.py took 0.014 seconds
[2022-10-14T15:50:29.854+0800] {processor.py:156} INFO - Started process (PID=220501) to work on /home/aurora/.local/lib/python3.10/site-packages/airflow/example_dags/subdags/subdag.py
[2022-10-14T15:50:29.855+0800] {processor.py:758} INFO - Processing file /home/aurora/.local/lib/python3.10/site-packages/airflow/example_dags/subdags/subdag.py for tasks to queue
[2022-10-14T15:50:29.856+0800] {logging_mixin.py:117} INFO - [2022-10-14T15:50:29.855+0800] {dagbag.py:525} INFO - Filling up the DagBag from /home/aurora/.local/lib/python3.10/site-packages/airflow/example_dags/subdags/subdag.py
[2022-10-14T15:50:29.858+0800] {processor.py:770} WARNING - No viable dags retrieved from /home/aurora/.local/lib/python3.10/site-packages/airflow/example_dags/subdags/subdag.py
[2022-10-14T15:50:29.868+0800] {processor.py:178} INFO - Processing /home/aurora/.local/lib/python3.10/site-packages/airflow/example_dags/subdags/subdag.py took 0.017 seconds
[2022-10-14T15:51:05.204+0800] {processor.py:156} INFO - Started process (PID=220641) to work on /home/aurora/.local/lib/python3.10/site-packages/airflow/example_dags/subdags/subdag.py
[2022-10-14T15:51:05.205+0800] {processor.py:758} INFO - Processing file /home/aurora/.local/lib/python3.10/site-packages/airflow/example_dags/subdags/subdag.py for tasks to queue
[2022-10-14T15:51:05.206+0800] {logging_mixin.py:117} INFO - [2022-10-14T15:51:05.206+0800] {dagbag.py:525} INFO - Filling up the DagBag from /home/aurora/.local/lib/python3.10/site-packages/airflow/example_dags/subdags/subdag.py
[2022-10-14T15:51:05.208+0800] {processor.py:770} WARNING - No viable dags retrieved from /home/aurora/.local/lib/python3.10/site-packages/airflow/example_dags/subdags/subdag.py
[2022-10-14T15:51:05.218+0800] {processor.py:178} INFO - Processing /home/aurora/.local/lib/python3.10/site-packages/airflow/example_dags/subdags/subdag.py took 0.017 seconds
[2022-10-14T15:52:01.453+0800] {processor.py:156} INFO - Started process (PID=220753) to work on /home/aurora/.local/lib/python3.10/site-packages/airflow/example_dags/subdags/subdag.py
[2022-10-14T15:52:01.454+0800] {processor.py:758} INFO - Processing file /home/aurora/.local/lib/python3.10/site-packages/airflow/example_dags/subdags/subdag.py for tasks to queue
[2022-10-14T15:52:01.454+0800] {logging_mixin.py:117} INFO - [2022-10-14T15:52:01.454+0800] {dagbag.py:525} INFO - Filling up the DagBag from /home/aurora/.local/lib/python3.10/site-packages/airflow/example_dags/subdags/subdag.py
[2022-10-14T15:52:01.457+0800] {processor.py:770} WARNING - No viable dags retrieved from /home/aurora/.local/lib/python3.10/site-packages/airflow/example_dags/subdags/subdag.py
[2022-10-14T15:52:01.463+0800] {processor.py:178} INFO - Processing /home/aurora/.local/lib/python3.10/site-packages/airflow/example_dags/subdags/subdag.py took 0.012 seconds
[2022-10-14T15:52:36.796+0800] {processor.py:156} INFO - Started process (PID=220878) to work on /home/aurora/.local/lib/python3.10/site-packages/airflow/example_dags/subdags/subdag.py
[2022-10-14T15:52:36.797+0800] {processor.py:758} INFO - Processing file /home/aurora/.local/lib/python3.10/site-packages/airflow/example_dags/subdags/subdag.py for tasks to queue
[2022-10-14T15:52:36.797+0800] {logging_mixin.py:117} INFO - [2022-10-14T15:52:36.797+0800] {dagbag.py:525} INFO - Filling up the DagBag from /home/aurora/.local/lib/python3.10/site-packages/airflow/example_dags/subdags/subdag.py
[2022-10-14T15:52:36.800+0800] {processor.py:770} WARNING - No viable dags retrieved from /home/aurora/.local/lib/python3.10/site-packages/airflow/example_dags/subdags/subdag.py
[2022-10-14T15:52:36.807+0800] {processor.py:178} INFO - Processing /home/aurora/.local/lib/python3.10/site-packages/airflow/example_dags/subdags/subdag.py took 0.014 seconds
[2022-10-14T15:53:16.488+0800] {processor.py:156} INFO - Started process (PID=220953) to work on /home/aurora/.local/lib/python3.10/site-packages/airflow/example_dags/subdags/subdag.py
[2022-10-14T15:53:16.489+0800] {processor.py:758} INFO - Processing file /home/aurora/.local/lib/python3.10/site-packages/airflow/example_dags/subdags/subdag.py for tasks to queue
[2022-10-14T15:53:16.489+0800] {logging_mixin.py:117} INFO - [2022-10-14T15:53:16.489+0800] {dagbag.py:525} INFO - Filling up the DagBag from /home/aurora/.local/lib/python3.10/site-packages/airflow/example_dags/subdags/subdag.py
[2022-10-14T15:53:16.492+0800] {processor.py:770} WARNING - No viable dags retrieved from /home/aurora/.local/lib/python3.10/site-packages/airflow/example_dags/subdags/subdag.py
[2022-10-14T15:53:16.498+0800] {processor.py:178} INFO - Processing /home/aurora/.local/lib/python3.10/site-packages/airflow/example_dags/subdags/subdag.py took 0.012 seconds
[2022-10-14T15:54:27.226+0800] {processor.py:156} INFO - Started process (PID=221177) to work on /home/aurora/.local/lib/python3.10/site-packages/airflow/example_dags/subdags/subdag.py
[2022-10-14T15:54:27.227+0800] {processor.py:758} INFO - Processing file /home/aurora/.local/lib/python3.10/site-packages/airflow/example_dags/subdags/subdag.py for tasks to queue
[2022-10-14T15:54:27.228+0800] {logging_mixin.py:117} INFO - [2022-10-14T15:54:27.228+0800] {dagbag.py:525} INFO - Filling up the DagBag from /home/aurora/.local/lib/python3.10/site-packages/airflow/example_dags/subdags/subdag.py
[2022-10-14T15:54:27.232+0800] {processor.py:770} WARNING - No viable dags retrieved from /home/aurora/.local/lib/python3.10/site-packages/airflow/example_dags/subdags/subdag.py
[2022-10-14T15:54:27.240+0800] {processor.py:178} INFO - Processing /home/aurora/.local/lib/python3.10/site-packages/airflow/example_dags/subdags/subdag.py took 0.018 seconds
[2022-10-14T15:55:04.661+0800] {processor.py:156} INFO - Started process (PID=221300) to work on /home/aurora/.local/lib/python3.10/site-packages/airflow/example_dags/subdags/subdag.py
[2022-10-14T15:55:04.663+0800] {processor.py:758} INFO - Processing file /home/aurora/.local/lib/python3.10/site-packages/airflow/example_dags/subdags/subdag.py for tasks to queue
[2022-10-14T15:55:04.664+0800] {logging_mixin.py:117} INFO - [2022-10-14T15:55:04.664+0800] {dagbag.py:525} INFO - Filling up the DagBag from /home/aurora/.local/lib/python3.10/site-packages/airflow/example_dags/subdags/subdag.py
[2022-10-14T15:55:04.667+0800] {processor.py:770} WARNING - No viable dags retrieved from /home/aurora/.local/lib/python3.10/site-packages/airflow/example_dags/subdags/subdag.py
[2022-10-14T15:55:04.674+0800] {processor.py:178} INFO - Processing /home/aurora/.local/lib/python3.10/site-packages/airflow/example_dags/subdags/subdag.py took 0.016 seconds
[2022-10-14T15:55:39.623+0800] {processor.py:156} INFO - Started process (PID=221399) to work on /home/aurora/.local/lib/python3.10/site-packages/airflow/example_dags/subdags/subdag.py
[2022-10-14T15:55:39.624+0800] {processor.py:758} INFO - Processing file /home/aurora/.local/lib/python3.10/site-packages/airflow/example_dags/subdags/subdag.py for tasks to queue
[2022-10-14T15:55:39.625+0800] {logging_mixin.py:117} INFO - [2022-10-14T15:55:39.625+0800] {dagbag.py:525} INFO - Filling up the DagBag from /home/aurora/.local/lib/python3.10/site-packages/airflow/example_dags/subdags/subdag.py
[2022-10-14T15:55:39.629+0800] {processor.py:770} WARNING - No viable dags retrieved from /home/aurora/.local/lib/python3.10/site-packages/airflow/example_dags/subdags/subdag.py
[2022-10-14T15:55:39.641+0800] {processor.py:178} INFO - Processing /home/aurora/.local/lib/python3.10/site-packages/airflow/example_dags/subdags/subdag.py took 0.020 seconds
[2022-10-14T15:56:15.841+0800] {processor.py:156} INFO - Started process (PID=221555) to work on /home/aurora/.local/lib/python3.10/site-packages/airflow/example_dags/subdags/subdag.py
[2022-10-14T15:56:15.843+0800] {processor.py:758} INFO - Processing file /home/aurora/.local/lib/python3.10/site-packages/airflow/example_dags/subdags/subdag.py for tasks to queue
[2022-10-14T15:56:15.844+0800] {logging_mixin.py:117} INFO - [2022-10-14T15:56:15.844+0800] {dagbag.py:525} INFO - Filling up the DagBag from /home/aurora/.local/lib/python3.10/site-packages/airflow/example_dags/subdags/subdag.py
[2022-10-14T15:56:15.848+0800] {processor.py:770} WARNING - No viable dags retrieved from /home/aurora/.local/lib/python3.10/site-packages/airflow/example_dags/subdags/subdag.py
[2022-10-14T15:56:15.856+0800] {processor.py:178} INFO - Processing /home/aurora/.local/lib/python3.10/site-packages/airflow/example_dags/subdags/subdag.py took 0.018 seconds
[2022-10-14T15:59:09.551+0800] {processor.py:156} INFO - Started process (PID=221845) to work on /home/aurora/.local/lib/python3.10/site-packages/airflow/example_dags/subdags/subdag.py
[2022-10-14T15:59:09.551+0800] {processor.py:758} INFO - Processing file /home/aurora/.local/lib/python3.10/site-packages/airflow/example_dags/subdags/subdag.py for tasks to queue
[2022-10-14T15:59:09.552+0800] {logging_mixin.py:117} INFO - [2022-10-14T15:59:09.552+0800] {dagbag.py:525} INFO - Filling up the DagBag from /home/aurora/.local/lib/python3.10/site-packages/airflow/example_dags/subdags/subdag.py
[2022-10-14T15:59:09.554+0800] {processor.py:770} WARNING - No viable dags retrieved from /home/aurora/.local/lib/python3.10/site-packages/airflow/example_dags/subdags/subdag.py
[2022-10-14T15:59:09.561+0800] {processor.py:178} INFO - Processing /home/aurora/.local/lib/python3.10/site-packages/airflow/example_dags/subdags/subdag.py took 0.012 seconds
[2022-10-14T15:59:45.759+0800] {processor.py:156} INFO - Started process (PID=221942) to work on /home/aurora/.local/lib/python3.10/site-packages/airflow/example_dags/subdags/subdag.py
[2022-10-14T15:59:45.760+0800] {processor.py:758} INFO - Processing file /home/aurora/.local/lib/python3.10/site-packages/airflow/example_dags/subdags/subdag.py for tasks to queue
[2022-10-14T15:59:45.761+0800] {logging_mixin.py:117} INFO - [2022-10-14T15:59:45.761+0800] {dagbag.py:525} INFO - Filling up the DagBag from /home/aurora/.local/lib/python3.10/site-packages/airflow/example_dags/subdags/subdag.py
[2022-10-14T15:59:45.763+0800] {processor.py:770} WARNING - No viable dags retrieved from /home/aurora/.local/lib/python3.10/site-packages/airflow/example_dags/subdags/subdag.py
[2022-10-14T15:59:45.770+0800] {processor.py:178} INFO - Processing /home/aurora/.local/lib/python3.10/site-packages/airflow/example_dags/subdags/subdag.py took 0.012 seconds
[2022-10-14T16:00:21.342+0800] {processor.py:156} INFO - Started process (PID=222116) to work on /home/aurora/.local/lib/python3.10/site-packages/airflow/example_dags/subdags/subdag.py
[2022-10-14T16:00:21.342+0800] {processor.py:758} INFO - Processing file /home/aurora/.local/lib/python3.10/site-packages/airflow/example_dags/subdags/subdag.py for tasks to queue
[2022-10-14T16:00:21.343+0800] {logging_mixin.py:117} INFO - [2022-10-14T16:00:21.343+0800] {dagbag.py:525} INFO - Filling up the DagBag from /home/aurora/.local/lib/python3.10/site-packages/airflow/example_dags/subdags/subdag.py
[2022-10-14T16:00:21.346+0800] {processor.py:770} WARNING - No viable dags retrieved from /home/aurora/.local/lib/python3.10/site-packages/airflow/example_dags/subdags/subdag.py
[2022-10-14T16:00:21.352+0800] {processor.py:178} INFO - Processing /home/aurora/.local/lib/python3.10/site-packages/airflow/example_dags/subdags/subdag.py took 0.013 seconds
[2022-10-14T16:00:55.753+0800] {processor.py:156} INFO - Started process (PID=222229) to work on /home/aurora/.local/lib/python3.10/site-packages/airflow/example_dags/subdags/subdag.py
[2022-10-14T16:00:55.754+0800] {processor.py:758} INFO - Processing file /home/aurora/.local/lib/python3.10/site-packages/airflow/example_dags/subdags/subdag.py for tasks to queue
[2022-10-14T16:00:55.754+0800] {logging_mixin.py:117} INFO - [2022-10-14T16:00:55.754+0800] {dagbag.py:525} INFO - Filling up the DagBag from /home/aurora/.local/lib/python3.10/site-packages/airflow/example_dags/subdags/subdag.py
[2022-10-14T16:00:55.757+0800] {processor.py:770} WARNING - No viable dags retrieved from /home/aurora/.local/lib/python3.10/site-packages/airflow/example_dags/subdags/subdag.py
[2022-10-14T16:00:55.763+0800] {processor.py:178} INFO - Processing /home/aurora/.local/lib/python3.10/site-packages/airflow/example_dags/subdags/subdag.py took 0.012 seconds
[2022-10-14T16:01:31.631+0800] {processor.py:156} INFO - Started process (PID=222295) to work on /home/aurora/.local/lib/python3.10/site-packages/airflow/example_dags/subdags/subdag.py
[2022-10-14T16:01:31.632+0800] {processor.py:758} INFO - Processing file /home/aurora/.local/lib/python3.10/site-packages/airflow/example_dags/subdags/subdag.py for tasks to queue
[2022-10-14T16:01:31.633+0800] {logging_mixin.py:117} INFO - [2022-10-14T16:01:31.633+0800] {dagbag.py:525} INFO - Filling up the DagBag from /home/aurora/.local/lib/python3.10/site-packages/airflow/example_dags/subdags/subdag.py
[2022-10-14T16:01:31.638+0800] {processor.py:770} WARNING - No viable dags retrieved from /home/aurora/.local/lib/python3.10/site-packages/airflow/example_dags/subdags/subdag.py
[2022-10-14T16:01:31.643+0800] {processor.py:178} INFO - Processing /home/aurora/.local/lib/python3.10/site-packages/airflow/example_dags/subdags/subdag.py took 0.014 seconds
[2022-10-14T16:02:06.548+0800] {processor.py:156} INFO - Started process (PID=222345) to work on /home/aurora/.local/lib/python3.10/site-packages/airflow/example_dags/subdags/subdag.py
[2022-10-14T16:02:06.549+0800] {processor.py:758} INFO - Processing file /home/aurora/.local/lib/python3.10/site-packages/airflow/example_dags/subdags/subdag.py for tasks to queue
[2022-10-14T16:02:06.549+0800] {logging_mixin.py:117} INFO - [2022-10-14T16:02:06.549+0800] {dagbag.py:525} INFO - Filling up the DagBag from /home/aurora/.local/lib/python3.10/site-packages/airflow/example_dags/subdags/subdag.py
[2022-10-14T16:02:06.552+0800] {processor.py:770} WARNING - No viable dags retrieved from /home/aurora/.local/lib/python3.10/site-packages/airflow/example_dags/subdags/subdag.py
[2022-10-14T16:02:06.558+0800] {processor.py:178} INFO - Processing /home/aurora/.local/lib/python3.10/site-packages/airflow/example_dags/subdags/subdag.py took 0.013 seconds
[2022-10-14T16:03:07.131+0800] {processor.py:156} INFO - Started process (PID=222463) to work on /home/aurora/.local/lib/python3.10/site-packages/airflow/example_dags/subdags/subdag.py
[2022-10-14T16:03:07.132+0800] {processor.py:758} INFO - Processing file /home/aurora/.local/lib/python3.10/site-packages/airflow/example_dags/subdags/subdag.py for tasks to queue
[2022-10-14T16:03:07.133+0800] {logging_mixin.py:117} INFO - [2022-10-14T16:03:07.133+0800] {dagbag.py:525} INFO - Filling up the DagBag from /home/aurora/.local/lib/python3.10/site-packages/airflow/example_dags/subdags/subdag.py
[2022-10-14T16:03:07.135+0800] {processor.py:770} WARNING - No viable dags retrieved from /home/aurora/.local/lib/python3.10/site-packages/airflow/example_dags/subdags/subdag.py
[2022-10-14T16:03:07.144+0800] {processor.py:178} INFO - Processing /home/aurora/.local/lib/python3.10/site-packages/airflow/example_dags/subdags/subdag.py took 0.014 seconds
[2022-10-14T16:03:42.535+0800] {processor.py:156} INFO - Started process (PID=222506) to work on /home/aurora/.local/lib/python3.10/site-packages/airflow/example_dags/subdags/subdag.py
[2022-10-14T16:03:42.535+0800] {processor.py:758} INFO - Processing file /home/aurora/.local/lib/python3.10/site-packages/airflow/example_dags/subdags/subdag.py for tasks to queue
[2022-10-14T16:03:42.536+0800] {logging_mixin.py:117} INFO - [2022-10-14T16:03:42.536+0800] {dagbag.py:525} INFO - Filling up the DagBag from /home/aurora/.local/lib/python3.10/site-packages/airflow/example_dags/subdags/subdag.py
[2022-10-14T16:03:42.538+0800] {processor.py:770} WARNING - No viable dags retrieved from /home/aurora/.local/lib/python3.10/site-packages/airflow/example_dags/subdags/subdag.py
[2022-10-14T16:03:42.545+0800] {processor.py:178} INFO - Processing /home/aurora/.local/lib/python3.10/site-packages/airflow/example_dags/subdags/subdag.py took 0.013 seconds
[2022-10-14T16:04:17.584+0800] {processor.py:156} INFO - Started process (PID=222546) to work on /home/aurora/.local/lib/python3.10/site-packages/airflow/example_dags/subdags/subdag.py
[2022-10-14T16:04:17.585+0800] {processor.py:758} INFO - Processing file /home/aurora/.local/lib/python3.10/site-packages/airflow/example_dags/subdags/subdag.py for tasks to queue
[2022-10-14T16:04:17.586+0800] {logging_mixin.py:117} INFO - [2022-10-14T16:04:17.585+0800] {dagbag.py:525} INFO - Filling up the DagBag from /home/aurora/.local/lib/python3.10/site-packages/airflow/example_dags/subdags/subdag.py
[2022-10-14T16:04:17.589+0800] {processor.py:770} WARNING - No viable dags retrieved from /home/aurora/.local/lib/python3.10/site-packages/airflow/example_dags/subdags/subdag.py
[2022-10-14T16:04:17.599+0800] {processor.py:178} INFO - Processing /home/aurora/.local/lib/python3.10/site-packages/airflow/example_dags/subdags/subdag.py took 0.018 seconds
[2022-10-14T16:07:37.896+0800] {processor.py:156} INFO - Started process (PID=223330) to work on /home/aurora/.local/lib/python3.10/site-packages/airflow/example_dags/subdags/subdag.py
[2022-10-14T16:07:37.897+0800] {processor.py:758} INFO - Processing file /home/aurora/.local/lib/python3.10/site-packages/airflow/example_dags/subdags/subdag.py for tasks to queue
[2022-10-14T16:07:37.898+0800] {logging_mixin.py:117} INFO - [2022-10-14T16:07:37.898+0800] {dagbag.py:525} INFO - Filling up the DagBag from /home/aurora/.local/lib/python3.10/site-packages/airflow/example_dags/subdags/subdag.py
[2022-10-14T16:07:37.901+0800] {processor.py:770} WARNING - No viable dags retrieved from /home/aurora/.local/lib/python3.10/site-packages/airflow/example_dags/subdags/subdag.py
[2022-10-14T16:07:37.909+0800] {processor.py:178} INFO - Processing /home/aurora/.local/lib/python3.10/site-packages/airflow/example_dags/subdags/subdag.py took 0.015 seconds
[2022-10-14T16:08:14.979+0800] {processor.py:156} INFO - Started process (PID=223428) to work on /home/aurora/.local/lib/python3.10/site-packages/airflow/example_dags/subdags/subdag.py
[2022-10-14T16:08:14.980+0800] {processor.py:758} INFO - Processing file /home/aurora/.local/lib/python3.10/site-packages/airflow/example_dags/subdags/subdag.py for tasks to queue
[2022-10-14T16:08:14.981+0800] {logging_mixin.py:117} INFO - [2022-10-14T16:08:14.981+0800] {dagbag.py:525} INFO - Filling up the DagBag from /home/aurora/.local/lib/python3.10/site-packages/airflow/example_dags/subdags/subdag.py
[2022-10-14T16:08:14.983+0800] {processor.py:770} WARNING - No viable dags retrieved from /home/aurora/.local/lib/python3.10/site-packages/airflow/example_dags/subdags/subdag.py
[2022-10-14T16:08:14.990+0800] {processor.py:178} INFO - Processing /home/aurora/.local/lib/python3.10/site-packages/airflow/example_dags/subdags/subdag.py took 0.012 seconds
[2022-10-14T16:08:49.951+0800] {processor.py:156} INFO - Started process (PID=223545) to work on /home/aurora/.local/lib/python3.10/site-packages/airflow/example_dags/subdags/subdag.py
[2022-10-14T16:08:49.952+0800] {processor.py:758} INFO - Processing file /home/aurora/.local/lib/python3.10/site-packages/airflow/example_dags/subdags/subdag.py for tasks to queue
[2022-10-14T16:08:49.952+0800] {logging_mixin.py:117} INFO - [2022-10-14T16:08:49.952+0800] {dagbag.py:525} INFO - Filling up the DagBag from /home/aurora/.local/lib/python3.10/site-packages/airflow/example_dags/subdags/subdag.py
[2022-10-14T16:08:49.955+0800] {processor.py:770} WARNING - No viable dags retrieved from /home/aurora/.local/lib/python3.10/site-packages/airflow/example_dags/subdags/subdag.py
[2022-10-14T16:08:49.962+0800] {processor.py:178} INFO - Processing /home/aurora/.local/lib/python3.10/site-packages/airflow/example_dags/subdags/subdag.py took 0.013 seconds
[2022-10-14T16:09:22.376+0800] {processor.py:156} INFO - Started process (PID=223658) to work on /home/aurora/.local/lib/python3.10/site-packages/airflow/example_dags/subdags/subdag.py
[2022-10-14T16:09:22.377+0800] {processor.py:758} INFO - Processing file /home/aurora/.local/lib/python3.10/site-packages/airflow/example_dags/subdags/subdag.py for tasks to queue
[2022-10-14T16:09:22.378+0800] {logging_mixin.py:117} INFO - [2022-10-14T16:09:22.378+0800] {dagbag.py:525} INFO - Filling up the DagBag from /home/aurora/.local/lib/python3.10/site-packages/airflow/example_dags/subdags/subdag.py
[2022-10-14T16:09:22.381+0800] {processor.py:770} WARNING - No viable dags retrieved from /home/aurora/.local/lib/python3.10/site-packages/airflow/example_dags/subdags/subdag.py
[2022-10-14T16:09:22.388+0800] {processor.py:178} INFO - Processing /home/aurora/.local/lib/python3.10/site-packages/airflow/example_dags/subdags/subdag.py took 0.016 seconds
[2022-10-14T16:09:58.205+0800] {processor.py:156} INFO - Started process (PID=223905) to work on /home/aurora/.local/lib/python3.10/site-packages/airflow/example_dags/subdags/subdag.py
[2022-10-14T16:09:58.206+0800] {processor.py:758} INFO - Processing file /home/aurora/.local/lib/python3.10/site-packages/airflow/example_dags/subdags/subdag.py for tasks to queue
[2022-10-14T16:09:58.207+0800] {logging_mixin.py:117} INFO - [2022-10-14T16:09:58.206+0800] {dagbag.py:525} INFO - Filling up the DagBag from /home/aurora/.local/lib/python3.10/site-packages/airflow/example_dags/subdags/subdag.py
[2022-10-14T16:09:58.211+0800] {processor.py:770} WARNING - No viable dags retrieved from /home/aurora/.local/lib/python3.10/site-packages/airflow/example_dags/subdags/subdag.py
[2022-10-14T16:09:58.217+0800] {processor.py:178} INFO - Processing /home/aurora/.local/lib/python3.10/site-packages/airflow/example_dags/subdags/subdag.py took 0.014 seconds
[2022-10-14T16:10:33.576+0800] {processor.py:156} INFO - Started process (PID=224001) to work on /home/aurora/.local/lib/python3.10/site-packages/airflow/example_dags/subdags/subdag.py
[2022-10-14T16:10:33.577+0800] {processor.py:758} INFO - Processing file /home/aurora/.local/lib/python3.10/site-packages/airflow/example_dags/subdags/subdag.py for tasks to queue
[2022-10-14T16:10:33.578+0800] {logging_mixin.py:117} INFO - [2022-10-14T16:10:33.578+0800] {dagbag.py:525} INFO - Filling up the DagBag from /home/aurora/.local/lib/python3.10/site-packages/airflow/example_dags/subdags/subdag.py
[2022-10-14T16:10:33.580+0800] {processor.py:770} WARNING - No viable dags retrieved from /home/aurora/.local/lib/python3.10/site-packages/airflow/example_dags/subdags/subdag.py
[2022-10-14T16:10:33.587+0800] {processor.py:178} INFO - Processing /home/aurora/.local/lib/python3.10/site-packages/airflow/example_dags/subdags/subdag.py took 0.013 seconds
[2022-10-14T16:11:09.261+0800] {processor.py:156} INFO - Started process (PID=224105) to work on /home/aurora/.local/lib/python3.10/site-packages/airflow/example_dags/subdags/subdag.py
[2022-10-14T16:11:09.262+0800] {processor.py:758} INFO - Processing file /home/aurora/.local/lib/python3.10/site-packages/airflow/example_dags/subdags/subdag.py for tasks to queue
[2022-10-14T16:11:09.262+0800] {logging_mixin.py:117} INFO - [2022-10-14T16:11:09.262+0800] {dagbag.py:525} INFO - Filling up the DagBag from /home/aurora/.local/lib/python3.10/site-packages/airflow/example_dags/subdags/subdag.py
[2022-10-14T16:11:09.264+0800] {processor.py:770} WARNING - No viable dags retrieved from /home/aurora/.local/lib/python3.10/site-packages/airflow/example_dags/subdags/subdag.py
[2022-10-14T16:11:09.271+0800] {processor.py:178} INFO - Processing /home/aurora/.local/lib/python3.10/site-packages/airflow/example_dags/subdags/subdag.py took 0.013 seconds
[2022-10-14T16:11:43.385+0800] {processor.py:156} INFO - Started process (PID=224240) to work on /home/aurora/.local/lib/python3.10/site-packages/airflow/example_dags/subdags/subdag.py
[2022-10-14T16:11:43.385+0800] {processor.py:758} INFO - Processing file /home/aurora/.local/lib/python3.10/site-packages/airflow/example_dags/subdags/subdag.py for tasks to queue
[2022-10-14T16:11:43.386+0800] {logging_mixin.py:117} INFO - [2022-10-14T16:11:43.386+0800] {dagbag.py:525} INFO - Filling up the DagBag from /home/aurora/.local/lib/python3.10/site-packages/airflow/example_dags/subdags/subdag.py
[2022-10-14T16:11:43.389+0800] {processor.py:770} WARNING - No viable dags retrieved from /home/aurora/.local/lib/python3.10/site-packages/airflow/example_dags/subdags/subdag.py
[2022-10-14T16:11:43.395+0800] {processor.py:178} INFO - Processing /home/aurora/.local/lib/python3.10/site-packages/airflow/example_dags/subdags/subdag.py took 0.013 seconds
[2022-10-14T16:12:19.940+0800] {processor.py:156} INFO - Started process (PID=224345) to work on /home/aurora/.local/lib/python3.10/site-packages/airflow/example_dags/subdags/subdag.py
[2022-10-14T16:12:19.941+0800] {processor.py:758} INFO - Processing file /home/aurora/.local/lib/python3.10/site-packages/airflow/example_dags/subdags/subdag.py for tasks to queue
[2022-10-14T16:12:19.941+0800] {logging_mixin.py:117} INFO - [2022-10-14T16:12:19.941+0800] {dagbag.py:525} INFO - Filling up the DagBag from /home/aurora/.local/lib/python3.10/site-packages/airflow/example_dags/subdags/subdag.py
[2022-10-14T16:12:19.944+0800] {processor.py:770} WARNING - No viable dags retrieved from /home/aurora/.local/lib/python3.10/site-packages/airflow/example_dags/subdags/subdag.py
[2022-10-14T16:12:19.950+0800] {processor.py:178} INFO - Processing /home/aurora/.local/lib/python3.10/site-packages/airflow/example_dags/subdags/subdag.py took 0.012 seconds
[2022-10-14T16:12:54.178+0800] {processor.py:156} INFO - Started process (PID=224431) to work on /home/aurora/.local/lib/python3.10/site-packages/airflow/example_dags/subdags/subdag.py
[2022-10-14T16:12:54.179+0800] {processor.py:758} INFO - Processing file /home/aurora/.local/lib/python3.10/site-packages/airflow/example_dags/subdags/subdag.py for tasks to queue
[2022-10-14T16:12:54.179+0800] {logging_mixin.py:117} INFO - [2022-10-14T16:12:54.179+0800] {dagbag.py:525} INFO - Filling up the DagBag from /home/aurora/.local/lib/python3.10/site-packages/airflow/example_dags/subdags/subdag.py
[2022-10-14T16:12:54.182+0800] {processor.py:770} WARNING - No viable dags retrieved from /home/aurora/.local/lib/python3.10/site-packages/airflow/example_dags/subdags/subdag.py
[2022-10-14T16:12:54.188+0800] {processor.py:178} INFO - Processing /home/aurora/.local/lib/python3.10/site-packages/airflow/example_dags/subdags/subdag.py took 0.012 seconds
[2022-10-14T16:13:29.270+0800] {processor.py:156} INFO - Started process (PID=224522) to work on /home/aurora/.local/lib/python3.10/site-packages/airflow/example_dags/subdags/subdag.py
[2022-10-14T16:13:29.271+0800] {processor.py:758} INFO - Processing file /home/aurora/.local/lib/python3.10/site-packages/airflow/example_dags/subdags/subdag.py for tasks to queue
[2022-10-14T16:13:29.271+0800] {logging_mixin.py:117} INFO - [2022-10-14T16:13:29.271+0800] {dagbag.py:525} INFO - Filling up the DagBag from /home/aurora/.local/lib/python3.10/site-packages/airflow/example_dags/subdags/subdag.py
[2022-10-14T16:13:29.274+0800] {processor.py:770} WARNING - No viable dags retrieved from /home/aurora/.local/lib/python3.10/site-packages/airflow/example_dags/subdags/subdag.py
[2022-10-14T16:13:29.281+0800] {processor.py:178} INFO - Processing /home/aurora/.local/lib/python3.10/site-packages/airflow/example_dags/subdags/subdag.py took 0.012 seconds
[2022-10-14T16:14:03.105+0800] {processor.py:156} INFO - Started process (PID=224609) to work on /home/aurora/.local/lib/python3.10/site-packages/airflow/example_dags/subdags/subdag.py
[2022-10-14T16:14:03.106+0800] {processor.py:758} INFO - Processing file /home/aurora/.local/lib/python3.10/site-packages/airflow/example_dags/subdags/subdag.py for tasks to queue
[2022-10-14T16:14:03.107+0800] {logging_mixin.py:117} INFO - [2022-10-14T16:14:03.107+0800] {dagbag.py:525} INFO - Filling up the DagBag from /home/aurora/.local/lib/python3.10/site-packages/airflow/example_dags/subdags/subdag.py
[2022-10-14T16:14:03.109+0800] {processor.py:770} WARNING - No viable dags retrieved from /home/aurora/.local/lib/python3.10/site-packages/airflow/example_dags/subdags/subdag.py
[2022-10-14T16:14:03.116+0800] {processor.py:178} INFO - Processing /home/aurora/.local/lib/python3.10/site-packages/airflow/example_dags/subdags/subdag.py took 0.013 seconds
[2022-10-14T16:14:38.656+0800] {processor.py:156} INFO - Started process (PID=224826) to work on /home/aurora/.local/lib/python3.10/site-packages/airflow/example_dags/subdags/subdag.py
[2022-10-14T16:14:38.657+0800] {processor.py:758} INFO - Processing file /home/aurora/.local/lib/python3.10/site-packages/airflow/example_dags/subdags/subdag.py for tasks to queue
[2022-10-14T16:14:38.657+0800] {logging_mixin.py:117} INFO - [2022-10-14T16:14:38.657+0800] {dagbag.py:525} INFO - Filling up the DagBag from /home/aurora/.local/lib/python3.10/site-packages/airflow/example_dags/subdags/subdag.py
[2022-10-14T16:14:38.660+0800] {processor.py:770} WARNING - No viable dags retrieved from /home/aurora/.local/lib/python3.10/site-packages/airflow/example_dags/subdags/subdag.py
[2022-10-14T16:14:38.666+0800] {processor.py:178} INFO - Processing /home/aurora/.local/lib/python3.10/site-packages/airflow/example_dags/subdags/subdag.py took 0.012 seconds
[2022-10-14T16:15:15.771+0800] {processor.py:156} INFO - Started process (PID=224966) to work on /home/aurora/.local/lib/python3.10/site-packages/airflow/example_dags/subdags/subdag.py
[2022-10-14T16:15:15.772+0800] {processor.py:758} INFO - Processing file /home/aurora/.local/lib/python3.10/site-packages/airflow/example_dags/subdags/subdag.py for tasks to queue
[2022-10-14T16:15:15.773+0800] {logging_mixin.py:117} INFO - [2022-10-14T16:15:15.773+0800] {dagbag.py:525} INFO - Filling up the DagBag from /home/aurora/.local/lib/python3.10/site-packages/airflow/example_dags/subdags/subdag.py
[2022-10-14T16:15:15.775+0800] {processor.py:770} WARNING - No viable dags retrieved from /home/aurora/.local/lib/python3.10/site-packages/airflow/example_dags/subdags/subdag.py
[2022-10-14T16:15:15.782+0800] {processor.py:178} INFO - Processing /home/aurora/.local/lib/python3.10/site-packages/airflow/example_dags/subdags/subdag.py took 0.013 seconds
[2022-10-14T16:15:51.865+0800] {processor.py:156} INFO - Started process (PID=225003) to work on /home/aurora/.local/lib/python3.10/site-packages/airflow/example_dags/subdags/subdag.py
[2022-10-14T16:15:51.866+0800] {processor.py:758} INFO - Processing file /home/aurora/.local/lib/python3.10/site-packages/airflow/example_dags/subdags/subdag.py for tasks to queue
[2022-10-14T16:15:51.866+0800] {logging_mixin.py:117} INFO - [2022-10-14T16:15:51.866+0800] {dagbag.py:525} INFO - Filling up the DagBag from /home/aurora/.local/lib/python3.10/site-packages/airflow/example_dags/subdags/subdag.py
[2022-10-14T16:15:51.869+0800] {processor.py:770} WARNING - No viable dags retrieved from /home/aurora/.local/lib/python3.10/site-packages/airflow/example_dags/subdags/subdag.py
[2022-10-14T16:15:51.875+0800] {processor.py:178} INFO - Processing /home/aurora/.local/lib/python3.10/site-packages/airflow/example_dags/subdags/subdag.py took 0.012 seconds
[2022-10-14T16:16:25.817+0800] {processor.py:156} INFO - Started process (PID=225058) to work on /home/aurora/.local/lib/python3.10/site-packages/airflow/example_dags/subdags/subdag.py
[2022-10-14T16:16:25.818+0800] {processor.py:758} INFO - Processing file /home/aurora/.local/lib/python3.10/site-packages/airflow/example_dags/subdags/subdag.py for tasks to queue
[2022-10-14T16:16:25.818+0800] {logging_mixin.py:117} INFO - [2022-10-14T16:16:25.818+0800] {dagbag.py:525} INFO - Filling up the DagBag from /home/aurora/.local/lib/python3.10/site-packages/airflow/example_dags/subdags/subdag.py
[2022-10-14T16:16:25.821+0800] {processor.py:770} WARNING - No viable dags retrieved from /home/aurora/.local/lib/python3.10/site-packages/airflow/example_dags/subdags/subdag.py
[2022-10-14T16:16:25.827+0800] {processor.py:178} INFO - Processing /home/aurora/.local/lib/python3.10/site-packages/airflow/example_dags/subdags/subdag.py took 0.012 seconds
[2022-10-14T16:17:00.834+0800] {processor.py:156} INFO - Started process (PID=225101) to work on /home/aurora/.local/lib/python3.10/site-packages/airflow/example_dags/subdags/subdag.py
[2022-10-14T16:17:00.835+0800] {processor.py:758} INFO - Processing file /home/aurora/.local/lib/python3.10/site-packages/airflow/example_dags/subdags/subdag.py for tasks to queue
[2022-10-14T16:17:00.835+0800] {logging_mixin.py:117} INFO - [2022-10-14T16:17:00.835+0800] {dagbag.py:525} INFO - Filling up the DagBag from /home/aurora/.local/lib/python3.10/site-packages/airflow/example_dags/subdags/subdag.py
[2022-10-14T16:17:00.838+0800] {processor.py:770} WARNING - No viable dags retrieved from /home/aurora/.local/lib/python3.10/site-packages/airflow/example_dags/subdags/subdag.py
[2022-10-14T16:17:00.844+0800] {processor.py:178} INFO - Processing /home/aurora/.local/lib/python3.10/site-packages/airflow/example_dags/subdags/subdag.py took 0.012 seconds
[2022-10-14T16:17:34.670+0800] {processor.py:156} INFO - Started process (PID=225164) to work on /home/aurora/.local/lib/python3.10/site-packages/airflow/example_dags/subdags/subdag.py
[2022-10-14T16:17:34.670+0800] {processor.py:758} INFO - Processing file /home/aurora/.local/lib/python3.10/site-packages/airflow/example_dags/subdags/subdag.py for tasks to queue
[2022-10-14T16:17:34.671+0800] {logging_mixin.py:117} INFO - [2022-10-14T16:17:34.671+0800] {dagbag.py:525} INFO - Filling up the DagBag from /home/aurora/.local/lib/python3.10/site-packages/airflow/example_dags/subdags/subdag.py
[2022-10-14T16:17:34.674+0800] {processor.py:770} WARNING - No viable dags retrieved from /home/aurora/.local/lib/python3.10/site-packages/airflow/example_dags/subdags/subdag.py
[2022-10-14T16:17:34.681+0800] {processor.py:178} INFO - Processing /home/aurora/.local/lib/python3.10/site-packages/airflow/example_dags/subdags/subdag.py took 0.013 seconds
[2022-10-14T16:18:09.621+0800] {processor.py:156} INFO - Started process (PID=225217) to work on /home/aurora/.local/lib/python3.10/site-packages/airflow/example_dags/subdags/subdag.py
[2022-10-14T16:18:09.621+0800] {processor.py:758} INFO - Processing file /home/aurora/.local/lib/python3.10/site-packages/airflow/example_dags/subdags/subdag.py for tasks to queue
[2022-10-14T16:18:09.622+0800] {logging_mixin.py:117} INFO - [2022-10-14T16:18:09.622+0800] {dagbag.py:525} INFO - Filling up the DagBag from /home/aurora/.local/lib/python3.10/site-packages/airflow/example_dags/subdags/subdag.py
[2022-10-14T16:18:09.624+0800] {processor.py:770} WARNING - No viable dags retrieved from /home/aurora/.local/lib/python3.10/site-packages/airflow/example_dags/subdags/subdag.py
[2022-10-14T16:18:09.631+0800] {processor.py:178} INFO - Processing /home/aurora/.local/lib/python3.10/site-packages/airflow/example_dags/subdags/subdag.py took 0.012 seconds
[2022-10-14T16:18:43.290+0800] {processor.py:156} INFO - Started process (PID=225255) to work on /home/aurora/.local/lib/python3.10/site-packages/airflow/example_dags/subdags/subdag.py
[2022-10-14T16:18:43.291+0800] {processor.py:758} INFO - Processing file /home/aurora/.local/lib/python3.10/site-packages/airflow/example_dags/subdags/subdag.py for tasks to queue
[2022-10-14T16:18:43.291+0800] {logging_mixin.py:117} INFO - [2022-10-14T16:18:43.291+0800] {dagbag.py:525} INFO - Filling up the DagBag from /home/aurora/.local/lib/python3.10/site-packages/airflow/example_dags/subdags/subdag.py
[2022-10-14T16:18:43.294+0800] {processor.py:770} WARNING - No viable dags retrieved from /home/aurora/.local/lib/python3.10/site-packages/airflow/example_dags/subdags/subdag.py
[2022-10-14T16:18:43.300+0800] {processor.py:178} INFO - Processing /home/aurora/.local/lib/python3.10/site-packages/airflow/example_dags/subdags/subdag.py took 0.013 seconds
[2022-10-14T16:19:18.810+0800] {processor.py:156} INFO - Started process (PID=225299) to work on /home/aurora/.local/lib/python3.10/site-packages/airflow/example_dags/subdags/subdag.py
[2022-10-14T16:19:18.810+0800] {processor.py:758} INFO - Processing file /home/aurora/.local/lib/python3.10/site-packages/airflow/example_dags/subdags/subdag.py for tasks to queue
[2022-10-14T16:19:18.811+0800] {logging_mixin.py:117} INFO - [2022-10-14T16:19:18.811+0800] {dagbag.py:525} INFO - Filling up the DagBag from /home/aurora/.local/lib/python3.10/site-packages/airflow/example_dags/subdags/subdag.py
[2022-10-14T16:19:18.813+0800] {processor.py:770} WARNING - No viable dags retrieved from /home/aurora/.local/lib/python3.10/site-packages/airflow/example_dags/subdags/subdag.py
[2022-10-14T16:19:18.820+0800] {processor.py:178} INFO - Processing /home/aurora/.local/lib/python3.10/site-packages/airflow/example_dags/subdags/subdag.py took 0.012 seconds
